#
# A fatal error has been detected by the Java Runtime Environment:
#
#  SIGSEGV (0xb) at pc=0x00007fee70aa5c58, pid=7562, tid=140662278489856
#
# JRE version: 7.0_03-b147
# Java VM: OpenJDK 64-Bit Server VM (22.0-b10 mixed mode linux-amd64 compressed oops)
# Derivative: IcedTea7 2.1.1pre
# Distribution: Ubuntu 12.04 LTS, package 7~u3-2.1.1~pre1-1ubuntu3
# Problematic frame:
# C  [libX11.so.6+0x33c58]  XQueryExtension+0x28
#
# Failed to write core dump. Core dumps have been disabled. To enable core dumping, try "ulimit -c unlimited" before starting Java again
#
# If you would like to submit a bug report, please include
# instructions on how to reproduce the bug and visit:
#   https://bugs.launchpad.net/ubuntu/+source/openjdk-7/
#

---------------  T H R E A D  ---------------

Current thread is native thread

siginfo:si_signo=SIGSEGV: si_errno=0, si_code=1 (SEGV_MAPERR), si_addr=0x0000000044028978

Registers:
RAX=0x00000000022f1bd0, RBX=0x0000000044028010, RCX=0x00007fffd23d6728, RDX=0x00007fffd23d6724
RSP=0x00007fffd23d66c0, RBP=0x00007fee2b81c932, RSI=0x00007fee2b81c932, RDI=0x0000000044028010
R8 =0x00007fffd23d672c, R9 =0x0000000000000000, R10=0x00007fee7ce36fa8, R11=0x00007fee7cab8ca0
R12=0x0000000000000000, R13=0x00007fee2b81c932, R14=0x00000000022f1bd0, R15=0x0000000000000000
RIP=0x00007fee70aa5c58, EFLAGS=0x0000000000010206, CSGSFS=0x0000000000000033, ERR=0x0000000000000004
  TRAPNO=0x000000000000000e

Top of Stack: (sp=0x00007fffd23d66c0)
0x00007fffd23d66c0:   00007fee7ca8b790 00007fee7d24b000
0x00007fffd23d66d0:   00007fee7c447070 00007fee7d24a000
0x00007fffd23d66e0:   00000000ffffffff 0000000044028010
0x00007fffd23d66f0:   00007fee2b81c932 0000000000000000
0x00007fffd23d6700:   00007fee2b81c932 00000000022f1bd0
0x00007fffd23d6710:   0000000000000000 00007fee70a99c55
0x00007fffd23d6720:   00007fee7d26b048 00007fee2b955520
0x00007fffd23d6730:   00007fee2b955520 0000000044028010
0x00007fffd23d6740:   00007fee44031250 00007fee7803602b
0x00007fffd23d6750:   00007fee7ca8b790 0000001100000071
0x00007fffd23d6760:   00007fffd23d67e0 0000000000000000
0x00007fffd23d6770:   00007fffd23d67e0 0000000044028010
0x00007fffd23d6780:   0000000000000000 00007fee7d26b048
0x00007fffd23d6790:   00007fee2b96ed50 00007fee2b7c3119
0x00007fffd23d67a0:   0000000000000000 0000000000000071
0x00007fffd23d67b0:   00007fffd23d67e0 00007fffd23d6800
0x00007fffd23d67c0:   0000000000000000 00007fee7d26b048
0x00007fffd23d67d0:   00007fee440214a0 00007fee2b7b9b42
0x00007fffd23d67e0:   00007fffd23d6c00 00007fee2b81c8b1
0x00007fffd23d67f0:   0000000000000071 00007fee7d05792d
0x00007fffd23d6800:   00007fee7d26c2c8 00007fee7d26c858
0x00007fffd23d6810:   00007fee7d2696a8 00007fee74006970
0x00007fffd23d6820:   00007fee74007480 00007fee74007980
0x00007fffd23d6830:   00007fee7400c660 00007fee2c10ac10
0x00007fffd23d6840:   00007fee2c112d00 00007fee2c1264b0
0x00007fffd23d6850:   00007fee2c160eb0 00007fee2c161390
0x00007fffd23d6860:   00007fee2c161840 00007fee2c161cf0
0x00007fffd23d6870:   00007fee2c1621a0 00007fee2c162640
0x00007fffd23d6880:   00007fee2c194e80 00007fee2c1caa70
0x00007fffd23d6890:   00007fee2c1b1640 00007fee2c16bc10
0x00007fffd23d68a0:   00007fee2c251800 00007fee2c251cd0
0x00007fffd23d68b0:   00007fee2c253680 00007fee2c253bf0 

Instructions: (pc=0x00007fee70aa5c58)
0x00007fee70aa5c38:   24 d8 48 89 fb 4c 89 64 24 e0 4c 89 6c 24 e8 48
0x00007fee70aa5c48:   89 f5 4c 89 74 24 f0 4c 89 7c 24 f8 48 83 ec 58
0x00007fee70aa5c58:   48 8b 87 68 09 00 00 49 89 d4 49 89 cd 4d 89 c6
0x00007fee70aa5c68:   48 85 c0 74 02 ff 10 ba 08 00 00 00 be 62 00 00 

Register to memory mapping:

RAX=0x00000000022f1bd0 is an unknown value
RBX=0x0000000044028010 is an unknown value
RCX=0x00007fffd23d6728 is an unknown value
RDX=0x00007fffd23d6724 is an unknown value
RSP=0x00007fffd23d66c0 is an unknown value
RBP=0x00007fee2b81c932: <offset 0x96932> in /usr/lib/fglrx/libGL.so.1 at 0x00007fee2b786000
RSI=0x00007fee2b81c932: <offset 0x96932> in /usr/lib/fglrx/libGL.so.1 at 0x00007fee2b786000
RDI=0x0000000044028010 is an unknown value
R8 =0x00007fffd23d672c is an unknown value
R9 =0x0000000000000000 is an unknown value
R10=0x00007fee7ce36fa8: <offset 0x3b9fa8> in /lib/x86_64-linux-gnu/libc.so.6 at 0x00007fee7ca7d000
R11=0x00007fee7cab8ca0: __cxa_finalize+0 in /lib/x86_64-linux-gnu/libc.so.6 at 0x00007fee7ca7d000
R12=0x0000000000000000 is an unknown value
R13=0x00007fee2b81c932: <offset 0x96932> in /usr/lib/fglrx/libGL.so.1 at 0x00007fee2b786000
R14=0x00000000022f1bd0 is an unknown value
R15=0x0000000000000000 is an unknown value


Stack: [0x00007fffd22d8000,0x00007fffd23d8000],  sp=0x00007fffd23d66c0,  free space=1017k
Native frames: (J=compiled Java code, j=interpreted, Vv=VM code, C=native code)
C  [libX11.so.6+0x33c58]  XQueryExtension+0x28


---------------  P R O C E S S  ---------------

VM state:at safepoint (shutting down)

VM Mutex/Monitor currently owned by a thread:  ([mutex/lock_event])
[0x00007fee74004d40] Threads_lock - owner thread: 0x00007fee7409b800

Heap
 PSYoungGen      total 17280K, used 12627K [0x00000000ecb60000, 0x00000000edea0000, 0x0000000100000000)
  eden space 14848K, 68% used [0x00000000ecb60000,0x00000000ed558438,0x00000000ed9e0000)
  from space 2432K, 99% used [0x00000000edc40000,0x00000000ede9ca00,0x00000000edea0000)
  to   space 2432K, 0% used [0x00000000ed9e0000,0x00000000ed9e0000,0x00000000edc40000)
 PSOldGen        total 39552K, used 4209K [0x00000000c6200000, 0x00000000c88a0000, 0x00000000ecb60000)
  object space 39552K, 10% used [0x00000000c6200000,0x00000000c661c6a8,0x00000000c88a0000)
 PSPermGen       total 21248K, used 21232K [0x00000000bbc00000, 0x00000000bd0c0000, 0x00000000c6200000)
  object space 21248K, 99% used [0x00000000bbc00000,0x00000000bd0bc060,0x00000000bd0c0000)

Code Cache  [0x00007fee71000000, 0x00007fee71270000, 0x00007fee74000000)
 total_blobs=1021 nmethods=383 adapters=591 free_code_cache=47787Kb largest_free_block=48901568

Dynamic libraries:
00400000-00401000 r-xp 00000000 08:16 3544606                            /usr/lib/jvm/java-7-openjdk-amd64/jre/bin/java
00600000-00601000 r--p 00000000 08:16 3544606                            /usr/lib/jvm/java-7-openjdk-amd64/jre/bin/java
00601000-00602000 rw-p 00001000 08:16 3544606                            /usr/lib/jvm/java-7-openjdk-amd64/jre/bin/java
022ef000-02310000 rw-p 00000000 00:00 0                                  [heap]
bbc00000-bd0c0000 rw-p 00000000 00:00 0 
bd0c0000-c6200000 rw-p 00000000 00:00 0 
c6200000-c88a0000 rw-p 00000000 00:00 0 
c88a0000-ecb60000 rw-p 00000000 00:00 0 
ecb60000-edea0000 rw-p 00000000 00:00 0 
edea0000-100000000 rw-p 00000000 00:00 0 
7fee212c8000-7fee212c9000 ---p 00000000 00:00 0 
7fee212c9000-7fee21ac9000 rw-p 00000000 00:00 0 
7fee224ca000-7fee224cb000 ---p 00000000 00:00 0 
7fee224cb000-7fee22ccb000 rw-p 00000000 00:00 0 
7fee26ccc000-7fee26ccd000 ---p 00000000 00:00 0 
7fee26ccd000-7fee274cd000 rw-p 00000000 00:00 0 
7fee274cd000-7fee27780000 r-xp 00000000 08:16 1056578                    /usr/lib/x86_64-linux-gnu/libvorbisenc.so.2.0.8
7fee27780000-7fee2797f000 ---p 002b3000 08:16 1056578                    /usr/lib/x86_64-linux-gnu/libvorbisenc.so.2.0.8
7fee2797f000-7fee2799b000 r--p 002b2000 08:16 1056578                    /usr/lib/x86_64-linux-gnu/libvorbisenc.so.2.0.8
7fee2799b000-7fee2799c000 rw-p 002ce000 08:16 1056578                    /usr/lib/x86_64-linux-gnu/libvorbisenc.so.2.0.8
7fee2799c000-7fee279e4000 r-xp 00000000 08:16 1055951                    /usr/lib/x86_64-linux-gnu/libFLAC.so.8.2.0
7fee279e4000-7fee27be4000 ---p 00048000 08:16 1055951                    /usr/lib/x86_64-linux-gnu/libFLAC.so.8.2.0
7fee27be4000-7fee27be5000 r--p 00048000 08:16 1055951                    /usr/lib/x86_64-linux-gnu/libFLAC.so.8.2.0
7fee27be5000-7fee27be6000 rw-p 00049000 08:16 1055951                    /usr/lib/x86_64-linux-gnu/libFLAC.so.8.2.0
7fee27be6000-7fee27beb000 r-xp 00000000 08:16 1056065                    /usr/lib/x86_64-linux-gnu/libasyncns.so.0.3.1
7fee27beb000-7fee27dea000 ---p 00005000 08:16 1056065                    /usr/lib/x86_64-linux-gnu/libasyncns.so.0.3.1
7fee27dea000-7fee27deb000 r--p 00004000 08:16 1056065                    /usr/lib/x86_64-linux-gnu/libasyncns.so.0.3.1
7fee27deb000-7fee27dec000 rw-p 00005000 08:16 1056065                    /usr/lib/x86_64-linux-gnu/libasyncns.so.0.3.1
7fee27dec000-7fee27e4c000 r-xp 00000000 08:16 1056513                    /usr/lib/x86_64-linux-gnu/libsndfile.so.1.0.25
7fee27e4c000-7fee2804c000 ---p 00060000 08:16 1056513                    /usr/lib/x86_64-linux-gnu/libsndfile.so.1.0.25
7fee2804c000-7fee2804e000 r--p 00060000 08:16 1056513                    /usr/lib/x86_64-linux-gnu/libsndfile.so.1.0.25
7fee2804e000-7fee2804f000 rw-p 00062000 08:16 1056513                    /usr/lib/x86_64-linux-gnu/libsndfile.so.1.0.25
7fee2804f000-7fee28053000 rw-p 00000000 00:00 0 
7fee28053000-7fee2805b000 r-xp 00000000 08:16 5246688                    /lib/x86_64-linux-gnu/libwrap.so.0.7.6
7fee2805b000-7fee2825a000 ---p 00008000 08:16 5246688                    /lib/x86_64-linux-gnu/libwrap.so.0.7.6
7fee2825a000-7fee2825b000 r--p 00007000 08:16 5246688                    /lib/x86_64-linux-gnu/libwrap.so.0.7.6
7fee2825b000-7fee2825c000 rw-p 00008000 08:16 5246688                    /lib/x86_64-linux-gnu/libwrap.so.0.7.6
7fee2825c000-7fee282b8000 r-xp 00000000 08:16 1055773                    /usr/lib/x86_64-linux-gnu/libpulsecommon-1.1.so
7fee282b8000-7fee284b8000 ---p 0005c000 08:16 1055773                    /usr/lib/x86_64-linux-gnu/libpulsecommon-1.1.so
7fee284b8000-7fee284b9000 r--p 0005c000 08:16 1055773                    /usr/lib/x86_64-linux-gnu/libpulsecommon-1.1.so
7fee284b9000-7fee284ba000 rw-p 0005d000 08:16 1055773                    /usr/lib/x86_64-linux-gnu/libpulsecommon-1.1.so
7fee284ba000-7fee284c1000 r-xp 00000000 08:16 1056352                    /usr/lib/x86_64-linux-gnu/libjson.so.0.0.1
7fee284c1000-7fee286c0000 ---p 00007000 08:16 1056352                    /usr/lib/x86_64-linux-gnu/libjson.so.0.0.1
7fee286c0000-7fee286c1000 r--p 00006000 08:16 1056352                    /usr/lib/x86_64-linux-gnu/libjson.so.0.0.1
7fee286c1000-7fee286c2000 rw-p 00007000 08:16 1056352                    /usr/lib/x86_64-linux-gnu/libjson.so.0.0.1
7fee286c2000-7fee28708000 r-xp 00000000 08:16 1055774                    /usr/lib/x86_64-linux-gnu/libpulse.so.0.13.5
7fee28708000-7fee28908000 ---p 00046000 08:16 1055774                    /usr/lib/x86_64-linux-gnu/libpulse.so.0.13.5
7fee28908000-7fee28909000 r--p 00046000 08:16 1055774                    /usr/lib/x86_64-linux-gnu/libpulse.so.0.13.5
7fee28909000-7fee2890a000 rw-p 00047000 08:16 1055774                    /usr/lib/x86_64-linux-gnu/libpulse.so.0.13.5
7fee28b5a000-7fee2925a000 rw-s 22c4b000 00:05 9165                       /dev/ati/card0
7fee2925a000-7fee29295000 r-xp 00000000 08:16 1054638                    /usr/lib/fglrx/libatiadlxx.so
7fee29295000-7fee29395000 ---p 0003b000 08:16 1054638                    /usr/lib/fglrx/libatiadlxx.so
7fee29395000-7fee2939e000 rw-p 0003b000 08:16 1054638                    /usr/lib/fglrx/libatiadlxx.so
7fee2939e000-7fee293af000 rw-p 00000000 00:00 0 
7fee293af000-7fee293b6000 r-xp 00000000 08:16 1054658                    /usr/lib/fglrx/libatiuki.so.1.0
7fee293b6000-7fee294b6000 ---p 00007000 08:16 1054658                    /usr/lib/fglrx/libatiuki.so.1.0
7fee294b6000-7fee294b7000 rw-p 00007000 08:16 1054658                    /usr/lib/fglrx/libatiuki.so.1.0
7fee294b7000-7fee294b8000 rw-p 00000000 00:00 0 
7fee294b8000-7fee2b412000 r-xp 00000000 08:16 1054642                    /usr/lib/fglrx/dri/fglrx_dri.so
7fee2b412000-7fee2b512000 ---p 01f5a000 08:16 1054642                    /usr/lib/fglrx/dri/fglrx_dri.so
7fee2b512000-7fee2b660000 rwxp 01f5a000 08:16 1054642                    /usr/lib/fglrx/dri/fglrx_dri.so
7fee2b660000-7fee2b786000 rwxp 00000000 00:00 0 
7fee2b786000-7fee2b849000 r-xp 00000000 08:16 1054665                    /usr/lib/fglrx/libGL.so.1.2
7fee2b849000-7fee2b948000 ---p 000c3000 08:16 1054665                    /usr/lib/fglrx/libGL.so.1.2
7fee2b948000-7fee2b96f000 rwxp 000c2000 08:16 1054665                    /usr/lib/fglrx/libGL.so.1.2
7fee2b96f000-7fee2b98f000 rwxp 00000000 00:00 0 
7fee2b98f000-7fee2b993000 r-xp 00000000 08:16 1056049                    /usr/lib/x86_64-linux-gnu/libXxf86vm.so.1.0.0
7fee2b993000-7fee2bb92000 ---p 00004000 08:16 1056049                    /usr/lib/x86_64-linux-gnu/libXxf86vm.so.1.0.0
7fee2bb92000-7fee2bb93000 r--p 00003000 08:16 1056049                    /usr/lib/x86_64-linux-gnu/libXxf86vm.so.1.0.0
7fee2bb93000-7fee2bb94000 rw-p 00004000 08:16 1056049                    /usr/lib/x86_64-linux-gnu/libXxf86vm.so.1.0.0
7fee2bb94000-7fee2bbfb000 r-xp 00000000 08:16 3677813                    /home/relissa/NetBeansProjects/OCLP/liblwjgl64.so
7fee2bbfb000-7fee2bdfb000 ---p 00067000 08:16 3677813                    /home/relissa/NetBeansProjects/OCLP/liblwjgl64.so
7fee2bdfb000-7fee2bdfd000 r--p 00067000 08:16 3677813                    /home/relissa/NetBeansProjects/OCLP/liblwjgl64.so
7fee2bdfd000-7fee2bdfe000 rw-p 00069000 08:16 3677813                    /home/relissa/NetBeansProjects/OCLP/liblwjgl64.so
7fee2bdfe000-7fee2bdff000 r-xp 00000000 08:16 3544578                    /usr/lib/jvm/java-7-openjdk-amd64/jre/lib/amd64/libjawt.so
7fee2bdff000-7fee2bffe000 ---p 00001000 08:16 3544578                    /usr/lib/jvm/java-7-openjdk-amd64/jre/lib/amd64/libjawt.so
7fee2bffe000-7fee2bfff000 r--p 00000000 08:16 3544578                    /usr/lib/jvm/java-7-openjdk-amd64/jre/lib/amd64/libjawt.so
7fee2bfff000-7fee2c000000 rw-p 00001000 08:16 3544578                    /usr/lib/jvm/java-7-openjdk-amd64/jre/lib/amd64/libjawt.so
7fee2c000000-7fee2c56b000 rw-p 00000000 00:00 0 
7fee2c56b000-7fee30000000 ---p 00000000 00:00 0 
7fee3002f000-7fee3012f000 rw-s 00000000 00:04 165642274                  /SYSV00000000 (deleted)
7fee3012f000-7fee3018f000 rw-s 00000000 00:04 165609504                  /SYSV00000000 (deleted)
7fee301cf000-7fee301df000 rw-s fe9f0000 00:05 9165                       /dev/ati/card0
7fee301df000-7fee301e2000 ---p 00000000 00:00 0 
7fee301e2000-7fee302e0000 rw-p 00000000 00:00 0 
7fee302e0000-7fee302e3000 ---p 00000000 00:00 0 
7fee302e3000-7fee303e1000 rw-p 00000000 00:00 0 
7fee30be2000-7fee30bfc000 r-xp 00000000 08:16 1056151                    /usr/lib/x86_64-linux-gnu/libdbusmenu-glib.so.4.0.12
7fee30bfc000-7fee30dfb000 ---p 0001a000 08:16 1056151                    /usr/lib/x86_64-linux-gnu/libdbusmenu-glib.so.4.0.12
7fee30dfb000-7fee30dfc000 r--p 00019000 08:16 1056151                    /usr/lib/x86_64-linux-gnu/libdbusmenu-glib.so.4.0.12
7fee30dfc000-7fee30dfd000 rw-p 0001a000 08:16 1056151                    /usr/lib/x86_64-linux-gnu/libdbusmenu-glib.so.4.0.12
7fee30dfd000-7fee30e0f000 r-xp 00000000 08:16 1056153                    /usr/lib/x86_64-linux-gnu/libdbusmenu-gtk.so.4.0.12
7fee30e0f000-7fee3100e000 ---p 00012000 08:16 1056153                    /usr/lib/x86_64-linux-gnu/libdbusmenu-gtk.so.4.0.12
7fee3100e000-7fee3100f000 r--p 00011000 08:16 1056153                    /usr/lib/x86_64-linux-gnu/libdbusmenu-gtk.so.4.0.12
7fee3100f000-7fee31010000 rw-p 00012000 08:16 1056153                    /usr/lib/x86_64-linux-gnu/libdbusmenu-gtk.so.4.0.12
7fee31010000-7fee31015000 r-xp 00000000 08:16 1052971                    /usr/lib/gtk-2.0/2.10.0/menuproxies/libappmenu.so
7fee31015000-7fee31214000 ---p 00005000 08:16 1052971                    /usr/lib/gtk-2.0/2.10.0/menuproxies/libappmenu.so
7fee31214000-7fee31215000 r--p 00004000 08:16 1052971                    /usr/lib/gtk-2.0/2.10.0/menuproxies/libappmenu.so
7fee31215000-7fee31216000 rw-p 00005000 08:16 1052971                    /usr/lib/gtk-2.0/2.10.0/menuproxies/libappmenu.so
7fee31216000-7fee31222000 r-xp 00000000 08:16 5246678                    /lib/x86_64-linux-gnu/libudev.so.0.13.0
7fee31222000-7fee31421000 ---p 0000c000 08:16 5246678                    /lib/x86_64-linux-gnu/libudev.so.0.13.0
7fee31421000-7fee31422000 r--p 0000b000 08:16 5246678                    /lib/x86_64-linux-gnu/libudev.so.0.13.0
7fee31422000-7fee31423000 rw-p 0000c000 08:16 5246678                    /lib/x86_64-linux-gnu/libudev.so.0.13.0
7fee31423000-7fee31439000 r-xp 00000000 08:16 1314755                    /usr/lib/x86_64-linux-gnu/gvfs/libgvfscommon.so
7fee31439000-7fee31638000 ---p 00016000 08:16 1314755                    /usr/lib/x86_64-linux-gnu/gvfs/libgvfscommon.so
7fee31638000-7fee31639000 r--p 00015000 08:16 1314755                    /usr/lib/x86_64-linux-gnu/gvfs/libgvfscommon.so
7fee31639000-7fee3163a000 rw-p 00016000 08:16 1314755                    /usr/lib/x86_64-linux-gnu/gvfs/libgvfscommon.so
7fee3163a000-7fee31662000 r-xp 00000000 08:16 1314556                    /usr/lib/x86_64-linux-gnu/gio/modules/libgvfsdbus.so
7fee31662000-7fee31861000 ---p 00028000 08:16 1314556                    /usr/lib/x86_64-linux-gnu/gio/modules/libgvfsdbus.so
7fee31861000-7fee31862000 r--p 00027000 08:16 1314556                    /usr/lib/x86_64-linux-gnu/gio/modules/libgvfsdbus.so
7fee31862000-7fee31863000 rw-p 00028000 08:16 1314556                    /usr/lib/x86_64-linux-gnu/gio/modules/libgvfsdbus.so
7fee31863000-7fee318a7000 r-xp 00000000 08:16 1056333                    /usr/lib/x86_64-linux-gnu/libibus-1.0.so.0.401.0
7fee318a7000-7fee31aa6000 ---p 00044000 08:16 1056333                    /usr/lib/x86_64-linux-gnu/libibus-1.0.so.0.401.0
7fee31aa6000-7fee31aa8000 r--p 00043000 08:16 1056333                    /usr/lib/x86_64-linux-gnu/libibus-1.0.so.0.401.0
7fee31aa8000-7fee31aa9000 rw-p 00045000 08:16 1056333                    /usr/lib/x86_64-linux-gnu/libibus-1.0.so.0.401.0
7fee31aa9000-7fee31aaa000 rw-p 00000000 00:00 0 
7fee31aac000-7fee31aaf000 ---p 00000000 00:00 0 
7fee31aaf000-7fee31ac6000 rw-p 00000000 00:00 0 
7fee31ac6000-7fee31acc000 r-xp 00000000 08:16 1314695                    /usr/lib/x86_64-linux-gnu/gtk-2.0/2.10.0/immodules/im-ibus.so
7fee31acc000-7fee31ccb000 ---p 00006000 08:16 1314695                    /usr/lib/x86_64-linux-gnu/gtk-2.0/2.10.0/immodules/im-ibus.so
7fee31ccb000-7fee31ccc000 r--p 00005000 08:16 1314695                    /usr/lib/x86_64-linux-gnu/gtk-2.0/2.10.0/immodules/im-ibus.so
7fee31ccc000-7fee31ccd000 rw-p 00006000 08:16 1314695                    /usr/lib/x86_64-linux-gnu/gtk-2.0/2.10.0/immodules/im-ibus.so
7fee31ccd000-7fee31cea000 r--p 00000000 08:16 1835500                    /usr/share/fonts/truetype/droid/DroidSansMono.ttf
7fee31cea000-7fee31d41000 r--p 00000000 08:16 1837996                    /usr/share/fonts/truetype/ubuntu-font-family/Ubuntu-R.ttf
7fee31d41000-7fee31d43000 r-xp 00000000 08:16 1313859                    /usr/lib/x86_64-linux-gnu/pango/1.6.0/modules/pango-basic-fc.so
7fee31d43000-7fee31f42000 ---p 00002000 08:16 1313859                    /usr/lib/x86_64-linux-gnu/pango/1.6.0/modules/pango-basic-fc.so
7fee31f42000-7fee31f43000 r--p 00001000 08:16 1313859                    /usr/lib/x86_64-linux-gnu/pango/1.6.0/modules/pango-basic-fc.so
7fee31f43000-7fee31f44000 rw-p 00002000 08:16 1313859                    /usr/lib/x86_64-linux-gnu/pango/1.6.0/modules/pango-basic-fc.so
7fee31f44000-7fee31f60000 r--s 00000000 08:16 1838102                    /usr/share/fonts/type1/gsfonts/p052024l.pfb
7fee31f60000-7fee31f70000 r--s 00000000 08:16 1838009                    /usr/share/fonts/type1/gsfonts/a010015l.pfb
7fee31f70000-7fee31f88000 r--s 00000000 08:16 1838039                    /usr/share/fonts/type1/gsfonts/c059036l.pfb
7fee31f88000-7fee31f99000 r--s 00000000 08:16 1838063                    /usr/share/fonts/type1/gsfonts/n019063l.pfb
7fee31f99000-7fee31fb4000 r--s 00000000 08:16 1838099                    /usr/share/fonts/type1/gsfonts/p052023l.pfb
7fee31fb4000-7fee31fc7000 r--s 00000000 08:16 1838066                    /usr/share/fonts/type1/gsfonts/n019064l.pfb
7fee31fc7000-7fee31fd3000 r--s 00000000 08:16 1838042                    /usr/share/fonts/type1/gsfonts/d050000l.pfb
7fee31fd3000-7fee31fee000 r--s 00000000 08:16 1838096                    /usr/share/fonts/type1/gsfonts/p052004l.pfb
7fee31fee000-7fee31ffe000 r--s 00000000 08:16 1838012                    /usr/share/fonts/type1/gsfonts/a010033l.pfb
7fee31ffe000-7fee32017000 r--s 00000000 08:16 1838018                    /usr/share/fonts/type1/gsfonts/b018012l.pfb
7fee32017000-7fee32029000 r--s 00000000 08:16 1838027                    /usr/share/fonts/type1/gsfonts/b018035l.pfb
7fee32029000-7fee32041000 r--s 00000000 08:16 1838036                    /usr/share/fonts/type1/gsfonts/c059033l.pfb
7fee32041000-7fee3205c000 r--s 00000000 08:16 1838033                    /usr/share/fonts/type1/gsfonts/c059016l.pfb
7fee3205c000-7fee3206e000 r--s 00000000 08:16 1838060                    /usr/share/fonts/type1/gsfonts/n019044l.pfb
7fee3206e000-7fee32089000 r--s 00000000 08:16 1838093                    /usr/share/fonts/type1/gsfonts/p052003l.pfb
7fee32089000-7fee32099000 r--s 00000000 08:16 1838006                    /usr/share/fonts/type1/gsfonts/a010013l.pfb
7fee32099000-7fee320b0000 r--s 00000000 08:16 1838108                    /usr/share/fonts/type1/gsfonts/z003034l.pfb
7fee320b0000-7fee320b9000 r--s 00000000 08:16 1838105                    /usr/share/fonts/type1/gsfonts/s050000l.pfb
7fee320b9000-7fee320ce000 r--s 00000000 08:16 1838024                    /usr/share/fonts/type1/gsfonts/b018032l.pfb
7fee320ce000-7fee320e8000 r--s 00000000 08:16 1838030                    /usr/share/fonts/type1/gsfonts/c059013l.pfb
7fee320e8000-7fee320fa000 r--s 00000000 08:16 1838057                    /usr/share/fonts/type1/gsfonts/n019043l.pfb
7fee320fa000-7fee3210d000 r--s 00000000 08:16 1838021                    /usr/share/fonts/type1/gsfonts/b018015l.pfb
7fee3210d000-7fee3211e000 r--s 00000000 08:16 1838015                    /usr/share/fonts/type1/gsfonts/a010035l.pfb
7fee32126000-7fee32128000 rw-s 2314e000 00:05 9165                       /dev/ati/card0
7fee32128000-7fee32138000 r-xp 00000000 08:16 3544571                    /usr/lib/jvm/java-7-openjdk-amd64/jre/lib/amd64/libnio.so
7fee32138000-7fee32337000 ---p 00010000 08:16 3544571                    /usr/lib/jvm/java-7-openjdk-amd64/jre/lib/amd64/libnio.so
7fee32337000-7fee32338000 r--p 0000f000 08:16 3544571                    /usr/lib/jvm/java-7-openjdk-amd64/jre/lib/amd64/libnio.so
7fee32338000-7fee32339000 rw-p 00010000 08:16 3544571                    /usr/lib/jvm/java-7-openjdk-amd64/jre/lib/amd64/libnio.so
7fee32339000-7fee3234f000 r-xp 00000000 08:16 3544572                    /usr/lib/jvm/java-7-openjdk-amd64/jre/lib/amd64/libnet.so
7fee3234f000-7fee3254f000 ---p 00016000 08:16 3544572                    /usr/lib/jvm/java-7-openjdk-amd64/jre/lib/amd64/libnet.so
7fee3254f000-7fee32550000 r--p 00016000 08:16 3544572                    /usr/lib/jvm/java-7-openjdk-amd64/jre/lib/amd64/libnet.so
7fee32550000-7fee32551000 rw-p 00017000 08:16 3544572                    /usr/lib/jvm/java-7-openjdk-amd64/jre/lib/amd64/libnet.so
7fee32551000-7fee3258c000 r-xp 00000000 08:16 3544568                    /usr/lib/jvm/java-7-openjdk-amd64/jre/lib/amd64/libfontmanager.so
7fee3258c000-7fee3278b000 ---p 0003b000 08:16 3544568                    /usr/lib/jvm/java-7-openjdk-amd64/jre/lib/amd64/libfontmanager.so
7fee3278b000-7fee3278d000 r--p 0003a000 08:16 3544568                    /usr/lib/jvm/java-7-openjdk-amd64/jre/lib/amd64/libfontmanager.so
7fee3278d000-7fee3278e000 rw-p 0003c000 08:16 3544568                    /usr/lib/jvm/java-7-openjdk-amd64/jre/lib/amd64/libfontmanager.so
7fee3278e000-7fee32794000 r-xp 00000000 08:16 1056418                    /usr/lib/x86_64-linux-gnu/libogg.so.0.7.1
7fee32794000-7fee32993000 ---p 00006000 08:16 1056418                    /usr/lib/x86_64-linux-gnu/libogg.so.0.7.1
7fee32993000-7fee32994000 r--p 00005000 08:16 1056418                    /usr/lib/x86_64-linux-gnu/libogg.so.0.7.1
7fee32994000-7fee32995000 rw-p 00006000 08:16 1056418                    /usr/lib/x86_64-linux-gnu/libogg.so.0.7.1
7fee32995000-7fee32996000 ---p 00000000 00:00 0 
7fee32996000-7fee33196000 rw-p 00000000 00:00 0 
7fee33196000-7fee331c1000 r-xp 00000000 08:16 1056576                    /usr/lib/x86_64-linux-gnu/libvorbis.so.0.4.5
7fee331c1000-7fee333c0000 ---p 0002b000 08:16 1056576                    /usr/lib/x86_64-linux-gnu/libvorbis.so.0.4.5
7fee333c0000-7fee333c1000 r--p 0002a000 08:16 1056576                    /usr/lib/x86_64-linux-gnu/libvorbis.so.0.4.5
7fee333c1000-7fee333c2000 rw-p 0002b000 08:16 1056576                    /usr/lib/x86_64-linux-gnu/libvorbis.so.0.4.5
7fee333c2000-7fee333ca000 r-xp 00000000 08:16 1056375                    /usr/lib/x86_64-linux-gnu/libltdl.so.7.3.0
7fee333ca000-7fee335ca000 ---p 00008000 08:16 1056375                    /usr/lib/x86_64-linux-gnu/libltdl.so.7.3.0
7fee335ca000-7fee335cb000 r--p 00008000 08:16 1056375                    /usr/lib/x86_64-linux-gnu/libltdl.so.7.3.0
7fee335cb000-7fee335cc000 rw-p 00009000 08:16 1056375                    /usr/lib/x86_64-linux-gnu/libltdl.so.7.3.0
7fee335cc000-7fee335dc000 r-xp 00000000 08:16 1056543                    /usr/lib/x86_64-linux-gnu/libtdb.so.1.2.9
7fee335dc000-7fee337db000 ---p 00010000 08:16 1056543                    /usr/lib/x86_64-linux-gnu/libtdb.so.1.2.9
7fee337db000-7fee337dc000 r--p 0000f000 08:16 1056543                    /usr/lib/x86_64-linux-gnu/libtdb.so.1.2.9
7fee337dc000-7fee337dd000 rw-p 00010000 08:16 1056543                    /usr/lib/x86_64-linux-gnu/libtdb.so.1.2.9
7fee337dd000-7fee337e4000 r-xp 00000000 08:16 1056580                    /usr/lib/x86_64-linux-gnu/libvorbisfile.so.3.3.4
7fee337e4000-7fee339e3000 ---p 00007000 08:16 1056580                    /usr/lib/x86_64-linux-gnu/libvorbisfile.so.3.3.4
7fee339e3000-7fee339e4000 r--p 00006000 08:16 1056580                    /usr/lib/x86_64-linux-gnu/libvorbisfile.so.3.3.4
7fee339e4000-7fee339e5000 rw-p 00007000 08:16 1056580                    /usr/lib/x86_64-linux-gnu/libvorbisfile.so.3.3.4
7fee339e5000-7fee339f4000 r-xp 00000000 08:16 1056113                    /usr/lib/x86_64-linux-gnu/libcanberra.so.0.2.5
7fee339f4000-7fee33bf3000 ---p 0000f000 08:16 1056113                    /usr/lib/x86_64-linux-gnu/libcanberra.so.0.2.5
7fee33bf3000-7fee33bf4000 r--p 0000e000 08:16 1056113                    /usr/lib/x86_64-linux-gnu/libcanberra.so.0.2.5
7fee33bf4000-7fee33bf5000 rw-p 0000f000 08:16 1056113                    /usr/lib/x86_64-linux-gnu/libcanberra.so.0.2.5
7fee33bf5000-7fee33bf9000 r-xp 00000000 08:16 1056109                    /usr/lib/x86_64-linux-gnu/libcanberra-gtk.so.0.1.8
7fee33bf9000-7fee33df8000 ---p 00004000 08:16 1056109                    /usr/lib/x86_64-linux-gnu/libcanberra-gtk.so.0.1.8
7fee33df8000-7fee33df9000 r--p 00003000 08:16 1056109                    /usr/lib/x86_64-linux-gnu/libcanberra-gtk.so.0.1.8
7fee33df9000-7fee33dfa000 rw-p 00004000 08:16 1056109                    /usr/lib/x86_64-linux-gnu/libcanberra-gtk.so.0.1.8
7fee33dfa000-7fee33dff000 r-xp 00000000 08:16 1314709                    /usr/lib/x86_64-linux-gnu/gtk-2.0/modules/libcanberra-gtk-module.so
7fee33dff000-7fee33ffe000 ---p 00005000 08:16 1314709                    /usr/lib/x86_64-linux-gnu/gtk-2.0/modules/libcanberra-gtk-module.so
7fee33ffe000-7fee33fff000 r--p 00004000 08:16 1314709                    /usr/lib/x86_64-linux-gnu/gtk-2.0/modules/libcanberra-gtk-module.so
7fee33fff000-7fee34000000 rw-p 00005000 08:16 1314709                    /usr/lib/x86_64-linux-gnu/gtk-2.0/modules/libcanberra-gtk-module.so
7fee34000000-7fee34021000 rw-p 00000000 00:00 0 
7fee34021000-7fee38000000 ---p 00000000 00:00 0 
7fee38000000-7fee38021000 rw-p 00000000 00:00 0 
7fee38021000-7fee3c000000 ---p 00000000 00:00 0 
7fee3c000000-7fee3c028000 rw-p 00000000 00:00 0 
7fee3c028000-7fee40000000 ---p 00000000 00:00 0 
7fee40006000-7fee40010000 r--s 00000000 08:16 1837283                    /usr/share/fonts/X11/Type1/c0611bt_.pfb
7fee40010000-7fee40019000 r--s 00000000 08:16 1837285                    /usr/share/fonts/X11/Type1/c0632bt_.pfb
7fee40019000-7fee40023000 r--s 00000000 08:16 1837277                    /usr/share/fonts/X11/Type1/c0419bt_.pfb
7fee40023000-7fee4002d000 r--s 00000000 08:16 1837279                    /usr/share/fonts/X11/Type1/c0582bt_.pfb
7fee4002d000-7fee40036000 r--s 00000000 08:16 1837289                    /usr/share/fonts/X11/Type1/c0648bt_.pfb
7fee40036000-7fee4003f000 r--s 00000000 08:16 1837287                    /usr/share/fonts/X11/Type1/c0633bt_.pfb
7fee4003f000-7fee40048000 r--s 00000000 08:16 1837291                    /usr/share/fonts/X11/Type1/c0649bt_.pfb
7fee40048000-7fee40052000 r--s 00000000 08:16 1837281                    /usr/share/fonts/X11/Type1/c0583bt_.pfb
7fee40052000-7fee40053000 r--s 00000000 08:16 1843619                    /var/cache/fontconfig/c05880de57d1f5e948fdfacc138775d9-le64.cache-3
7fee40053000-7fee4005c000 r--s 00000000 08:16 1843614                    /var/cache/fontconfig/945677eb7aeaf62f1d50efc3fb3ec7d8-le64.cache-3
7fee4005c000-7fee4005e000 r--s 00000000 08:16 1843615                    /var/cache/fontconfig/99e8ed0e538f840c565b6ed5dad60d56-le64.cache-3
7fee4005e000-7fee40066000 r--s 00000000 08:16 1846703                    /var/cache/fontconfig/a6d8cf8e4ec09cdbc8633c31745a07dd-le64.cache-3
7fee40066000-7fee4006a000 r--s 00000000 08:16 1843601                    /var/cache/fontconfig/2cd17615ca594fa2959ae173292e504c-le64.cache-3
7fee4006a000-7fee4006b000 r--s 00000000 08:16 1843626                    /var/cache/fontconfig/e7071f4a29fa870f4323321c154eba04-le64.cache-3
7fee4006b000-7fee4006c000 r--s 00000000 08:16 1843599                    /var/cache/fontconfig/0d8c3b2ac0904cb8a57a757ad11a4a08-le64.cache-3
7fee4006c000-7fee40072000 r--s 00000000 08:16 1843616                    /var/cache/fontconfig/a755afe4a08bf5b97852ceb7400b47bc-le64.cache-3
7fee40072000-7fee40073000 r--s 00000000 08:16 1846509                    /var/cache/fontconfig/5a76b20910bc01daa5b6abd117531ab8-le64.cache-3
7fee40073000-7fee4007c000 r--s 00000000 08:16 1847215                    /var/cache/fontconfig/6d41288fd70b0be22e8c3a91e032eec0-le64.cache-3
7fee4007c000-7fee400aa000 r--s 00000000 08:16 1846701                    /var/cache/fontconfig/365b55f210c0a22e9a19e35191240f32-le64.cache-3
7fee400aa000-7fee400d9000 r-xp 00000000 08:16 1314688                    /usr/lib/x86_64-linux-gnu/gtk-2.0/2.10.0/engines/libmurrine.so
7fee400d9000-7fee402d9000 ---p 0002f000 08:16 1314688                    /usr/lib/x86_64-linux-gnu/gtk-2.0/2.10.0/engines/libmurrine.so
7fee402d9000-7fee402da000 r--p 0002f000 08:16 1314688                    /usr/lib/x86_64-linux-gnu/gtk-2.0/2.10.0/engines/libmurrine.so
7fee402da000-7fee402db000 rw-p 00030000 08:16 1314688                    /usr/lib/x86_64-linux-gnu/gtk-2.0/2.10.0/engines/libmurrine.so
7fee402db000-7fee402dc000 ---p 00000000 00:00 0 
7fee402dc000-7fee40adc000 rw-p 00000000 00:00 0 
7fee40adc000-7fee40ae3000 r-xp 00000000 08:16 1314551                    /usr/lib/x86_64-linux-gnu/gio/modules/libdconfsettings.so
7fee40ae3000-7fee40ce2000 ---p 00007000 08:16 1314551                    /usr/lib/x86_64-linux-gnu/gio/modules/libdconfsettings.so
7fee40ce2000-7fee40ce3000 r--p 00006000 08:16 1314551                    /usr/lib/x86_64-linux-gnu/gio/modules/libdconfsettings.so
7fee40ce3000-7fee40ce4000 rw-p 00007000 08:16 1314551                    /usr/lib/x86_64-linux-gnu/gio/modules/libdconfsettings.so
7fee40ce4000-7fee40cf4000 r-xp 00000000 08:16 1051646                    /usr/lib/liboverlay-scrollbar-0.2.so.0.0.16
7fee40cf4000-7fee40ef3000 ---p 00010000 08:16 1051646                    /usr/lib/liboverlay-scrollbar-0.2.so.0.0.16
7fee40ef3000-7fee40ef4000 r--p 0000f000 08:16 1051646                    /usr/lib/liboverlay-scrollbar-0.2.so.0.0.16
7fee40ef4000-7fee40ef5000 rw-p 00010000 08:16 1051646                    /usr/lib/liboverlay-scrollbar-0.2.so.0.0.16
7fee40ef5000-7fee40ef8000 ---p 00000000 00:00 0 
7fee40ef8000-7fee40ff6000 rw-p 00000000 00:00 0 
7fee40ff6000-7fee40ff9000 ---p 00000000 00:00 0 
7fee40ff9000-7fee410f7000 rw-p 00000000 00:00 0 
7fee410f7000-7fee410fa000 ---p 00000000 00:00 0 
7fee410fa000-7fee411f8000 rw-p 00000000 00:00 0 
7fee411f8000-7fee411fb000 r-xp 00000000 08:16 5246606                    /lib/x86_64-linux-gnu/libgpg-error.so.0.8.0
7fee411fb000-7fee413fa000 ---p 00003000 08:16 5246606                    /lib/x86_64-linux-gnu/libgpg-error.so.0.8.0
7fee413fa000-7fee413fb000 r--p 00002000 08:16 5246606                    /lib/x86_64-linux-gnu/libgpg-error.so.0.8.0
7fee413fb000-7fee413fc000 rw-p 00003000 08:16 5246606                    /lib/x86_64-linux-gnu/libgpg-error.so.0.8.0
7fee413fc000-7fee413ff000 r-xp 00000000 08:16 5246610                    /lib/x86_64-linux-gnu/libkeyutils.so.1.4
7fee413ff000-7fee415fe000 ---p 00003000 08:16 5246610                    /lib/x86_64-linux-gnu/libkeyutils.so.1.4
7fee415fe000-7fee415ff000 r--p 00002000 08:16 5246610                    /lib/x86_64-linux-gnu/libkeyutils.so.1.4
7fee415ff000-7fee41600000 rw-p 00003000 08:16 5246610                    /lib/x86_64-linux-gnu/libkeyutils.so.1.4
7fee41600000-7fee41642000 r-xp 00000000 08:16 5246591                    /lib/x86_64-linux-gnu/libdbus-1.so.3.5.8
7fee41642000-7fee41842000 ---p 00042000 08:16 5246591                    /lib/x86_64-linux-gnu/libdbus-1.so.3.5.8
7fee41842000-7fee41843000 r--p 00042000 08:16 5246591                    /lib/x86_64-linux-gnu/libdbus-1.so.3.5.8
7fee41843000-7fee41844000 rw-p 00043000 08:16 5246591                    /lib/x86_64-linux-gnu/libdbus-1.so.3.5.8
7fee41844000-7fee41855000 r-xp 00000000 08:16 1056424                    /usr/lib/x86_64-linux-gnu/libp11-kit.so.0.0.0
7fee41855000-7fee41a54000 ---p 00011000 08:16 1056424                    /usr/lib/x86_64-linux-gnu/libp11-kit.so.0.0.0
7fee41a54000-7fee41a55000 r--p 00010000 08:16 1056424                    /usr/lib/x86_64-linux-gnu/libp11-kit.so.0.0.0
7fee41a55000-7fee41a56000 rw-p 00011000 08:16 1056424                    /usr/lib/x86_64-linux-gnu/libp11-kit.so.0.0.0
7fee41a56000-7fee41ad0000 r-xp 00000000 08:16 5246882                    /lib/x86_64-linux-gnu/libgcrypt.so.11.7.0
7fee41ad0000-7fee41cd0000 ---p 0007a000 08:16 5246882                    /lib/x86_64-linux-gnu/libgcrypt.so.11.7.0
7fee41cd0000-7fee41cd1000 r--p 0007a000 08:16 5246882                    /lib/x86_64-linux-gnu/libgcrypt.so.11.7.0
7fee41cd1000-7fee41cd4000 rw-p 0007b000 08:16 5246882                    /lib/x86_64-linux-gnu/libgcrypt.so.11.7.0
7fee41cd4000-7fee41ce4000 r-xp 00000000 08:16 1061093                    /usr/lib/x86_64-linux-gnu/libtasn1.so.3.1.12
7fee41ce4000-7fee41ee3000 ---p 00010000 08:16 1061093                    /usr/lib/x86_64-linux-gnu/libtasn1.so.3.1.12
7fee41ee3000-7fee41ee4000 r--p 0000f000 08:16 1061093                    /usr/lib/x86_64-linux-gnu/libtasn1.so.3.1.12
7fee41ee4000-7fee41ee5000 rw-p 00010000 08:16 1061093                    /usr/lib/x86_64-linux-gnu/libtasn1.so.3.1.12
7fee41ee5000-7fee41eec000 r-xp 00000000 08:16 1052728                    /usr/lib/x86_64-linux-gnu/libkrb5support.so.0.1
7fee41eec000-7fee420eb000 ---p 00007000 08:16 1052728                    /usr/lib/x86_64-linux-gnu/libkrb5support.so.0.1
7fee420eb000-7fee420ec000 r--p 00006000 08:16 1052728                    /usr/lib/x86_64-linux-gnu/libkrb5support.so.0.1
7fee420ec000-7fee420ed000 rw-p 00007000 08:16 1052728                    /usr/lib/x86_64-linux-gnu/libkrb5support.so.0.1
7fee420ed000-7fee420f0000 r-xp 00000000 08:16 5246586                    /lib/x86_64-linux-gnu/libcom_err.so.2.1
7fee420f0000-7fee422ef000 ---p 00003000 08:16 5246586                    /lib/x86_64-linux-gnu/libcom_err.so.2.1
7fee422ef000-7fee422f0000 r--p 00002000 08:16 5246586                    /lib/x86_64-linux-gnu/libcom_err.so.2.1
7fee422f0000-7fee422f1000 rw-p 00003000 08:16 5246586                    /lib/x86_64-linux-gnu/libcom_err.so.2.1
7fee422f1000-7fee42316000 r-xp 00000000 08:16 1052714                    /usr/lib/x86_64-linux-gnu/libk5crypto.so.3.1
7fee42316000-7fee42516000 ---p 00025000 08:16 1052714                    /usr/lib/x86_64-linux-gnu/libk5crypto.so.3.1
7fee42516000-7fee42517000 r--p 00025000 08:16 1052714                    /usr/lib/x86_64-linux-gnu/libk5crypto.so.3.1
7fee42517000-7fee42518000 rw-p 00026000 08:16 1052714                    /usr/lib/x86_64-linux-gnu/libk5crypto.so.3.1
7fee42518000-7fee42519000 rw-p 00000000 00:00 0 
7fee42519000-7fee425dd000 r-xp 00000000 08:16 1052724                    /usr/lib/x86_64-linux-gnu/libkrb5.so.3.3
7fee425dd000-7fee427dc000 ---p 000c4000 08:16 1052724                    /usr/lib/x86_64-linux-gnu/libkrb5.so.3.3
7fee427dc000-7fee427e6000 r--p 000c3000 08:16 1052724                    /usr/lib/x86_64-linux-gnu/libkrb5.so.3.3
7fee427e6000-7fee427e7000 rw-p 000cd000 08:16 1052724                    /usr/lib/x86_64-linux-gnu/libkrb5.so.3.3
7fee427e7000-7fee427ef000 r-xp 00000000 08:16 1056599                    /usr/lib/x86_64-linux-gnu/libxcb-render.so.0.0.0
7fee427ef000-7fee429ef000 ---p 00008000 08:16 1056599                    /usr/lib/x86_64-linux-gnu/libxcb-render.so.0.0.0
7fee429ef000-7fee429f0000 r--p 00008000 08:16 1056599                    /usr/lib/x86_64-linux-gnu/libxcb-render.so.0.0.0
7fee429f0000-7fee429f1000 rw-p 00009000 08:16 1056599                    /usr/lib/x86_64-linux-gnu/libxcb-render.so.0.0.0
7fee429f1000-7fee429f3000 r-xp 00000000 08:16 1056603                    /usr/lib/x86_64-linux-gnu/libxcb-shm.so.0.0.0
7fee429f3000-7fee42bf2000 ---p 00002000 08:16 1056603                    /usr/lib/x86_64-linux-gnu/libxcb-shm.so.0.0.0
7fee42bf2000-7fee42bf3000 r--p 00001000 08:16 1056603                    /usr/lib/x86_64-linux-gnu/libxcb-shm.so.0.0.0
7fee42bf3000-7fee42bf4000 rw-p 00002000 08:16 1056603                    /usr/lib/x86_64-linux-gnu/libxcb-shm.so.0.0.0
7fee42bf4000-7fee42c1a000 r-xp 00000000 08:16 5246656                    /lib/x86_64-linux-gnu/libpng12.so.0.46.0
7fee42c1a000-7fee42e1a000 ---p 00026000 08:16 5246656                    /lib/x86_64-linux-gnu/libpng12.so.0.46.0
7fee42e1a000-7fee42e1b000 r--p 00026000 08:16 5246656                    /lib/x86_64-linux-gnu/libpng12.so.0.46.0
7fee42e1b000-7fee42e1c000 rw-p 00027000 08:16 5246656                    /lib/x86_64-linux-gnu/libpng12.so.0.46.0
7fee42e1c000-7fee42e9d000 r-xp 00000000 08:16 1056450                    /usr/lib/x86_64-linux-gnu/libpixman-1.so.0.24.4
7fee42e9d000-7fee4309c000 ---p 00081000 08:16 1056450                    /usr/lib/x86_64-linux-gnu/libpixman-1.so.0.24.4
7fee4309c000-7fee430a2000 r--p 00080000 08:16 1056450                    /usr/lib/x86_64-linux-gnu/libpixman-1.so.0.24.4
7fee430a2000-7fee430a3000 rw-p 00086000 08:16 1056450                    /usr/lib/x86_64-linux-gnu/libpixman-1.so.0.24.4
7fee430a3000-7fee430a8000 r-xp 00000000 08:16 1056019                    /usr/lib/x86_64-linux-gnu/libXdmcp.so.6.0.0
7fee430a8000-7fee432a7000 ---p 00005000 08:16 1056019                    /usr/lib/x86_64-linux-gnu/libXdmcp.so.6.0.0
7fee432a7000-7fee432a8000 r--p 00004000 08:16 1056019                    /usr/lib/x86_64-linux-gnu/libXdmcp.so.6.0.0
7fee432a8000-7fee432a9000 rw-p 00005000 08:16 1056019                    /usr/lib/x86_64-linux-gnu/libXdmcp.so.6.0.0
7fee432a9000-7fee432ab000 r-xp 00000000 08:16 1056008                    /usr/lib/x86_64-linux-gnu/libXau.so.6.0.0
7fee432ab000-7fee434aa000 ---p 00002000 08:16 1056008                    /usr/lib/x86_64-linux-gnu/libXau.so.6.0.0
7fee434aa000-7fee434ab000 r--p 00001000 08:16 1056008                    /usr/lib/x86_64-linux-gnu/libXau.so.6.0.0
7fee434ab000-7fee434ac000 rw-p 00002000 08:16 1056008                    /usr/lib/x86_64-linux-gnu/libXau.so.6.0.0
7fee434ac000-7fee434bc000 r-xp 00000000 08:16 1056075                    /usr/lib/x86_64-linux-gnu/libavahi-client.so.3.2.9
7fee434bc000-7fee436bb000 ---p 00010000 08:16 1056075                    /usr/lib/x86_64-linux-gnu/libavahi-client.so.3.2.9
7fee436bb000-7fee436bc000 r--p 0000f000 08:16 1056075                    /usr/lib/x86_64-linux-gnu/libavahi-client.so.3.2.9
7fee436bc000-7fee436bd000 rw-p 00010000 08:16 1056075                    /usr/lib/x86_64-linux-gnu/libavahi-client.so.3.2.9
7fee436bd000-7fee436c8000 r-xp 00000000 08:16 1056077                    /usr/lib/x86_64-linux-gnu/libavahi-common.so.3.5.3
7fee436c8000-7fee438c7000 ---p 0000b000 08:16 1056077                    /usr/lib/x86_64-linux-gnu/libavahi-common.so.3.5.3
7fee438c7000-7fee438c8000 r--p 0000a000 08:16 1056077                    /usr/lib/x86_64-linux-gnu/libavahi-common.so.3.5.3
7fee438c8000-7fee438c9000 rw-p 0000b000 08:16 1056077                    /usr/lib/x86_64-linux-gnu/libavahi-common.so.3.5.3
7fee438c9000-7fee4397d000 r-xp 00000000 08:16 1056248                    /usr/lib/x86_64-linux-gnu/libgnutls.so.26.21.8
7fee4397d000-7fee43b7d000 ---p 000b4000 08:16 1056248                    /usr/lib/x86_64-linux-gnu/libgnutls.so.26.21.8
7fee43b7d000-7fee43b83000 r--p 000b4000 08:16 1056248                    /usr/lib/x86_64-linux-gnu/libgnutls.so.26.21.8
7fee43b83000-7fee43b84000 rw-p 000ba000 08:16 1056248                    /usr/lib/x86_64-linux-gnu/libgnutls.so.26.21.8
7fee43b84000-7fee43b85000 rw-p 00000000 00:00 0 
7fee43b85000-7fee43bc0000 r-xp 00000000 08:16 1052718                    /usr/lib/x86_64-linux-gnu/libgssapi_krb5.so.2.2
7fee43bc0000-7fee43dc0000 ---p 0003b000 08:16 1052718                    /usr/lib/x86_64-linux-gnu/libgssapi_krb5.so.2.2
7fee43dc0000-7fee43dc1000 r--p 0003b000 08:16 1052718                    /usr/lib/x86_64-linux-gnu/libgssapi_krb5.so.2.2
7fee43dc1000-7fee43dc3000 rw-p 0003c000 08:16 1052718                    /usr/lib/x86_64-linux-gnu/libgssapi_krb5.so.2.2
7fee43dc3000-7fee43dff000 r-xp 00000000 08:16 5246652                    /lib/x86_64-linux-gnu/libpcre.so.3.12.1
7fee43dff000-7fee43ffe000 ---p 0003c000 08:16 5246652                    /lib/x86_64-linux-gnu/libpcre.so.3.12.1
7fee43ffe000-7fee43fff000 r--p 0003b000 08:16 5246652                    /lib/x86_64-linux-gnu/libpcre.so.3.12.1
7fee43fff000-7fee44000000 rw-p 0003c000 08:16 5246652                    /lib/x86_64-linux-gnu/libpcre.so.3.12.1
7fee44000000-7fee4500f000 rw-p 00000000 00:00 0 
7fee4500f000-7fee48000000 ---p 00000000 00:00 0 
7fee48000000-7fee48007000 r--s 00000000 08:16 1314519                    /usr/lib/x86_64-linux-gnu/gconv/gconv-modules.cache
7fee48007000-7fee48017000 r--s 00000000 08:16 1843598                    /var/cache/fontconfig/04aabc0a78ac019cf9454389977116d2-le64.cache-3
7fee48017000-7fee4801a000 r--s 00000000 08:16 1843604                    /var/cache/fontconfig/385c0604a188198f04d133e54aba7fe7-le64.cache-3
7fee4801a000-7fee4801d000 r--s 00000000 08:16 1843613                    /var/cache/fontconfig/8801497958630a81b71ace7c5f9b32a8-le64.cache-3
7fee4801d000-7fee48022000 r--s 00000000 08:16 1843617                    /var/cache/fontconfig/b47c4e1ecd0709278f4910c18777a504-le64.cache-3
7fee48022000-7fee4802a000 r--s 00000000 08:16 1846702                    /var/cache/fontconfig/52f7bdb7ce746bfd7eaa1985bd9cfa93-le64.cache-3
7fee4802a000-7fee4803a000 r--s 00000000 08:16 1843622                    /var/cache/fontconfig/d52a8644073d54c13679302ca1180695-le64.cache-3
7fee4803a000-7fee48050000 r--s 00000000 08:16 1838090                    /usr/share/fonts/type1/gsfonts/n022024l.pfb
7fee48050000-7fee48068000 r--s 00000000 08:16 1838081                    /usr/share/fonts/type1/gsfonts/n022003l.pfb
7fee48068000-7fee48079000 r--s 00000000 08:16 1838054                    /usr/share/fonts/type1/gsfonts/n019024l.pfb
7fee48079000-7fee48092000 r--s 00000000 08:16 1838072                    /usr/share/fonts/type1/gsfonts/n021004l.pfb
7fee48092000-7fee480ab000 r--s 00000000 08:16 1838084                    /usr/share/fonts/type1/gsfonts/n022004l.pfb
7fee480ab000-7fee480c4000 r--s 00000000 08:16 1838069                    /usr/share/fonts/type1/gsfonts/n021003l.pfb
7fee480c4000-7fee480da000 r--s 00000000 08:16 1838078                    /usr/share/fonts/type1/gsfonts/n021024l.pfb
7fee480da000-7fee480dd000 ---p 00000000 00:00 0 
7fee480dd000-7fee481db000 rw-p 00000000 00:00 0 
7fee481db000-7fee481e2000 r-xp 00000000 08:16 1056193                    /usr/lib/x86_64-linux-gnu/libffi.so.6.0.0
7fee481e2000-7fee483e1000 ---p 00007000 08:16 1056193                    /usr/lib/x86_64-linux-gnu/libffi.so.6.0.0
7fee483e1000-7fee483e2000 r--p 00006000 08:16 1056193                    /usr/lib/x86_64-linux-gnu/libffi.so.6.0.0
7fee483e2000-7fee483e3000 rw-p 00007000 08:16 1056193                    /usr/lib/x86_64-linux-gnu/libffi.so.6.0.0
7fee483e3000-7fee4840a000 r-xp 00000000 08:16 5246597                    /lib/x86_64-linux-gnu/libexpat.so.1.5.2
7fee4840a000-7fee4860a000 ---p 00027000 08:16 5246597                    /lib/x86_64-linux-gnu/libexpat.so.1.5.2
7fee4860a000-7fee4860c000 r--p 00027000 08:16 5246597                    /lib/x86_64-linux-gnu/libexpat.so.1.5.2
7fee4860c000-7fee4860d000 rw-p 00029000 08:16 5246597                    /lib/x86_64-linux-gnu/libexpat.so.1.5.2
7fee4860d000-7fee486a3000 r-xp 00000000 08:16 1056201                    /usr/lib/x86_64-linux-gnu/libfreetype.so.6.8.0
7fee486a3000-7fee488a2000 ---p 00096000 08:16 1056201                    /usr/lib/x86_64-linux-gnu/libfreetype.so.6.8.0
7fee488a2000-7fee488a8000 r--p 00095000 08:16 1056201                    /usr/lib/x86_64-linux-gnu/libfreetype.so.6.8.0
7fee488a8000-7fee488a9000 rw-p 0009b000 08:16 1056201                    /usr/lib/x86_64-linux-gnu/libfreetype.so.6.8.0
7fee488a9000-7fee488c1000 r-xp 00000000 08:16 5246663                    /lib/x86_64-linux-gnu/libresolv-2.15.so
7fee488c1000-7fee48ac1000 ---p 00018000 08:16 5246663                    /lib/x86_64-linux-gnu/libresolv-2.15.so
7fee48ac1000-7fee48ac2000 r--p 00018000 08:16 5246663                    /lib/x86_64-linux-gnu/libresolv-2.15.so
7fee48ac2000-7fee48ac3000 rw-p 00019000 08:16 5246663                    /lib/x86_64-linux-gnu/libresolv-2.15.so
7fee48ac3000-7fee48ac5000 rw-p 00000000 00:00 0 
7fee48ac5000-7fee48ae2000 r-xp 00000000 08:16 5246667                    /lib/x86_64-linux-gnu/libselinux.so.1
7fee48ae2000-7fee48ce1000 ---p 0001d000 08:16 5246667                    /lib/x86_64-linux-gnu/libselinux.so.1
7fee48ce1000-7fee48ce2000 r--p 0001c000 08:16 5246667                    /lib/x86_64-linux-gnu/libselinux.so.1
7fee48ce2000-7fee48ce3000 rw-p 0001d000 08:16 5246667                    /lib/x86_64-linux-gnu/libselinux.so.1
7fee48ce3000-7fee48ce4000 rw-p 00000000 00:00 0 
7fee48ce4000-7fee48ce7000 r-xp 00000000 08:16 1059287                    /usr/lib/x86_64-linux-gnu/libgmodule-2.0.so.0.3200.3
7fee48ce7000-7fee48ee6000 ---p 00003000 08:16 1059287                    /usr/lib/x86_64-linux-gnu/libgmodule-2.0.so.0.3200.3
7fee48ee6000-7fee48ee7000 r--p 00002000 08:16 1059287                    /usr/lib/x86_64-linux-gnu/libgmodule-2.0.so.0.3200.3
7fee48ee7000-7fee48ee8000 rw-p 00003000 08:16 1059287                    /usr/lib/x86_64-linux-gnu/libgmodule-2.0.so.0.3200.3
7fee48ee8000-7fee48eea000 r-xp 00000000 08:16 1056017                    /usr/lib/x86_64-linux-gnu/libXdamage.so.1.1.0
7fee48eea000-7fee490e9000 ---p 00002000 08:16 1056017                    /usr/lib/x86_64-linux-gnu/libXdamage.so.1.1.0
7fee490e9000-7fee490ea000 r--p 00001000 08:16 1056017                    /usr/lib/x86_64-linux-gnu/libXdamage.so.1.1.0
7fee490ea000-7fee490eb000 rw-p 00002000 08:16 1056017                    /usr/lib/x86_64-linux-gnu/libXdamage.so.1.1.0
7fee490eb000-7fee490ed000 r-xp 00000000 08:16 1056013                    /usr/lib/x86_64-linux-gnu/libXcomposite.so.1.0.0
7fee490ed000-7fee492ec000 ---p 00002000 08:16 1056013                    /usr/lib/x86_64-linux-gnu/libXcomposite.so.1.0.0
7fee492ec000-7fee492ed000 r--p 00001000 08:16 1056013                    /usr/lib/x86_64-linux-gnu/libXcomposite.so.1.0.0
7fee492ed000-7fee492ee000 rw-p 00002000 08:16 1056013                    /usr/lib/x86_64-linux-gnu/libXcomposite.so.1.0.0
7fee492ee000-7fee492f7000 r-xp 00000000 08:16 1056015                    /usr/lib/x86_64-linux-gnu/libXcursor.so.1.0.2
7fee492f7000-7fee494f6000 ---p 00009000 08:16 1056015                    /usr/lib/x86_64-linux-gnu/libXcursor.so.1.0.2
7fee494f6000-7fee494f7000 r--p 00008000 08:16 1056015                    /usr/lib/x86_64-linux-gnu/libXcursor.so.1.0.2
7fee494f7000-7fee494f8000 rw-p 00009000 08:16 1056015                    /usr/lib/x86_64-linux-gnu/libXcursor.so.1.0.2
7fee494f8000-7fee49500000 r-xp 00000000 08:16 1056039                    /usr/lib/x86_64-linux-gnu/libXrandr.so.2.2.0
7fee49500000-7fee496ff000 ---p 00008000 08:16 1056039                    /usr/lib/x86_64-linux-gnu/libXrandr.so.2.2.0
7fee496ff000-7fee49700000 r--p 00007000 08:16 1056039                    /usr/lib/x86_64-linux-gnu/libXrandr.so.2.2.0
7fee49700000-7fee49701000 rw-p 00008000 08:16 1056039                    /usr/lib/x86_64-linux-gnu/libXrandr.so.2.2.0
7fee49701000-7fee49703000 r-xp 00000000 08:16 1056029                    /usr/lib/x86_64-linux-gnu/libXinerama.so.1.0.0
7fee49703000-7fee49902000 ---p 00002000 08:16 1056029                    /usr/lib/x86_64-linux-gnu/libXinerama.so.1.0.0
7fee49902000-7fee49903000 r--p 00001000 08:16 1056029                    /usr/lib/x86_64-linux-gnu/libXinerama.so.1.0.0
7fee49903000-7fee49904000 rw-p 00002000 08:16 1056029                    /usr/lib/x86_64-linux-gnu/libXinerama.so.1.0.0
7fee49904000-7fee4992d000 r-xp 00000000 08:16 1056253                    /usr/lib/x86_64-linux-gnu/libpangoft2-1.0.so.0.3000.0
7fee4992d000-7fee49b2c000 ---p 00029000 08:16 1056253                    /usr/lib/x86_64-linux-gnu/libpangoft2-1.0.so.0.3000.0
7fee49b2c000-7fee49b2d000 r--p 00028000 08:16 1056253                    /usr/lib/x86_64-linux-gnu/libpangoft2-1.0.so.0.3000.0
7fee49b2d000-7fee49b2e000 rw-p 00029000 08:16 1056253                    /usr/lib/x86_64-linux-gnu/libpangoft2-1.0.so.0.3000.0
7fee49b2e000-7fee49be7000 r-xp 00000000 08:16 1055379                    /usr/lib/x86_64-linux-gnu/libcairo.so.2.11000.2
7fee49be7000-7fee49de6000 ---p 000b9000 08:16 1055379                    /usr/lib/x86_64-linux-gnu/libcairo.so.2.11000.2
7fee49de6000-7fee49de8000 r--p 000b8000 08:16 1055379                    /usr/lib/x86_64-linux-gnu/libcairo.so.2.11000.2
7fee49de8000-7fee49de9000 rw-p 000ba000 08:16 1055379                    /usr/lib/x86_64-linux-gnu/libcairo.so.2.11000.2
7fee49de9000-7fee49dec000 rw-p 00000000 00:00 0 
7fee49dec000-7fee49e0b000 r-xp 00000000 08:16 1056067                    /usr/lib/x86_64-linux-gnu/libatk-1.0.so.0.20409.1
7fee49e0b000-7fee4a00b000 ---p 0001f000 08:16 1056067                    /usr/lib/x86_64-linux-gnu/libatk-1.0.so.0.20409.1
7fee4a00b000-7fee4a00d000 r--p 0001f000 08:16 1056067                    /usr/lib/x86_64-linux-gnu/libatk-1.0.so.0.20409.1
7fee4a00d000-7fee4a00e000 rw-p 00021000 08:16 1056067                    /usr/lib/x86_64-linux-gnu/libatk-1.0.so.0.20409.1
7fee4a00e000-7fee4a013000 r-xp 00000000 08:16 1056023                    /usr/lib/x86_64-linux-gnu/libXfixes.so.3.1.0
7fee4a013000-7fee4a212000 ---p 00005000 08:16 1056023                    /usr/lib/x86_64-linux-gnu/libXfixes.so.3.1.0
7fee4a212000-7fee4a213000 r--p 00004000 08:16 1056023                    /usr/lib/x86_64-linux-gnu/libXfixes.so.3.1.0
7fee4a213000-7fee4a214000 rw-p 00005000 08:16 1056023                    /usr/lib/x86_64-linux-gnu/libXfixes.so.3.1.0
7fee4a214000-7fee4a21f000 r-xp 00000000 08:16 1056239                    /usr/lib/x86_64-linux-gnu/libpangocairo-1.0.so.0.3000.0
7fee4a21f000-7fee4a41e000 ---p 0000b000 08:16 1056239                    /usr/lib/x86_64-linux-gnu/libpangocairo-1.0.so.0.3000.0
7fee4a41e000-7fee4a41f000 r--p 0000a000 08:16 1056239                    /usr/lib/x86_64-linux-gnu/libpangocairo-1.0.so.0.3000.0
7fee4a41f000-7fee4a420000 rw-p 0000b000 08:16 1056239                    /usr/lib/x86_64-linux-gnu/libpangocairo-1.0.so.0.3000.0
7fee4a420000-7fee4a43d000 r-xp 00000000 08:16 1056607                    /usr/lib/x86_64-linux-gnu/libxcb.so.1.1.0
7fee4a43d000-7fee4a63c000 ---p 0001d000 08:16 1056607                    /usr/lib/x86_64-linux-gnu/libxcb.so.1.1.0
7fee4a63c000-7fee4a63d000 r--p 0001c000 08:16 1056607                    /usr/lib/x86_64-linux-gnu/libxcb.so.1.1.0
7fee4a63d000-7fee4a63e000 rw-p 0001d000 08:16 1056607                    /usr/lib/x86_64-linux-gnu/libxcb.so.1.1.0
7fee4a63e000-7fee4a68e000 r-xp 00000000 08:16 1061164                    /usr/lib/x86_64-linux-gnu/libcups.so.2
7fee4a68e000-7fee4a88d000 ---p 00050000 08:16 1061164                    /usr/lib/x86_64-linux-gnu/libcups.so.2
7fee4a88d000-7fee4a891000 r--p 0004f000 08:16 1061164                    /usr/lib/x86_64-linux-gnu/libcups.so.2
7fee4a891000-7fee4a892000 rw-p 00053000 08:16 1061164                    /usr/lib/x86_64-linux-gnu/libcups.so.2
7fee4a892000-7fee4a984000 r-xp 00000000 08:16 5246872                    /lib/x86_64-linux-gnu/libglib-2.0.so.0.3200.3
7fee4a984000-7fee4ab84000 ---p 000f2000 08:16 5246872                    /lib/x86_64-linux-gnu/libglib-2.0.so.0.3200.3
7fee4ab84000-7fee4ab85000 r--p 000f2000 08:16 5246872                    /lib/x86_64-linux-gnu/libglib-2.0.so.0.3200.3
7fee4ab85000-7fee4ab86000 rw-p 000f3000 08:16 5246872                    /lib/x86_64-linux-gnu/libglib-2.0.so.0.3200.3
7fee4ab86000-7fee4ab87000 rw-p 00000000 00:00 0 
7fee4ab87000-7fee4ab88000 r-xp 00000000 08:16 1059283                    /usr/lib/x86_64-linux-gnu/libgthread-2.0.so.0.3200.3
7fee4ab88000-7fee4ad87000 ---p 00001000 08:16 1059283                    /usr/lib/x86_64-linux-gnu/libgthread-2.0.so.0.3200.3
7fee4ad87000-7fee4ad88000 r--p 00000000 08:16 1059283                    /usr/lib/x86_64-linux-gnu/libgthread-2.0.so.0.3200.3
7fee4ad88000-7fee4ad89000 rw-p 00001000 08:16 1059283                    /usr/lib/x86_64-linux-gnu/libgthread-2.0.so.0.3200.3
7fee4ad89000-7fee4add6000 r-xp 00000000 08:16 1059295                    /usr/lib/x86_64-linux-gnu/libgobject-2.0.so.0.3200.3
7fee4add6000-7fee4afd6000 ---p 0004d000 08:16 1059295                    /usr/lib/x86_64-linux-gnu/libgobject-2.0.so.0.3200.3
7fee4afd6000-7fee4afd7000 r--p 0004d000 08:16 1059295                    /usr/lib/x86_64-linux-gnu/libgobject-2.0.so.0.3200.3
7fee4afd7000-7fee4afd8000 rw-p 0004e000 08:16 1059295                    /usr/lib/x86_64-linux-gnu/libgobject-2.0.so.0.3200.3
7fee4afd8000-7fee4b00c000 r-xp 00000000 08:16 1056195                    /usr/lib/x86_64-linux-gnu/libfontconfig.so.1.4.4
7fee4b00c000-7fee4b20c000 ---p 00034000 08:16 1056195                    /usr/lib/x86_64-linux-gnu/libfontconfig.so.1.4.4
7fee4b20c000-7fee4b20d000 r--p 00034000 08:16 1056195                    /usr/lib/x86_64-linux-gnu/libfontconfig.so.1.4.4
7fee4b20d000-7fee4b20e000 rw-p 00035000 08:16 1056195                    /usr/lib/x86_64-linux-gnu/libfontconfig.so.1.4.4
7fee4b20e000-7fee4b254000 r-xp 00000000 08:16 1056229                    /usr/lib/x86_64-linux-gnu/libpango-1.0.so.0.3000.0
7fee4b254000-7fee4b454000 ---p 00046000 08:16 1056229                    /usr/lib/x86_64-linux-gnu/libpango-1.0.so.0.3000.0
7fee4b454000-7fee4b456000 r--p 00046000 08:16 1056229                    /usr/lib/x86_64-linux-gnu/libpango-1.0.so.0.3000.0
7fee4b456000-7fee4b457000 rw-p 00048000 08:16 1056229                    /usr/lib/x86_64-linux-gnu/libpango-1.0.so.0.3000.0
7fee4b457000-7fee4b475000 r-xp 00000000 08:16 1056220                    /usr/lib/x86_64-linux-gnu/libgdk_pixbuf-2.0.so.0.2600.1
7fee4b475000-7fee4b675000 ---p 0001e000 08:16 1056220                    /usr/lib/x86_64-linux-gnu/libgdk_pixbuf-2.0.so.0.2600.1
7fee4b675000-7fee4b676000 r--p 0001e000 08:16 1056220                    /usr/lib/x86_64-linux-gnu/libgdk_pixbuf-2.0.so.0.2600.1
7fee4b676000-7fee4b677000 rw-p 0001f000 08:16 1056220                    /usr/lib/x86_64-linux-gnu/libgdk_pixbuf-2.0.so.0.2600.1
7fee4b677000-7fee4b7bf000 r-xp 00000000 08:16 1059291                    /usr/lib/x86_64-linux-gnu/libgio-2.0.so.0.3200.3
7fee4b7bf000-7fee4b9be000 ---p 00148000 08:16 1059291                    /usr/lib/x86_64-linux-gnu/libgio-2.0.so.0.3200.3
7fee4b9be000-7fee4b9c2000 r--p 00147000 08:16 1059291                    /usr/lib/x86_64-linux-gnu/libgio-2.0.so.0.3200.3
7fee4b9c2000-7fee4b9c4000 rw-p 0014b000 08:16 1059291                    /usr/lib/x86_64-linux-gnu/libgio-2.0.so.0.3200.3
7fee4b9c4000-7fee4b9c6000 rw-p 00000000 00:00 0 
7fee4b9c6000-7fee4bdf3000 r-xp 00000000 08:16 1056313                    /usr/lib/x86_64-linux-gnu/libgtk-x11-2.0.so.0.2400.10
7fee4bdf3000-7fee4bff3000 ---p 0042d000 08:16 1056313                    /usr/lib/x86_64-linux-gnu/libgtk-x11-2.0.so.0.2400.10
7fee4bff3000-7fee4bffa000 r--p 0042d000 08:16 1056313                    /usr/lib/x86_64-linux-gnu/libgtk-x11-2.0.so.0.2400.10
7fee4bffa000-7fee4bffe000 rw-p 00434000 08:16 1056313                    /usr/lib/x86_64-linux-gnu/libgtk-x11-2.0.so.0.2400.10
7fee4bffe000-7fee4c000000 rw-p 00000000 00:00 0 
7fee4c000000-7fee4c485000 rw-p 00000000 00:00 0 
7fee4c485000-7fee50000000 ---p 00000000 00:00 0 
7fee50000000-7fee50021000 rw-p 00000000 00:00 0 
7fee50021000-7fee54000000 ---p 00000000 00:00 0 
7fee54000000-7fee540d6000 rw-p 00000000 00:00 0 
7fee540d6000-7fee58000000 ---p 00000000 00:00 0 
7fee58000000-7fee5865b000 rw-p 00000000 00:00 0 
7fee5865b000-7fee5c000000 ---p 00000000 00:00 0 
7fee5c000000-7fee5c021000 rw-p 00000000 00:00 0 
7fee5c021000-7fee60000000 ---p 00000000 00:00 0 
7fee60000000-7fee60021000 rw-p 00000000 00:00 0 
7fee60021000-7fee64000000 ---p 00000000 00:00 0 
7fee64000000-7fee64021000 rw-p 00000000 00:00 0 
7fee64021000-7fee68000000 ---p 00000000 00:00 0 
7fee68000000-7fee68021000 rw-p 00000000 00:00 0 
7fee68021000-7fee6c000000 ---p 00000000 00:00 0 
7fee6c000000-7fee6c021000 rw-p 00000000 00:00 0 
7fee6c021000-7fee70000000 ---p 00000000 00:00 0 
7fee70000000-7fee70001000 rw-s 22c4a000 00:05 9165                       /dev/ati/card0
7fee70001000-7fee70013000 r--s 00000000 08:16 1838048                    /usr/share/fonts/type1/gsfonts/n019004l.pfb
7fee70013000-7fee70029000 r--s 00000000 08:16 1838087                    /usr/share/fonts/type1/gsfonts/n022023l.pfb
7fee70029000-7fee70040000 r--s 00000000 08:16 1838075                    /usr/share/fonts/type1/gsfonts/n021023l.pfb
7fee70040000-7fee7004a000 r--s 00000000 08:16 1838111                    /usr/share/fonts/type1/mathml/Symbol.pfb
7fee7004a000-7fee7005b000 r--s 00000000 08:16 1838051                    /usr/share/fonts/type1/gsfonts/n019023l.pfb
7fee7005b000-7fee7006f000 r--s 00000000 08:16 1838045                    /usr/share/fonts/type1/gsfonts/n019003l.pfb
7fee7006f000-7fee700a0000 rw-p 00000000 00:00 0 
7fee700a0000-7fee700a3000 ---p 00000000 00:00 0 
7fee700a3000-7fee701a1000 rw-p 00000000 00:00 0 
7fee701a1000-7fee7024e000 r-xp 00000000 08:16 1056218                    /usr/lib/x86_64-linux-gnu/libgdk-x11-2.0.so.0.2400.10
7fee7024e000-7fee7044d000 ---p 000ad000 08:16 1056218                    /usr/lib/x86_64-linux-gnu/libgdk-x11-2.0.so.0.2400.10
7fee7044d000-7fee70451000 r--p 000ac000 08:16 1056218                    /usr/lib/x86_64-linux-gnu/libgdk-x11-2.0.so.0.2400.10
7fee70451000-7fee70453000 rw-p 000b0000 08:16 1056218                    /usr/lib/x86_64-linux-gnu/libgdk-x11-2.0.so.0.2400.10
7fee70453000-7fee70461000 r-xp 00000000 08:16 1056027                    /usr/lib/x86_64-linux-gnu/libXi.so.6.1.0
7fee70461000-7fee70660000 ---p 0000e000 08:16 1056027                    /usr/lib/x86_64-linux-gnu/libXi.so.6.1.0
7fee70660000-7fee70661000 r--p 0000d000 08:16 1056027                    /usr/lib/x86_64-linux-gnu/libXi.so.6.1.0
7fee70661000-7fee70662000 rw-p 0000e000 08:16 1056027                    /usr/lib/x86_64-linux-gnu/libXi.so.6.1.0
7fee70662000-7fee70667000 r-xp 00000000 08:16 1056045                    /usr/lib/x86_64-linux-gnu/libXtst.so.6.1.0
7fee70667000-7fee70866000 ---p 00005000 08:16 1056045                    /usr/lib/x86_64-linux-gnu/libXtst.so.6.1.0
7fee70866000-7fee70867000 r--p 00004000 08:16 1056045                    /usr/lib/x86_64-linux-gnu/libXtst.so.6.1.0
7fee70867000-7fee70868000 rw-p 00005000 08:16 1056045                    /usr/lib/x86_64-linux-gnu/libXtst.so.6.1.0
7fee70868000-7fee70871000 r-xp 00000000 08:16 1056041                    /usr/lib/x86_64-linux-gnu/libXrender.so.1.3.0
7fee70871000-7fee70a70000 ---p 00009000 08:16 1056041                    /usr/lib/x86_64-linux-gnu/libXrender.so.1.3.0
7fee70a70000-7fee70a71000 r--p 00008000 08:16 1056041                    /usr/lib/x86_64-linux-gnu/libXrender.so.1.3.0
7fee70a71000-7fee70a72000 rw-p 00009000 08:16 1056041                    /usr/lib/x86_64-linux-gnu/libXrender.so.1.3.0
7fee70a72000-7fee70ba1000 r-xp 00000000 08:16 1056006                    /usr/lib/x86_64-linux-gnu/libX11.so.6.3.0
7fee70ba1000-7fee70da1000 ---p 0012f000 08:16 1056006                    /usr/lib/x86_64-linux-gnu/libX11.so.6.3.0
7fee70da1000-7fee70da2000 r--p 0012f000 08:16 1056006                    /usr/lib/x86_64-linux-gnu/libX11.so.6.3.0
7fee70da2000-7fee70da6000 rw-p 00130000 08:16 1056006                    /usr/lib/x86_64-linux-gnu/libX11.so.6.3.0
7fee70da6000-7fee70dfc000 r-xp 00000000 08:16 3544819                    /usr/lib/jvm/java-7-openjdk-amd64/jre/lib/amd64/xawt/libmawt.so
7fee70dfc000-7fee70ffb000 ---p 00056000 08:16 3544819                    /usr/lib/jvm/java-7-openjdk-amd64/jre/lib/amd64/xawt/libmawt.so
7fee70ffb000-7fee70ffc000 r--p 00055000 08:16 3544819                    /usr/lib/jvm/java-7-openjdk-amd64/jre/lib/amd64/xawt/libmawt.so
7fee70ffc000-7fee70fff000 rw-p 00056000 08:16 3544819                    /usr/lib/jvm/java-7-openjdk-amd64/jre/lib/amd64/xawt/libmawt.so
7fee70fff000-7fee71000000 rw-p 00000000 00:00 0 
7fee71000000-7fee71270000 rwxp 00000000 00:00 0 
7fee71270000-7fee7433f000 rw-p 00000000 00:00 0 
7fee7433f000-7fee78000000 ---p 00000000 00:00 0 
7fee78000000-7fee78005000 r--s 00000000 08:16 1843602                    /var/cache/fontconfig/3047814df9a2f067bd2d96a2b9c36e5a-le64.cache-3
7fee78005000-7fee78029000 r--p 00000000 08:16 1836903                    /usr/share/glib-2.0/schemas/gschemas.compiled
7fee78029000-7fee78039000 r-xp 00000000 08:16 1056021                    /usr/lib/x86_64-linux-gnu/libXext.so.6.4.0
7fee78039000-7fee78238000 ---p 00010000 08:16 1056021                    /usr/lib/x86_64-linux-gnu/libXext.so.6.4.0
7fee78238000-7fee78239000 r--p 0000f000 08:16 1056021                    /usr/lib/x86_64-linux-gnu/libXext.so.6.4.0
7fee78239000-7fee7823a000 rw-p 00010000 08:16 1056021                    /usr/lib/x86_64-linux-gnu/libXext.so.6.4.0
7fee7823a000-7fee7823b000 r--s 00000000 08:16 1841789                    /var/cache/fontconfig/4794a0821666d79190d59a36cb4f44b5-le64.cache-3
7fee7823b000-7fee7823c000 r--s 00000000 08:16 1843607                    /var/cache/fontconfig/56cf4f4769d0f4abc89a4895d7bd3ae1-le64.cache-3
7fee7823c000-7fee7823d000 r--s 00000000 08:16 1843618                    /var/cache/fontconfig/b9d506c9ac06c20b433354fa67a72993-le64.cache-3
7fee7823d000-7fee78243000 r--s 00000000 08:16 1846508                    /var/cache/fontconfig/3f7329c5293ffd510edef78f73874cfd-le64.cache-3
7fee78243000-7fee78246000 r--s 00000000 08:16 1842402                    /var/cache/fontconfig/e13b20fdb08344e0e664864cc2ede53d-le64.cache-3
7fee78246000-7fee7824a000 r--s 00000000 08:16 1846742                    /var/cache/fontconfig/7ef2298fde41cc6eeb7af42e48b7d293-le64.cache-3
7fee7824a000-7fee7824c000 r--p 00000000 08:16 3539430                    /home/relissa/.config/dconf/user
7fee7824c000-7fee7824d000 r--s 00000000 08:16 3539431                    /home/relissa/.cache/dconf/user
7fee7824d000-7fee78256000 r--s 00263000 08:16 1050329                    /usr/lib/jvm/java-7-openjdk-common/jre/lib/resources.jar
7fee78256000-7fee78304000 r-xp 00000000 08:16 3544588                    /usr/lib/jvm/java-7-openjdk-amd64/jre/lib/amd64/libawt.so
7fee78304000-7fee78503000 ---p 000ae000 08:16 3544588                    /usr/lib/jvm/java-7-openjdk-amd64/jre/lib/amd64/libawt.so
7fee78503000-7fee78504000 r--p 000ad000 08:16 3544588                    /usr/lib/jvm/java-7-openjdk-amd64/jre/lib/amd64/libawt.so
7fee78504000-7fee7850f000 rw-p 000ae000 08:16 3544588                    /usr/lib/jvm/java-7-openjdk-amd64/jre/lib/amd64/libawt.so
7fee7850f000-7fee78534000 rw-p 00000000 00:00 0 
7fee78534000-7fee78537000 r--s 0001a000 08:16 3677188                    /home/relissa/jmonkeyplatform/jmonkeyplatform/libs/xmlpull-xpp3.jar
7fee78537000-7fee78539000 r--s 00012000 08:16 3677292                    /home/relissa/jmonkeyplatform/jmonkeyplatform/libs/eventbus.jar
7fee78539000-7fee7853c000 r--s 0000f000 08:16 3676956                    /home/relissa/jmonkeyplatform/jmonkeyplatform/libs/nifty-style-black.jar
7fee7853c000-7fee78544000 r--s 00033000 08:16 3676642                    /home/relissa/jmonkeyplatform/jmonkeyplatform/libs/nifty-default-controls.jar
7fee78544000-7fee7854e000 r--s 0006c000 08:16 3677370                    /home/relissa/jmonkeyplatform/jmonkeyplatform/libs/nifty.jar
7fee7854e000-7fee7854f000 r--s 00005000 08:16 3677938                    /home/relissa/jmonkeyplatform/jmonkeyplatform/libs/jME3-niftygui.jar
7fee7854f000-7fee78550000 r--s 0000b000 08:16 3677222                    /home/relissa/jmonkeyplatform/jmonkeyplatform/libs/stack-alloc.jar
7fee78550000-7fee78552000 r--s 0003c000 08:16 3677429                    /home/relissa/jmonkeyplatform/jmonkeyplatform/libs/vecmath.jar
7fee78552000-7fee7855c000 r--s 00079000 08:16 3677317                    /home/relissa/jmonkeyplatform/jmonkeyplatform/libs/jbullet.jar
7fee7855c000-7fee7855f000 r--s 00020000 08:16 3677185                    /home/relissa/jmonkeyplatform/jmonkeyplatform/libs/jME3-jbullet.jar
7fee7855f000-7fee7856c000 r--s 000d4000 08:16 3677369                    /home/relissa/jmonkeyplatform/jmonkeyplatform/libs/lwjgl.jar
7fee7856c000-7fee78570000 r--s 00030000 08:16 3677346                    /home/relissa/jmonkeyplatform/jmonkeyplatform/libs/jinput.jar
7fee78570000-7fee78572000 r--s 001eb000 08:16 3676914                    /home/relissa/jmonkeyplatform/jmonkeyplatform/libs/jME3-lwjgl-natives.jar
7fee78572000-7fee78574000 r--s 00016000 08:16 3677931                    /home/relissa/jmonkeyplatform/jmonkeyplatform/libs/jME3-lwjgl.jar
7fee78574000-7fee78577000 r--s 00022000 08:16 3677940                    /home/relissa/jmonkeyplatform/jmonkeyplatform/libs/jME3-terrain.jar
7fee78577000-7fee78578000 ---p 00000000 00:00 0 
7fee78578000-7fee78678000 rw-p 00000000 00:00 0 
7fee78678000-7fee7867b000 ---p 00000000 00:00 0 
7fee7867b000-7fee78779000 rw-p 00000000 00:00 0 
7fee78779000-7fee7877c000 ---p 00000000 00:00 0 
7fee7877c000-7fee7887a000 rw-p 00000000 00:00 0 
7fee7887a000-7fee7887d000 ---p 00000000 00:00 0 
7fee7887d000-7fee7897b000 rw-p 00000000 00:00 0 
7fee7897b000-7fee7897e000 ---p 00000000 00:00 0 
7fee7897e000-7fee78a7c000 rw-p 00000000 00:00 0 
7fee78a7c000-7fee7915f000 r--p 00000000 08:16 1055298                    /usr/lib/locale/locale-archive
7fee7915f000-7fee79162000 ---p 00000000 00:00 0 
7fee79162000-7fee79260000 rw-p 00000000 00:00 0 
7fee79260000-7fee79263000 ---p 00000000 00:00 0 
7fee79263000-7fee79361000 rw-p 00000000 00:00 0 
7fee79361000-7fee79362000 ---p 00000000 00:00 0 
7fee79362000-7fee797d1000 rw-p 00000000 00:00 0 
7fee797d1000-7fee79980000 r--s 03e91000 08:16 3544596                    /usr/lib/jvm/java-7-openjdk-amd64/jre/lib/rt.jar
7fee79980000-7fee799a8000 rw-p 00000000 00:00 0 
7fee799a8000-7fee799a9000 ---p 00000000 00:00 0 
7fee799a9000-7fee79aa9000 rw-p 00000000 00:00 0 
7fee79aa9000-7fee79aaa000 ---p 00000000 00:00 0 
7fee79aaa000-7fee79bb5000 rw-p 00000000 00:00 0 
7fee79bb5000-7fee79bfd000 rw-p 00000000 00:00 0 
7fee79bfd000-7fee79c11000 rw-p 00000000 00:00 0 
7fee79c11000-7fee79d32000 rw-p 00000000 00:00 0 
7fee79d32000-7fee79d3d000 rw-p 00000000 00:00 0 
7fee79d3d000-7fee79d85000 rw-p 00000000 00:00 0 
7fee79d85000-7fee79d99000 rw-p 00000000 00:00 0 
7fee79d99000-7fee79eb9000 rw-p 00000000 00:00 0 
7fee79eb9000-7fee79ec4000 rw-p 00000000 00:00 0 
7fee79ec4000-7fee79f54000 rw-p 00000000 00:00 0 
7fee79f54000-7fee79f55000 rw-p 00000000 00:00 0 
7fee79f55000-7fee79f5d000 r-xp 00000000 08:16 3544581                    /usr/lib/jvm/java-7-openjdk-amd64/jre/lib/amd64/libzip.so
7fee79f5d000-7fee7a15c000 ---p 00008000 08:16 3544581                    /usr/lib/jvm/java-7-openjdk-amd64/jre/lib/amd64/libzip.so
7fee7a15c000-7fee7a15d000 r--p 00007000 08:16 3544581                    /usr/lib/jvm/java-7-openjdk-amd64/jre/lib/amd64/libzip.so
7fee7a15d000-7fee7a15e000 rw-p 00008000 08:16 3544581                    /usr/lib/jvm/java-7-openjdk-amd64/jre/lib/amd64/libzip.so
7fee7a15e000-7fee7a16a000 r-xp 00000000 08:16 5246630                    /lib/x86_64-linux-gnu/libnss_files-2.15.so
7fee7a16a000-7fee7a369000 ---p 0000c000 08:16 5246630                    /lib/x86_64-linux-gnu/libnss_files-2.15.so
7fee7a369000-7fee7a36a000 r--p 0000b000 08:16 5246630                    /lib/x86_64-linux-gnu/libnss_files-2.15.so
7fee7a36a000-7fee7a36b000 rw-p 0000c000 08:16 5246630                    /lib/x86_64-linux-gnu/libnss_files-2.15.so
7fee7a36b000-7fee7a375000 r-xp 00000000 08:16 5246634                    /lib/x86_64-linux-gnu/libnss_nis-2.15.so
7fee7a375000-7fee7a575000 ---p 0000a000 08:16 5246634                    /lib/x86_64-linux-gnu/libnss_nis-2.15.so
7fee7a575000-7fee7a576000 r--p 0000a000 08:16 5246634                    /lib/x86_64-linux-gnu/libnss_nis-2.15.so
7fee7a576000-7fee7a577000 rw-p 0000b000 08:16 5246634                    /lib/x86_64-linux-gnu/libnss_nis-2.15.so
7fee7a577000-7fee7a58e000 r-xp 00000000 08:16 5246624                    /lib/x86_64-linux-gnu/libnsl-2.15.so
7fee7a58e000-7fee7a78d000 ---p 00017000 08:16 5246624                    /lib/x86_64-linux-gnu/libnsl-2.15.so
7fee7a78d000-7fee7a78e000 r--p 00016000 08:16 5246624                    /lib/x86_64-linux-gnu/libnsl-2.15.so
7fee7a78e000-7fee7a78f000 rw-p 00017000 08:16 5246624                    /lib/x86_64-linux-gnu/libnsl-2.15.so
7fee7a78f000-7fee7a791000 rw-p 00000000 00:00 0 
7fee7a791000-7fee7a799000 r-xp 00000000 08:16 5246626                    /lib/x86_64-linux-gnu/libnss_compat-2.15.so
7fee7a799000-7fee7a998000 ---p 00008000 08:16 5246626                    /lib/x86_64-linux-gnu/libnss_compat-2.15.so
7fee7a998000-7fee7a999000 r--p 00007000 08:16 5246626                    /lib/x86_64-linux-gnu/libnss_compat-2.15.so
7fee7a999000-7fee7a99a000 rw-p 00008000 08:16 5246626                    /lib/x86_64-linux-gnu/libnss_compat-2.15.so
7fee7a99a000-7fee7a9c1000 r-xp 00000000 08:16 3544563                    /usr/lib/jvm/java-7-openjdk-amd64/jre/lib/amd64/libjava.so
7fee7a9c1000-7fee7abc0000 ---p 00027000 08:16 3544563                    /usr/lib/jvm/java-7-openjdk-amd64/jre/lib/amd64/libjava.so
7fee7abc0000-7fee7abc1000 r--p 00026000 08:16 3544563                    /usr/lib/jvm/java-7-openjdk-amd64/jre/lib/amd64/libjava.so
7fee7abc1000-7fee7abc3000 rw-p 00027000 08:16 3544563                    /usr/lib/jvm/java-7-openjdk-amd64/jre/lib/amd64/libjava.so
7fee7abc3000-7fee7abd1000 r-xp 00000000 08:16 3544574                    /usr/lib/jvm/java-7-openjdk-amd64/jre/lib/amd64/libverify.so
7fee7abd1000-7fee7add0000 ---p 0000e000 08:16 3544574                    /usr/lib/jvm/java-7-openjdk-amd64/jre/lib/amd64/libverify.so
7fee7add0000-7fee7add2000 r--p 0000d000 08:16 3544574                    /usr/lib/jvm/java-7-openjdk-amd64/jre/lib/amd64/libverify.so
7fee7add2000-7fee7add3000 rw-p 0000f000 08:16 3544574                    /usr/lib/jvm/java-7-openjdk-amd64/jre/lib/amd64/libverify.so
7fee7add3000-7fee7adda000 r-xp 00000000 08:16 5246665                    /lib/x86_64-linux-gnu/librt-2.15.so
7fee7adda000-7fee7afd9000 ---p 00007000 08:16 5246665                    /lib/x86_64-linux-gnu/librt-2.15.so
7fee7afd9000-7fee7afda000 r--p 00006000 08:16 5246665                    /lib/x86_64-linux-gnu/librt-2.15.so
7fee7afda000-7fee7afdb000 rw-p 00007000 08:16 5246665                    /lib/x86_64-linux-gnu/librt-2.15.so
7fee7afdb000-7fee7aff0000 r-xp 00000000 08:16 5246600                    /lib/x86_64-linux-gnu/libgcc_s.so.1
7fee7aff0000-7fee7b1ef000 ---p 00015000 08:16 5246600                    /lib/x86_64-linux-gnu/libgcc_s.so.1
7fee7b1ef000-7fee7b1f0000 r--p 00014000 08:16 5246600                    /lib/x86_64-linux-gnu/libgcc_s.so.1
7fee7b1f0000-7fee7b1f1000 rw-p 00015000 08:16 5246600                    /lib/x86_64-linux-gnu/libgcc_s.so.1
7fee7b1f1000-7fee7b2ea000 r-xp 00000000 08:16 5246611                    /lib/x86_64-linux-gnu/libm-2.15.so
7fee7b2ea000-7fee7b4e9000 ---p 000f9000 08:16 5246611                    /lib/x86_64-linux-gnu/libm-2.15.so
7fee7b4e9000-7fee7b4ea000 r--p 000f8000 08:16 5246611                    /lib/x86_64-linux-gnu/libm-2.15.so
7fee7b4ea000-7fee7b4eb000 rw-p 000f9000 08:16 5246611                    /lib/x86_64-linux-gnu/libm-2.15.so
7fee7b4eb000-7fee7b5cd000 r-xp 00000000 08:16 1056535                    /usr/lib/x86_64-linux-gnu/libstdc++.so.6.0.16
7fee7b5cd000-7fee7b7cc000 ---p 000e2000 08:16 1056535                    /usr/lib/x86_64-linux-gnu/libstdc++.so.6.0.16
7fee7b7cc000-7fee7b7d4000 r--p 000e1000 08:16 1056535                    /usr/lib/x86_64-linux-gnu/libstdc++.so.6.0.16
7fee7b7d4000-7fee7b7d6000 rw-p 000e9000 08:16 1056535                    /usr/lib/x86_64-linux-gnu/libstdc++.so.6.0.16
7fee7b7d6000-7fee7b7eb000 rw-p 00000000 00:00 0 
7fee7b7eb000-7fee7c17e000 r-xp 00000000 08:16 3544559                    /usr/lib/jvm/java-7-openjdk-amd64/jre/lib/amd64/server/libjvm.so
7fee7c17e000-7fee7c37e000 ---p 00993000 08:16 3544559                    /usr/lib/jvm/java-7-openjdk-amd64/jre/lib/amd64/server/libjvm.so
7fee7c37e000-7fee7c3f8000 r--p 00993000 08:16 3544559                    /usr/lib/jvm/java-7-openjdk-amd64/jre/lib/amd64/server/libjvm.so
7fee7c3f8000-7fee7c41a000 rw-p 00a0d000 08:16 3544559                    /usr/lib/jvm/java-7-openjdk-amd64/jre/lib/amd64/server/libjvm.so
7fee7c41a000-7fee7c445000 rw-p 00000000 00:00 0 
7fee7c445000-7fee7c45d000 r-xp 00000000 08:16 5246659                    /lib/x86_64-linux-gnu/libpthread-2.15.so
7fee7c45d000-7fee7c65c000 ---p 00018000 08:16 5246659                    /lib/x86_64-linux-gnu/libpthread-2.15.so
7fee7c65c000-7fee7c65d000 r--p 00017000 08:16 5246659                    /lib/x86_64-linux-gnu/libpthread-2.15.so
7fee7c65d000-7fee7c65e000 rw-p 00018000 08:16 5246659                    /lib/x86_64-linux-gnu/libpthread-2.15.so
7fee7c65e000-7fee7c662000 rw-p 00000000 00:00 0 
7fee7c662000-7fee7c678000 r-xp 00000000 08:16 5246690                    /lib/x86_64-linux-gnu/libz.so.1.2.3.4
7fee7c678000-7fee7c877000 ---p 00016000 08:16 5246690                    /lib/x86_64-linux-gnu/libz.so.1.2.3.4
7fee7c877000-7fee7c878000 r--p 00015000 08:16 5246690                    /lib/x86_64-linux-gnu/libz.so.1.2.3.4
7fee7c878000-7fee7c879000 rw-p 00016000 08:16 5246690                    /lib/x86_64-linux-gnu/libz.so.1.2.3.4
7fee7c879000-7fee7c87b000 r-xp 00000000 08:16 5246592                    /lib/x86_64-linux-gnu/libdl-2.15.so
7fee7c87b000-7fee7ca7b000 ---p 00002000 08:16 5246592                    /lib/x86_64-linux-gnu/libdl-2.15.so
7fee7ca7b000-7fee7ca7c000 r--p 00002000 08:16 5246592                    /lib/x86_64-linux-gnu/libdl-2.15.so
7fee7ca7c000-7fee7ca7d000 rw-p 00003000 08:16 5246592                    /lib/x86_64-linux-gnu/libdl-2.15.so
7fee7ca7d000-7fee7cc30000 r-xp 00000000 08:16 5246579                    /lib/x86_64-linux-gnu/libc-2.15.so
7fee7cc30000-7fee7ce2f000 ---p 001b3000 08:16 5246579                    /lib/x86_64-linux-gnu/libc-2.15.so
7fee7ce2f000-7fee7ce33000 r--p 001b2000 08:16 5246579                    /lib/x86_64-linux-gnu/libc-2.15.so
7fee7ce33000-7fee7ce35000 rw-p 001b6000 08:16 5246579                    /lib/x86_64-linux-gnu/libc-2.15.so
7fee7ce35000-7fee7ce3a000 rw-p 00000000 00:00 0 
7fee7ce3a000-7fee7ce46000 r-xp 00000000 08:16 3544565                    /usr/lib/jvm/java-7-openjdk-amd64/jre/lib/amd64/jli/libjli.so
7fee7ce46000-7fee7d046000 ---p 0000c000 08:16 3544565                    /usr/lib/jvm/java-7-openjdk-amd64/jre/lib/amd64/jli/libjli.so
7fee7d046000-7fee7d047000 r--p 0000c000 08:16 3544565                    /usr/lib/jvm/java-7-openjdk-amd64/jre/lib/amd64/jli/libjli.so
7fee7d047000-7fee7d048000 rw-p 0000d000 08:16 3544565                    /usr/lib/jvm/java-7-openjdk-amd64/jre/lib/amd64/jli/libjli.so
7fee7d048000-7fee7d06a000 r-xp 00000000 08:16 5246559                    /lib/x86_64-linux-gnu/ld-2.15.so
7fee7d06a000-7fee7d06b000 r--s 00009000 08:16 3677159                    /home/relissa/jmonkeyplatform/jmonkeyplatform/libs/j-ogg-vorbisd.jar
7fee7d06b000-7fee7d06c000 r--s 00002000 08:16 3677929                    /home/relissa/jmonkeyplatform/jmonkeyplatform/libs/jME3-jogg.jar
7fee7d06c000-7fee7d070000 r--s 0001b000 08:16 3677934                    /home/relissa/jmonkeyplatform/jmonkeyplatform/libs/jME3-networking.jar
7fee7d070000-7fee7d073000 r--s 0006b000 08:16 3677923                    /home/relissa/jmonkeyplatform/jmonkeyplatform/libs/jME3-effects.jar
7fee7d073000-7fee7d074000 r--s 0000f000 08:16 3677939                    /home/relissa/jmonkeyplatform/jmonkeyplatform/libs/jME3-plugins.jar
7fee7d074000-7fee7d077000 r--s 00033000 08:16 3677921                    /home/relissa/jmonkeyplatform/jmonkeyplatform/libs/jME3-desktop.jar
7fee7d077000-7fee7d086000 r--s 000f5000 08:16 3677920                    /home/relissa/jmonkeyplatform/jmonkeyplatform/libs/jME3-core.jar
7fee7d086000-7fee7d090000 rw-p 00000000 00:00 0 
7fee7d090000-7fee7d146000 rw-p 00000000 00:00 0 
7fee7d146000-7fee7d149000 ---p 00000000 00:00 0 
7fee7d149000-7fee7d24c000 rw-p 00000000 00:00 0 
7fee7d24c000-7fee7d24e000 r--s 00005000 08:16 3677249                    /home/relissa/jmonkeyplatform/jmonkeyplatform/libs/j-ogg-oggd.jar
7fee7d24e000-7fee7d251000 r--s 00032000 08:16 1050313                    /usr/lib/jvm/java-7-openjdk-common/jre/lib/ext/sunjce_provider.jar
7fee7d251000-7fee7d253000 r--s 00012000 08:16 1050314                    /usr/lib/jvm/java-7-openjdk-common/jre/lib/ext/zipfs.jar
7fee7d253000-7fee7d254000 r--s 00002000 08:16 1050311                    /usr/lib/jvm/java-7-openjdk-common/jre/lib/ext/dnsns.jar
7fee7d254000-7fee7d257000 r--s 00085000 08:16 1050312                    /usr/lib/jvm/java-7-openjdk-common/jre/lib/ext/localedata.jar
7fee7d257000-7fee7d25a000 r--s 0000f000 08:16 1050315                    /usr/lib/jvm/java-7-openjdk-common/jre/lib/ext/pulse-java.jar
7fee7d25a000-7fee7d25b000 r--s 00007000 08:16 1453403                    /usr/share/java/java-atk-wrapper.jar
7fee7d25b000-7fee7d25e000 r--s 0003c000 08:16 1050310                    /usr/lib/jvm/java-7-openjdk-common/jre/lib/ext/sunpkcs11.jar
7fee7d25e000-7fee7d266000 rw-s 00000000 08:16 4063431                    /tmp/hsperfdata_relissa/7562 (deleted)
7fee7d266000-7fee7d267000 rw-p 00000000 00:00 0 
7fee7d267000-7fee7d268000 ---p 00000000 00:00 0 
7fee7d268000-7fee7d26a000 rw-p 00000000 00:00 0 
7fee7d26a000-7fee7d26b000 r--p 00022000 08:16 5246559                    /lib/x86_64-linux-gnu/ld-2.15.so
7fee7d26b000-7fee7d26d000 rw-p 00023000 08:16 5246559                    /lib/x86_64-linux-gnu/ld-2.15.so
7fffd23b7000-7fffd23d8000 rw-p 00000000 00:00 0                          [stack]
7fffd23f2000-7fffd23f3000 r-xp 00000000 00:00 0                          [vdso]
ffffffffff600000-ffffffffff601000 r-xp 00000000 00:00 0                  [vsyscall]

VM Arguments:
jvm_args: -Dfile.encoding=UTF-8 
java_command: OCLP.Main
Launcher Type: SUN_STANDARD

Environment Variables:
PATH=/usr/lib/lightdm/lightdm:/usr/local/sbin:/usr/local/bin:/usr/sbin:/usr/bin:/sbin:/bin:/usr/games
SHELL=/bin/bash
DISPLAY=:0.0

Signal Handlers:
SIGSEGV: [libjvm.so+0x8065e0], sa_mask[0]=0x7ffbfeff, sa_flags=0x10000004
SIGBUS: [libjvm.so+0x8065e0], sa_mask[0]=0x7ffbfeff, sa_flags=0x10000004
SIGFPE: [libjvm.so+0x6ac6d0], sa_mask[0]=0x7ffbfeff, sa_flags=0x10000004
SIGPIPE: SIG_IGN, sa_mask[0]=0x00001000, sa_flags=0x10000000
SIGXFSZ: [libjvm.so+0x6ac6d0], sa_mask[0]=0x7ffbfeff, sa_flags=0x10000004
SIGILL: [libjvm.so+0x6ac6d0], sa_mask[0]=0x7ffbfeff, sa_flags=0x10000004
SIGUSR1: SIG_DFL, sa_mask[0]=0x00000000, sa_flags=0x00000000
SIGUSR2: [libjvm.so+0x6acaa0], sa_mask[0]=0x00000004, sa_flags=0x10000004
SIGHUP: [libjvm.so+0x6acbe0], sa_mask[0]=0x7ffbfeff, sa_flags=0x10000004
SIGINT: SIG_IGN, sa_mask[0]=0x00000000, sa_flags=0x00000000
SIGTERM: [libjvm.so+0x6acbe0], sa_mask[0]=0x7ffbfeff, sa_flags=0x10000004
SIGQUIT: [libjvm.so+0x6acbe0], sa_mask[0]=0x7ffbfeff, sa_flags=0x10000004


---------------  S Y S T E M  ---------------

OS:Ubuntu 12.04 (precise)
uname:Linux 3.2.0-24-generic #39-Ubuntu SMP Mon May 21 16:52:17 UTC 2012 x86_64
libc:glibc 2.15 NPTL 2.15 
rlimit: STACK 8192k, CORE 0k, NPROC 28916, NOFILE 4096, AS infinity
load average:1.90 1.67 1.48

/proc/meminfo:
MemTotal:        3791568 kB
MemFree:          197292 kB
Buffers:           68116 kB
Cached:          1022920 kB
SwapCached:         2416 kB
Active:          2331160 kB
Inactive:         851048 kB
Active(anon):    1872616 kB
Inactive(anon):   425724 kB
Active(file):     458544 kB
Inactive(file):   425324 kB
Unevictable:           0 kB
Mlocked:               0 kB
SwapTotal:        999420 kB
SwapFree:         956036 kB
Dirty:                56 kB
Writeback:             0 kB
AnonPages:       2089244 kB
Mapped:           182508 kB
Shmem:            207168 kB
Slab:             186480 kB
SReclaimable:     150128 kB
SUnreclaim:        36352 kB
KernelStack:        5224 kB
PageTables:        54096 kB
NFS_Unstable:          0 kB
Bounce:                0 kB
WritebackTmp:          0 kB
CommitLimit:     2895204 kB
Committed_AS:    6774044 kB
VmallocTotal:   34359738367 kB
VmallocUsed:      310392 kB
VmallocChunk:   34359425244 kB
HardwareCorrupted:     0 kB
AnonHugePages:         0 kB
HugePages_Total:       0
HugePages_Free:        0
HugePages_Rsvd:        0
HugePages_Surp:        0
Hugepagesize:       2048 kB
DirectMap4k:     3659264 kB
DirectMap2M:      272384 kB
DirectMap1G:           0 kB


CPU:total 2 (2 cores per cpu, 1 threads per core) family 16 model 6 stepping 2, cmov, cx8, fxsr, mmx, sse, sse2, sse3, popcnt, mmxext, 3dnowpref, lzcnt, sse4a

/proc/cpuinfo:
processor	: 0
vendor_id	: AuthenticAMD
cpu family	: 16
model		: 6
model name	: AMD Athlon(tm) II X2 215 Processor
stepping	: 2
microcode	: 0x100009f
cpu MHz		: 2700.000
cache size	: 512 KB
physical id	: 0
siblings	: 2
core id		: 0
cpu cores	: 2
apicid		: 0
initial apicid	: 0
fpu		: yes
fpu_exception	: yes
cpuid level	: 5
wp		: yes
flags		: fpu vme de pse tsc msr pae mce cx8 apic sep mtrr pge mca cmov pat pse36 clflush mmx fxsr sse sse2 ht syscall nx mmxext fxsr_opt pdpe1gb rdtscp lm 3dnowext 3dnow constant_tsc rep_good nopl nonstop_tsc extd_apicid pni monitor cx16 popcnt lahf_lm cmp_legacy svm extapic cr8_legacy abm sse4a misalignsse 3dnowprefetch osvw ibs skinit wdt npt lbrv svm_lock nrip_save
bogomips	: 5400.31
TLB size	: 1024 4K pages
clflush size	: 64
cache_alignment	: 64
address sizes	: 48 bits physical, 48 bits virtual
power management: ts ttp tm stc 100mhzsteps hwpstate

processor	: 1
vendor_id	: AuthenticAMD
cpu family	: 16
model		: 6
model name	: AMD Athlon(tm) II X2 215 Processor
stepping	: 2
microcode	: 0x100009f
cpu MHz		: 1500.000
cache size	: 512 KB
physical id	: 0
siblings	: 2
core id		: 1
cpu cores	: 2
apicid		: 1
initial apicid	: 1
fpu		: yes
fpu_exception	: yes
cpuid level	: 5
wp		: yes
flags		: fpu vme de pse tsc msr pae mce cx8 apic sep mtrr pge mca cmov pat pse36 clflush mmx fxsr sse sse2 ht syscall nx mmxext fxsr_opt pdpe1gb rdtscp lm 3dnowext 3dnow constant_tsc rep_good nopl nonstop_tsc extd_apicid pni monitor cx16 popcnt lahf_lm cmp_legacy svm extapic cr8_legacy abm sse4a misalignsse 3dnowprefetch osvw ibs skinit wdt npt lbrv svm_lock nrip_save
bogomips	: 5386.51
TLB size	: 1024 4K pages
clflush size	: 64
cache_alignment	: 64
address sizes	: 48 bits physical, 48 bits virtual
power management: ts ttp tm stc 100mhzsteps hwpstate



Memory: 4k page, physical 3791568k(197292k free), swap 999420k(956036k free)

vm_info: OpenJDK 64-Bit Server VM (22.0-b10) for linux-amd64 JRE (1.7.0_03-b147), built on May  2 2012 16:57:58 by "buildd" with gcc 4.6.3

time: Fri Jun 15 17:37:07 2012
elapsed time: 37 seconds

