#
# A fatal error has been detected by the Java Runtime Environment:
#
#  SIGSEGV (0xb) at pc=0x00007f47400b1c58, pid=8201, tid=139944203294464
#
# JRE version: 7.0_03-b147
# Java VM: OpenJDK 64-Bit Server VM (22.0-b10 mixed mode linux-amd64 compressed oops)
# Derivative: IcedTea7 2.1.1pre
# Distribution: Ubuntu 12.04 LTS, package 7~u3-2.1.1~pre1-1ubuntu3
# Problematic frame:
# C  [libX11.so.6+0x33c58]  XQueryExtension+0x28
#
# Failed to write core dump. Core dumps have been disabled. To enable core dumping, try "ulimit -c unlimited" before starting Java again
#
# If you would like to submit a bug report, please include
# instructions on how to reproduce the bug and visit:
#   https://bugs.launchpad.net/ubuntu/+source/openjdk-7/
#

---------------  T H R E A D  ---------------

Current thread is native thread

siginfo:si_signo=SIGSEGV: si_errno=0, si_code=1 (SEGV_MAPERR), si_addr=0x0000000014028978

Registers:
RAX=0x0000000000d49bd0, RBX=0x0000000014028010, RCX=0x00007fffba8cc8d8, RDX=0x00007fffba8cc8d4
RSP=0x00007fffba8cc870, RBP=0x00007f46fadca932, RSI=0x00007f46fadca932, RDI=0x0000000014028010
R8 =0x00007fffba8cc8dc, R9 =0x0000000000000000, R10=0x00007f474c457fa8, R11=0x00007f474c0d9ca0
R12=0x0000000000000000, R13=0x00007f46fadca932, R14=0x0000000000d49bd0, R15=0x0000000000000000
RIP=0x00007f47400b1c58, EFLAGS=0x0000000000010202, CSGSFS=0x0038000000000033, ERR=0x0000000000000004
  TRAPNO=0x000000000000000e

Top of Stack: (sp=0x00007fffba8cc870)
0x00007fffba8cc870:   00007f474c0ac790 00007f474c86c000
0x00007fffba8cc880:   00007f474ba68070 00007f474c86b000
0x00007fffba8cc890:   00000000ffffffff 0000000014028010
0x00007fffba8cc8a0:   00007f46fadca932 0000000000000000
0x00007fffba8cc8b0:   00007f46fadca932 0000000000d49bd0
0x00007fffba8cc8c0:   0000000000000000 00007f47400a5c55
0x00007fffba8cc8d0:   00007f474c88c048 00007f46faf03520
0x00007fffba8cc8e0:   00007f46faf03520 0000000014028010
0x00007fffba8cc8f0:   00007f4714031070 00007f47403bf02b
0x00007fffba8cc900:   00007f474c0ac790 0000001100000071
0x00007fffba8cc910:   00007fffba8cc990 0000000000000000
0x00007fffba8cc920:   00007fffba8cc990 0000000014028010
0x00007fffba8cc930:   0000000000000000 00007f474c88c048
0x00007fffba8cc940:   00007f46faf1cd50 00007f46fad71119
0x00007fffba8cc950:   0000000000000000 0000000000000071
0x00007fffba8cc960:   00007fffba8cc990 00007fffba8cc9b0
0x00007fffba8cc970:   0000000000000000 00007f474c88c048
0x00007fffba8cc980:   00007f47140214a0 00007f46fad67b42
0x00007fffba8cc990:   00007fffba8ccdb0 00007f46fadca8b1
0x00007fffba8cc9a0:   0000000000000071 00007f474c67892d
0x00007fffba8cc9b0:   00007f474c88d2c8 00007f474c88d858
0x00007fffba8cc9c0:   00007f474c88a6a8 00007f4744006970
0x00007fffba8cc9d0:   00007f4744007480 00007f4744007980
0x00007fffba8cc9e0:   00007f474400c660 00007f46fc10a9e0
0x00007fffba8cc9f0:   00007f46fc112c10 00007f46fc14ad90
0x00007fffba8cca00:   00007f46fc161900 00007f46fc15f2d0
0x00007fffba8cca10:   00007f46fc15f780 00007f46fc14e810
0x00007fffba8cca20:   00007f46fc14ecc0 00007f46fc14f160
0x00007fffba8cca30:   00007f46fc1947a0 00007f46fc1c2620
0x00007fffba8cca40:   00007f46fc1b0f30 00007f46fc16aa10
0x00007fffba8cca50:   00007f46fc249800 00007f46fc249cd0
0x00007fffba8cca60:   00007f46fc24b890 00007f46fc24bd60 

Instructions: (pc=0x00007f47400b1c58)
0x00007f47400b1c38:   24 d8 48 89 fb 4c 89 64 24 e0 4c 89 6c 24 e8 48
0x00007f47400b1c48:   89 f5 4c 89 74 24 f0 4c 89 7c 24 f8 48 83 ec 58
0x00007f47400b1c58:   48 8b 87 68 09 00 00 49 89 d4 49 89 cd 4d 89 c6
0x00007f47400b1c68:   48 85 c0 74 02 ff 10 ba 08 00 00 00 be 62 00 00 

Register to memory mapping:

RAX=0x0000000000d49bd0 is an unknown value
RBX=0x0000000014028010 is an unknown value
RCX=0x00007fffba8cc8d8 is an unknown value
RDX=0x00007fffba8cc8d4 is an unknown value
RSP=0x00007fffba8cc870 is an unknown value
RBP=0x00007f46fadca932: <offset 0x96932> in /usr/lib/fglrx/libGL.so.1 at 0x00007f46fad34000
RSI=0x00007f46fadca932: <offset 0x96932> in /usr/lib/fglrx/libGL.so.1 at 0x00007f46fad34000
RDI=0x0000000014028010 is an unknown value
R8 =0x00007fffba8cc8dc is an unknown value
R9 =0x0000000000000000 is an unknown value
R10=0x00007f474c457fa8: <offset 0x3b9fa8> in /lib/x86_64-linux-gnu/libc.so.6 at 0x00007f474c09e000
R11=0x00007f474c0d9ca0: __cxa_finalize+0 in /lib/x86_64-linux-gnu/libc.so.6 at 0x00007f474c09e000
R12=0x0000000000000000 is an unknown value
R13=0x00007f46fadca932: <offset 0x96932> in /usr/lib/fglrx/libGL.so.1 at 0x00007f46fad34000
R14=0x0000000000d49bd0 is an unknown value
R15=0x0000000000000000 is an unknown value


Stack: [0x00007fffba7ce000,0x00007fffba8ce000],  sp=0x00007fffba8cc870,  free space=1018k
Native frames: (J=compiled Java code, j=interpreted, Vv=VM code, C=native code)
C  [libX11.so.6+0x33c58]  XQueryExtension+0x28


---------------  P R O C E S S  ---------------

VM state:at safepoint (shutting down)

VM Mutex/Monitor currently owned by a thread:  ([mutex/lock_event])
[0x00007f4744004d40] Threads_lock - owner thread: 0x00007f474409b800

Heap
 PSYoungGen      total 17280K, used 8967K [0x00000000ecb60000, 0x00000000edea0000, 0x0000000100000000)
  eden space 14848K, 44% used [0x00000000ecb60000,0x00000000ed1c92a8,0x00000000ed9e0000)
  from space 2432K, 98% used [0x00000000edc40000,0x00000000ede98a10,0x00000000edea0000)
  to   space 2432K, 0% used [0x00000000ed9e0000,0x00000000ed9e0000,0x00000000edc40000)
 PSOldGen        total 39552K, used 4339K [0x00000000c6200000, 0x00000000c88a0000, 0x00000000ecb60000)
  object space 39552K, 10% used [0x00000000c6200000,0x00000000c663ce00,0x00000000c88a0000)
 PSPermGen       total 21248K, used 21183K [0x00000000bbc00000, 0x00000000bd0c0000, 0x00000000c6200000)
  object space 21248K, 99% used [0x00000000bbc00000,0x00000000bd0aff58,0x00000000bd0c0000)

Code Cache  [0x00007f4741000000, 0x00007f4741270000, 0x00007f4744000000)
 total_blobs=1019 nmethods=381 adapters=591 free_code_cache=47699Kb largest_free_block=48808000

Dynamic libraries:
00400000-00401000 r-xp 00000000 08:16 3544606                            /usr/lib/jvm/java-7-openjdk-amd64/jre/bin/java
00600000-00601000 r--p 00000000 08:16 3544606                            /usr/lib/jvm/java-7-openjdk-amd64/jre/bin/java
00601000-00602000 rw-p 00001000 08:16 3544606                            /usr/lib/jvm/java-7-openjdk-amd64/jre/bin/java
00d47000-00d68000 rw-p 00000000 00:00 0                                  [heap]
bbc00000-bd0c0000 rw-p 00000000 00:00 0 
bd0c0000-c6200000 rw-p 00000000 00:00 0 
c6200000-c88a0000 rw-p 00000000 00:00 0 
c88a0000-ecb60000 rw-p 00000000 00:00 0 
ecb60000-edea0000 rw-p 00000000 00:00 0 
edea0000-100000000 rw-p 00000000 00:00 0 
7f46f1277000-7f46f1278000 ---p 00000000 00:00 0 
7f46f1278000-7f46f1a78000 rw-p 00000000 00:00 0 
7f46f1a78000-7f46f1a79000 ---p 00000000 00:00 0 
7f46f1a79000-7f46f2279000 rw-p 00000000 00:00 0 
7f46f627a000-7f46f627b000 ---p 00000000 00:00 0 
7f46f627b000-7f46f6a7b000 rw-p 00000000 00:00 0 
7f46f6a7b000-7f46f6d2e000 r-xp 00000000 08:16 1056578                    /usr/lib/x86_64-linux-gnu/libvorbisenc.so.2.0.8
7f46f6d2e000-7f46f6f2d000 ---p 002b3000 08:16 1056578                    /usr/lib/x86_64-linux-gnu/libvorbisenc.so.2.0.8
7f46f6f2d000-7f46f6f49000 r--p 002b2000 08:16 1056578                    /usr/lib/x86_64-linux-gnu/libvorbisenc.so.2.0.8
7f46f6f49000-7f46f6f4a000 rw-p 002ce000 08:16 1056578                    /usr/lib/x86_64-linux-gnu/libvorbisenc.so.2.0.8
7f46f6f4a000-7f46f6f92000 r-xp 00000000 08:16 1055951                    /usr/lib/x86_64-linux-gnu/libFLAC.so.8.2.0
7f46f6f92000-7f46f7192000 ---p 00048000 08:16 1055951                    /usr/lib/x86_64-linux-gnu/libFLAC.so.8.2.0
7f46f7192000-7f46f7193000 r--p 00048000 08:16 1055951                    /usr/lib/x86_64-linux-gnu/libFLAC.so.8.2.0
7f46f7193000-7f46f7194000 rw-p 00049000 08:16 1055951                    /usr/lib/x86_64-linux-gnu/libFLAC.so.8.2.0
7f46f7194000-7f46f7199000 r-xp 00000000 08:16 1056065                    /usr/lib/x86_64-linux-gnu/libasyncns.so.0.3.1
7f46f7199000-7f46f7398000 ---p 00005000 08:16 1056065                    /usr/lib/x86_64-linux-gnu/libasyncns.so.0.3.1
7f46f7398000-7f46f7399000 r--p 00004000 08:16 1056065                    /usr/lib/x86_64-linux-gnu/libasyncns.so.0.3.1
7f46f7399000-7f46f739a000 rw-p 00005000 08:16 1056065                    /usr/lib/x86_64-linux-gnu/libasyncns.so.0.3.1
7f46f739a000-7f46f73fa000 r-xp 00000000 08:16 1056513                    /usr/lib/x86_64-linux-gnu/libsndfile.so.1.0.25
7f46f73fa000-7f46f75fa000 ---p 00060000 08:16 1056513                    /usr/lib/x86_64-linux-gnu/libsndfile.so.1.0.25
7f46f75fa000-7f46f75fc000 r--p 00060000 08:16 1056513                    /usr/lib/x86_64-linux-gnu/libsndfile.so.1.0.25
7f46f75fc000-7f46f75fd000 rw-p 00062000 08:16 1056513                    /usr/lib/x86_64-linux-gnu/libsndfile.so.1.0.25
7f46f75fd000-7f46f7601000 rw-p 00000000 00:00 0 
7f46f7601000-7f46f7609000 r-xp 00000000 08:16 5246688                    /lib/x86_64-linux-gnu/libwrap.so.0.7.6
7f46f7609000-7f46f7808000 ---p 00008000 08:16 5246688                    /lib/x86_64-linux-gnu/libwrap.so.0.7.6
7f46f7808000-7f46f7809000 r--p 00007000 08:16 5246688                    /lib/x86_64-linux-gnu/libwrap.so.0.7.6
7f46f7809000-7f46f780a000 rw-p 00008000 08:16 5246688                    /lib/x86_64-linux-gnu/libwrap.so.0.7.6
7f46f780a000-7f46f7866000 r-xp 00000000 08:16 1055773                    /usr/lib/x86_64-linux-gnu/libpulsecommon-1.1.so
7f46f7866000-7f46f7a66000 ---p 0005c000 08:16 1055773                    /usr/lib/x86_64-linux-gnu/libpulsecommon-1.1.so
7f46f7a66000-7f46f7a67000 r--p 0005c000 08:16 1055773                    /usr/lib/x86_64-linux-gnu/libpulsecommon-1.1.so
7f46f7a67000-7f46f7a68000 rw-p 0005d000 08:16 1055773                    /usr/lib/x86_64-linux-gnu/libpulsecommon-1.1.so
7f46f7a68000-7f46f7a6f000 r-xp 00000000 08:16 1056352                    /usr/lib/x86_64-linux-gnu/libjson.so.0.0.1
7f46f7a6f000-7f46f7c6e000 ---p 00007000 08:16 1056352                    /usr/lib/x86_64-linux-gnu/libjson.so.0.0.1
7f46f7c6e000-7f46f7c6f000 r--p 00006000 08:16 1056352                    /usr/lib/x86_64-linux-gnu/libjson.so.0.0.1
7f46f7c6f000-7f46f7c70000 rw-p 00007000 08:16 1056352                    /usr/lib/x86_64-linux-gnu/libjson.so.0.0.1
7f46f7c70000-7f46f7cb6000 r-xp 00000000 08:16 1055774                    /usr/lib/x86_64-linux-gnu/libpulse.so.0.13.5
7f46f7cb6000-7f46f7eb6000 ---p 00046000 08:16 1055774                    /usr/lib/x86_64-linux-gnu/libpulse.so.0.13.5
7f46f7eb6000-7f46f7eb7000 r--p 00046000 08:16 1055774                    /usr/lib/x86_64-linux-gnu/libpulse.so.0.13.5
7f46f7eb7000-7f46f7eb8000 rw-p 00047000 08:16 1055774                    /usr/lib/x86_64-linux-gnu/libpulse.so.0.13.5
7f46f8108000-7f46f8808000 rw-s 22c4b000 00:05 9165                       /dev/ati/card0
7f46f8808000-7f46f8843000 r-xp 00000000 08:16 1054638                    /usr/lib/fglrx/libatiadlxx.so
7f46f8843000-7f46f8943000 ---p 0003b000 08:16 1054638                    /usr/lib/fglrx/libatiadlxx.so
7f46f8943000-7f46f894c000 rw-p 0003b000 08:16 1054638                    /usr/lib/fglrx/libatiadlxx.so
7f46f894c000-7f46f895d000 rw-p 00000000 00:00 0 
7f46f895d000-7f46f8964000 r-xp 00000000 08:16 1054658                    /usr/lib/fglrx/libatiuki.so.1.0
7f46f8964000-7f46f8a64000 ---p 00007000 08:16 1054658                    /usr/lib/fglrx/libatiuki.so.1.0
7f46f8a64000-7f46f8a65000 rw-p 00007000 08:16 1054658                    /usr/lib/fglrx/libatiuki.so.1.0
7f46f8a65000-7f46f8a66000 rw-p 00000000 00:00 0 
7f46f8a66000-7f46fa9c0000 r-xp 00000000 08:16 1054642                    /usr/lib/fglrx/dri/fglrx_dri.so
7f46fa9c0000-7f46faac0000 ---p 01f5a000 08:16 1054642                    /usr/lib/fglrx/dri/fglrx_dri.so
7f46faac0000-7f46fac0e000 rwxp 01f5a000 08:16 1054642                    /usr/lib/fglrx/dri/fglrx_dri.so
7f46fac0e000-7f46fad34000 rwxp 00000000 00:00 0 
7f46fad34000-7f46fadf7000 r-xp 00000000 08:16 1054665                    /usr/lib/fglrx/libGL.so.1.2
7f46fadf7000-7f46faef6000 ---p 000c3000 08:16 1054665                    /usr/lib/fglrx/libGL.so.1.2
7f46faef6000-7f46faf1d000 rwxp 000c2000 08:16 1054665                    /usr/lib/fglrx/libGL.so.1.2
7f46faf1d000-7f46faf3d000 rwxp 00000000 00:00 0 
7f46faf3d000-7f46faf41000 r-xp 00000000 08:16 1056049                    /usr/lib/x86_64-linux-gnu/libXxf86vm.so.1.0.0
7f46faf41000-7f46fb140000 ---p 00004000 08:16 1056049                    /usr/lib/x86_64-linux-gnu/libXxf86vm.so.1.0.0
7f46fb140000-7f46fb141000 r--p 00003000 08:16 1056049                    /usr/lib/x86_64-linux-gnu/libXxf86vm.so.1.0.0
7f46fb141000-7f46fb142000 rw-p 00004000 08:16 1056049                    /usr/lib/x86_64-linux-gnu/libXxf86vm.so.1.0.0
7f46fb142000-7f46fb1a9000 r-xp 00000000 08:16 3677813                    /home/relissa/NetBeansProjects/OCLP/liblwjgl64.so
7f46fb1a9000-7f46fb3a9000 ---p 00067000 08:16 3677813                    /home/relissa/NetBeansProjects/OCLP/liblwjgl64.so
7f46fb3a9000-7f46fb3ab000 r--p 00067000 08:16 3677813                    /home/relissa/NetBeansProjects/OCLP/liblwjgl64.so
7f46fb3ab000-7f46fb3ac000 rw-p 00069000 08:16 3677813                    /home/relissa/NetBeansProjects/OCLP/liblwjgl64.so
7f46fb3ac000-7f46fb3ad000 r-xp 00000000 08:16 3544578                    /usr/lib/jvm/java-7-openjdk-amd64/jre/lib/amd64/libjawt.so
7f46fb3ad000-7f46fb5ac000 ---p 00001000 08:16 3544578                    /usr/lib/jvm/java-7-openjdk-amd64/jre/lib/amd64/libjawt.so
7f46fb5ac000-7f46fb5ad000 r--p 00000000 08:16 3544578                    /usr/lib/jvm/java-7-openjdk-amd64/jre/lib/amd64/libjawt.so
7f46fb5ad000-7f46fb5ae000 rw-p 00001000 08:16 3544578                    /usr/lib/jvm/java-7-openjdk-amd64/jre/lib/amd64/libjawt.so
7f46fb5ae000-7f46fb6ae000 rw-s 00000000 00:04 171769918                  /SYSV00000000 (deleted)
7f46fb6fe000-7f46fb701000 ---p 00000000 00:00 0 
7f46fb701000-7f46fb7ff000 rw-p 00000000 00:00 0 
7f46fc000000-7f46fc563000 rw-p 00000000 00:00 0 
7f46fc563000-7f4700000000 ---p 00000000 00:00 0 
7f4700099000-7f47000a9000 rw-s fe9f0000 00:05 9165                       /dev/ati/card0
7f47000a9000-7f4700109000 rw-s 00000000 00:04 171737148                  /SYSV00000000 (deleted)
7f4700109000-7f470010c000 ---p 00000000 00:00 0 
7f470010c000-7f470020a000 rw-p 00000000 00:00 0 
7f470020a000-7f4700224000 r-xp 00000000 08:16 1056151                    /usr/lib/x86_64-linux-gnu/libdbusmenu-glib.so.4.0.12
7f4700224000-7f4700423000 ---p 0001a000 08:16 1056151                    /usr/lib/x86_64-linux-gnu/libdbusmenu-glib.so.4.0.12
7f4700423000-7f4700424000 r--p 00019000 08:16 1056151                    /usr/lib/x86_64-linux-gnu/libdbusmenu-glib.so.4.0.12
7f4700424000-7f4700425000 rw-p 0001a000 08:16 1056151                    /usr/lib/x86_64-linux-gnu/libdbusmenu-glib.so.4.0.12
7f4700425000-7f4700437000 r-xp 00000000 08:16 1056153                    /usr/lib/x86_64-linux-gnu/libdbusmenu-gtk.so.4.0.12
7f4700437000-7f4700636000 ---p 00012000 08:16 1056153                    /usr/lib/x86_64-linux-gnu/libdbusmenu-gtk.so.4.0.12
7f4700636000-7f4700637000 r--p 00011000 08:16 1056153                    /usr/lib/x86_64-linux-gnu/libdbusmenu-gtk.so.4.0.12
7f4700637000-7f4700638000 rw-p 00012000 08:16 1056153                    /usr/lib/x86_64-linux-gnu/libdbusmenu-gtk.so.4.0.12
7f4700638000-7f470063d000 r-xp 00000000 08:16 1052971                    /usr/lib/gtk-2.0/2.10.0/menuproxies/libappmenu.so
7f470063d000-7f470083c000 ---p 00005000 08:16 1052971                    /usr/lib/gtk-2.0/2.10.0/menuproxies/libappmenu.so
7f470083c000-7f470083d000 r--p 00004000 08:16 1052971                    /usr/lib/gtk-2.0/2.10.0/menuproxies/libappmenu.so
7f470083d000-7f470083e000 rw-p 00005000 08:16 1052971                    /usr/lib/gtk-2.0/2.10.0/menuproxies/libappmenu.so
7f470083e000-7f470084a000 r-xp 00000000 08:16 5246678                    /lib/x86_64-linux-gnu/libudev.so.0.13.0
7f470084a000-7f4700a49000 ---p 0000c000 08:16 5246678                    /lib/x86_64-linux-gnu/libudev.so.0.13.0
7f4700a49000-7f4700a4a000 r--p 0000b000 08:16 5246678                    /lib/x86_64-linux-gnu/libudev.so.0.13.0
7f4700a4a000-7f4700a4b000 rw-p 0000c000 08:16 5246678                    /lib/x86_64-linux-gnu/libudev.so.0.13.0
7f4700a4b000-7f4700a61000 r-xp 00000000 08:16 1314755                    /usr/lib/x86_64-linux-gnu/gvfs/libgvfscommon.so
7f4700a61000-7f4700c60000 ---p 00016000 08:16 1314755                    /usr/lib/x86_64-linux-gnu/gvfs/libgvfscommon.so
7f4700c60000-7f4700c61000 r--p 00015000 08:16 1314755                    /usr/lib/x86_64-linux-gnu/gvfs/libgvfscommon.so
7f4700c61000-7f4700c62000 rw-p 00016000 08:16 1314755                    /usr/lib/x86_64-linux-gnu/gvfs/libgvfscommon.so
7f4700c62000-7f4700c8a000 r-xp 00000000 08:16 1314556                    /usr/lib/x86_64-linux-gnu/gio/modules/libgvfsdbus.so
7f4700c8a000-7f4700e89000 ---p 00028000 08:16 1314556                    /usr/lib/x86_64-linux-gnu/gio/modules/libgvfsdbus.so
7f4700e89000-7f4700e8a000 r--p 00027000 08:16 1314556                    /usr/lib/x86_64-linux-gnu/gio/modules/libgvfsdbus.so
7f4700e8a000-7f4700e8b000 rw-p 00028000 08:16 1314556                    /usr/lib/x86_64-linux-gnu/gio/modules/libgvfsdbus.so
7f4700e8b000-7f4700ecf000 r-xp 00000000 08:16 1056333                    /usr/lib/x86_64-linux-gnu/libibus-1.0.so.0.401.0
7f4700ecf000-7f47010ce000 ---p 00044000 08:16 1056333                    /usr/lib/x86_64-linux-gnu/libibus-1.0.so.0.401.0
7f47010ce000-7f47010d0000 r--p 00043000 08:16 1056333                    /usr/lib/x86_64-linux-gnu/libibus-1.0.so.0.401.0
7f47010d0000-7f47010d1000 rw-p 00045000 08:16 1056333                    /usr/lib/x86_64-linux-gnu/libibus-1.0.so.0.401.0
7f47010d1000-7f47010d2000 rw-p 00000000 00:00 0 
7f47010d4000-7f47010d7000 ---p 00000000 00:00 0 
7f47010d7000-7f47010ee000 rw-p 00000000 00:00 0 
7f47010ee000-7f47010f4000 r-xp 00000000 08:16 1314695                    /usr/lib/x86_64-linux-gnu/gtk-2.0/2.10.0/immodules/im-ibus.so
7f47010f4000-7f47012f3000 ---p 00006000 08:16 1314695                    /usr/lib/x86_64-linux-gnu/gtk-2.0/2.10.0/immodules/im-ibus.so
7f47012f3000-7f47012f4000 r--p 00005000 08:16 1314695                    /usr/lib/x86_64-linux-gnu/gtk-2.0/2.10.0/immodules/im-ibus.so
7f47012f4000-7f47012f5000 rw-p 00006000 08:16 1314695                    /usr/lib/x86_64-linux-gnu/gtk-2.0/2.10.0/immodules/im-ibus.so
7f47012f5000-7f4701312000 r--p 00000000 08:16 1835500                    /usr/share/fonts/truetype/droid/DroidSansMono.ttf
7f4701312000-7f4701369000 r--p 00000000 08:16 1837996                    /usr/share/fonts/truetype/ubuntu-font-family/Ubuntu-R.ttf
7f4701369000-7f470136b000 r-xp 00000000 08:16 1313859                    /usr/lib/x86_64-linux-gnu/pango/1.6.0/modules/pango-basic-fc.so
7f470136b000-7f470156a000 ---p 00002000 08:16 1313859                    /usr/lib/x86_64-linux-gnu/pango/1.6.0/modules/pango-basic-fc.so
7f470156a000-7f470156b000 r--p 00001000 08:16 1313859                    /usr/lib/x86_64-linux-gnu/pango/1.6.0/modules/pango-basic-fc.so
7f470156b000-7f470156c000 rw-p 00002000 08:16 1313859                    /usr/lib/x86_64-linux-gnu/pango/1.6.0/modules/pango-basic-fc.so
7f470156c000-7f4701588000 r--s 00000000 08:16 1838102                    /usr/share/fonts/type1/gsfonts/p052024l.pfb
7f4701588000-7f4701598000 r--s 00000000 08:16 1838009                    /usr/share/fonts/type1/gsfonts/a010015l.pfb
7f4701598000-7f47015b0000 r--s 00000000 08:16 1838039                    /usr/share/fonts/type1/gsfonts/c059036l.pfb
7f47015b0000-7f47015c1000 r--s 00000000 08:16 1838063                    /usr/share/fonts/type1/gsfonts/n019063l.pfb
7f47015c1000-7f47015dc000 r--s 00000000 08:16 1838099                    /usr/share/fonts/type1/gsfonts/p052023l.pfb
7f47015dc000-7f47015ef000 r--s 00000000 08:16 1838066                    /usr/share/fonts/type1/gsfonts/n019064l.pfb
7f47015ef000-7f47015fb000 r--s 00000000 08:16 1838042                    /usr/share/fonts/type1/gsfonts/d050000l.pfb
7f47015fb000-7f4701616000 r--s 00000000 08:16 1838096                    /usr/share/fonts/type1/gsfonts/p052004l.pfb
7f4701616000-7f4701626000 r--s 00000000 08:16 1838012                    /usr/share/fonts/type1/gsfonts/a010033l.pfb
7f4701626000-7f470163f000 r--s 00000000 08:16 1838018                    /usr/share/fonts/type1/gsfonts/b018012l.pfb
7f470163f000-7f4701651000 r--s 00000000 08:16 1838027                    /usr/share/fonts/type1/gsfonts/b018035l.pfb
7f4701651000-7f4701669000 r--s 00000000 08:16 1838036                    /usr/share/fonts/type1/gsfonts/c059033l.pfb
7f4701669000-7f4701684000 r--s 00000000 08:16 1838033                    /usr/share/fonts/type1/gsfonts/c059016l.pfb
7f4701684000-7f4701696000 r--s 00000000 08:16 1838060                    /usr/share/fonts/type1/gsfonts/n019044l.pfb
7f4701696000-7f47016b1000 r--s 00000000 08:16 1838093                    /usr/share/fonts/type1/gsfonts/p052003l.pfb
7f47016b1000-7f47016c1000 r--s 00000000 08:16 1838006                    /usr/share/fonts/type1/gsfonts/a010013l.pfb
7f47016c1000-7f47016d8000 r--s 00000000 08:16 1838108                    /usr/share/fonts/type1/gsfonts/z003034l.pfb
7f47016d8000-7f47016e1000 r--s 00000000 08:16 1838105                    /usr/share/fonts/type1/gsfonts/s050000l.pfb
7f47016e1000-7f47016f6000 r--s 00000000 08:16 1838024                    /usr/share/fonts/type1/gsfonts/b018032l.pfb
7f47016f6000-7f4701706000 r-xp 00000000 08:16 3544571                    /usr/lib/jvm/java-7-openjdk-amd64/jre/lib/amd64/libnio.so
7f4701706000-7f4701905000 ---p 00010000 08:16 3544571                    /usr/lib/jvm/java-7-openjdk-amd64/jre/lib/amd64/libnio.so
7f4701905000-7f4701906000 r--p 0000f000 08:16 3544571                    /usr/lib/jvm/java-7-openjdk-amd64/jre/lib/amd64/libnio.so
7f4701906000-7f4701907000 rw-p 00010000 08:16 3544571                    /usr/lib/jvm/java-7-openjdk-amd64/jre/lib/amd64/libnio.so
7f4701907000-7f470191d000 r-xp 00000000 08:16 3544572                    /usr/lib/jvm/java-7-openjdk-amd64/jre/lib/amd64/libnet.so
7f470191d000-7f4701b1d000 ---p 00016000 08:16 3544572                    /usr/lib/jvm/java-7-openjdk-amd64/jre/lib/amd64/libnet.so
7f4701b1d000-7f4701b1e000 r--p 00016000 08:16 3544572                    /usr/lib/jvm/java-7-openjdk-amd64/jre/lib/amd64/libnet.so
7f4701b1e000-7f4701b1f000 rw-p 00017000 08:16 3544572                    /usr/lib/jvm/java-7-openjdk-amd64/jre/lib/amd64/libnet.so
7f4701b1f000-7f4701b5a000 r-xp 00000000 08:16 3544568                    /usr/lib/jvm/java-7-openjdk-amd64/jre/lib/amd64/libfontmanager.so
7f4701b5a000-7f4701d59000 ---p 0003b000 08:16 3544568                    /usr/lib/jvm/java-7-openjdk-amd64/jre/lib/amd64/libfontmanager.so
7f4701d59000-7f4701d5b000 r--p 0003a000 08:16 3544568                    /usr/lib/jvm/java-7-openjdk-amd64/jre/lib/amd64/libfontmanager.so
7f4701d5b000-7f4701d5c000 rw-p 0003c000 08:16 3544568                    /usr/lib/jvm/java-7-openjdk-amd64/jre/lib/amd64/libfontmanager.so
7f4701d5c000-7f4701d62000 r-xp 00000000 08:16 1056418                    /usr/lib/x86_64-linux-gnu/libogg.so.0.7.1
7f4701d62000-7f4701f61000 ---p 00006000 08:16 1056418                    /usr/lib/x86_64-linux-gnu/libogg.so.0.7.1
7f4701f61000-7f4701f62000 r--p 00005000 08:16 1056418                    /usr/lib/x86_64-linux-gnu/libogg.so.0.7.1
7f4701f62000-7f4701f63000 rw-p 00006000 08:16 1056418                    /usr/lib/x86_64-linux-gnu/libogg.so.0.7.1
7f4701f63000-7f4701f8e000 r-xp 00000000 08:16 1056576                    /usr/lib/x86_64-linux-gnu/libvorbis.so.0.4.5
7f4701f8e000-7f470218d000 ---p 0002b000 08:16 1056576                    /usr/lib/x86_64-linux-gnu/libvorbis.so.0.4.5
7f470218d000-7f470218e000 r--p 0002a000 08:16 1056576                    /usr/lib/x86_64-linux-gnu/libvorbis.so.0.4.5
7f470218e000-7f470218f000 rw-p 0002b000 08:16 1056576                    /usr/lib/x86_64-linux-gnu/libvorbis.so.0.4.5
7f470218f000-7f4702197000 r-xp 00000000 08:16 1056375                    /usr/lib/x86_64-linux-gnu/libltdl.so.7.3.0
7f4702197000-7f4702397000 ---p 00008000 08:16 1056375                    /usr/lib/x86_64-linux-gnu/libltdl.so.7.3.0
7f4702397000-7f4702398000 r--p 00008000 08:16 1056375                    /usr/lib/x86_64-linux-gnu/libltdl.so.7.3.0
7f4702398000-7f4702399000 rw-p 00009000 08:16 1056375                    /usr/lib/x86_64-linux-gnu/libltdl.so.7.3.0
7f4702399000-7f47023a9000 r-xp 00000000 08:16 1056543                    /usr/lib/x86_64-linux-gnu/libtdb.so.1.2.9
7f47023a9000-7f47025a8000 ---p 00010000 08:16 1056543                    /usr/lib/x86_64-linux-gnu/libtdb.so.1.2.9
7f47025a8000-7f47025a9000 r--p 0000f000 08:16 1056543                    /usr/lib/x86_64-linux-gnu/libtdb.so.1.2.9
7f47025a9000-7f47025aa000 rw-p 00010000 08:16 1056543                    /usr/lib/x86_64-linux-gnu/libtdb.so.1.2.9
7f47025aa000-7f47025b1000 r-xp 00000000 08:16 1056580                    /usr/lib/x86_64-linux-gnu/libvorbisfile.so.3.3.4
7f47025b1000-7f47027b0000 ---p 00007000 08:16 1056580                    /usr/lib/x86_64-linux-gnu/libvorbisfile.so.3.3.4
7f47027b0000-7f47027b1000 r--p 00006000 08:16 1056580                    /usr/lib/x86_64-linux-gnu/libvorbisfile.so.3.3.4
7f47027b1000-7f47027b2000 rw-p 00007000 08:16 1056580                    /usr/lib/x86_64-linux-gnu/libvorbisfile.so.3.3.4
7f47027b2000-7f47027c1000 r-xp 00000000 08:16 1056113                    /usr/lib/x86_64-linux-gnu/libcanberra.so.0.2.5
7f47027c1000-7f47029c0000 ---p 0000f000 08:16 1056113                    /usr/lib/x86_64-linux-gnu/libcanberra.so.0.2.5
7f47029c0000-7f47029c1000 r--p 0000e000 08:16 1056113                    /usr/lib/x86_64-linux-gnu/libcanberra.so.0.2.5
7f47029c1000-7f47029c2000 rw-p 0000f000 08:16 1056113                    /usr/lib/x86_64-linux-gnu/libcanberra.so.0.2.5
7f47029c2000-7f47029c6000 r-xp 00000000 08:16 1056109                    /usr/lib/x86_64-linux-gnu/libcanberra-gtk.so.0.1.8
7f47029c6000-7f4702bc5000 ---p 00004000 08:16 1056109                    /usr/lib/x86_64-linux-gnu/libcanberra-gtk.so.0.1.8
7f4702bc5000-7f4702bc6000 r--p 00003000 08:16 1056109                    /usr/lib/x86_64-linux-gnu/libcanberra-gtk.so.0.1.8
7f4702bc6000-7f4702bc7000 rw-p 00004000 08:16 1056109                    /usr/lib/x86_64-linux-gnu/libcanberra-gtk.so.0.1.8
7f4702bc7000-7f4702bcc000 r-xp 00000000 08:16 1314709                    /usr/lib/x86_64-linux-gnu/gtk-2.0/modules/libcanberra-gtk-module.so
7f4702bcc000-7f4702dcb000 ---p 00005000 08:16 1314709                    /usr/lib/x86_64-linux-gnu/gtk-2.0/modules/libcanberra-gtk-module.so
7f4702dcb000-7f4702dcc000 r--p 00004000 08:16 1314709                    /usr/lib/x86_64-linux-gnu/gtk-2.0/modules/libcanberra-gtk-module.so
7f4702dcc000-7f4702dcd000 rw-p 00005000 08:16 1314709                    /usr/lib/x86_64-linux-gnu/gtk-2.0/modules/libcanberra-gtk-module.so
7f4702dcd000-7f4702dfc000 r-xp 00000000 08:16 1314688                    /usr/lib/x86_64-linux-gnu/gtk-2.0/2.10.0/engines/libmurrine.so
7f4702dfc000-7f4702ffc000 ---p 0002f000 08:16 1314688                    /usr/lib/x86_64-linux-gnu/gtk-2.0/2.10.0/engines/libmurrine.so
7f4702ffc000-7f4702ffd000 r--p 0002f000 08:16 1314688                    /usr/lib/x86_64-linux-gnu/gtk-2.0/2.10.0/engines/libmurrine.so
7f4702ffd000-7f4702ffe000 rw-p 00030000 08:16 1314688                    /usr/lib/x86_64-linux-gnu/gtk-2.0/2.10.0/engines/libmurrine.so
7f4702ffe000-7f4702fff000 ---p 00000000 00:00 0 
7f4702fff000-7f47037ff000 rw-p 00000000 00:00 0 
7f47037ff000-7f4703800000 ---p 00000000 00:00 0 
7f4703800000-7f4704000000 rw-p 00000000 00:00 0 
7f4704000000-7f4704021000 rw-p 00000000 00:00 0 
7f4704021000-7f4708000000 ---p 00000000 00:00 0 
7f4708000000-7f4708021000 rw-p 00000000 00:00 0 
7f4708021000-7f470c000000 ---p 00000000 00:00 0 
7f470c000000-7f470c028000 rw-p 00000000 00:00 0 
7f470c028000-7f4710000000 ---p 00000000 00:00 0 
7f4710007000-7f4710021000 r--s 00000000 08:16 1838030                    /usr/share/fonts/type1/gsfonts/c059013l.pfb
7f4710021000-7f4710033000 r--s 00000000 08:16 1838057                    /usr/share/fonts/type1/gsfonts/n019043l.pfb
7f4710033000-7f4710046000 r--s 00000000 08:16 1838021                    /usr/share/fonts/type1/gsfonts/b018015l.pfb
7f4710046000-7f4710057000 r--s 00000000 08:16 1838015                    /usr/share/fonts/type1/gsfonts/a010035l.pfb
7f4710057000-7f471005e000 r--s 00000000 08:16 1314519                    /usr/lib/x86_64-linux-gnu/gconv/gconv-modules.cache
7f471005e000-7f471005f000 rw-s 22c4a000 00:05 9165                       /dev/ati/card0
7f471005f000-7f4710061000 rw-s 2314e000 00:05 9165                       /dev/ati/card0
7f4710061000-7f471006b000 r--s 00000000 08:16 1837283                    /usr/share/fonts/X11/Type1/c0611bt_.pfb
7f471006b000-7f4710074000 r--s 00000000 08:16 1837285                    /usr/share/fonts/X11/Type1/c0632bt_.pfb
7f4710074000-7f471007e000 r--s 00000000 08:16 1837277                    /usr/share/fonts/X11/Type1/c0419bt_.pfb
7f471007e000-7f4710088000 r--s 00000000 08:16 1837279                    /usr/share/fonts/X11/Type1/c0582bt_.pfb
7f4710088000-7f4710091000 r--s 00000000 08:16 1837289                    /usr/share/fonts/X11/Type1/c0648bt_.pfb
7f4710091000-7f471009a000 r--s 00000000 08:16 1837287                    /usr/share/fonts/X11/Type1/c0633bt_.pfb
7f471009a000-7f47100a3000 r--s 00000000 08:16 1837291                    /usr/share/fonts/X11/Type1/c0649bt_.pfb
7f47100a3000-7f47100ad000 r--s 00000000 08:16 1837281                    /usr/share/fonts/X11/Type1/c0583bt_.pfb
7f47100ad000-7f47100ae000 r--s 00000000 08:16 1843619                    /var/cache/fontconfig/c05880de57d1f5e948fdfacc138775d9-le64.cache-3
7f47100ae000-7f47100b7000 r--s 00000000 08:16 1843614                    /var/cache/fontconfig/945677eb7aeaf62f1d50efc3fb3ec7d8-le64.cache-3
7f47100b7000-7f47100bf000 r--s 00000000 08:16 1846703                    /var/cache/fontconfig/a6d8cf8e4ec09cdbc8633c31745a07dd-le64.cache-3
7f47100bf000-7f47100c3000 r--s 00000000 08:16 1843601                    /var/cache/fontconfig/2cd17615ca594fa2959ae173292e504c-le64.cache-3
7f47100c3000-7f47100f1000 r--s 00000000 08:16 1846701                    /var/cache/fontconfig/365b55f210c0a22e9a19e35191240f32-le64.cache-3
7f47100f1000-7f47100f8000 r-xp 00000000 08:16 1314551                    /usr/lib/x86_64-linux-gnu/gio/modules/libdconfsettings.so
7f47100f8000-7f47102f7000 ---p 00007000 08:16 1314551                    /usr/lib/x86_64-linux-gnu/gio/modules/libdconfsettings.so
7f47102f7000-7f47102f8000 r--p 00006000 08:16 1314551                    /usr/lib/x86_64-linux-gnu/gio/modules/libdconfsettings.so
7f47102f8000-7f47102f9000 rw-p 00007000 08:16 1314551                    /usr/lib/x86_64-linux-gnu/gio/modules/libdconfsettings.so
7f47102f9000-7f4710309000 r-xp 00000000 08:16 1051646                    /usr/lib/liboverlay-scrollbar-0.2.so.0.0.16
7f4710309000-7f4710508000 ---p 00010000 08:16 1051646                    /usr/lib/liboverlay-scrollbar-0.2.so.0.0.16
7f4710508000-7f4710509000 r--p 0000f000 08:16 1051646                    /usr/lib/liboverlay-scrollbar-0.2.so.0.0.16
7f4710509000-7f471050a000 rw-p 00010000 08:16 1051646                    /usr/lib/liboverlay-scrollbar-0.2.so.0.0.16
7f471050a000-7f471050d000 ---p 00000000 00:00 0 
7f471050d000-7f471060b000 rw-p 00000000 00:00 0 
7f471060b000-7f471060e000 ---p 00000000 00:00 0 
7f471060e000-7f471070c000 rw-p 00000000 00:00 0 
7f471070c000-7f471070f000 ---p 00000000 00:00 0 
7f471070f000-7f471080d000 rw-p 00000000 00:00 0 
7f471080d000-7f4710810000 ---p 00000000 00:00 0 
7f4710810000-7f471090e000 rw-p 00000000 00:00 0 
7f471090e000-7f4710911000 r-xp 00000000 08:16 5246606                    /lib/x86_64-linux-gnu/libgpg-error.so.0.8.0
7f4710911000-7f4710b10000 ---p 00003000 08:16 5246606                    /lib/x86_64-linux-gnu/libgpg-error.so.0.8.0
7f4710b10000-7f4710b11000 r--p 00002000 08:16 5246606                    /lib/x86_64-linux-gnu/libgpg-error.so.0.8.0
7f4710b11000-7f4710b12000 rw-p 00003000 08:16 5246606                    /lib/x86_64-linux-gnu/libgpg-error.so.0.8.0
7f4710b12000-7f4710b15000 r-xp 00000000 08:16 5246610                    /lib/x86_64-linux-gnu/libkeyutils.so.1.4
7f4710b15000-7f4710d14000 ---p 00003000 08:16 5246610                    /lib/x86_64-linux-gnu/libkeyutils.so.1.4
7f4710d14000-7f4710d15000 r--p 00002000 08:16 5246610                    /lib/x86_64-linux-gnu/libkeyutils.so.1.4
7f4710d15000-7f4710d16000 rw-p 00003000 08:16 5246610                    /lib/x86_64-linux-gnu/libkeyutils.so.1.4
7f4710d16000-7f4710d58000 r-xp 00000000 08:16 5246591                    /lib/x86_64-linux-gnu/libdbus-1.so.3.5.8
7f4710d58000-7f4710f58000 ---p 00042000 08:16 5246591                    /lib/x86_64-linux-gnu/libdbus-1.so.3.5.8
7f4710f58000-7f4710f59000 r--p 00042000 08:16 5246591                    /lib/x86_64-linux-gnu/libdbus-1.so.3.5.8
7f4710f59000-7f4710f5a000 rw-p 00043000 08:16 5246591                    /lib/x86_64-linux-gnu/libdbus-1.so.3.5.8
7f4710f5a000-7f4710f6b000 r-xp 00000000 08:16 1056424                    /usr/lib/x86_64-linux-gnu/libp11-kit.so.0.0.0
7f4710f6b000-7f471116a000 ---p 00011000 08:16 1056424                    /usr/lib/x86_64-linux-gnu/libp11-kit.so.0.0.0
7f471116a000-7f471116b000 r--p 00010000 08:16 1056424                    /usr/lib/x86_64-linux-gnu/libp11-kit.so.0.0.0
7f471116b000-7f471116c000 rw-p 00011000 08:16 1056424                    /usr/lib/x86_64-linux-gnu/libp11-kit.so.0.0.0
7f471116c000-7f47111e6000 r-xp 00000000 08:16 5246882                    /lib/x86_64-linux-gnu/libgcrypt.so.11.7.0
7f47111e6000-7f47113e6000 ---p 0007a000 08:16 5246882                    /lib/x86_64-linux-gnu/libgcrypt.so.11.7.0
7f47113e6000-7f47113e7000 r--p 0007a000 08:16 5246882                    /lib/x86_64-linux-gnu/libgcrypt.so.11.7.0
7f47113e7000-7f47113ea000 rw-p 0007b000 08:16 5246882                    /lib/x86_64-linux-gnu/libgcrypt.so.11.7.0
7f47113ea000-7f47113fa000 r-xp 00000000 08:16 1061093                    /usr/lib/x86_64-linux-gnu/libtasn1.so.3.1.12
7f47113fa000-7f47115f9000 ---p 00010000 08:16 1061093                    /usr/lib/x86_64-linux-gnu/libtasn1.so.3.1.12
7f47115f9000-7f47115fa000 r--p 0000f000 08:16 1061093                    /usr/lib/x86_64-linux-gnu/libtasn1.so.3.1.12
7f47115fa000-7f47115fb000 rw-p 00010000 08:16 1061093                    /usr/lib/x86_64-linux-gnu/libtasn1.so.3.1.12
7f47115fb000-7f4711602000 r-xp 00000000 08:16 1052728                    /usr/lib/x86_64-linux-gnu/libkrb5support.so.0.1
7f4711602000-7f4711801000 ---p 00007000 08:16 1052728                    /usr/lib/x86_64-linux-gnu/libkrb5support.so.0.1
7f4711801000-7f4711802000 r--p 00006000 08:16 1052728                    /usr/lib/x86_64-linux-gnu/libkrb5support.so.0.1
7f4711802000-7f4711803000 rw-p 00007000 08:16 1052728                    /usr/lib/x86_64-linux-gnu/libkrb5support.so.0.1
7f4711803000-7f4711806000 r-xp 00000000 08:16 5246586                    /lib/x86_64-linux-gnu/libcom_err.so.2.1
7f4711806000-7f4711a05000 ---p 00003000 08:16 5246586                    /lib/x86_64-linux-gnu/libcom_err.so.2.1
7f4711a05000-7f4711a06000 r--p 00002000 08:16 5246586                    /lib/x86_64-linux-gnu/libcom_err.so.2.1
7f4711a06000-7f4711a07000 rw-p 00003000 08:16 5246586                    /lib/x86_64-linux-gnu/libcom_err.so.2.1
7f4711a07000-7f4711a2c000 r-xp 00000000 08:16 1052714                    /usr/lib/x86_64-linux-gnu/libk5crypto.so.3.1
7f4711a2c000-7f4711c2c000 ---p 00025000 08:16 1052714                    /usr/lib/x86_64-linux-gnu/libk5crypto.so.3.1
7f4711c2c000-7f4711c2d000 r--p 00025000 08:16 1052714                    /usr/lib/x86_64-linux-gnu/libk5crypto.so.3.1
7f4711c2d000-7f4711c2e000 rw-p 00026000 08:16 1052714                    /usr/lib/x86_64-linux-gnu/libk5crypto.so.3.1
7f4711c2e000-7f4711c2f000 rw-p 00000000 00:00 0 
7f4711c2f000-7f4711cf3000 r-xp 00000000 08:16 1052724                    /usr/lib/x86_64-linux-gnu/libkrb5.so.3.3
7f4711cf3000-7f4711ef2000 ---p 000c4000 08:16 1052724                    /usr/lib/x86_64-linux-gnu/libkrb5.so.3.3
7f4711ef2000-7f4711efc000 r--p 000c3000 08:16 1052724                    /usr/lib/x86_64-linux-gnu/libkrb5.so.3.3
7f4711efc000-7f4711efd000 rw-p 000cd000 08:16 1052724                    /usr/lib/x86_64-linux-gnu/libkrb5.so.3.3
7f4711efd000-7f4711f05000 r-xp 00000000 08:16 1056599                    /usr/lib/x86_64-linux-gnu/libxcb-render.so.0.0.0
7f4711f05000-7f4712105000 ---p 00008000 08:16 1056599                    /usr/lib/x86_64-linux-gnu/libxcb-render.so.0.0.0
7f4712105000-7f4712106000 r--p 00008000 08:16 1056599                    /usr/lib/x86_64-linux-gnu/libxcb-render.so.0.0.0
7f4712106000-7f4712107000 rw-p 00009000 08:16 1056599                    /usr/lib/x86_64-linux-gnu/libxcb-render.so.0.0.0
7f4712107000-7f4712109000 r-xp 00000000 08:16 1056603                    /usr/lib/x86_64-linux-gnu/libxcb-shm.so.0.0.0
7f4712109000-7f4712308000 ---p 00002000 08:16 1056603                    /usr/lib/x86_64-linux-gnu/libxcb-shm.so.0.0.0
7f4712308000-7f4712309000 r--p 00001000 08:16 1056603                    /usr/lib/x86_64-linux-gnu/libxcb-shm.so.0.0.0
7f4712309000-7f471230a000 rw-p 00002000 08:16 1056603                    /usr/lib/x86_64-linux-gnu/libxcb-shm.so.0.0.0
7f471230a000-7f4712330000 r-xp 00000000 08:16 5246656                    /lib/x86_64-linux-gnu/libpng12.so.0.46.0
7f4712330000-7f4712530000 ---p 00026000 08:16 5246656                    /lib/x86_64-linux-gnu/libpng12.so.0.46.0
7f4712530000-7f4712531000 r--p 00026000 08:16 5246656                    /lib/x86_64-linux-gnu/libpng12.so.0.46.0
7f4712531000-7f4712532000 rw-p 00027000 08:16 5246656                    /lib/x86_64-linux-gnu/libpng12.so.0.46.0
7f4712532000-7f47125b3000 r-xp 00000000 08:16 1056450                    /usr/lib/x86_64-linux-gnu/libpixman-1.so.0.24.4
7f47125b3000-7f47127b2000 ---p 00081000 08:16 1056450                    /usr/lib/x86_64-linux-gnu/libpixman-1.so.0.24.4
7f47127b2000-7f47127b8000 r--p 00080000 08:16 1056450                    /usr/lib/x86_64-linux-gnu/libpixman-1.so.0.24.4
7f47127b8000-7f47127b9000 rw-p 00086000 08:16 1056450                    /usr/lib/x86_64-linux-gnu/libpixman-1.so.0.24.4
7f47127b9000-7f47127be000 r-xp 00000000 08:16 1056019                    /usr/lib/x86_64-linux-gnu/libXdmcp.so.6.0.0
7f47127be000-7f47129bd000 ---p 00005000 08:16 1056019                    /usr/lib/x86_64-linux-gnu/libXdmcp.so.6.0.0
7f47129bd000-7f47129be000 r--p 00004000 08:16 1056019                    /usr/lib/x86_64-linux-gnu/libXdmcp.so.6.0.0
7f47129be000-7f47129bf000 rw-p 00005000 08:16 1056019                    /usr/lib/x86_64-linux-gnu/libXdmcp.so.6.0.0
7f47129bf000-7f47129c1000 r-xp 00000000 08:16 1056008                    /usr/lib/x86_64-linux-gnu/libXau.so.6.0.0
7f47129c1000-7f4712bc0000 ---p 00002000 08:16 1056008                    /usr/lib/x86_64-linux-gnu/libXau.so.6.0.0
7f4712bc0000-7f4712bc1000 r--p 00001000 08:16 1056008                    /usr/lib/x86_64-linux-gnu/libXau.so.6.0.0
7f4712bc1000-7f4712bc2000 rw-p 00002000 08:16 1056008                    /usr/lib/x86_64-linux-gnu/libXau.so.6.0.0
7f4712bc2000-7f4712bd2000 r-xp 00000000 08:16 1056075                    /usr/lib/x86_64-linux-gnu/libavahi-client.so.3.2.9
7f4712bd2000-7f4712dd1000 ---p 00010000 08:16 1056075                    /usr/lib/x86_64-linux-gnu/libavahi-client.so.3.2.9
7f4712dd1000-7f4712dd2000 r--p 0000f000 08:16 1056075                    /usr/lib/x86_64-linux-gnu/libavahi-client.so.3.2.9
7f4712dd2000-7f4712dd3000 rw-p 00010000 08:16 1056075                    /usr/lib/x86_64-linux-gnu/libavahi-client.so.3.2.9
7f4712dd3000-7f4712dde000 r-xp 00000000 08:16 1056077                    /usr/lib/x86_64-linux-gnu/libavahi-common.so.3.5.3
7f4712dde000-7f4712fdd000 ---p 0000b000 08:16 1056077                    /usr/lib/x86_64-linux-gnu/libavahi-common.so.3.5.3
7f4712fdd000-7f4712fde000 r--p 0000a000 08:16 1056077                    /usr/lib/x86_64-linux-gnu/libavahi-common.so.3.5.3
7f4712fde000-7f4712fdf000 rw-p 0000b000 08:16 1056077                    /usr/lib/x86_64-linux-gnu/libavahi-common.so.3.5.3
7f4712fdf000-7f4713093000 r-xp 00000000 08:16 1056248                    /usr/lib/x86_64-linux-gnu/libgnutls.so.26.21.8
7f4713093000-7f4713293000 ---p 000b4000 08:16 1056248                    /usr/lib/x86_64-linux-gnu/libgnutls.so.26.21.8
7f4713293000-7f4713299000 r--p 000b4000 08:16 1056248                    /usr/lib/x86_64-linux-gnu/libgnutls.so.26.21.8
7f4713299000-7f471329a000 rw-p 000ba000 08:16 1056248                    /usr/lib/x86_64-linux-gnu/libgnutls.so.26.21.8
7f471329a000-7f471329b000 rw-p 00000000 00:00 0 
7f471329b000-7f47132d6000 r-xp 00000000 08:16 1052718                    /usr/lib/x86_64-linux-gnu/libgssapi_krb5.so.2.2
7f47132d6000-7f47134d6000 ---p 0003b000 08:16 1052718                    /usr/lib/x86_64-linux-gnu/libgssapi_krb5.so.2.2
7f47134d6000-7f47134d7000 r--p 0003b000 08:16 1052718                    /usr/lib/x86_64-linux-gnu/libgssapi_krb5.so.2.2
7f47134d7000-7f47134d9000 rw-p 0003c000 08:16 1052718                    /usr/lib/x86_64-linux-gnu/libgssapi_krb5.so.2.2
7f47134d9000-7f4713515000 r-xp 00000000 08:16 5246652                    /lib/x86_64-linux-gnu/libpcre.so.3.12.1
7f4713515000-7f4713714000 ---p 0003c000 08:16 5246652                    /lib/x86_64-linux-gnu/libpcre.so.3.12.1
7f4713714000-7f4713715000 r--p 0003b000 08:16 5246652                    /lib/x86_64-linux-gnu/libpcre.so.3.12.1
7f4713715000-7f4713716000 rw-p 0003c000 08:16 5246652                    /lib/x86_64-linux-gnu/libpcre.so.3.12.1
7f4713716000-7f471371d000 r-xp 00000000 08:16 1056193                    /usr/lib/x86_64-linux-gnu/libffi.so.6.0.0
7f471371d000-7f471391c000 ---p 00007000 08:16 1056193                    /usr/lib/x86_64-linux-gnu/libffi.so.6.0.0
7f471391c000-7f471391d000 r--p 00006000 08:16 1056193                    /usr/lib/x86_64-linux-gnu/libffi.so.6.0.0
7f471391d000-7f471391e000 rw-p 00007000 08:16 1056193                    /usr/lib/x86_64-linux-gnu/libffi.so.6.0.0
7f471391e000-7f4713945000 r-xp 00000000 08:16 5246597                    /lib/x86_64-linux-gnu/libexpat.so.1.5.2
7f4713945000-7f4713b45000 ---p 00027000 08:16 5246597                    /lib/x86_64-linux-gnu/libexpat.so.1.5.2
7f4713b45000-7f4713b47000 r--p 00027000 08:16 5246597                    /lib/x86_64-linux-gnu/libexpat.so.1.5.2
7f4713b47000-7f4713b48000 rw-p 00029000 08:16 5246597                    /lib/x86_64-linux-gnu/libexpat.so.1.5.2
7f4713b48000-7f4713bde000 r-xp 00000000 08:16 1056201                    /usr/lib/x86_64-linux-gnu/libfreetype.so.6.8.0
7f4713bde000-7f4713ddd000 ---p 00096000 08:16 1056201                    /usr/lib/x86_64-linux-gnu/libfreetype.so.6.8.0
7f4713ddd000-7f4713de3000 r--p 00095000 08:16 1056201                    /usr/lib/x86_64-linux-gnu/libfreetype.so.6.8.0
7f4713de3000-7f4713de4000 rw-p 0009b000 08:16 1056201                    /usr/lib/x86_64-linux-gnu/libfreetype.so.6.8.0
7f4713de4000-7f4713dfc000 r-xp 00000000 08:16 5246663                    /lib/x86_64-linux-gnu/libresolv-2.15.so
7f4713dfc000-7f4713ffc000 ---p 00018000 08:16 5246663                    /lib/x86_64-linux-gnu/libresolv-2.15.so
7f4713ffc000-7f4713ffd000 r--p 00018000 08:16 5246663                    /lib/x86_64-linux-gnu/libresolv-2.15.so
7f4713ffd000-7f4713ffe000 rw-p 00019000 08:16 5246663                    /lib/x86_64-linux-gnu/libresolv-2.15.so
7f4713ffe000-7f4714000000 rw-p 00000000 00:00 0 
7f4714000000-7f4714f9a000 rw-p 00000000 00:00 0 
7f4714f9a000-7f4718000000 ---p 00000000 00:00 0 
7f4718000000-7f4718002000 r--s 00000000 08:16 1843615                    /var/cache/fontconfig/99e8ed0e538f840c565b6ed5dad60d56-le64.cache-3
7f4718002000-7f4718003000 r--s 00000000 08:16 1843626                    /var/cache/fontconfig/e7071f4a29fa870f4323321c154eba04-le64.cache-3
7f4718003000-7f4718004000 r--s 00000000 08:16 1843599                    /var/cache/fontconfig/0d8c3b2ac0904cb8a57a757ad11a4a08-le64.cache-3
7f4718004000-7f471800a000 r--s 00000000 08:16 1843616                    /var/cache/fontconfig/a755afe4a08bf5b97852ceb7400b47bc-le64.cache-3
7f471800a000-7f471800b000 r--s 00000000 08:16 1846509                    /var/cache/fontconfig/5a76b20910bc01daa5b6abd117531ab8-le64.cache-3
7f471800b000-7f4718014000 r--s 00000000 08:16 1847215                    /var/cache/fontconfig/6d41288fd70b0be22e8c3a91e032eec0-le64.cache-3
7f4718014000-7f4718024000 r--s 00000000 08:16 1843598                    /var/cache/fontconfig/04aabc0a78ac019cf9454389977116d2-le64.cache-3
7f4718024000-7f4718027000 r--s 00000000 08:16 1843604                    /var/cache/fontconfig/385c0604a188198f04d133e54aba7fe7-le64.cache-3
7f4718027000-7f4718028000 r--s 00000000 08:16 1841789                    /var/cache/fontconfig/4794a0821666d79190d59a36cb4f44b5-le64.cache-3
7f4718028000-7f471802d000 r--s 00000000 08:16 1843602                    /var/cache/fontconfig/3047814df9a2f067bd2d96a2b9c36e5a-le64.cache-3
7f471802d000-7f4718032000 r--s 00000000 08:16 1843617                    /var/cache/fontconfig/b47c4e1ecd0709278f4910c18777a504-le64.cache-3
7f4718032000-7f471803a000 r--s 00000000 08:16 1846702                    /var/cache/fontconfig/52f7bdb7ce746bfd7eaa1985bd9cfa93-le64.cache-3
7f471803a000-7f471804a000 r--s 00000000 08:16 1843622                    /var/cache/fontconfig/d52a8644073d54c13679302ca1180695-le64.cache-3
7f471804a000-7f4718050000 r--s 00000000 08:16 1846508                    /var/cache/fontconfig/3f7329c5293ffd510edef78f73874cfd-le64.cache-3
7f4718050000-7f4718053000 r--s 00000000 08:16 1842402                    /var/cache/fontconfig/e13b20fdb08344e0e664864cc2ede53d-le64.cache-3
7f4718053000-7f4718057000 r--s 00000000 08:16 1846742                    /var/cache/fontconfig/7ef2298fde41cc6eeb7af42e48b7d293-le64.cache-3
7f4718057000-7f471806d000 r--s 00000000 08:16 1838090                    /usr/share/fonts/type1/gsfonts/n022024l.pfb
7f471806d000-7f4718085000 r--s 00000000 08:16 1838081                    /usr/share/fonts/type1/gsfonts/n022003l.pfb
7f4718085000-7f4718096000 r--s 00000000 08:16 1838054                    /usr/share/fonts/type1/gsfonts/n019024l.pfb
7f4718096000-7f47180af000 r--s 00000000 08:16 1838072                    /usr/share/fonts/type1/gsfonts/n021004l.pfb
7f47180af000-7f47180c1000 r--s 00000000 08:16 1838048                    /usr/share/fonts/type1/gsfonts/n019004l.pfb
7f47180c1000-7f47180da000 r--s 00000000 08:16 1838084                    /usr/share/fonts/type1/gsfonts/n022004l.pfb
7f47180da000-7f47180f3000 r--s 00000000 08:16 1838069                    /usr/share/fonts/type1/gsfonts/n021003l.pfb
7f47180f3000-7f47180f6000 ---p 00000000 00:00 0 
7f47180f6000-7f47181f4000 rw-p 00000000 00:00 0 
7f47181f4000-7f4718211000 r-xp 00000000 08:16 5246667                    /lib/x86_64-linux-gnu/libselinux.so.1
7f4718211000-7f4718410000 ---p 0001d000 08:16 5246667                    /lib/x86_64-linux-gnu/libselinux.so.1
7f4718410000-7f4718411000 r--p 0001c000 08:16 5246667                    /lib/x86_64-linux-gnu/libselinux.so.1
7f4718411000-7f4718412000 rw-p 0001d000 08:16 5246667                    /lib/x86_64-linux-gnu/libselinux.so.1
7f4718412000-7f4718413000 rw-p 00000000 00:00 0 
7f4718413000-7f4718416000 r-xp 00000000 08:16 1059287                    /usr/lib/x86_64-linux-gnu/libgmodule-2.0.so.0.3200.3
7f4718416000-7f4718615000 ---p 00003000 08:16 1059287                    /usr/lib/x86_64-linux-gnu/libgmodule-2.0.so.0.3200.3
7f4718615000-7f4718616000 r--p 00002000 08:16 1059287                    /usr/lib/x86_64-linux-gnu/libgmodule-2.0.so.0.3200.3
7f4718616000-7f4718617000 rw-p 00003000 08:16 1059287                    /usr/lib/x86_64-linux-gnu/libgmodule-2.0.so.0.3200.3
7f4718617000-7f4718619000 r-xp 00000000 08:16 1056017                    /usr/lib/x86_64-linux-gnu/libXdamage.so.1.1.0
7f4718619000-7f4718818000 ---p 00002000 08:16 1056017                    /usr/lib/x86_64-linux-gnu/libXdamage.so.1.1.0
7f4718818000-7f4718819000 r--p 00001000 08:16 1056017                    /usr/lib/x86_64-linux-gnu/libXdamage.so.1.1.0
7f4718819000-7f471881a000 rw-p 00002000 08:16 1056017                    /usr/lib/x86_64-linux-gnu/libXdamage.so.1.1.0
7f471881a000-7f471881c000 r-xp 00000000 08:16 1056013                    /usr/lib/x86_64-linux-gnu/libXcomposite.so.1.0.0
7f471881c000-7f4718a1b000 ---p 00002000 08:16 1056013                    /usr/lib/x86_64-linux-gnu/libXcomposite.so.1.0.0
7f4718a1b000-7f4718a1c000 r--p 00001000 08:16 1056013                    /usr/lib/x86_64-linux-gnu/libXcomposite.so.1.0.0
7f4718a1c000-7f4718a1d000 rw-p 00002000 08:16 1056013                    /usr/lib/x86_64-linux-gnu/libXcomposite.so.1.0.0
7f4718a1d000-7f4718a26000 r-xp 00000000 08:16 1056015                    /usr/lib/x86_64-linux-gnu/libXcursor.so.1.0.2
7f4718a26000-7f4718c25000 ---p 00009000 08:16 1056015                    /usr/lib/x86_64-linux-gnu/libXcursor.so.1.0.2
7f4718c25000-7f4718c26000 r--p 00008000 08:16 1056015                    /usr/lib/x86_64-linux-gnu/libXcursor.so.1.0.2
7f4718c26000-7f4718c27000 rw-p 00009000 08:16 1056015                    /usr/lib/x86_64-linux-gnu/libXcursor.so.1.0.2
7f4718c27000-7f4718c2f000 r-xp 00000000 08:16 1056039                    /usr/lib/x86_64-linux-gnu/libXrandr.so.2.2.0
7f4718c2f000-7f4718e2e000 ---p 00008000 08:16 1056039                    /usr/lib/x86_64-linux-gnu/libXrandr.so.2.2.0
7f4718e2e000-7f4718e2f000 r--p 00007000 08:16 1056039                    /usr/lib/x86_64-linux-gnu/libXrandr.so.2.2.0
7f4718e2f000-7f4718e30000 rw-p 00008000 08:16 1056039                    /usr/lib/x86_64-linux-gnu/libXrandr.so.2.2.0
7f4718e30000-7f4718e32000 r-xp 00000000 08:16 1056029                    /usr/lib/x86_64-linux-gnu/libXinerama.so.1.0.0
7f4718e32000-7f4719031000 ---p 00002000 08:16 1056029                    /usr/lib/x86_64-linux-gnu/libXinerama.so.1.0.0
7f4719031000-7f4719032000 r--p 00001000 08:16 1056029                    /usr/lib/x86_64-linux-gnu/libXinerama.so.1.0.0
7f4719032000-7f4719033000 rw-p 00002000 08:16 1056029                    /usr/lib/x86_64-linux-gnu/libXinerama.so.1.0.0
7f4719033000-7f471905c000 r-xp 00000000 08:16 1056253                    /usr/lib/x86_64-linux-gnu/libpangoft2-1.0.so.0.3000.0
7f471905c000-7f471925b000 ---p 00029000 08:16 1056253                    /usr/lib/x86_64-linux-gnu/libpangoft2-1.0.so.0.3000.0
7f471925b000-7f471925c000 r--p 00028000 08:16 1056253                    /usr/lib/x86_64-linux-gnu/libpangoft2-1.0.so.0.3000.0
7f471925c000-7f471925d000 rw-p 00029000 08:16 1056253                    /usr/lib/x86_64-linux-gnu/libpangoft2-1.0.so.0.3000.0
7f471925d000-7f4719316000 r-xp 00000000 08:16 1055379                    /usr/lib/x86_64-linux-gnu/libcairo.so.2.11000.2
7f4719316000-7f4719515000 ---p 000b9000 08:16 1055379                    /usr/lib/x86_64-linux-gnu/libcairo.so.2.11000.2
7f4719515000-7f4719517000 r--p 000b8000 08:16 1055379                    /usr/lib/x86_64-linux-gnu/libcairo.so.2.11000.2
7f4719517000-7f4719518000 rw-p 000ba000 08:16 1055379                    /usr/lib/x86_64-linux-gnu/libcairo.so.2.11000.2
7f4719518000-7f471951b000 rw-p 00000000 00:00 0 
7f471951b000-7f471953a000 r-xp 00000000 08:16 1056067                    /usr/lib/x86_64-linux-gnu/libatk-1.0.so.0.20409.1
7f471953a000-7f471973a000 ---p 0001f000 08:16 1056067                    /usr/lib/x86_64-linux-gnu/libatk-1.0.so.0.20409.1
7f471973a000-7f471973c000 r--p 0001f000 08:16 1056067                    /usr/lib/x86_64-linux-gnu/libatk-1.0.so.0.20409.1
7f471973c000-7f471973d000 rw-p 00021000 08:16 1056067                    /usr/lib/x86_64-linux-gnu/libatk-1.0.so.0.20409.1
7f471973d000-7f4719742000 r-xp 00000000 08:16 1056023                    /usr/lib/x86_64-linux-gnu/libXfixes.so.3.1.0
7f4719742000-7f4719941000 ---p 00005000 08:16 1056023                    /usr/lib/x86_64-linux-gnu/libXfixes.so.3.1.0
7f4719941000-7f4719942000 r--p 00004000 08:16 1056023                    /usr/lib/x86_64-linux-gnu/libXfixes.so.3.1.0
7f4719942000-7f4719943000 rw-p 00005000 08:16 1056023                    /usr/lib/x86_64-linux-gnu/libXfixes.so.3.1.0
7f4719943000-7f471994e000 r-xp 00000000 08:16 1056239                    /usr/lib/x86_64-linux-gnu/libpangocairo-1.0.so.0.3000.0
7f471994e000-7f4719b4d000 ---p 0000b000 08:16 1056239                    /usr/lib/x86_64-linux-gnu/libpangocairo-1.0.so.0.3000.0
7f4719b4d000-7f4719b4e000 r--p 0000a000 08:16 1056239                    /usr/lib/x86_64-linux-gnu/libpangocairo-1.0.so.0.3000.0
7f4719b4e000-7f4719b4f000 rw-p 0000b000 08:16 1056239                    /usr/lib/x86_64-linux-gnu/libpangocairo-1.0.so.0.3000.0
7f4719b4f000-7f4719b6c000 r-xp 00000000 08:16 1056607                    /usr/lib/x86_64-linux-gnu/libxcb.so.1.1.0
7f4719b6c000-7f4719d6b000 ---p 0001d000 08:16 1056607                    /usr/lib/x86_64-linux-gnu/libxcb.so.1.1.0
7f4719d6b000-7f4719d6c000 r--p 0001c000 08:16 1056607                    /usr/lib/x86_64-linux-gnu/libxcb.so.1.1.0
7f4719d6c000-7f4719d6d000 rw-p 0001d000 08:16 1056607                    /usr/lib/x86_64-linux-gnu/libxcb.so.1.1.0
7f4719d6d000-7f4719dbd000 r-xp 00000000 08:16 1061164                    /usr/lib/x86_64-linux-gnu/libcups.so.2
7f4719dbd000-7f4719fbc000 ---p 00050000 08:16 1061164                    /usr/lib/x86_64-linux-gnu/libcups.so.2
7f4719fbc000-7f4719fc0000 r--p 0004f000 08:16 1061164                    /usr/lib/x86_64-linux-gnu/libcups.so.2
7f4719fc0000-7f4719fc1000 rw-p 00053000 08:16 1061164                    /usr/lib/x86_64-linux-gnu/libcups.so.2
7f4719fc1000-7f471a0b3000 r-xp 00000000 08:16 5246872                    /lib/x86_64-linux-gnu/libglib-2.0.so.0.3200.3
7f471a0b3000-7f471a2b3000 ---p 000f2000 08:16 5246872                    /lib/x86_64-linux-gnu/libglib-2.0.so.0.3200.3
7f471a2b3000-7f471a2b4000 r--p 000f2000 08:16 5246872                    /lib/x86_64-linux-gnu/libglib-2.0.so.0.3200.3
7f471a2b4000-7f471a2b5000 rw-p 000f3000 08:16 5246872                    /lib/x86_64-linux-gnu/libglib-2.0.so.0.3200.3
7f471a2b5000-7f471a2b6000 rw-p 00000000 00:00 0 
7f471a2b6000-7f471a2b7000 r-xp 00000000 08:16 1059283                    /usr/lib/x86_64-linux-gnu/libgthread-2.0.so.0.3200.3
7f471a2b7000-7f471a4b6000 ---p 00001000 08:16 1059283                    /usr/lib/x86_64-linux-gnu/libgthread-2.0.so.0.3200.3
7f471a4b6000-7f471a4b7000 r--p 00000000 08:16 1059283                    /usr/lib/x86_64-linux-gnu/libgthread-2.0.so.0.3200.3
7f471a4b7000-7f471a4b8000 rw-p 00001000 08:16 1059283                    /usr/lib/x86_64-linux-gnu/libgthread-2.0.so.0.3200.3
7f471a4b8000-7f471a505000 r-xp 00000000 08:16 1059295                    /usr/lib/x86_64-linux-gnu/libgobject-2.0.so.0.3200.3
7f471a505000-7f471a705000 ---p 0004d000 08:16 1059295                    /usr/lib/x86_64-linux-gnu/libgobject-2.0.so.0.3200.3
7f471a705000-7f471a706000 r--p 0004d000 08:16 1059295                    /usr/lib/x86_64-linux-gnu/libgobject-2.0.so.0.3200.3
7f471a706000-7f471a707000 rw-p 0004e000 08:16 1059295                    /usr/lib/x86_64-linux-gnu/libgobject-2.0.so.0.3200.3
7f471a707000-7f471a73b000 r-xp 00000000 08:16 1056195                    /usr/lib/x86_64-linux-gnu/libfontconfig.so.1.4.4
7f471a73b000-7f471a93b000 ---p 00034000 08:16 1056195                    /usr/lib/x86_64-linux-gnu/libfontconfig.so.1.4.4
7f471a93b000-7f471a93c000 r--p 00034000 08:16 1056195                    /usr/lib/x86_64-linux-gnu/libfontconfig.so.1.4.4
7f471a93c000-7f471a93d000 rw-p 00035000 08:16 1056195                    /usr/lib/x86_64-linux-gnu/libfontconfig.so.1.4.4
7f471a93d000-7f471a983000 r-xp 00000000 08:16 1056229                    /usr/lib/x86_64-linux-gnu/libpango-1.0.so.0.3000.0
7f471a983000-7f471ab83000 ---p 00046000 08:16 1056229                    /usr/lib/x86_64-linux-gnu/libpango-1.0.so.0.3000.0
7f471ab83000-7f471ab85000 r--p 00046000 08:16 1056229                    /usr/lib/x86_64-linux-gnu/libpango-1.0.so.0.3000.0
7f471ab85000-7f471ab86000 rw-p 00048000 08:16 1056229                    /usr/lib/x86_64-linux-gnu/libpango-1.0.so.0.3000.0
7f471ab86000-7f471aba4000 r-xp 00000000 08:16 1056220                    /usr/lib/x86_64-linux-gnu/libgdk_pixbuf-2.0.so.0.2600.1
7f471aba4000-7f471ada4000 ---p 0001e000 08:16 1056220                    /usr/lib/x86_64-linux-gnu/libgdk_pixbuf-2.0.so.0.2600.1
7f471ada4000-7f471ada5000 r--p 0001e000 08:16 1056220                    /usr/lib/x86_64-linux-gnu/libgdk_pixbuf-2.0.so.0.2600.1
7f471ada5000-7f471ada6000 rw-p 0001f000 08:16 1056220                    /usr/lib/x86_64-linux-gnu/libgdk_pixbuf-2.0.so.0.2600.1
7f471ada6000-7f471aeee000 r-xp 00000000 08:16 1059291                    /usr/lib/x86_64-linux-gnu/libgio-2.0.so.0.3200.3
7f471aeee000-7f471b0ed000 ---p 00148000 08:16 1059291                    /usr/lib/x86_64-linux-gnu/libgio-2.0.so.0.3200.3
7f471b0ed000-7f471b0f1000 r--p 00147000 08:16 1059291                    /usr/lib/x86_64-linux-gnu/libgio-2.0.so.0.3200.3
7f471b0f1000-7f471b0f3000 rw-p 0014b000 08:16 1059291                    /usr/lib/x86_64-linux-gnu/libgio-2.0.so.0.3200.3
7f471b0f3000-7f471b0f5000 rw-p 00000000 00:00 0 
7f471b0f5000-7f471b1a2000 r-xp 00000000 08:16 1056218                    /usr/lib/x86_64-linux-gnu/libgdk-x11-2.0.so.0.2400.10
7f471b1a2000-7f471b3a1000 ---p 000ad000 08:16 1056218                    /usr/lib/x86_64-linux-gnu/libgdk-x11-2.0.so.0.2400.10
7f471b3a1000-7f471b3a5000 r--p 000ac000 08:16 1056218                    /usr/lib/x86_64-linux-gnu/libgdk-x11-2.0.so.0.2400.10
7f471b3a5000-7f471b3a7000 rw-p 000b0000 08:16 1056218                    /usr/lib/x86_64-linux-gnu/libgdk-x11-2.0.so.0.2400.10
7f471b3a7000-7f471b7d4000 r-xp 00000000 08:16 1056313                    /usr/lib/x86_64-linux-gnu/libgtk-x11-2.0.so.0.2400.10
7f471b7d4000-7f471b9d4000 ---p 0042d000 08:16 1056313                    /usr/lib/x86_64-linux-gnu/libgtk-x11-2.0.so.0.2400.10
7f471b9d4000-7f471b9db000 r--p 0042d000 08:16 1056313                    /usr/lib/x86_64-linux-gnu/libgtk-x11-2.0.so.0.2400.10
7f471b9db000-7f471b9df000 rw-p 00434000 08:16 1056313                    /usr/lib/x86_64-linux-gnu/libgtk-x11-2.0.so.0.2400.10
7f471b9df000-7f471b9e1000 rw-p 00000000 00:00 0 
7f471b9e1000-7f471b9ef000 r-xp 00000000 08:16 1056027                    /usr/lib/x86_64-linux-gnu/libXi.so.6.1.0
7f471b9ef000-7f471bbee000 ---p 0000e000 08:16 1056027                    /usr/lib/x86_64-linux-gnu/libXi.so.6.1.0
7f471bbee000-7f471bbef000 r--p 0000d000 08:16 1056027                    /usr/lib/x86_64-linux-gnu/libXi.so.6.1.0
7f471bbef000-7f471bbf0000 rw-p 0000e000 08:16 1056027                    /usr/lib/x86_64-linux-gnu/libXi.so.6.1.0
7f471bbf0000-7f471bbf5000 r-xp 00000000 08:16 1056045                    /usr/lib/x86_64-linux-gnu/libXtst.so.6.1.0
7f471bbf5000-7f471bdf4000 ---p 00005000 08:16 1056045                    /usr/lib/x86_64-linux-gnu/libXtst.so.6.1.0
7f471bdf4000-7f471bdf5000 r--p 00004000 08:16 1056045                    /usr/lib/x86_64-linux-gnu/libXtst.so.6.1.0
7f471bdf5000-7f471bdf6000 rw-p 00005000 08:16 1056045                    /usr/lib/x86_64-linux-gnu/libXtst.so.6.1.0
7f471bdf6000-7f471bdff000 r-xp 00000000 08:16 1056041                    /usr/lib/x86_64-linux-gnu/libXrender.so.1.3.0
7f471bdff000-7f471bffe000 ---p 00009000 08:16 1056041                    /usr/lib/x86_64-linux-gnu/libXrender.so.1.3.0
7f471bffe000-7f471bfff000 r--p 00008000 08:16 1056041                    /usr/lib/x86_64-linux-gnu/libXrender.so.1.3.0
7f471bfff000-7f471c000000 rw-p 00009000 08:16 1056041                    /usr/lib/x86_64-linux-gnu/libXrender.so.1.3.0
7f471c000000-7f471c710000 rw-p 00000000 00:00 0 
7f471c710000-7f4720000000 ---p 00000000 00:00 0 
7f4720000000-7f4720021000 rw-p 00000000 00:00 0 
7f4720021000-7f4724000000 ---p 00000000 00:00 0 
7f4724000000-7f47240d6000 rw-p 00000000 00:00 0 
7f47240d6000-7f4728000000 ---p 00000000 00:00 0 
7f4728000000-7f4728895000 rw-p 00000000 00:00 0 
7f4728895000-7f472c000000 ---p 00000000 00:00 0 
7f472c000000-7f472c021000 rw-p 00000000 00:00 0 
7f472c021000-7f4730000000 ---p 00000000 00:00 0 
7f4730000000-7f4730021000 rw-p 00000000 00:00 0 
7f4730021000-7f4734000000 ---p 00000000 00:00 0 
7f4734000000-7f4734021000 rw-p 00000000 00:00 0 
7f4734021000-7f4738000000 ---p 00000000 00:00 0 
7f4738000000-7f4738021000 rw-p 00000000 00:00 0 
7f4738021000-7f473c000000 ---p 00000000 00:00 0 
7f473c000000-7f473c021000 rw-p 00000000 00:00 0 
7f473c021000-7f4740000000 ---p 00000000 00:00 0 
7f4740000000-7f4740016000 r--s 00000000 08:16 1838078                    /usr/share/fonts/type1/gsfonts/n021024l.pfb
7f4740016000-7f474002c000 r--s 00000000 08:16 1838087                    /usr/share/fonts/type1/gsfonts/n022023l.pfb
7f474002c000-7f4740043000 r--s 00000000 08:16 1838075                    /usr/share/fonts/type1/gsfonts/n021023l.pfb
7f4740043000-7f474004d000 r--s 00000000 08:16 1838111                    /usr/share/fonts/type1/mathml/Symbol.pfb
7f474004d000-7f474007e000 rw-p 00000000 00:00 0 
7f474007e000-7f47401ad000 r-xp 00000000 08:16 1056006                    /usr/lib/x86_64-linux-gnu/libX11.so.6.3.0
7f47401ad000-7f47403ad000 ---p 0012f000 08:16 1056006                    /usr/lib/x86_64-linux-gnu/libX11.so.6.3.0
7f47403ad000-7f47403ae000 r--p 0012f000 08:16 1056006                    /usr/lib/x86_64-linux-gnu/libX11.so.6.3.0
7f47403ae000-7f47403b2000 rw-p 00130000 08:16 1056006                    /usr/lib/x86_64-linux-gnu/libX11.so.6.3.0
7f47403b2000-7f47403c2000 r-xp 00000000 08:16 1056021                    /usr/lib/x86_64-linux-gnu/libXext.so.6.4.0
7f47403c2000-7f47405c1000 ---p 00010000 08:16 1056021                    /usr/lib/x86_64-linux-gnu/libXext.so.6.4.0
7f47405c1000-7f47405c2000 r--p 0000f000 08:16 1056021                    /usr/lib/x86_64-linux-gnu/libXext.so.6.4.0
7f47405c2000-7f47405c3000 rw-p 00010000 08:16 1056021                    /usr/lib/x86_64-linux-gnu/libXext.so.6.4.0
7f47405c3000-7f4740619000 r-xp 00000000 08:16 3544819                    /usr/lib/jvm/java-7-openjdk-amd64/jre/lib/amd64/xawt/libmawt.so
7f4740619000-7f4740818000 ---p 00056000 08:16 3544819                    /usr/lib/jvm/java-7-openjdk-amd64/jre/lib/amd64/xawt/libmawt.so
7f4740818000-7f4740819000 r--p 00055000 08:16 3544819                    /usr/lib/jvm/java-7-openjdk-amd64/jre/lib/amd64/xawt/libmawt.so
7f4740819000-7f474081c000 rw-p 00056000 08:16 3544819                    /usr/lib/jvm/java-7-openjdk-amd64/jre/lib/amd64/xawt/libmawt.so
7f474081c000-7f474081d000 rw-p 00000000 00:00 0 
7f474081d000-7f47408cb000 r-xp 00000000 08:16 3544588                    /usr/lib/jvm/java-7-openjdk-amd64/jre/lib/amd64/libawt.so
7f47408cb000-7f4740aca000 ---p 000ae000 08:16 3544588                    /usr/lib/jvm/java-7-openjdk-amd64/jre/lib/amd64/libawt.so
7f4740aca000-7f4740acb000 r--p 000ad000 08:16 3544588                    /usr/lib/jvm/java-7-openjdk-amd64/jre/lib/amd64/libawt.so
7f4740acb000-7f4740ad6000 rw-p 000ae000 08:16 3544588                    /usr/lib/jvm/java-7-openjdk-amd64/jre/lib/amd64/libawt.so
7f4740ad6000-7f4740afb000 rw-p 00000000 00:00 0 
7f4740afb000-7f4740afc000 ---p 00000000 00:00 0 
7f4740afc000-7f4740bfc000 rw-p 00000000 00:00 0 
7f4740bfc000-7f4740bff000 ---p 00000000 00:00 0 
7f4740bff000-7f4740cfd000 rw-p 00000000 00:00 0 
7f4740cfd000-7f4740d00000 ---p 00000000 00:00 0 
7f4740d00000-7f4740dfe000 rw-p 00000000 00:00 0 
7f4740dfe000-7f4740e01000 ---p 00000000 00:00 0 
7f4740e01000-7f4740eff000 rw-p 00000000 00:00 0 
7f4740eff000-7f4740f02000 ---p 00000000 00:00 0 
7f4740f02000-7f4741000000 rw-p 00000000 00:00 0 
7f4741000000-7f4741270000 rwxp 00000000 00:00 0 
7f4741270000-7f474433f000 rw-p 00000000 00:00 0 
7f474433f000-7f4748000000 ---p 00000000 00:00 0 
7f4748000000-7f4748003000 r--s 00000000 08:16 1843613                    /var/cache/fontconfig/8801497958630a81b71ace7c5f9b32a8-le64.cache-3
7f4748003000-7f4748004000 r--s 00000000 08:16 1843607                    /var/cache/fontconfig/56cf4f4769d0f4abc89a4895d7bd3ae1-le64.cache-3
7f4748004000-7f4748005000 r--s 00000000 08:16 1843618                    /var/cache/fontconfig/b9d506c9ac06c20b433354fa67a72993-le64.cache-3
7f4748005000-7f4748016000 r--s 00000000 08:16 1838051                    /usr/share/fonts/type1/gsfonts/n019023l.pfb
7f4748016000-7f474802a000 r--s 00000000 08:16 1838045                    /usr/share/fonts/type1/gsfonts/n019003l.pfb
7f474802a000-7f474802c000 r--p 00000000 08:16 3539469                    /home/relissa/.config/dconf/user
7f474802c000-7f474802d000 r--s 00000000 08:16 3539486                    /home/relissa/.cache/dconf/user
7f474802d000-7f4748051000 r--p 00000000 08:16 1836903                    /usr/share/glib-2.0/schemas/gschemas.compiled
7f4748051000-7f474805a000 r--s 00263000 08:16 1050329                    /usr/lib/jvm/java-7-openjdk-common/jre/lib/resources.jar
7f474805a000-7f474805d000 r--s 0001a000 08:16 3677188                    /home/relissa/jmonkeyplatform/jmonkeyplatform/libs/xmlpull-xpp3.jar
7f474805d000-7f474805f000 r--s 00012000 08:16 3677292                    /home/relissa/jmonkeyplatform/jmonkeyplatform/libs/eventbus.jar
7f474805f000-7f4748062000 r--s 0000f000 08:16 3676956                    /home/relissa/jmonkeyplatform/jmonkeyplatform/libs/nifty-style-black.jar
7f4748062000-7f474806a000 r--s 00033000 08:16 3676642                    /home/relissa/jmonkeyplatform/jmonkeyplatform/libs/nifty-default-controls.jar
7f474806a000-7f4748074000 r--s 0006c000 08:16 3677370                    /home/relissa/jmonkeyplatform/jmonkeyplatform/libs/nifty.jar
7f4748074000-7f4748075000 r--s 00005000 08:16 3677938                    /home/relissa/jmonkeyplatform/jmonkeyplatform/libs/jME3-niftygui.jar
7f4748075000-7f4748076000 r--s 0000b000 08:16 3677222                    /home/relissa/jmonkeyplatform/jmonkeyplatform/libs/stack-alloc.jar
7f4748076000-7f4748078000 r--s 0003c000 08:16 3677429                    /home/relissa/jmonkeyplatform/jmonkeyplatform/libs/vecmath.jar
7f4748078000-7f4748082000 r--s 00079000 08:16 3677317                    /home/relissa/jmonkeyplatform/jmonkeyplatform/libs/jbullet.jar
7f4748082000-7f4748085000 r--s 00020000 08:16 3677185                    /home/relissa/jmonkeyplatform/jmonkeyplatform/libs/jME3-jbullet.jar
7f4748085000-7f4748092000 r--s 000d4000 08:16 3677369                    /home/relissa/jmonkeyplatform/jmonkeyplatform/libs/lwjgl.jar
7f4748092000-7f4748096000 r--s 00030000 08:16 3677346                    /home/relissa/jmonkeyplatform/jmonkeyplatform/libs/jinput.jar
7f4748096000-7f4748098000 r--s 001eb000 08:16 3676914                    /home/relissa/jmonkeyplatform/jmonkeyplatform/libs/jME3-lwjgl-natives.jar
7f4748098000-7f474809a000 r--s 00016000 08:16 3677931                    /home/relissa/jmonkeyplatform/jmonkeyplatform/libs/jME3-lwjgl.jar
7f474809a000-7f474809d000 r--s 00022000 08:16 3677940                    /home/relissa/jmonkeyplatform/jmonkeyplatform/libs/jME3-terrain.jar
7f474809d000-7f4748780000 r--p 00000000 08:16 1055298                    /usr/lib/locale/locale-archive
7f4748780000-7f4748783000 ---p 00000000 00:00 0 
7f4748783000-7f4748881000 rw-p 00000000 00:00 0 
7f4748881000-7f4748884000 ---p 00000000 00:00 0 
7f4748884000-7f4748982000 rw-p 00000000 00:00 0 
7f4748982000-7f4748983000 ---p 00000000 00:00 0 
7f4748983000-7f4748df2000 rw-p 00000000 00:00 0 
7f4748df2000-7f4748fa1000 r--s 03e91000 08:16 3544596                    /usr/lib/jvm/java-7-openjdk-amd64/jre/lib/rt.jar
7f4748fa1000-7f4748fc9000 rw-p 00000000 00:00 0 
7f4748fc9000-7f4748fca000 ---p 00000000 00:00 0 
7f4748fca000-7f47490ca000 rw-p 00000000 00:00 0 
7f47490ca000-7f47490cb000 ---p 00000000 00:00 0 
7f47490cb000-7f47491d6000 rw-p 00000000 00:00 0 
7f47491d6000-7f474921e000 rw-p 00000000 00:00 0 
7f474921e000-7f4749232000 rw-p 00000000 00:00 0 
7f4749232000-7f4749353000 rw-p 00000000 00:00 0 
7f4749353000-7f474935e000 rw-p 00000000 00:00 0 
7f474935e000-7f47493a6000 rw-p 00000000 00:00 0 
7f47493a6000-7f47493ba000 rw-p 00000000 00:00 0 
7f47493ba000-7f47494da000 rw-p 00000000 00:00 0 
7f47494da000-7f47494e5000 rw-p 00000000 00:00 0 
7f47494e5000-7f4749575000 rw-p 00000000 00:00 0 
7f4749575000-7f4749576000 rw-p 00000000 00:00 0 
7f4749576000-7f474957e000 r-xp 00000000 08:16 3544581                    /usr/lib/jvm/java-7-openjdk-amd64/jre/lib/amd64/libzip.so
7f474957e000-7f474977d000 ---p 00008000 08:16 3544581                    /usr/lib/jvm/java-7-openjdk-amd64/jre/lib/amd64/libzip.so
7f474977d000-7f474977e000 r--p 00007000 08:16 3544581                    /usr/lib/jvm/java-7-openjdk-amd64/jre/lib/amd64/libzip.so
7f474977e000-7f474977f000 rw-p 00008000 08:16 3544581                    /usr/lib/jvm/java-7-openjdk-amd64/jre/lib/amd64/libzip.so
7f474977f000-7f474978b000 r-xp 00000000 08:16 5246630                    /lib/x86_64-linux-gnu/libnss_files-2.15.so
7f474978b000-7f474998a000 ---p 0000c000 08:16 5246630                    /lib/x86_64-linux-gnu/libnss_files-2.15.so
7f474998a000-7f474998b000 r--p 0000b000 08:16 5246630                    /lib/x86_64-linux-gnu/libnss_files-2.15.so
7f474998b000-7f474998c000 rw-p 0000c000 08:16 5246630                    /lib/x86_64-linux-gnu/libnss_files-2.15.so
7f474998c000-7f4749996000 r-xp 00000000 08:16 5246634                    /lib/x86_64-linux-gnu/libnss_nis-2.15.so
7f4749996000-7f4749b96000 ---p 0000a000 08:16 5246634                    /lib/x86_64-linux-gnu/libnss_nis-2.15.so
7f4749b96000-7f4749b97000 r--p 0000a000 08:16 5246634                    /lib/x86_64-linux-gnu/libnss_nis-2.15.so
7f4749b97000-7f4749b98000 rw-p 0000b000 08:16 5246634                    /lib/x86_64-linux-gnu/libnss_nis-2.15.so
7f4749b98000-7f4749baf000 r-xp 00000000 08:16 5246624                    /lib/x86_64-linux-gnu/libnsl-2.15.so
7f4749baf000-7f4749dae000 ---p 00017000 08:16 5246624                    /lib/x86_64-linux-gnu/libnsl-2.15.so
7f4749dae000-7f4749daf000 r--p 00016000 08:16 5246624                    /lib/x86_64-linux-gnu/libnsl-2.15.so
7f4749daf000-7f4749db0000 rw-p 00017000 08:16 5246624                    /lib/x86_64-linux-gnu/libnsl-2.15.so
7f4749db0000-7f4749db2000 rw-p 00000000 00:00 0 
7f4749db2000-7f4749dba000 r-xp 00000000 08:16 5246626                    /lib/x86_64-linux-gnu/libnss_compat-2.15.so
7f4749dba000-7f4749fb9000 ---p 00008000 08:16 5246626                    /lib/x86_64-linux-gnu/libnss_compat-2.15.so
7f4749fb9000-7f4749fba000 r--p 00007000 08:16 5246626                    /lib/x86_64-linux-gnu/libnss_compat-2.15.so
7f4749fba000-7f4749fbb000 rw-p 00008000 08:16 5246626                    /lib/x86_64-linux-gnu/libnss_compat-2.15.so
7f4749fbb000-7f4749fe2000 r-xp 00000000 08:16 3544563                    /usr/lib/jvm/java-7-openjdk-amd64/jre/lib/amd64/libjava.so
7f4749fe2000-7f474a1e1000 ---p 00027000 08:16 3544563                    /usr/lib/jvm/java-7-openjdk-amd64/jre/lib/amd64/libjava.so
7f474a1e1000-7f474a1e2000 r--p 00026000 08:16 3544563                    /usr/lib/jvm/java-7-openjdk-amd64/jre/lib/amd64/libjava.so
7f474a1e2000-7f474a1e4000 rw-p 00027000 08:16 3544563                    /usr/lib/jvm/java-7-openjdk-amd64/jre/lib/amd64/libjava.so
7f474a1e4000-7f474a1f2000 r-xp 00000000 08:16 3544574                    /usr/lib/jvm/java-7-openjdk-amd64/jre/lib/amd64/libverify.so
7f474a1f2000-7f474a3f1000 ---p 0000e000 08:16 3544574                    /usr/lib/jvm/java-7-openjdk-amd64/jre/lib/amd64/libverify.so
7f474a3f1000-7f474a3f3000 r--p 0000d000 08:16 3544574                    /usr/lib/jvm/java-7-openjdk-amd64/jre/lib/amd64/libverify.so
7f474a3f3000-7f474a3f4000 rw-p 0000f000 08:16 3544574                    /usr/lib/jvm/java-7-openjdk-amd64/jre/lib/amd64/libverify.so
7f474a3f4000-7f474a3fb000 r-xp 00000000 08:16 5246665                    /lib/x86_64-linux-gnu/librt-2.15.so
7f474a3fb000-7f474a5fa000 ---p 00007000 08:16 5246665                    /lib/x86_64-linux-gnu/librt-2.15.so
7f474a5fa000-7f474a5fb000 r--p 00006000 08:16 5246665                    /lib/x86_64-linux-gnu/librt-2.15.so
7f474a5fb000-7f474a5fc000 rw-p 00007000 08:16 5246665                    /lib/x86_64-linux-gnu/librt-2.15.so
7f474a5fc000-7f474a611000 r-xp 00000000 08:16 5246600                    /lib/x86_64-linux-gnu/libgcc_s.so.1
7f474a611000-7f474a810000 ---p 00015000 08:16 5246600                    /lib/x86_64-linux-gnu/libgcc_s.so.1
7f474a810000-7f474a811000 r--p 00014000 08:16 5246600                    /lib/x86_64-linux-gnu/libgcc_s.so.1
7f474a811000-7f474a812000 rw-p 00015000 08:16 5246600                    /lib/x86_64-linux-gnu/libgcc_s.so.1
7f474a812000-7f474a90b000 r-xp 00000000 08:16 5246611                    /lib/x86_64-linux-gnu/libm-2.15.so
7f474a90b000-7f474ab0a000 ---p 000f9000 08:16 5246611                    /lib/x86_64-linux-gnu/libm-2.15.so
7f474ab0a000-7f474ab0b000 r--p 000f8000 08:16 5246611                    /lib/x86_64-linux-gnu/libm-2.15.so
7f474ab0b000-7f474ab0c000 rw-p 000f9000 08:16 5246611                    /lib/x86_64-linux-gnu/libm-2.15.so
7f474ab0c000-7f474abee000 r-xp 00000000 08:16 1056535                    /usr/lib/x86_64-linux-gnu/libstdc++.so.6.0.16
7f474abee000-7f474aded000 ---p 000e2000 08:16 1056535                    /usr/lib/x86_64-linux-gnu/libstdc++.so.6.0.16
7f474aded000-7f474adf5000 r--p 000e1000 08:16 1056535                    /usr/lib/x86_64-linux-gnu/libstdc++.so.6.0.16
7f474adf5000-7f474adf7000 rw-p 000e9000 08:16 1056535                    /usr/lib/x86_64-linux-gnu/libstdc++.so.6.0.16
7f474adf7000-7f474ae0c000 rw-p 00000000 00:00 0 
7f474ae0c000-7f474b79f000 r-xp 00000000 08:16 3544559                    /usr/lib/jvm/java-7-openjdk-amd64/jre/lib/amd64/server/libjvm.so
7f474b79f000-7f474b99f000 ---p 00993000 08:16 3544559                    /usr/lib/jvm/java-7-openjdk-amd64/jre/lib/amd64/server/libjvm.so
7f474b99f000-7f474ba19000 r--p 00993000 08:16 3544559                    /usr/lib/jvm/java-7-openjdk-amd64/jre/lib/amd64/server/libjvm.so
7f474ba19000-7f474ba3b000 rw-p 00a0d000 08:16 3544559                    /usr/lib/jvm/java-7-openjdk-amd64/jre/lib/amd64/server/libjvm.so
7f474ba3b000-7f474ba66000 rw-p 00000000 00:00 0 
7f474ba66000-7f474ba7e000 r-xp 00000000 08:16 5246659                    /lib/x86_64-linux-gnu/libpthread-2.15.so
7f474ba7e000-7f474bc7d000 ---p 00018000 08:16 5246659                    /lib/x86_64-linux-gnu/libpthread-2.15.so
7f474bc7d000-7f474bc7e000 r--p 00017000 08:16 5246659                    /lib/x86_64-linux-gnu/libpthread-2.15.so
7f474bc7e000-7f474bc7f000 rw-p 00018000 08:16 5246659                    /lib/x86_64-linux-gnu/libpthread-2.15.so
7f474bc7f000-7f474bc83000 rw-p 00000000 00:00 0 
7f474bc83000-7f474bc99000 r-xp 00000000 08:16 5246690                    /lib/x86_64-linux-gnu/libz.so.1.2.3.4
7f474bc99000-7f474be98000 ---p 00016000 08:16 5246690                    /lib/x86_64-linux-gnu/libz.so.1.2.3.4
7f474be98000-7f474be99000 r--p 00015000 08:16 5246690                    /lib/x86_64-linux-gnu/libz.so.1.2.3.4
7f474be99000-7f474be9a000 rw-p 00016000 08:16 5246690                    /lib/x86_64-linux-gnu/libz.so.1.2.3.4
7f474be9a000-7f474be9c000 r-xp 00000000 08:16 5246592                    /lib/x86_64-linux-gnu/libdl-2.15.so
7f474be9c000-7f474c09c000 ---p 00002000 08:16 5246592                    /lib/x86_64-linux-gnu/libdl-2.15.so
7f474c09c000-7f474c09d000 r--p 00002000 08:16 5246592                    /lib/x86_64-linux-gnu/libdl-2.15.so
7f474c09d000-7f474c09e000 rw-p 00003000 08:16 5246592                    /lib/x86_64-linux-gnu/libdl-2.15.so
7f474c09e000-7f474c251000 r-xp 00000000 08:16 5246579                    /lib/x86_64-linux-gnu/libc-2.15.so
7f474c251000-7f474c450000 ---p 001b3000 08:16 5246579                    /lib/x86_64-linux-gnu/libc-2.15.so
7f474c450000-7f474c454000 r--p 001b2000 08:16 5246579                    /lib/x86_64-linux-gnu/libc-2.15.so
7f474c454000-7f474c456000 rw-p 001b6000 08:16 5246579                    /lib/x86_64-linux-gnu/libc-2.15.so
7f474c456000-7f474c45b000 rw-p 00000000 00:00 0 
7f474c45b000-7f474c467000 r-xp 00000000 08:16 3544565                    /usr/lib/jvm/java-7-openjdk-amd64/jre/lib/amd64/jli/libjli.so
7f474c467000-7f474c667000 ---p 0000c000 08:16 3544565                    /usr/lib/jvm/java-7-openjdk-amd64/jre/lib/amd64/jli/libjli.so
7f474c667000-7f474c668000 r--p 0000c000 08:16 3544565                    /usr/lib/jvm/java-7-openjdk-amd64/jre/lib/amd64/jli/libjli.so
7f474c668000-7f474c669000 rw-p 0000d000 08:16 3544565                    /usr/lib/jvm/java-7-openjdk-amd64/jre/lib/amd64/jli/libjli.so
7f474c669000-7f474c68b000 r-xp 00000000 08:16 5246559                    /lib/x86_64-linux-gnu/ld-2.15.so
7f474c68b000-7f474c68c000 r--s 00009000 08:16 3677159                    /home/relissa/jmonkeyplatform/jmonkeyplatform/libs/j-ogg-vorbisd.jar
7f474c68c000-7f474c68d000 r--s 00002000 08:16 3677929                    /home/relissa/jmonkeyplatform/jmonkeyplatform/libs/jME3-jogg.jar
7f474c68d000-7f474c691000 r--s 0001b000 08:16 3677934                    /home/relissa/jmonkeyplatform/jmonkeyplatform/libs/jME3-networking.jar
7f474c691000-7f474c694000 r--s 0006b000 08:16 3677923                    /home/relissa/jmonkeyplatform/jmonkeyplatform/libs/jME3-effects.jar
7f474c694000-7f474c695000 r--s 0000f000 08:16 3677939                    /home/relissa/jmonkeyplatform/jmonkeyplatform/libs/jME3-plugins.jar
7f474c695000-7f474c698000 r--s 00033000 08:16 3677921                    /home/relissa/jmonkeyplatform/jmonkeyplatform/libs/jME3-desktop.jar
7f474c698000-7f474c6a7000 r--s 000f5000 08:16 3677920                    /home/relissa/jmonkeyplatform/jmonkeyplatform/libs/jME3-core.jar
7f474c6a7000-7f474c6b1000 rw-p 00000000 00:00 0 
7f474c6b1000-7f474c767000 rw-p 00000000 00:00 0 
7f474c767000-7f474c76a000 ---p 00000000 00:00 0 
7f474c76a000-7f474c86d000 rw-p 00000000 00:00 0 
7f474c86d000-7f474c86f000 r--s 00005000 08:16 3677249                    /home/relissa/jmonkeyplatform/jmonkeyplatform/libs/j-ogg-oggd.jar
7f474c86f000-7f474c872000 r--s 00032000 08:16 1050313                    /usr/lib/jvm/java-7-openjdk-common/jre/lib/ext/sunjce_provider.jar
7f474c872000-7f474c874000 r--s 00012000 08:16 1050314                    /usr/lib/jvm/java-7-openjdk-common/jre/lib/ext/zipfs.jar
7f474c874000-7f474c875000 r--s 00002000 08:16 1050311                    /usr/lib/jvm/java-7-openjdk-common/jre/lib/ext/dnsns.jar
7f474c875000-7f474c878000 r--s 00085000 08:16 1050312                    /usr/lib/jvm/java-7-openjdk-common/jre/lib/ext/localedata.jar
7f474c878000-7f474c87b000 r--s 0000f000 08:16 1050315                    /usr/lib/jvm/java-7-openjdk-common/jre/lib/ext/pulse-java.jar
7f474c87b000-7f474c87c000 r--s 00007000 08:16 1453403                    /usr/share/java/java-atk-wrapper.jar
7f474c87c000-7f474c87f000 r--s 0003c000 08:16 1050310                    /usr/lib/jvm/java-7-openjdk-common/jre/lib/ext/sunpkcs11.jar
7f474c87f000-7f474c887000 rw-s 00000000 08:16 4063433                    /tmp/hsperfdata_relissa/8201 (deleted)
7f474c887000-7f474c888000 rw-p 00000000 00:00 0 
7f474c888000-7f474c889000 ---p 00000000 00:00 0 
7f474c889000-7f474c88b000 rw-p 00000000 00:00 0 
7f474c88b000-7f474c88c000 r--p 00022000 08:16 5246559                    /lib/x86_64-linux-gnu/ld-2.15.so
7f474c88c000-7f474c88e000 rw-p 00023000 08:16 5246559                    /lib/x86_64-linux-gnu/ld-2.15.so
7fffba8ad000-7fffba8ce000 rw-p 00000000 00:00 0                          [stack]
7fffba9ff000-7fffbaa00000 r-xp 00000000 00:00 0                          [vdso]
ffffffffff600000-ffffffffff601000 r-xp 00000000 00:00 0                  [vsyscall]

VM Arguments:
jvm_args: -Dfile.encoding=UTF-8 
java_command: OCLP.Main
Launcher Type: SUN_STANDARD

Environment Variables:
PATH=/usr/lib/lightdm/lightdm:/usr/local/sbin:/usr/local/bin:/usr/sbin:/usr/bin:/sbin:/bin:/usr/games
SHELL=/bin/bash
DISPLAY=:0.0

Signal Handlers:
SIGSEGV: [libjvm.so+0x8065e0], sa_mask[0]=0x7ffbfeff, sa_flags=0x10000004
SIGBUS: [libjvm.so+0x8065e0], sa_mask[0]=0x7ffbfeff, sa_flags=0x10000004
SIGFPE: [libjvm.so+0x6ac6d0], sa_mask[0]=0x7ffbfeff, sa_flags=0x10000004
SIGPIPE: SIG_IGN, sa_mask[0]=0x00001000, sa_flags=0x10000000
SIGXFSZ: [libjvm.so+0x6ac6d0], sa_mask[0]=0x7ffbfeff, sa_flags=0x10000004
SIGILL: [libjvm.so+0x6ac6d0], sa_mask[0]=0x7ffbfeff, sa_flags=0x10000004
SIGUSR1: SIG_DFL, sa_mask[0]=0x00000000, sa_flags=0x00000000
SIGUSR2: [libjvm.so+0x6acaa0], sa_mask[0]=0x00000004, sa_flags=0x10000004
SIGHUP: [libjvm.so+0x6acbe0], sa_mask[0]=0x7ffbfeff, sa_flags=0x10000004
SIGINT: SIG_IGN, sa_mask[0]=0x00000000, sa_flags=0x00000000
SIGTERM: [libjvm.so+0x6acbe0], sa_mask[0]=0x7ffbfeff, sa_flags=0x10000004
SIGQUIT: [libjvm.so+0x6acbe0], sa_mask[0]=0x7ffbfeff, sa_flags=0x10000004


---------------  S Y S T E M  ---------------

OS:Ubuntu 12.04 (precise)
uname:Linux 3.2.0-24-generic #39-Ubuntu SMP Mon May 21 16:52:17 UTC 2012 x86_64
libc:glibc 2.15 NPTL 2.15 
rlimit: STACK 8192k, CORE 0k, NPROC 28916, NOFILE 4096, AS infinity
load average:1.81 1.66 1.55

/proc/meminfo:
MemTotal:        3791568 kB
MemFree:          142808 kB
Buffers:           76632 kB
Cached:          1026072 kB
SwapCached:         2444 kB
Active:          2375752 kB
Inactive:         861656 kB
Active(anon):    1916168 kB
Inactive(anon):   426012 kB
Active(file):     459584 kB
Inactive(file):   435644 kB
Unevictable:           0 kB
Mlocked:               0 kB
SwapTotal:        999420 kB
SwapFree:         956040 kB
Dirty:               356 kB
Writeback:             0 kB
AnonPages:       2132856 kB
Mapped:           182804 kB
Shmem:            207476 kB
Slab:             186460 kB
SReclaimable:     150040 kB
SUnreclaim:        36420 kB
KernelStack:        5232 kB
PageTables:        54104 kB
NFS_Unstable:          0 kB
Bounce:                0 kB
WritebackTmp:          0 kB
CommitLimit:     2895204 kB
Committed_AS:    6775412 kB
VmallocTotal:   34359738367 kB
VmallocUsed:      310392 kB
VmallocChunk:   34359425244 kB
HardwareCorrupted:     0 kB
AnonHugePages:         0 kB
HugePages_Total:       0
HugePages_Free:        0
HugePages_Rsvd:        0
HugePages_Surp:        0
Hugepagesize:       2048 kB
DirectMap4k:     3659264 kB
DirectMap2M:      272384 kB
DirectMap1G:           0 kB


CPU:total 2 (2 cores per cpu, 1 threads per core) family 16 model 6 stepping 2, cmov, cx8, fxsr, mmx, sse, sse2, sse3, popcnt, mmxext, 3dnowpref, lzcnt, sse4a

/proc/cpuinfo:
processor	: 0
vendor_id	: AuthenticAMD
cpu family	: 16
model		: 6
model name	: AMD Athlon(tm) II X2 215 Processor
stepping	: 2
microcode	: 0x100009f
cpu MHz		: 2700.000
cache size	: 512 KB
physical id	: 0
siblings	: 2
core id		: 0
cpu cores	: 2
apicid		: 0
initial apicid	: 0
fpu		: yes
fpu_exception	: yes
cpuid level	: 5
wp		: yes
flags		: fpu vme de pse tsc msr pae mce cx8 apic sep mtrr pge mca cmov pat pse36 clflush mmx fxsr sse sse2 ht syscall nx mmxext fxsr_opt pdpe1gb rdtscp lm 3dnowext 3dnow constant_tsc rep_good nopl nonstop_tsc extd_apicid pni monitor cx16 popcnt lahf_lm cmp_legacy svm extapic cr8_legacy abm sse4a misalignsse 3dnowprefetch osvw ibs skinit wdt npt lbrv svm_lock nrip_save
bogomips	: 5400.31
TLB size	: 1024 4K pages
clflush size	: 64
cache_alignment	: 64
address sizes	: 48 bits physical, 48 bits virtual
power management: ts ttp tm stc 100mhzsteps hwpstate

processor	: 1
vendor_id	: AuthenticAMD
cpu family	: 16
model		: 6
model name	: AMD Athlon(tm) II X2 215 Processor
stepping	: 2
microcode	: 0x100009f
cpu MHz		: 800.000
cache size	: 512 KB
physical id	: 0
siblings	: 2
core id		: 1
cpu cores	: 2
apicid		: 1
initial apicid	: 1
fpu		: yes
fpu_exception	: yes
cpuid level	: 5
wp		: yes
flags		: fpu vme de pse tsc msr pae mce cx8 apic sep mtrr pge mca cmov pat pse36 clflush mmx fxsr sse sse2 ht syscall nx mmxext fxsr_opt pdpe1gb rdtscp lm 3dnowext 3dnow constant_tsc rep_good nopl nonstop_tsc extd_apicid pni monitor cx16 popcnt lahf_lm cmp_legacy svm extapic cr8_legacy abm sse4a misalignsse 3dnowprefetch osvw ibs skinit wdt npt lbrv svm_lock nrip_save
bogomips	: 5386.51
TLB size	: 1024 4K pages
clflush size	: 64
cache_alignment	: 64
address sizes	: 48 bits physical, 48 bits virtual
power management: ts ttp tm stc 100mhzsteps hwpstate



Memory: 4k page, physical 3791568k(142808k free), swap 999420k(956040k free)

vm_info: OpenJDK 64-Bit Server VM (22.0-b10) for linux-amd64 JRE (1.7.0_03-b147), built on May  2 2012 16:57:58 by "buildd" with gcc 4.6.3

time: Fri Jun 15 17:48:14 2012
elapsed time: 24 seconds

