#
# A fatal error has been detected by the Java Runtime Environment:
#
#  SIGSEGV (0xb) at pc=0x00007fb5b45b6c58, pid=8514, tid=140418602018560
#
# JRE version: 7.0_03-b147
# Java VM: OpenJDK 64-Bit Server VM (22.0-b10 mixed mode linux-amd64 compressed oops)
# Derivative: IcedTea7 2.1.1pre
# Distribution: Ubuntu 12.04 LTS, package 7~u3-2.1.1~pre1-1ubuntu3
# Problematic frame:
# C  [libX11.so.6+0x33c58]  XQueryExtension+0x28
#
# Failed to write core dump. Core dumps have been disabled. To enable core dumping, try "ulimit -c unlimited" before starting Java again
#
# If you would like to submit a bug report, please include
# instructions on how to reproduce the bug and visit:
#   https://bugs.launchpad.net/ubuntu/+source/openjdk-7/
#

---------------  T H R E A D  ---------------

Current thread is native thread

siginfo:si_signo=SIGSEGV: si_errno=0, si_code=1 (SEGV_MAPERR), si_addr=0xffffffff88028978

Registers:
RAX=0x00000000011a2bd0, RBX=0xffffffff88028010, RCX=0x00007fffafb9f8b8, RDX=0x00007fffafb9f8b4
RSP=0x00007fffafb9f850, RBP=0x00007fb56f422932, RSI=0x00007fb56f422932, RDI=0xffffffff88028010
R8 =0x00007fffafb9f8bc, R9 =0x0000000000000000, R10=0x00007fb5c0a38fa8, R11=0x00007fb5c06baca0
R12=0x0000000000000000, R13=0x00007fb56f422932, R14=0x00000000011a2bd0, R15=0x0000000000000000
RIP=0x00007fb5b45b6c58, EFLAGS=0x0000000000010206, CSGSFS=0x0038000000000033, ERR=0x0000000000000005
  TRAPNO=0x000000000000000e

Top of Stack: (sp=0x00007fffafb9f850)
0x00007fffafb9f850:   00007fb5c068d790 00007fb5c0e4d000
0x00007fffafb9f860:   00007fb5c0049070 00007fb5c0e4c000
0x00007fffafb9f870:   00000000ffffffff ffffffff88028010
0x00007fffafb9f880:   00007fb56f422932 0000000000000000
0x00007fffafb9f890:   00007fb56f422932 00000000011a2bd0
0x00007fffafb9f8a0:   0000000000000000 00007fb5b45aac55
0x00007fffafb9f8b0:   00007fb5c0e6d048 00007fb56f55b520
0x00007fffafb9f8c0:   00007fb56f55b520 ffffffff88028010
0x00007fffafb9f8d0:   00007fb588031410 00007fb5b48c402b
0x00007fffafb9f8e0:   00007fb5c068d790 0000001100000075
0x00007fffafb9f8f0:   00007fffafb9f970 0000000000000000
0x00007fffafb9f900:   00007fffafb9f970 ffffffff88028010
0x00007fffafb9f910:   0000000000000000 00007fb5c0e6d048
0x00007fffafb9f920:   00007fb56f574d50 00007fb56f3c9119
0x00007fffafb9f930:   0000000000000000 0000000000000075
0x00007fffafb9f940:   00007fffafb9f970 00007fffafb9f990
0x00007fffafb9f950:   0000000000000000 00007fb5c0e6d048
0x00007fffafb9f960:   00007fb588021690 00007fb56f3bfb42
0x00007fffafb9f970:   00007fffafb9fdb0 00007fb56f4228b1
0x00007fffafb9f980:   0000000000000075 00007fb5c0c5992d
0x00007fffafb9f990:   00007fb5c0e6e2c8 00007fb5c0e6e858
0x00007fffafb9f9a0:   00007fb5c0e6b6a8 00007fb5b8006970
0x00007fffafb9f9b0:   00007fb5b8007480 00007fb5b8007980
0x00007fffafb9f9c0:   00007fb5b800c660 00007fb57010a9e0
0x00007fffafb9f9d0:   00007fb570112c10 00007fb57014b0c0
0x00007fffafb9f9e0:   00007fb570161c10 00007fb57015fc20
0x00007fffafb9f9f0:   00007fb5701600d0 00007fb57014cb70
0x00007fffafb9fa00:   00007fb57014d020 00007fb57014d4c0
0x00007fffafb9fa10:   00007fb5701949f0 00007fb5701c25a0
0x00007fffafb9fa20:   00007fb5701b1180 00007fb57016b610
0x00007fffafb9fa30:   00007fb570249000 00007fb57024a000
0x00007fffafb9fa40:   00007fb57024ba70 00007fb57024bf40 

Instructions: (pc=0x00007fb5b45b6c58)
0x00007fb5b45b6c38:   24 d8 48 89 fb 4c 89 64 24 e0 4c 89 6c 24 e8 48
0x00007fb5b45b6c48:   89 f5 4c 89 74 24 f0 4c 89 7c 24 f8 48 83 ec 58
0x00007fb5b45b6c58:   48 8b 87 68 09 00 00 49 89 d4 49 89 cd 4d 89 c6
0x00007fb5b45b6c68:   48 85 c0 74 02 ff 10 ba 08 00 00 00 be 62 00 00 

Register to memory mapping:

RAX=0x00000000011a2bd0 is an unknown value
RBX=0xffffffff88028010 is an unknown value
RCX=0x00007fffafb9f8b8 is an unknown value
RDX=0x00007fffafb9f8b4 is an unknown value
RSP=0x00007fffafb9f850 is an unknown value
RBP=0x00007fb56f422932: <offset 0x96932> in /usr/lib/fglrx/libGL.so.1 at 0x00007fb56f38c000
RSI=0x00007fb56f422932: <offset 0x96932> in /usr/lib/fglrx/libGL.so.1 at 0x00007fb56f38c000
RDI=0xffffffff88028010 is an unknown value
R8 =0x00007fffafb9f8bc is an unknown value
R9 =0x0000000000000000 is an unknown value
R10=0x00007fb5c0a38fa8: <offset 0x3b9fa8> in /lib/x86_64-linux-gnu/libc.so.6 at 0x00007fb5c067f000
R11=0x00007fb5c06baca0: __cxa_finalize+0 in /lib/x86_64-linux-gnu/libc.so.6 at 0x00007fb5c067f000
R12=0x0000000000000000 is an unknown value
R13=0x00007fb56f422932: <offset 0x96932> in /usr/lib/fglrx/libGL.so.1 at 0x00007fb56f38c000
R14=0x00000000011a2bd0 is an unknown value
R15=0x0000000000000000 is an unknown value


Stack: [0x00007fffafaa1000,0x00007fffafba1000],  sp=0x00007fffafb9f850,  free space=1018k
Native frames: (J=compiled Java code, j=interpreted, Vv=VM code, C=native code)
C  [libX11.so.6+0x33c58]  XQueryExtension+0x28


---------------  P R O C E S S  ---------------

VM state:at safepoint (shutting down)

VM Mutex/Monitor currently owned by a thread:  ([mutex/lock_event])
[0x00007fb5b8004d40] Threads_lock - owner thread: 0x00007fb5b809b800

Heap
 PSYoungGen      total 17280K, used 15871K [0x00000000ecb60000, 0x00000000edea0000, 0x0000000100000000)
  eden space 14848K, 90% used [0x00000000ecb60000,0x00000000ed887520,0x00000000ed9e0000)
  from space 2432K, 98% used [0x00000000edc40000,0x00000000ede989f0,0x00000000edea0000)
  to   space 2432K, 0% used [0x00000000ed9e0000,0x00000000ed9e0000,0x00000000edc40000)
 PSOldGen        total 39552K, used 4255K [0x00000000c6200000, 0x00000000c88a0000, 0x00000000ecb60000)
  object space 39552K, 10% used [0x00000000c6200000,0x00000000c6627f10,0x00000000c88a0000)
 PSPermGen       total 21440K, used 21433K [0x00000000bbc00000, 0x00000000bd0f0000, 0x00000000c6200000)
  object space 21440K, 99% used [0x00000000bbc00000,0x00000000bd0ee738,0x00000000bd0f0000)

Code Cache  [0x00007fb5b5000000, 0x00007fb5b5270000, 0x00007fb5b8000000)
 total_blobs=1062 nmethods=422 adapters=593 free_code_cache=47701Kb largest_free_block=48814016

Dynamic libraries:
00400000-00401000 r-xp 00000000 08:16 3544606                            /usr/lib/jvm/java-7-openjdk-amd64/jre/bin/java
00600000-00601000 r--p 00000000 08:16 3544606                            /usr/lib/jvm/java-7-openjdk-amd64/jre/bin/java
00601000-00602000 rw-p 00001000 08:16 3544606                            /usr/lib/jvm/java-7-openjdk-amd64/jre/bin/java
011a0000-011c1000 rw-p 00000000 00:00 0                                  [heap]
bbc00000-bd0f0000 rw-p 00000000 00:00 0 
bd0f0000-c6200000 rw-p 00000000 00:00 0 
c6200000-c88a0000 rw-p 00000000 00:00 0 
c88a0000-ecb60000 rw-p 00000000 00:00 0 
ecb60000-edea0000 rw-p 00000000 00:00 0 
edea0000-100000000 rw-p 00000000 00:00 0 
7fb564768000-7fb564769000 ---p 00000000 00:00 0 
7fb564769000-7fb564f69000 rw-p 00000000 00:00 0 
7fb56576a000-7fb5657b0000 r-xp 00000000 08:16 1056366                    /usr/lib/x86_64-linux-gnu/liblcms2.so.2.0.2
7fb5657b0000-7fb5659af000 ---p 00046000 08:16 1056366                    /usr/lib/x86_64-linux-gnu/liblcms2.so.2.0.2
7fb5659af000-7fb5659b0000 r--p 00045000 08:16 1056366                    /usr/lib/x86_64-linux-gnu/liblcms2.so.2.0.2
7fb5659b0000-7fb5659b4000 rw-p 00046000 08:16 1056366                    /usr/lib/x86_64-linux-gnu/liblcms2.so.2.0.2
7fb5659b4000-7fb5659b5000 rw-p 00000000 00:00 0 
7fb5659b5000-7fb5659b9000 r-xp 00000000 08:16 3544562                    /usr/lib/jvm/java-7-openjdk-amd64/jre/lib/amd64/libjavalcms.so
7fb5659b9000-7fb565bb8000 ---p 00004000 08:16 3544562                    /usr/lib/jvm/java-7-openjdk-amd64/jre/lib/amd64/libjavalcms.so
7fb565bb8000-7fb565bb9000 r--p 00003000 08:16 3544562                    /usr/lib/jvm/java-7-openjdk-amd64/jre/lib/amd64/libjavalcms.so
7fb565bb9000-7fb565bba000 rw-p 00004000 08:16 3544562                    /usr/lib/jvm/java-7-openjdk-amd64/jre/lib/amd64/libjavalcms.so
7fb565bba000-7fb565bf8000 r-xp 00000000 08:16 1056348                    /usr/lib/x86_64-linux-gnu/libjpeg.so.8.0.2
7fb565bf8000-7fb565df7000 ---p 0003e000 08:16 1056348                    /usr/lib/x86_64-linux-gnu/libjpeg.so.8.0.2
7fb565df7000-7fb565df8000 r--p 0003d000 08:16 1056348                    /usr/lib/x86_64-linux-gnu/libjpeg.so.8.0.2
7fb565df8000-7fb565df9000 rw-p 0003e000 08:16 1056348                    /usr/lib/x86_64-linux-gnu/libjpeg.so.8.0.2
7fb565df9000-7fb565e09000 rw-p 00000000 00:00 0 
7fb565e09000-7fb565e12000 r-xp 00000000 08:16 3544590                    /usr/lib/jvm/java-7-openjdk-amd64/jre/lib/amd64/libjavajpeg.so
7fb565e12000-7fb566011000 ---p 00009000 08:16 3544590                    /usr/lib/jvm/java-7-openjdk-amd64/jre/lib/amd64/libjavajpeg.so
7fb566011000-7fb566012000 r--p 00008000 08:16 3544590                    /usr/lib/jvm/java-7-openjdk-amd64/jre/lib/amd64/libjavajpeg.so
7fb566012000-7fb566013000 rw-p 00009000 08:16 3544590                    /usr/lib/jvm/java-7-openjdk-amd64/jre/lib/amd64/libjavajpeg.so
7fb5660d0000-7fb5660d1000 ---p 00000000 00:00 0 
7fb5660d1000-7fb5668d1000 rw-p 00000000 00:00 0 
7fb56a8d2000-7fb56a8d3000 ---p 00000000 00:00 0 
7fb56a8d3000-7fb56b0d3000 rw-p 00000000 00:00 0 
7fb56b0d3000-7fb56b386000 r-xp 00000000 08:16 1056578                    /usr/lib/x86_64-linux-gnu/libvorbisenc.so.2.0.8
7fb56b386000-7fb56b585000 ---p 002b3000 08:16 1056578                    /usr/lib/x86_64-linux-gnu/libvorbisenc.so.2.0.8
7fb56b585000-7fb56b5a1000 r--p 002b2000 08:16 1056578                    /usr/lib/x86_64-linux-gnu/libvorbisenc.so.2.0.8
7fb56b5a1000-7fb56b5a2000 rw-p 002ce000 08:16 1056578                    /usr/lib/x86_64-linux-gnu/libvorbisenc.so.2.0.8
7fb56b5a2000-7fb56b5ea000 r-xp 00000000 08:16 1055951                    /usr/lib/x86_64-linux-gnu/libFLAC.so.8.2.0
7fb56b5ea000-7fb56b7ea000 ---p 00048000 08:16 1055951                    /usr/lib/x86_64-linux-gnu/libFLAC.so.8.2.0
7fb56b7ea000-7fb56b7eb000 r--p 00048000 08:16 1055951                    /usr/lib/x86_64-linux-gnu/libFLAC.so.8.2.0
7fb56b7eb000-7fb56b7ec000 rw-p 00049000 08:16 1055951                    /usr/lib/x86_64-linux-gnu/libFLAC.so.8.2.0
7fb56b7ec000-7fb56b7f1000 r-xp 00000000 08:16 1056065                    /usr/lib/x86_64-linux-gnu/libasyncns.so.0.3.1
7fb56b7f1000-7fb56b9f0000 ---p 00005000 08:16 1056065                    /usr/lib/x86_64-linux-gnu/libasyncns.so.0.3.1
7fb56b9f0000-7fb56b9f1000 r--p 00004000 08:16 1056065                    /usr/lib/x86_64-linux-gnu/libasyncns.so.0.3.1
7fb56b9f1000-7fb56b9f2000 rw-p 00005000 08:16 1056065                    /usr/lib/x86_64-linux-gnu/libasyncns.so.0.3.1
7fb56b9f2000-7fb56ba52000 r-xp 00000000 08:16 1056513                    /usr/lib/x86_64-linux-gnu/libsndfile.so.1.0.25
7fb56ba52000-7fb56bc52000 ---p 00060000 08:16 1056513                    /usr/lib/x86_64-linux-gnu/libsndfile.so.1.0.25
7fb56bc52000-7fb56bc54000 r--p 00060000 08:16 1056513                    /usr/lib/x86_64-linux-gnu/libsndfile.so.1.0.25
7fb56bc54000-7fb56bc55000 rw-p 00062000 08:16 1056513                    /usr/lib/x86_64-linux-gnu/libsndfile.so.1.0.25
7fb56bc55000-7fb56bc59000 rw-p 00000000 00:00 0 
7fb56bc59000-7fb56bc61000 r-xp 00000000 08:16 5246688                    /lib/x86_64-linux-gnu/libwrap.so.0.7.6
7fb56bc61000-7fb56be60000 ---p 00008000 08:16 5246688                    /lib/x86_64-linux-gnu/libwrap.so.0.7.6
7fb56be60000-7fb56be61000 r--p 00007000 08:16 5246688                    /lib/x86_64-linux-gnu/libwrap.so.0.7.6
7fb56be61000-7fb56be62000 rw-p 00008000 08:16 5246688                    /lib/x86_64-linux-gnu/libwrap.so.0.7.6
7fb56be62000-7fb56bebe000 r-xp 00000000 08:16 1055773                    /usr/lib/x86_64-linux-gnu/libpulsecommon-1.1.so
7fb56bebe000-7fb56c0be000 ---p 0005c000 08:16 1055773                    /usr/lib/x86_64-linux-gnu/libpulsecommon-1.1.so
7fb56c0be000-7fb56c0bf000 r--p 0005c000 08:16 1055773                    /usr/lib/x86_64-linux-gnu/libpulsecommon-1.1.so
7fb56c0bf000-7fb56c0c0000 rw-p 0005d000 08:16 1055773                    /usr/lib/x86_64-linux-gnu/libpulsecommon-1.1.so
7fb56c0c0000-7fb56c0c7000 r-xp 00000000 08:16 1056352                    /usr/lib/x86_64-linux-gnu/libjson.so.0.0.1
7fb56c0c7000-7fb56c2c6000 ---p 00007000 08:16 1056352                    /usr/lib/x86_64-linux-gnu/libjson.so.0.0.1
7fb56c2c6000-7fb56c2c7000 r--p 00006000 08:16 1056352                    /usr/lib/x86_64-linux-gnu/libjson.so.0.0.1
7fb56c2c7000-7fb56c2c8000 rw-p 00007000 08:16 1056352                    /usr/lib/x86_64-linux-gnu/libjson.so.0.0.1
7fb56c2c8000-7fb56c30e000 r-xp 00000000 08:16 1055774                    /usr/lib/x86_64-linux-gnu/libpulse.so.0.13.5
7fb56c30e000-7fb56c50e000 ---p 00046000 08:16 1055774                    /usr/lib/x86_64-linux-gnu/libpulse.so.0.13.5
7fb56c50e000-7fb56c50f000 r--p 00046000 08:16 1055774                    /usr/lib/x86_64-linux-gnu/libpulse.so.0.13.5
7fb56c50f000-7fb56c510000 rw-p 00047000 08:16 1055774                    /usr/lib/x86_64-linux-gnu/libpulse.so.0.13.5
7fb56c760000-7fb56ce60000 rw-s 22c4b000 00:05 9165                       /dev/ati/card0
7fb56ce60000-7fb56ce9b000 r-xp 00000000 08:16 1054638                    /usr/lib/fglrx/libatiadlxx.so
7fb56ce9b000-7fb56cf9b000 ---p 0003b000 08:16 1054638                    /usr/lib/fglrx/libatiadlxx.so
7fb56cf9b000-7fb56cfa4000 rw-p 0003b000 08:16 1054638                    /usr/lib/fglrx/libatiadlxx.so
7fb56cfa4000-7fb56cfb5000 rw-p 00000000 00:00 0 
7fb56cfb5000-7fb56cfbc000 r-xp 00000000 08:16 1054658                    /usr/lib/fglrx/libatiuki.so.1.0
7fb56cfbc000-7fb56d0bc000 ---p 00007000 08:16 1054658                    /usr/lib/fglrx/libatiuki.so.1.0
7fb56d0bc000-7fb56d0bd000 rw-p 00007000 08:16 1054658                    /usr/lib/fglrx/libatiuki.so.1.0
7fb56d0bd000-7fb56d0be000 rw-p 00000000 00:00 0 
7fb56d0be000-7fb56f018000 r-xp 00000000 08:16 1054642                    /usr/lib/fglrx/dri/fglrx_dri.so
7fb56f018000-7fb56f118000 ---p 01f5a000 08:16 1054642                    /usr/lib/fglrx/dri/fglrx_dri.so
7fb56f118000-7fb56f266000 rwxp 01f5a000 08:16 1054642                    /usr/lib/fglrx/dri/fglrx_dri.so
7fb56f266000-7fb56f38c000 rwxp 00000000 00:00 0 
7fb56f38c000-7fb56f44f000 r-xp 00000000 08:16 1054665                    /usr/lib/fglrx/libGL.so.1.2
7fb56f44f000-7fb56f54e000 ---p 000c3000 08:16 1054665                    /usr/lib/fglrx/libGL.so.1.2
7fb56f54e000-7fb56f575000 rwxp 000c2000 08:16 1054665                    /usr/lib/fglrx/libGL.so.1.2
7fb56f575000-7fb56f595000 rwxp 00000000 00:00 0 
7fb56f595000-7fb56f5fc000 r-xp 00000000 08:16 3677813                    /home/relissa/NetBeansProjects/OCLP/liblwjgl64.so
7fb56f5fc000-7fb56f7fc000 ---p 00067000 08:16 3677813                    /home/relissa/NetBeansProjects/OCLP/liblwjgl64.so
7fb56f7fc000-7fb56f7fe000 r--p 00067000 08:16 3677813                    /home/relissa/NetBeansProjects/OCLP/liblwjgl64.so
7fb56f7fe000-7fb56f7ff000 rw-p 00069000 08:16 3677813                    /home/relissa/NetBeansProjects/OCLP/liblwjgl64.so
7fb570000000-7fb570565000 rw-p 00000000 00:00 0 
7fb570565000-7fb574000000 ---p 00000000 00:00 0 
7fb574029000-7fb57402d000 r-xp 00000000 08:16 1056049                    /usr/lib/x86_64-linux-gnu/libXxf86vm.so.1.0.0
7fb57402d000-7fb57422c000 ---p 00004000 08:16 1056049                    /usr/lib/x86_64-linux-gnu/libXxf86vm.so.1.0.0
7fb57422c000-7fb57422d000 r--p 00003000 08:16 1056049                    /usr/lib/x86_64-linux-gnu/libXxf86vm.so.1.0.0
7fb57422d000-7fb57422e000 rw-p 00004000 08:16 1056049                    /usr/lib/x86_64-linux-gnu/libXxf86vm.so.1.0.0
7fb57422e000-7fb57422f000 r-xp 00000000 08:16 3544578                    /usr/lib/jvm/java-7-openjdk-amd64/jre/lib/amd64/libjawt.so
7fb57422f000-7fb57442e000 ---p 00001000 08:16 3544578                    /usr/lib/jvm/java-7-openjdk-amd64/jre/lib/amd64/libjawt.so
7fb57442e000-7fb57442f000 r--p 00000000 08:16 3544578                    /usr/lib/jvm/java-7-openjdk-amd64/jre/lib/amd64/libjawt.so
7fb57442f000-7fb574430000 rw-p 00001000 08:16 3544578                    /usr/lib/jvm/java-7-openjdk-amd64/jre/lib/amd64/libjawt.so
7fb574430000-7fb574530000 rw-s 00000000 00:04 175079469                  /SYSV00000000 (deleted)
7fb574530000-7fb574590000 rw-s 00000000 00:04 175046700                  /SYSV00000000 (deleted)
7fb5745d0000-7fb5745e0000 rw-s fe9f0000 00:05 9165                       /dev/ati/card0
7fb5745e0000-7fb5745e3000 ---p 00000000 00:00 0 
7fb5745e3000-7fb5746e1000 rw-p 00000000 00:00 0 
7fb5746e1000-7fb5746e4000 ---p 00000000 00:00 0 
7fb5746e4000-7fb5747e2000 rw-p 00000000 00:00 0 
7fb5747e2000-7fb5747fc000 r-xp 00000000 08:16 1056151                    /usr/lib/x86_64-linux-gnu/libdbusmenu-glib.so.4.0.12
7fb5747fc000-7fb5749fb000 ---p 0001a000 08:16 1056151                    /usr/lib/x86_64-linux-gnu/libdbusmenu-glib.so.4.0.12
7fb5749fb000-7fb5749fc000 r--p 00019000 08:16 1056151                    /usr/lib/x86_64-linux-gnu/libdbusmenu-glib.so.4.0.12
7fb5749fc000-7fb5749fd000 rw-p 0001a000 08:16 1056151                    /usr/lib/x86_64-linux-gnu/libdbusmenu-glib.so.4.0.12
7fb5749fd000-7fb574a0f000 r-xp 00000000 08:16 1056153                    /usr/lib/x86_64-linux-gnu/libdbusmenu-gtk.so.4.0.12
7fb574a0f000-7fb574c0e000 ---p 00012000 08:16 1056153                    /usr/lib/x86_64-linux-gnu/libdbusmenu-gtk.so.4.0.12
7fb574c0e000-7fb574c0f000 r--p 00011000 08:16 1056153                    /usr/lib/x86_64-linux-gnu/libdbusmenu-gtk.so.4.0.12
7fb574c0f000-7fb574c10000 rw-p 00012000 08:16 1056153                    /usr/lib/x86_64-linux-gnu/libdbusmenu-gtk.so.4.0.12
7fb574c10000-7fb574c15000 r-xp 00000000 08:16 1052971                    /usr/lib/gtk-2.0/2.10.0/menuproxies/libappmenu.so
7fb574c15000-7fb574e14000 ---p 00005000 08:16 1052971                    /usr/lib/gtk-2.0/2.10.0/menuproxies/libappmenu.so
7fb574e14000-7fb574e15000 r--p 00004000 08:16 1052971                    /usr/lib/gtk-2.0/2.10.0/menuproxies/libappmenu.so
7fb574e15000-7fb574e16000 rw-p 00005000 08:16 1052971                    /usr/lib/gtk-2.0/2.10.0/menuproxies/libappmenu.so
7fb574e16000-7fb574e22000 r-xp 00000000 08:16 5246678                    /lib/x86_64-linux-gnu/libudev.so.0.13.0
7fb574e22000-7fb575021000 ---p 0000c000 08:16 5246678                    /lib/x86_64-linux-gnu/libudev.so.0.13.0
7fb575021000-7fb575022000 r--p 0000b000 08:16 5246678                    /lib/x86_64-linux-gnu/libudev.so.0.13.0
7fb575022000-7fb575023000 rw-p 0000c000 08:16 5246678                    /lib/x86_64-linux-gnu/libudev.so.0.13.0
7fb575023000-7fb575039000 r-xp 00000000 08:16 1314755                    /usr/lib/x86_64-linux-gnu/gvfs/libgvfscommon.so
7fb575039000-7fb575238000 ---p 00016000 08:16 1314755                    /usr/lib/x86_64-linux-gnu/gvfs/libgvfscommon.so
7fb575238000-7fb575239000 r--p 00015000 08:16 1314755                    /usr/lib/x86_64-linux-gnu/gvfs/libgvfscommon.so
7fb575239000-7fb57523a000 rw-p 00016000 08:16 1314755                    /usr/lib/x86_64-linux-gnu/gvfs/libgvfscommon.so
7fb57523a000-7fb575262000 r-xp 00000000 08:16 1314556                    /usr/lib/x86_64-linux-gnu/gio/modules/libgvfsdbus.so
7fb575262000-7fb575461000 ---p 00028000 08:16 1314556                    /usr/lib/x86_64-linux-gnu/gio/modules/libgvfsdbus.so
7fb575461000-7fb575462000 r--p 00027000 08:16 1314556                    /usr/lib/x86_64-linux-gnu/gio/modules/libgvfsdbus.so
7fb575462000-7fb575463000 rw-p 00028000 08:16 1314556                    /usr/lib/x86_64-linux-gnu/gio/modules/libgvfsdbus.so
7fb575463000-7fb5754a7000 r-xp 00000000 08:16 1056333                    /usr/lib/x86_64-linux-gnu/libibus-1.0.so.0.401.0
7fb5754a7000-7fb5756a6000 ---p 00044000 08:16 1056333                    /usr/lib/x86_64-linux-gnu/libibus-1.0.so.0.401.0
7fb5756a6000-7fb5756a8000 r--p 00043000 08:16 1056333                    /usr/lib/x86_64-linux-gnu/libibus-1.0.so.0.401.0
7fb5756a8000-7fb5756a9000 rw-p 00045000 08:16 1056333                    /usr/lib/x86_64-linux-gnu/libibus-1.0.so.0.401.0
7fb5756a9000-7fb5756aa000 rw-p 00000000 00:00 0 
7fb5756ac000-7fb5756af000 ---p 00000000 00:00 0 
7fb5756af000-7fb5756c6000 rw-p 00000000 00:00 0 
7fb5756c6000-7fb5756cc000 r-xp 00000000 08:16 1314695                    /usr/lib/x86_64-linux-gnu/gtk-2.0/2.10.0/immodules/im-ibus.so
7fb5756cc000-7fb5758cb000 ---p 00006000 08:16 1314695                    /usr/lib/x86_64-linux-gnu/gtk-2.0/2.10.0/immodules/im-ibus.so
7fb5758cb000-7fb5758cc000 r--p 00005000 08:16 1314695                    /usr/lib/x86_64-linux-gnu/gtk-2.0/2.10.0/immodules/im-ibus.so
7fb5758cc000-7fb5758cd000 rw-p 00006000 08:16 1314695                    /usr/lib/x86_64-linux-gnu/gtk-2.0/2.10.0/immodules/im-ibus.so
7fb5758cd000-7fb5758ea000 r--p 00000000 08:16 1835500                    /usr/share/fonts/truetype/droid/DroidSansMono.ttf
7fb5758ea000-7fb575941000 r--p 00000000 08:16 1837996                    /usr/share/fonts/truetype/ubuntu-font-family/Ubuntu-R.ttf
7fb575941000-7fb575943000 r-xp 00000000 08:16 1313859                    /usr/lib/x86_64-linux-gnu/pango/1.6.0/modules/pango-basic-fc.so
7fb575943000-7fb575b42000 ---p 00002000 08:16 1313859                    /usr/lib/x86_64-linux-gnu/pango/1.6.0/modules/pango-basic-fc.so
7fb575b42000-7fb575b43000 r--p 00001000 08:16 1313859                    /usr/lib/x86_64-linux-gnu/pango/1.6.0/modules/pango-basic-fc.so
7fb575b43000-7fb575b44000 rw-p 00002000 08:16 1313859                    /usr/lib/x86_64-linux-gnu/pango/1.6.0/modules/pango-basic-fc.so
7fb575b44000-7fb575b60000 r--s 00000000 08:16 1838102                    /usr/share/fonts/type1/gsfonts/p052024l.pfb
7fb575b60000-7fb575b70000 r--s 00000000 08:16 1838009                    /usr/share/fonts/type1/gsfonts/a010015l.pfb
7fb575b70000-7fb575b88000 r--s 00000000 08:16 1838039                    /usr/share/fonts/type1/gsfonts/c059036l.pfb
7fb575b88000-7fb575b99000 r--s 00000000 08:16 1838063                    /usr/share/fonts/type1/gsfonts/n019063l.pfb
7fb575b99000-7fb575bb4000 r--s 00000000 08:16 1838099                    /usr/share/fonts/type1/gsfonts/p052023l.pfb
7fb575bb4000-7fb575bc7000 r--s 00000000 08:16 1838066                    /usr/share/fonts/type1/gsfonts/n019064l.pfb
7fb575bc7000-7fb575bd3000 r--s 00000000 08:16 1838042                    /usr/share/fonts/type1/gsfonts/d050000l.pfb
7fb575bd3000-7fb575bee000 r--s 00000000 08:16 1838096                    /usr/share/fonts/type1/gsfonts/p052004l.pfb
7fb575bee000-7fb575bfe000 r--s 00000000 08:16 1838012                    /usr/share/fonts/type1/gsfonts/a010033l.pfb
7fb575bfe000-7fb575c17000 r--s 00000000 08:16 1838018                    /usr/share/fonts/type1/gsfonts/b018012l.pfb
7fb575c17000-7fb575c29000 r--s 00000000 08:16 1838027                    /usr/share/fonts/type1/gsfonts/b018035l.pfb
7fb575c29000-7fb575c41000 r--s 00000000 08:16 1838036                    /usr/share/fonts/type1/gsfonts/c059033l.pfb
7fb575c41000-7fb575c5c000 r--s 00000000 08:16 1838033                    /usr/share/fonts/type1/gsfonts/c059016l.pfb
7fb575c5c000-7fb575c6e000 r--s 00000000 08:16 1838060                    /usr/share/fonts/type1/gsfonts/n019044l.pfb
7fb575c6e000-7fb575c89000 r--s 00000000 08:16 1838093                    /usr/share/fonts/type1/gsfonts/p052003l.pfb
7fb575c89000-7fb575c99000 r--s 00000000 08:16 1838006                    /usr/share/fonts/type1/gsfonts/a010013l.pfb
7fb575c99000-7fb575cb0000 r--s 00000000 08:16 1838108                    /usr/share/fonts/type1/gsfonts/z003034l.pfb
7fb575cb0000-7fb575cb9000 r--s 00000000 08:16 1838105                    /usr/share/fonts/type1/gsfonts/s050000l.pfb
7fb575cb9000-7fb575cce000 r--s 00000000 08:16 1838024                    /usr/share/fonts/type1/gsfonts/b018032l.pfb
7fb575cce000-7fb575ce8000 r--s 00000000 08:16 1838030                    /usr/share/fonts/type1/gsfonts/c059013l.pfb
7fb575ce8000-7fb575cfa000 r--s 00000000 08:16 1838057                    /usr/share/fonts/type1/gsfonts/n019043l.pfb
7fb575cfa000-7fb575d0d000 r--s 00000000 08:16 1838021                    /usr/share/fonts/type1/gsfonts/b018015l.pfb
7fb575d0d000-7fb575d1e000 r--s 00000000 08:16 1838015                    /usr/share/fonts/type1/gsfonts/a010035l.pfb
7fb575d26000-7fb575d28000 rw-s 2314e000 00:05 9165                       /dev/ati/card0
7fb575d28000-7fb575d32000 r--s 00000000 08:16 1837283                    /usr/share/fonts/X11/Type1/c0611bt_.pfb
7fb575d32000-7fb575d42000 r-xp 00000000 08:16 3544571                    /usr/lib/jvm/java-7-openjdk-amd64/jre/lib/amd64/libnio.so
7fb575d42000-7fb575f41000 ---p 00010000 08:16 3544571                    /usr/lib/jvm/java-7-openjdk-amd64/jre/lib/amd64/libnio.so
7fb575f41000-7fb575f42000 r--p 0000f000 08:16 3544571                    /usr/lib/jvm/java-7-openjdk-amd64/jre/lib/amd64/libnio.so
7fb575f42000-7fb575f43000 rw-p 00010000 08:16 3544571                    /usr/lib/jvm/java-7-openjdk-amd64/jre/lib/amd64/libnio.so
7fb575f43000-7fb575f59000 r-xp 00000000 08:16 3544572                    /usr/lib/jvm/java-7-openjdk-amd64/jre/lib/amd64/libnet.so
7fb575f59000-7fb576159000 ---p 00016000 08:16 3544572                    /usr/lib/jvm/java-7-openjdk-amd64/jre/lib/amd64/libnet.so
7fb576159000-7fb57615a000 r--p 00016000 08:16 3544572                    /usr/lib/jvm/java-7-openjdk-amd64/jre/lib/amd64/libnet.so
7fb57615a000-7fb57615b000 rw-p 00017000 08:16 3544572                    /usr/lib/jvm/java-7-openjdk-amd64/jre/lib/amd64/libnet.so
7fb57615b000-7fb576196000 r-xp 00000000 08:16 3544568                    /usr/lib/jvm/java-7-openjdk-amd64/jre/lib/amd64/libfontmanager.so
7fb576196000-7fb576395000 ---p 0003b000 08:16 3544568                    /usr/lib/jvm/java-7-openjdk-amd64/jre/lib/amd64/libfontmanager.so
7fb576395000-7fb576397000 r--p 0003a000 08:16 3544568                    /usr/lib/jvm/java-7-openjdk-amd64/jre/lib/amd64/libfontmanager.so
7fb576397000-7fb576398000 rw-p 0003c000 08:16 3544568                    /usr/lib/jvm/java-7-openjdk-amd64/jre/lib/amd64/libfontmanager.so
7fb576398000-7fb57639e000 r-xp 00000000 08:16 1056418                    /usr/lib/x86_64-linux-gnu/libogg.so.0.7.1
7fb57639e000-7fb57659d000 ---p 00006000 08:16 1056418                    /usr/lib/x86_64-linux-gnu/libogg.so.0.7.1
7fb57659d000-7fb57659e000 r--p 00005000 08:16 1056418                    /usr/lib/x86_64-linux-gnu/libogg.so.0.7.1
7fb57659e000-7fb57659f000 rw-p 00006000 08:16 1056418                    /usr/lib/x86_64-linux-gnu/libogg.so.0.7.1
7fb57659f000-7fb5765ca000 r-xp 00000000 08:16 1056576                    /usr/lib/x86_64-linux-gnu/libvorbis.so.0.4.5
7fb5765ca000-7fb5767c9000 ---p 0002b000 08:16 1056576                    /usr/lib/x86_64-linux-gnu/libvorbis.so.0.4.5
7fb5767c9000-7fb5767ca000 r--p 0002a000 08:16 1056576                    /usr/lib/x86_64-linux-gnu/libvorbis.so.0.4.5
7fb5767ca000-7fb5767cb000 rw-p 0002b000 08:16 1056576                    /usr/lib/x86_64-linux-gnu/libvorbis.so.0.4.5
7fb5767cb000-7fb5767d3000 r-xp 00000000 08:16 1056375                    /usr/lib/x86_64-linux-gnu/libltdl.so.7.3.0
7fb5767d3000-7fb5769d3000 ---p 00008000 08:16 1056375                    /usr/lib/x86_64-linux-gnu/libltdl.so.7.3.0
7fb5769d3000-7fb5769d4000 r--p 00008000 08:16 1056375                    /usr/lib/x86_64-linux-gnu/libltdl.so.7.3.0
7fb5769d4000-7fb5769d5000 rw-p 00009000 08:16 1056375                    /usr/lib/x86_64-linux-gnu/libltdl.so.7.3.0
7fb5769d5000-7fb5769e5000 r-xp 00000000 08:16 1056543                    /usr/lib/x86_64-linux-gnu/libtdb.so.1.2.9
7fb5769e5000-7fb576be4000 ---p 00010000 08:16 1056543                    /usr/lib/x86_64-linux-gnu/libtdb.so.1.2.9
7fb576be4000-7fb576be5000 r--p 0000f000 08:16 1056543                    /usr/lib/x86_64-linux-gnu/libtdb.so.1.2.9
7fb576be5000-7fb576be6000 rw-p 00010000 08:16 1056543                    /usr/lib/x86_64-linux-gnu/libtdb.so.1.2.9
7fb576be6000-7fb576bed000 r-xp 00000000 08:16 1056580                    /usr/lib/x86_64-linux-gnu/libvorbisfile.so.3.3.4
7fb576bed000-7fb576dec000 ---p 00007000 08:16 1056580                    /usr/lib/x86_64-linux-gnu/libvorbisfile.so.3.3.4
7fb576dec000-7fb576ded000 r--p 00006000 08:16 1056580                    /usr/lib/x86_64-linux-gnu/libvorbisfile.so.3.3.4
7fb576ded000-7fb576dee000 rw-p 00007000 08:16 1056580                    /usr/lib/x86_64-linux-gnu/libvorbisfile.so.3.3.4
7fb576dee000-7fb576dfd000 r-xp 00000000 08:16 1056113                    /usr/lib/x86_64-linux-gnu/libcanberra.so.0.2.5
7fb576dfd000-7fb576ffc000 ---p 0000f000 08:16 1056113                    /usr/lib/x86_64-linux-gnu/libcanberra.so.0.2.5
7fb576ffc000-7fb576ffd000 r--p 0000e000 08:16 1056113                    /usr/lib/x86_64-linux-gnu/libcanberra.so.0.2.5
7fb576ffd000-7fb576ffe000 rw-p 0000f000 08:16 1056113                    /usr/lib/x86_64-linux-gnu/libcanberra.so.0.2.5
7fb576ffe000-7fb576fff000 ---p 00000000 00:00 0 
7fb576fff000-7fb5777ff000 rw-p 00000000 00:00 0 
7fb5777ff000-7fb577800000 ---p 00000000 00:00 0 
7fb577800000-7fb578000000 rw-p 00000000 00:00 0 
7fb578000000-7fb578021000 rw-p 00000000 00:00 0 
7fb578021000-7fb57c000000 ---p 00000000 00:00 0 
7fb57c000000-7fb57c021000 rw-p 00000000 00:00 0 
7fb57c021000-7fb580000000 ---p 00000000 00:00 0 
7fb580000000-7fb580028000 rw-p 00000000 00:00 0 
7fb580028000-7fb584000000 ---p 00000000 00:00 0 
7fb584003000-7fb58400c000 r--s 00000000 08:16 1837285                    /usr/share/fonts/X11/Type1/c0632bt_.pfb
7fb58400c000-7fb584016000 r--s 00000000 08:16 1837277                    /usr/share/fonts/X11/Type1/c0419bt_.pfb
7fb584016000-7fb584020000 r--s 00000000 08:16 1837279                    /usr/share/fonts/X11/Type1/c0582bt_.pfb
7fb584020000-7fb584029000 r--s 00000000 08:16 1837289                    /usr/share/fonts/X11/Type1/c0648bt_.pfb
7fb584029000-7fb584032000 r--s 00000000 08:16 1837287                    /usr/share/fonts/X11/Type1/c0633bt_.pfb
7fb584032000-7fb58403b000 r--s 00000000 08:16 1837291                    /usr/share/fonts/X11/Type1/c0649bt_.pfb
7fb58403b000-7fb584045000 r--s 00000000 08:16 1837281                    /usr/share/fonts/X11/Type1/c0583bt_.pfb
7fb584045000-7fb584046000 r--s 00000000 08:16 1843619                    /var/cache/fontconfig/c05880de57d1f5e948fdfacc138775d9-le64.cache-3
7fb584046000-7fb58404f000 r--s 00000000 08:16 1843614                    /var/cache/fontconfig/945677eb7aeaf62f1d50efc3fb3ec7d8-le64.cache-3
7fb58404f000-7fb584051000 r--s 00000000 08:16 1843615                    /var/cache/fontconfig/99e8ed0e538f840c565b6ed5dad60d56-le64.cache-3
7fb584051000-7fb584059000 r--s 00000000 08:16 1846703                    /var/cache/fontconfig/a6d8cf8e4ec09cdbc8633c31745a07dd-le64.cache-3
7fb584059000-7fb58405d000 r--s 00000000 08:16 1843601                    /var/cache/fontconfig/2cd17615ca594fa2959ae173292e504c-le64.cache-3
7fb58405d000-7fb58405e000 r--s 00000000 08:16 1843626                    /var/cache/fontconfig/e7071f4a29fa870f4323321c154eba04-le64.cache-3
7fb58405e000-7fb58405f000 r--s 00000000 08:16 1843599                    /var/cache/fontconfig/0d8c3b2ac0904cb8a57a757ad11a4a08-le64.cache-3
7fb58405f000-7fb584065000 r--s 00000000 08:16 1843616                    /var/cache/fontconfig/a755afe4a08bf5b97852ceb7400b47bc-le64.cache-3
7fb584065000-7fb584066000 r--s 00000000 08:16 1846509                    /var/cache/fontconfig/5a76b20910bc01daa5b6abd117531ab8-le64.cache-3
7fb584066000-7fb58406f000 r--s 00000000 08:16 1847215                    /var/cache/fontconfig/6d41288fd70b0be22e8c3a91e032eec0-le64.cache-3
7fb58406f000-7fb58407f000 r--s 00000000 08:16 1843598                    /var/cache/fontconfig/04aabc0a78ac019cf9454389977116d2-le64.cache-3
7fb58407f000-7fb584082000 r--s 00000000 08:16 1843604                    /var/cache/fontconfig/385c0604a188198f04d133e54aba7fe7-le64.cache-3
7fb584082000-7fb584083000 r--s 00000000 08:16 1841789                    /var/cache/fontconfig/4794a0821666d79190d59a36cb4f44b5-le64.cache-3
7fb584083000-7fb584086000 r--s 00000000 08:16 1843613                    /var/cache/fontconfig/8801497958630a81b71ace7c5f9b32a8-le64.cache-3
7fb584086000-7fb5840b4000 r--s 00000000 08:16 1846701                    /var/cache/fontconfig/365b55f210c0a22e9a19e35191240f32-le64.cache-3
7fb5840b4000-7fb5840b9000 r--s 00000000 08:16 1843602                    /var/cache/fontconfig/3047814df9a2f067bd2d96a2b9c36e5a-le64.cache-3
7fb5840b9000-7fb5840ba000 r--s 00000000 08:16 1843607                    /var/cache/fontconfig/56cf4f4769d0f4abc89a4895d7bd3ae1-le64.cache-3
7fb5840ba000-7fb5840bb000 r--s 00000000 08:16 1843618                    /var/cache/fontconfig/b9d506c9ac06c20b433354fa67a72993-le64.cache-3
7fb5840bb000-7fb5840c0000 r--s 00000000 08:16 1843617                    /var/cache/fontconfig/b47c4e1ecd0709278f4910c18777a504-le64.cache-3
7fb5840c0000-7fb5840c8000 r--s 00000000 08:16 1846702                    /var/cache/fontconfig/52f7bdb7ce746bfd7eaa1985bd9cfa93-le64.cache-3
7fb5840c8000-7fb5840d8000 r--s 00000000 08:16 1843622                    /var/cache/fontconfig/d52a8644073d54c13679302ca1180695-le64.cache-3
7fb5840d8000-7fb5840de000 r--s 00000000 08:16 1846508                    /var/cache/fontconfig/3f7329c5293ffd510edef78f73874cfd-le64.cache-3
7fb5840de000-7fb5840e1000 r--s 00000000 08:16 1842402                    /var/cache/fontconfig/e13b20fdb08344e0e664864cc2ede53d-le64.cache-3
7fb5840e1000-7fb5840e5000 r--s 00000000 08:16 1846742                    /var/cache/fontconfig/7ef2298fde41cc6eeb7af42e48b7d293-le64.cache-3
7fb5840e5000-7fb5840fb000 r--s 00000000 08:16 1838090                    /usr/share/fonts/type1/gsfonts/n022024l.pfb
7fb5840fb000-7fb584113000 r--s 00000000 08:16 1838081                    /usr/share/fonts/type1/gsfonts/n022003l.pfb
7fb584113000-7fb584124000 r--s 00000000 08:16 1838054                    /usr/share/fonts/type1/gsfonts/n019024l.pfb
7fb584124000-7fb58413d000 r--s 00000000 08:16 1838072                    /usr/share/fonts/type1/gsfonts/n021004l.pfb
7fb58413d000-7fb584156000 r--s 00000000 08:16 1838084                    /usr/share/fonts/type1/gsfonts/n022004l.pfb
7fb584156000-7fb58416f000 r--s 00000000 08:16 1838069                    /usr/share/fonts/type1/gsfonts/n021003l.pfb
7fb58416f000-7fb584173000 r-xp 00000000 08:16 1056109                    /usr/lib/x86_64-linux-gnu/libcanberra-gtk.so.0.1.8
7fb584173000-7fb584372000 ---p 00004000 08:16 1056109                    /usr/lib/x86_64-linux-gnu/libcanberra-gtk.so.0.1.8
7fb584372000-7fb584373000 r--p 00003000 08:16 1056109                    /usr/lib/x86_64-linux-gnu/libcanberra-gtk.so.0.1.8
7fb584373000-7fb584374000 rw-p 00004000 08:16 1056109                    /usr/lib/x86_64-linux-gnu/libcanberra-gtk.so.0.1.8
7fb584374000-7fb584379000 r-xp 00000000 08:16 1314709                    /usr/lib/x86_64-linux-gnu/gtk-2.0/modules/libcanberra-gtk-module.so
7fb584379000-7fb584578000 ---p 00005000 08:16 1314709                    /usr/lib/x86_64-linux-gnu/gtk-2.0/modules/libcanberra-gtk-module.so
7fb584578000-7fb584579000 r--p 00004000 08:16 1314709                    /usr/lib/x86_64-linux-gnu/gtk-2.0/modules/libcanberra-gtk-module.so
7fb584579000-7fb58457a000 rw-p 00005000 08:16 1314709                    /usr/lib/x86_64-linux-gnu/gtk-2.0/modules/libcanberra-gtk-module.so
7fb58457a000-7fb5845a9000 r-xp 00000000 08:16 1314688                    /usr/lib/x86_64-linux-gnu/gtk-2.0/2.10.0/engines/libmurrine.so
7fb5845a9000-7fb5847a9000 ---p 0002f000 08:16 1314688                    /usr/lib/x86_64-linux-gnu/gtk-2.0/2.10.0/engines/libmurrine.so
7fb5847a9000-7fb5847aa000 r--p 0002f000 08:16 1314688                    /usr/lib/x86_64-linux-gnu/gtk-2.0/2.10.0/engines/libmurrine.so
7fb5847aa000-7fb5847ab000 rw-p 00030000 08:16 1314688                    /usr/lib/x86_64-linux-gnu/gtk-2.0/2.10.0/engines/libmurrine.so
7fb5847ab000-7fb5847b2000 r-xp 00000000 08:16 1314551                    /usr/lib/x86_64-linux-gnu/gio/modules/libdconfsettings.so
7fb5847b2000-7fb5849b1000 ---p 00007000 08:16 1314551                    /usr/lib/x86_64-linux-gnu/gio/modules/libdconfsettings.so
7fb5849b1000-7fb5849b2000 r--p 00006000 08:16 1314551                    /usr/lib/x86_64-linux-gnu/gio/modules/libdconfsettings.so
7fb5849b2000-7fb5849b3000 rw-p 00007000 08:16 1314551                    /usr/lib/x86_64-linux-gnu/gio/modules/libdconfsettings.so
7fb5849b3000-7fb5849c3000 r-xp 00000000 08:16 1051646                    /usr/lib/liboverlay-scrollbar-0.2.so.0.0.16
7fb5849c3000-7fb584bc2000 ---p 00010000 08:16 1051646                    /usr/lib/liboverlay-scrollbar-0.2.so.0.0.16
7fb584bc2000-7fb584bc3000 r--p 0000f000 08:16 1051646                    /usr/lib/liboverlay-scrollbar-0.2.so.0.0.16
7fb584bc3000-7fb584bc4000 rw-p 00010000 08:16 1051646                    /usr/lib/liboverlay-scrollbar-0.2.so.0.0.16
7fb584bc4000-7fb584bc7000 ---p 00000000 00:00 0 
7fb584bc7000-7fb584cc5000 rw-p 00000000 00:00 0 
7fb584cc5000-7fb584cc8000 ---p 00000000 00:00 0 
7fb584cc8000-7fb584dc6000 rw-p 00000000 00:00 0 
7fb584dc6000-7fb584dc9000 r-xp 00000000 08:16 5246606                    /lib/x86_64-linux-gnu/libgpg-error.so.0.8.0
7fb584dc9000-7fb584fc8000 ---p 00003000 08:16 5246606                    /lib/x86_64-linux-gnu/libgpg-error.so.0.8.0
7fb584fc8000-7fb584fc9000 r--p 00002000 08:16 5246606                    /lib/x86_64-linux-gnu/libgpg-error.so.0.8.0
7fb584fc9000-7fb584fca000 rw-p 00003000 08:16 5246606                    /lib/x86_64-linux-gnu/libgpg-error.so.0.8.0
7fb584fca000-7fb584fcd000 r-xp 00000000 08:16 5246610                    /lib/x86_64-linux-gnu/libkeyutils.so.1.4
7fb584fcd000-7fb5851cc000 ---p 00003000 08:16 5246610                    /lib/x86_64-linux-gnu/libkeyutils.so.1.4
7fb5851cc000-7fb5851cd000 r--p 00002000 08:16 5246610                    /lib/x86_64-linux-gnu/libkeyutils.so.1.4
7fb5851cd000-7fb5851ce000 rw-p 00003000 08:16 5246610                    /lib/x86_64-linux-gnu/libkeyutils.so.1.4
7fb5851ce000-7fb585210000 r-xp 00000000 08:16 5246591                    /lib/x86_64-linux-gnu/libdbus-1.so.3.5.8
7fb585210000-7fb585410000 ---p 00042000 08:16 5246591                    /lib/x86_64-linux-gnu/libdbus-1.so.3.5.8
7fb585410000-7fb585411000 r--p 00042000 08:16 5246591                    /lib/x86_64-linux-gnu/libdbus-1.so.3.5.8
7fb585411000-7fb585412000 rw-p 00043000 08:16 5246591                    /lib/x86_64-linux-gnu/libdbus-1.so.3.5.8
7fb585412000-7fb585423000 r-xp 00000000 08:16 1056424                    /usr/lib/x86_64-linux-gnu/libp11-kit.so.0.0.0
7fb585423000-7fb585622000 ---p 00011000 08:16 1056424                    /usr/lib/x86_64-linux-gnu/libp11-kit.so.0.0.0
7fb585622000-7fb585623000 r--p 00010000 08:16 1056424                    /usr/lib/x86_64-linux-gnu/libp11-kit.so.0.0.0
7fb585623000-7fb585624000 rw-p 00011000 08:16 1056424                    /usr/lib/x86_64-linux-gnu/libp11-kit.so.0.0.0
7fb585624000-7fb58569e000 r-xp 00000000 08:16 5246882                    /lib/x86_64-linux-gnu/libgcrypt.so.11.7.0
7fb58569e000-7fb58589e000 ---p 0007a000 08:16 5246882                    /lib/x86_64-linux-gnu/libgcrypt.so.11.7.0
7fb58589e000-7fb58589f000 r--p 0007a000 08:16 5246882                    /lib/x86_64-linux-gnu/libgcrypt.so.11.7.0
7fb58589f000-7fb5858a2000 rw-p 0007b000 08:16 5246882                    /lib/x86_64-linux-gnu/libgcrypt.so.11.7.0
7fb5858a2000-7fb5858b2000 r-xp 00000000 08:16 1061093                    /usr/lib/x86_64-linux-gnu/libtasn1.so.3.1.12
7fb5858b2000-7fb585ab1000 ---p 00010000 08:16 1061093                    /usr/lib/x86_64-linux-gnu/libtasn1.so.3.1.12
7fb585ab1000-7fb585ab2000 r--p 0000f000 08:16 1061093                    /usr/lib/x86_64-linux-gnu/libtasn1.so.3.1.12
7fb585ab2000-7fb585ab3000 rw-p 00010000 08:16 1061093                    /usr/lib/x86_64-linux-gnu/libtasn1.so.3.1.12
7fb585ab3000-7fb585aba000 r-xp 00000000 08:16 1052728                    /usr/lib/x86_64-linux-gnu/libkrb5support.so.0.1
7fb585aba000-7fb585cb9000 ---p 00007000 08:16 1052728                    /usr/lib/x86_64-linux-gnu/libkrb5support.so.0.1
7fb585cb9000-7fb585cba000 r--p 00006000 08:16 1052728                    /usr/lib/x86_64-linux-gnu/libkrb5support.so.0.1
7fb585cba000-7fb585cbb000 rw-p 00007000 08:16 1052728                    /usr/lib/x86_64-linux-gnu/libkrb5support.so.0.1
7fb585cbb000-7fb585cbe000 r-xp 00000000 08:16 5246586                    /lib/x86_64-linux-gnu/libcom_err.so.2.1
7fb585cbe000-7fb585ebd000 ---p 00003000 08:16 5246586                    /lib/x86_64-linux-gnu/libcom_err.so.2.1
7fb585ebd000-7fb585ebe000 r--p 00002000 08:16 5246586                    /lib/x86_64-linux-gnu/libcom_err.so.2.1
7fb585ebe000-7fb585ebf000 rw-p 00003000 08:16 5246586                    /lib/x86_64-linux-gnu/libcom_err.so.2.1
7fb585ebf000-7fb585ee4000 r-xp 00000000 08:16 1052714                    /usr/lib/x86_64-linux-gnu/libk5crypto.so.3.1
7fb585ee4000-7fb5860e4000 ---p 00025000 08:16 1052714                    /usr/lib/x86_64-linux-gnu/libk5crypto.so.3.1
7fb5860e4000-7fb5860e5000 r--p 00025000 08:16 1052714                    /usr/lib/x86_64-linux-gnu/libk5crypto.so.3.1
7fb5860e5000-7fb5860e6000 rw-p 00026000 08:16 1052714                    /usr/lib/x86_64-linux-gnu/libk5crypto.so.3.1
7fb5860e6000-7fb5860e7000 rw-p 00000000 00:00 0 
7fb5860e7000-7fb5861ab000 r-xp 00000000 08:16 1052724                    /usr/lib/x86_64-linux-gnu/libkrb5.so.3.3
7fb5861ab000-7fb5863aa000 ---p 000c4000 08:16 1052724                    /usr/lib/x86_64-linux-gnu/libkrb5.so.3.3
7fb5863aa000-7fb5863b4000 r--p 000c3000 08:16 1052724                    /usr/lib/x86_64-linux-gnu/libkrb5.so.3.3
7fb5863b4000-7fb5863b5000 rw-p 000cd000 08:16 1052724                    /usr/lib/x86_64-linux-gnu/libkrb5.so.3.3
7fb5863b5000-7fb5863bd000 r-xp 00000000 08:16 1056599                    /usr/lib/x86_64-linux-gnu/libxcb-render.so.0.0.0
7fb5863bd000-7fb5865bd000 ---p 00008000 08:16 1056599                    /usr/lib/x86_64-linux-gnu/libxcb-render.so.0.0.0
7fb5865bd000-7fb5865be000 r--p 00008000 08:16 1056599                    /usr/lib/x86_64-linux-gnu/libxcb-render.so.0.0.0
7fb5865be000-7fb5865bf000 rw-p 00009000 08:16 1056599                    /usr/lib/x86_64-linux-gnu/libxcb-render.so.0.0.0
7fb5865bf000-7fb5865c1000 r-xp 00000000 08:16 1056603                    /usr/lib/x86_64-linux-gnu/libxcb-shm.so.0.0.0
7fb5865c1000-7fb5867c0000 ---p 00002000 08:16 1056603                    /usr/lib/x86_64-linux-gnu/libxcb-shm.so.0.0.0
7fb5867c0000-7fb5867c1000 r--p 00001000 08:16 1056603                    /usr/lib/x86_64-linux-gnu/libxcb-shm.so.0.0.0
7fb5867c1000-7fb5867c2000 rw-p 00002000 08:16 1056603                    /usr/lib/x86_64-linux-gnu/libxcb-shm.so.0.0.0
7fb5867c2000-7fb5867e8000 r-xp 00000000 08:16 5246656                    /lib/x86_64-linux-gnu/libpng12.so.0.46.0
7fb5867e8000-7fb5869e8000 ---p 00026000 08:16 5246656                    /lib/x86_64-linux-gnu/libpng12.so.0.46.0
7fb5869e8000-7fb5869e9000 r--p 00026000 08:16 5246656                    /lib/x86_64-linux-gnu/libpng12.so.0.46.0
7fb5869e9000-7fb5869ea000 rw-p 00027000 08:16 5246656                    /lib/x86_64-linux-gnu/libpng12.so.0.46.0
7fb5869ea000-7fb586a6b000 r-xp 00000000 08:16 1056450                    /usr/lib/x86_64-linux-gnu/libpixman-1.so.0.24.4
7fb586a6b000-7fb586c6a000 ---p 00081000 08:16 1056450                    /usr/lib/x86_64-linux-gnu/libpixman-1.so.0.24.4
7fb586c6a000-7fb586c70000 r--p 00080000 08:16 1056450                    /usr/lib/x86_64-linux-gnu/libpixman-1.so.0.24.4
7fb586c70000-7fb586c71000 rw-p 00086000 08:16 1056450                    /usr/lib/x86_64-linux-gnu/libpixman-1.so.0.24.4
7fb586c71000-7fb586c76000 r-xp 00000000 08:16 1056019                    /usr/lib/x86_64-linux-gnu/libXdmcp.so.6.0.0
7fb586c76000-7fb586e75000 ---p 00005000 08:16 1056019                    /usr/lib/x86_64-linux-gnu/libXdmcp.so.6.0.0
7fb586e75000-7fb586e76000 r--p 00004000 08:16 1056019                    /usr/lib/x86_64-linux-gnu/libXdmcp.so.6.0.0
7fb586e76000-7fb586e77000 rw-p 00005000 08:16 1056019                    /usr/lib/x86_64-linux-gnu/libXdmcp.so.6.0.0
7fb586e77000-7fb586e79000 r-xp 00000000 08:16 1056008                    /usr/lib/x86_64-linux-gnu/libXau.so.6.0.0
7fb586e79000-7fb587078000 ---p 00002000 08:16 1056008                    /usr/lib/x86_64-linux-gnu/libXau.so.6.0.0
7fb587078000-7fb587079000 r--p 00001000 08:16 1056008                    /usr/lib/x86_64-linux-gnu/libXau.so.6.0.0
7fb587079000-7fb58707a000 rw-p 00002000 08:16 1056008                    /usr/lib/x86_64-linux-gnu/libXau.so.6.0.0
7fb58707a000-7fb58708a000 r-xp 00000000 08:16 1056075                    /usr/lib/x86_64-linux-gnu/libavahi-client.so.3.2.9
7fb58708a000-7fb587289000 ---p 00010000 08:16 1056075                    /usr/lib/x86_64-linux-gnu/libavahi-client.so.3.2.9
7fb587289000-7fb58728a000 r--p 0000f000 08:16 1056075                    /usr/lib/x86_64-linux-gnu/libavahi-client.so.3.2.9
7fb58728a000-7fb58728b000 rw-p 00010000 08:16 1056075                    /usr/lib/x86_64-linux-gnu/libavahi-client.so.3.2.9
7fb58728b000-7fb587296000 r-xp 00000000 08:16 1056077                    /usr/lib/x86_64-linux-gnu/libavahi-common.so.3.5.3
7fb587296000-7fb587495000 ---p 0000b000 08:16 1056077                    /usr/lib/x86_64-linux-gnu/libavahi-common.so.3.5.3
7fb587495000-7fb587496000 r--p 0000a000 08:16 1056077                    /usr/lib/x86_64-linux-gnu/libavahi-common.so.3.5.3
7fb587496000-7fb587497000 rw-p 0000b000 08:16 1056077                    /usr/lib/x86_64-linux-gnu/libavahi-common.so.3.5.3
7fb587497000-7fb58754b000 r-xp 00000000 08:16 1056248                    /usr/lib/x86_64-linux-gnu/libgnutls.so.26.21.8
7fb58754b000-7fb58774b000 ---p 000b4000 08:16 1056248                    /usr/lib/x86_64-linux-gnu/libgnutls.so.26.21.8
7fb58774b000-7fb587751000 r--p 000b4000 08:16 1056248                    /usr/lib/x86_64-linux-gnu/libgnutls.so.26.21.8
7fb587751000-7fb587752000 rw-p 000ba000 08:16 1056248                    /usr/lib/x86_64-linux-gnu/libgnutls.so.26.21.8
7fb587752000-7fb587753000 rw-p 00000000 00:00 0 
7fb587753000-7fb58778e000 r-xp 00000000 08:16 1052718                    /usr/lib/x86_64-linux-gnu/libgssapi_krb5.so.2.2
7fb58778e000-7fb58798e000 ---p 0003b000 08:16 1052718                    /usr/lib/x86_64-linux-gnu/libgssapi_krb5.so.2.2
7fb58798e000-7fb58798f000 r--p 0003b000 08:16 1052718                    /usr/lib/x86_64-linux-gnu/libgssapi_krb5.so.2.2
7fb58798f000-7fb587991000 rw-p 0003c000 08:16 1052718                    /usr/lib/x86_64-linux-gnu/libgssapi_krb5.so.2.2
7fb587991000-7fb5879cd000 r-xp 00000000 08:16 5246652                    /lib/x86_64-linux-gnu/libpcre.so.3.12.1
7fb5879cd000-7fb587bcc000 ---p 0003c000 08:16 5246652                    /lib/x86_64-linux-gnu/libpcre.so.3.12.1
7fb587bcc000-7fb587bcd000 r--p 0003b000 08:16 5246652                    /lib/x86_64-linux-gnu/libpcre.so.3.12.1
7fb587bcd000-7fb587bce000 rw-p 0003c000 08:16 5246652                    /lib/x86_64-linux-gnu/libpcre.so.3.12.1
7fb587bce000-7fb587bd5000 r-xp 00000000 08:16 1056193                    /usr/lib/x86_64-linux-gnu/libffi.so.6.0.0
7fb587bd5000-7fb587dd4000 ---p 00007000 08:16 1056193                    /usr/lib/x86_64-linux-gnu/libffi.so.6.0.0
7fb587dd4000-7fb587dd5000 r--p 00006000 08:16 1056193                    /usr/lib/x86_64-linux-gnu/libffi.so.6.0.0
7fb587dd5000-7fb587dd6000 rw-p 00007000 08:16 1056193                    /usr/lib/x86_64-linux-gnu/libffi.so.6.0.0
7fb587dd6000-7fb587dfd000 r-xp 00000000 08:16 5246597                    /lib/x86_64-linux-gnu/libexpat.so.1.5.2
7fb587dfd000-7fb587ffd000 ---p 00027000 08:16 5246597                    /lib/x86_64-linux-gnu/libexpat.so.1.5.2
7fb587ffd000-7fb587fff000 r--p 00027000 08:16 5246597                    /lib/x86_64-linux-gnu/libexpat.so.1.5.2
7fb587fff000-7fb588000000 rw-p 00029000 08:16 5246597                    /lib/x86_64-linux-gnu/libexpat.so.1.5.2
7fb588000000-7fb58909c000 rw-p 00000000 00:00 0 
7fb58909c000-7fb58c000000 ---p 00000000 00:00 0 
7fb58c001000-7fb58c008000 r--s 00000000 08:16 1314519                    /usr/lib/x86_64-linux-gnu/gconv/gconv-modules.cache
7fb58c008000-7fb58c01e000 r--s 00000000 08:16 1838078                    /usr/share/fonts/type1/gsfonts/n021024l.pfb
7fb58c01e000-7fb58c034000 r--s 00000000 08:16 1838087                    /usr/share/fonts/type1/gsfonts/n022023l.pfb
7fb58c034000-7fb58c04b000 r--s 00000000 08:16 1838075                    /usr/share/fonts/type1/gsfonts/n021023l.pfb
7fb58c04b000-7fb58c04e000 ---p 00000000 00:00 0 
7fb58c04e000-7fb58c14c000 rw-p 00000000 00:00 0 
7fb58c14c000-7fb58c1e2000 r-xp 00000000 08:16 1056201                    /usr/lib/x86_64-linux-gnu/libfreetype.so.6.8.0
7fb58c1e2000-7fb58c3e1000 ---p 00096000 08:16 1056201                    /usr/lib/x86_64-linux-gnu/libfreetype.so.6.8.0
7fb58c3e1000-7fb58c3e7000 r--p 00095000 08:16 1056201                    /usr/lib/x86_64-linux-gnu/libfreetype.so.6.8.0
7fb58c3e7000-7fb58c3e8000 rw-p 0009b000 08:16 1056201                    /usr/lib/x86_64-linux-gnu/libfreetype.so.6.8.0
7fb58c3e8000-7fb58c400000 r-xp 00000000 08:16 5246663                    /lib/x86_64-linux-gnu/libresolv-2.15.so
7fb58c400000-7fb58c600000 ---p 00018000 08:16 5246663                    /lib/x86_64-linux-gnu/libresolv-2.15.so
7fb58c600000-7fb58c601000 r--p 00018000 08:16 5246663                    /lib/x86_64-linux-gnu/libresolv-2.15.so
7fb58c601000-7fb58c602000 rw-p 00019000 08:16 5246663                    /lib/x86_64-linux-gnu/libresolv-2.15.so
7fb58c602000-7fb58c604000 rw-p 00000000 00:00 0 
7fb58c604000-7fb58c621000 r-xp 00000000 08:16 5246667                    /lib/x86_64-linux-gnu/libselinux.so.1
7fb58c621000-7fb58c820000 ---p 0001d000 08:16 5246667                    /lib/x86_64-linux-gnu/libselinux.so.1
7fb58c820000-7fb58c821000 r--p 0001c000 08:16 5246667                    /lib/x86_64-linux-gnu/libselinux.so.1
7fb58c821000-7fb58c822000 rw-p 0001d000 08:16 5246667                    /lib/x86_64-linux-gnu/libselinux.so.1
7fb58c822000-7fb58c823000 rw-p 00000000 00:00 0 
7fb58c823000-7fb58c826000 r-xp 00000000 08:16 1059287                    /usr/lib/x86_64-linux-gnu/libgmodule-2.0.so.0.3200.3
7fb58c826000-7fb58ca25000 ---p 00003000 08:16 1059287                    /usr/lib/x86_64-linux-gnu/libgmodule-2.0.so.0.3200.3
7fb58ca25000-7fb58ca26000 r--p 00002000 08:16 1059287                    /usr/lib/x86_64-linux-gnu/libgmodule-2.0.so.0.3200.3
7fb58ca26000-7fb58ca27000 rw-p 00003000 08:16 1059287                    /usr/lib/x86_64-linux-gnu/libgmodule-2.0.so.0.3200.3
7fb58ca27000-7fb58ca29000 r-xp 00000000 08:16 1056017                    /usr/lib/x86_64-linux-gnu/libXdamage.so.1.1.0
7fb58ca29000-7fb58cc28000 ---p 00002000 08:16 1056017                    /usr/lib/x86_64-linux-gnu/libXdamage.so.1.1.0
7fb58cc28000-7fb58cc29000 r--p 00001000 08:16 1056017                    /usr/lib/x86_64-linux-gnu/libXdamage.so.1.1.0
7fb58cc29000-7fb58cc2a000 rw-p 00002000 08:16 1056017                    /usr/lib/x86_64-linux-gnu/libXdamage.so.1.1.0
7fb58cc2a000-7fb58cc2c000 r-xp 00000000 08:16 1056013                    /usr/lib/x86_64-linux-gnu/libXcomposite.so.1.0.0
7fb58cc2c000-7fb58ce2b000 ---p 00002000 08:16 1056013                    /usr/lib/x86_64-linux-gnu/libXcomposite.so.1.0.0
7fb58ce2b000-7fb58ce2c000 r--p 00001000 08:16 1056013                    /usr/lib/x86_64-linux-gnu/libXcomposite.so.1.0.0
7fb58ce2c000-7fb58ce2d000 rw-p 00002000 08:16 1056013                    /usr/lib/x86_64-linux-gnu/libXcomposite.so.1.0.0
7fb58ce2d000-7fb58ce36000 r-xp 00000000 08:16 1056015                    /usr/lib/x86_64-linux-gnu/libXcursor.so.1.0.2
7fb58ce36000-7fb58d035000 ---p 00009000 08:16 1056015                    /usr/lib/x86_64-linux-gnu/libXcursor.so.1.0.2
7fb58d035000-7fb58d036000 r--p 00008000 08:16 1056015                    /usr/lib/x86_64-linux-gnu/libXcursor.so.1.0.2
7fb58d036000-7fb58d037000 rw-p 00009000 08:16 1056015                    /usr/lib/x86_64-linux-gnu/libXcursor.so.1.0.2
7fb58d037000-7fb58d03f000 r-xp 00000000 08:16 1056039                    /usr/lib/x86_64-linux-gnu/libXrandr.so.2.2.0
7fb58d03f000-7fb58d23e000 ---p 00008000 08:16 1056039                    /usr/lib/x86_64-linux-gnu/libXrandr.so.2.2.0
7fb58d23e000-7fb58d23f000 r--p 00007000 08:16 1056039                    /usr/lib/x86_64-linux-gnu/libXrandr.so.2.2.0
7fb58d23f000-7fb58d240000 rw-p 00008000 08:16 1056039                    /usr/lib/x86_64-linux-gnu/libXrandr.so.2.2.0
7fb58d240000-7fb58d242000 r-xp 00000000 08:16 1056029                    /usr/lib/x86_64-linux-gnu/libXinerama.so.1.0.0
7fb58d242000-7fb58d441000 ---p 00002000 08:16 1056029                    /usr/lib/x86_64-linux-gnu/libXinerama.so.1.0.0
7fb58d441000-7fb58d442000 r--p 00001000 08:16 1056029                    /usr/lib/x86_64-linux-gnu/libXinerama.so.1.0.0
7fb58d442000-7fb58d443000 rw-p 00002000 08:16 1056029                    /usr/lib/x86_64-linux-gnu/libXinerama.so.1.0.0
7fb58d443000-7fb58d46c000 r-xp 00000000 08:16 1056253                    /usr/lib/x86_64-linux-gnu/libpangoft2-1.0.so.0.3000.0
7fb58d46c000-7fb58d66b000 ---p 00029000 08:16 1056253                    /usr/lib/x86_64-linux-gnu/libpangoft2-1.0.so.0.3000.0
7fb58d66b000-7fb58d66c000 r--p 00028000 08:16 1056253                    /usr/lib/x86_64-linux-gnu/libpangoft2-1.0.so.0.3000.0
7fb58d66c000-7fb58d66d000 rw-p 00029000 08:16 1056253                    /usr/lib/x86_64-linux-gnu/libpangoft2-1.0.so.0.3000.0
7fb58d66d000-7fb58d726000 r-xp 00000000 08:16 1055379                    /usr/lib/x86_64-linux-gnu/libcairo.so.2.11000.2
7fb58d726000-7fb58d925000 ---p 000b9000 08:16 1055379                    /usr/lib/x86_64-linux-gnu/libcairo.so.2.11000.2
7fb58d925000-7fb58d927000 r--p 000b8000 08:16 1055379                    /usr/lib/x86_64-linux-gnu/libcairo.so.2.11000.2
7fb58d927000-7fb58d928000 rw-p 000ba000 08:16 1055379                    /usr/lib/x86_64-linux-gnu/libcairo.so.2.11000.2
7fb58d928000-7fb58d92b000 rw-p 00000000 00:00 0 
7fb58d92b000-7fb58d94a000 r-xp 00000000 08:16 1056067                    /usr/lib/x86_64-linux-gnu/libatk-1.0.so.0.20409.1
7fb58d94a000-7fb58db4a000 ---p 0001f000 08:16 1056067                    /usr/lib/x86_64-linux-gnu/libatk-1.0.so.0.20409.1
7fb58db4a000-7fb58db4c000 r--p 0001f000 08:16 1056067                    /usr/lib/x86_64-linux-gnu/libatk-1.0.so.0.20409.1
7fb58db4c000-7fb58db4d000 rw-p 00021000 08:16 1056067                    /usr/lib/x86_64-linux-gnu/libatk-1.0.so.0.20409.1
7fb58db4d000-7fb58db52000 r-xp 00000000 08:16 1056023                    /usr/lib/x86_64-linux-gnu/libXfixes.so.3.1.0
7fb58db52000-7fb58dd51000 ---p 00005000 08:16 1056023                    /usr/lib/x86_64-linux-gnu/libXfixes.so.3.1.0
7fb58dd51000-7fb58dd52000 r--p 00004000 08:16 1056023                    /usr/lib/x86_64-linux-gnu/libXfixes.so.3.1.0
7fb58dd52000-7fb58dd53000 rw-p 00005000 08:16 1056023                    /usr/lib/x86_64-linux-gnu/libXfixes.so.3.1.0
7fb58dd53000-7fb58dd5e000 r-xp 00000000 08:16 1056239                    /usr/lib/x86_64-linux-gnu/libpangocairo-1.0.so.0.3000.0
7fb58dd5e000-7fb58df5d000 ---p 0000b000 08:16 1056239                    /usr/lib/x86_64-linux-gnu/libpangocairo-1.0.so.0.3000.0
7fb58df5d000-7fb58df5e000 r--p 0000a000 08:16 1056239                    /usr/lib/x86_64-linux-gnu/libpangocairo-1.0.so.0.3000.0
7fb58df5e000-7fb58df5f000 rw-p 0000b000 08:16 1056239                    /usr/lib/x86_64-linux-gnu/libpangocairo-1.0.so.0.3000.0
7fb58df5f000-7fb58df7c000 r-xp 00000000 08:16 1056607                    /usr/lib/x86_64-linux-gnu/libxcb.so.1.1.0
7fb58df7c000-7fb58e17b000 ---p 0001d000 08:16 1056607                    /usr/lib/x86_64-linux-gnu/libxcb.so.1.1.0
7fb58e17b000-7fb58e17c000 r--p 0001c000 08:16 1056607                    /usr/lib/x86_64-linux-gnu/libxcb.so.1.1.0
7fb58e17c000-7fb58e17d000 rw-p 0001d000 08:16 1056607                    /usr/lib/x86_64-linux-gnu/libxcb.so.1.1.0
7fb58e17d000-7fb58e1cd000 r-xp 00000000 08:16 1061164                    /usr/lib/x86_64-linux-gnu/libcups.so.2
7fb58e1cd000-7fb58e3cc000 ---p 00050000 08:16 1061164                    /usr/lib/x86_64-linux-gnu/libcups.so.2
7fb58e3cc000-7fb58e3d0000 r--p 0004f000 08:16 1061164                    /usr/lib/x86_64-linux-gnu/libcups.so.2
7fb58e3d0000-7fb58e3d1000 rw-p 00053000 08:16 1061164                    /usr/lib/x86_64-linux-gnu/libcups.so.2
7fb58e3d1000-7fb58e4c3000 r-xp 00000000 08:16 5246872                    /lib/x86_64-linux-gnu/libglib-2.0.so.0.3200.3
7fb58e4c3000-7fb58e6c3000 ---p 000f2000 08:16 5246872                    /lib/x86_64-linux-gnu/libglib-2.0.so.0.3200.3
7fb58e6c3000-7fb58e6c4000 r--p 000f2000 08:16 5246872                    /lib/x86_64-linux-gnu/libglib-2.0.so.0.3200.3
7fb58e6c4000-7fb58e6c5000 rw-p 000f3000 08:16 5246872                    /lib/x86_64-linux-gnu/libglib-2.0.so.0.3200.3
7fb58e6c5000-7fb58e6c6000 rw-p 00000000 00:00 0 
7fb58e6c6000-7fb58e6c7000 r-xp 00000000 08:16 1059283                    /usr/lib/x86_64-linux-gnu/libgthread-2.0.so.0.3200.3
7fb58e6c7000-7fb58e8c6000 ---p 00001000 08:16 1059283                    /usr/lib/x86_64-linux-gnu/libgthread-2.0.so.0.3200.3
7fb58e8c6000-7fb58e8c7000 r--p 00000000 08:16 1059283                    /usr/lib/x86_64-linux-gnu/libgthread-2.0.so.0.3200.3
7fb58e8c7000-7fb58e8c8000 rw-p 00001000 08:16 1059283                    /usr/lib/x86_64-linux-gnu/libgthread-2.0.so.0.3200.3
7fb58e8c8000-7fb58e915000 r-xp 00000000 08:16 1059295                    /usr/lib/x86_64-linux-gnu/libgobject-2.0.so.0.3200.3
7fb58e915000-7fb58eb15000 ---p 0004d000 08:16 1059295                    /usr/lib/x86_64-linux-gnu/libgobject-2.0.so.0.3200.3
7fb58eb15000-7fb58eb16000 r--p 0004d000 08:16 1059295                    /usr/lib/x86_64-linux-gnu/libgobject-2.0.so.0.3200.3
7fb58eb16000-7fb58eb17000 rw-p 0004e000 08:16 1059295                    /usr/lib/x86_64-linux-gnu/libgobject-2.0.so.0.3200.3
7fb58eb17000-7fb58eb4b000 r-xp 00000000 08:16 1056195                    /usr/lib/x86_64-linux-gnu/libfontconfig.so.1.4.4
7fb58eb4b000-7fb58ed4b000 ---p 00034000 08:16 1056195                    /usr/lib/x86_64-linux-gnu/libfontconfig.so.1.4.4
7fb58ed4b000-7fb58ed4c000 r--p 00034000 08:16 1056195                    /usr/lib/x86_64-linux-gnu/libfontconfig.so.1.4.4
7fb58ed4c000-7fb58ed4d000 rw-p 00035000 08:16 1056195                    /usr/lib/x86_64-linux-gnu/libfontconfig.so.1.4.4
7fb58ed4d000-7fb58ed93000 r-xp 00000000 08:16 1056229                    /usr/lib/x86_64-linux-gnu/libpango-1.0.so.0.3000.0
7fb58ed93000-7fb58ef93000 ---p 00046000 08:16 1056229                    /usr/lib/x86_64-linux-gnu/libpango-1.0.so.0.3000.0
7fb58ef93000-7fb58ef95000 r--p 00046000 08:16 1056229                    /usr/lib/x86_64-linux-gnu/libpango-1.0.so.0.3000.0
7fb58ef95000-7fb58ef96000 rw-p 00048000 08:16 1056229                    /usr/lib/x86_64-linux-gnu/libpango-1.0.so.0.3000.0
7fb58ef96000-7fb58efb4000 r-xp 00000000 08:16 1056220                    /usr/lib/x86_64-linux-gnu/libgdk_pixbuf-2.0.so.0.2600.1
7fb58efb4000-7fb58f1b4000 ---p 0001e000 08:16 1056220                    /usr/lib/x86_64-linux-gnu/libgdk_pixbuf-2.0.so.0.2600.1
7fb58f1b4000-7fb58f1b5000 r--p 0001e000 08:16 1056220                    /usr/lib/x86_64-linux-gnu/libgdk_pixbuf-2.0.so.0.2600.1
7fb58f1b5000-7fb58f1b6000 rw-p 0001f000 08:16 1056220                    /usr/lib/x86_64-linux-gnu/libgdk_pixbuf-2.0.so.0.2600.1
7fb58f1b6000-7fb58f2fe000 r-xp 00000000 08:16 1059291                    /usr/lib/x86_64-linux-gnu/libgio-2.0.so.0.3200.3
7fb58f2fe000-7fb58f4fd000 ---p 00148000 08:16 1059291                    /usr/lib/x86_64-linux-gnu/libgio-2.0.so.0.3200.3
7fb58f4fd000-7fb58f501000 r--p 00147000 08:16 1059291                    /usr/lib/x86_64-linux-gnu/libgio-2.0.so.0.3200.3
7fb58f501000-7fb58f503000 rw-p 0014b000 08:16 1059291                    /usr/lib/x86_64-linux-gnu/libgio-2.0.so.0.3200.3
7fb58f503000-7fb58f505000 rw-p 00000000 00:00 0 
7fb58f505000-7fb58f5b2000 r-xp 00000000 08:16 1056218                    /usr/lib/x86_64-linux-gnu/libgdk-x11-2.0.so.0.2400.10
7fb58f5b2000-7fb58f7b1000 ---p 000ad000 08:16 1056218                    /usr/lib/x86_64-linux-gnu/libgdk-x11-2.0.so.0.2400.10
7fb58f7b1000-7fb58f7b5000 r--p 000ac000 08:16 1056218                    /usr/lib/x86_64-linux-gnu/libgdk-x11-2.0.so.0.2400.10
7fb58f7b5000-7fb58f7b7000 rw-p 000b0000 08:16 1056218                    /usr/lib/x86_64-linux-gnu/libgdk-x11-2.0.so.0.2400.10
7fb58f7b7000-7fb58fbe4000 r-xp 00000000 08:16 1056313                    /usr/lib/x86_64-linux-gnu/libgtk-x11-2.0.so.0.2400.10
7fb58fbe4000-7fb58fde4000 ---p 0042d000 08:16 1056313                    /usr/lib/x86_64-linux-gnu/libgtk-x11-2.0.so.0.2400.10
7fb58fde4000-7fb58fdeb000 r--p 0042d000 08:16 1056313                    /usr/lib/x86_64-linux-gnu/libgtk-x11-2.0.so.0.2400.10
7fb58fdeb000-7fb58fdef000 rw-p 00434000 08:16 1056313                    /usr/lib/x86_64-linux-gnu/libgtk-x11-2.0.so.0.2400.10
7fb58fdef000-7fb58fdf1000 rw-p 00000000 00:00 0 
7fb58fdf1000-7fb58fdff000 r-xp 00000000 08:16 1056027                    /usr/lib/x86_64-linux-gnu/libXi.so.6.1.0
7fb58fdff000-7fb58fffe000 ---p 0000e000 08:16 1056027                    /usr/lib/x86_64-linux-gnu/libXi.so.6.1.0
7fb58fffe000-7fb58ffff000 r--p 0000d000 08:16 1056027                    /usr/lib/x86_64-linux-gnu/libXi.so.6.1.0
7fb58ffff000-7fb590000000 rw-p 0000e000 08:16 1056027                    /usr/lib/x86_64-linux-gnu/libXi.so.6.1.0
7fb590000000-7fb590aa3000 rw-p 00000000 00:00 0 
7fb590aa3000-7fb594000000 ---p 00000000 00:00 0 
7fb594000000-7fb594021000 rw-p 00000000 00:00 0 
7fb594021000-7fb598000000 ---p 00000000 00:00 0 
7fb598000000-7fb5980dc000 rw-p 00000000 00:00 0 
7fb5980dc000-7fb59c000000 ---p 00000000 00:00 0 
7fb59c000000-7fb59c541000 rw-p 00000000 00:00 0 
7fb59c541000-7fb5a0000000 ---p 00000000 00:00 0 
7fb5a0000000-7fb5a0021000 rw-p 00000000 00:00 0 
7fb5a0021000-7fb5a4000000 ---p 00000000 00:00 0 
7fb5a4000000-7fb5a4021000 rw-p 00000000 00:00 0 
7fb5a4021000-7fb5a8000000 ---p 00000000 00:00 0 
7fb5a8000000-7fb5a8021000 rw-p 00000000 00:00 0 
7fb5a8021000-7fb5ac000000 ---p 00000000 00:00 0 
7fb5ac000000-7fb5ac021000 rw-p 00000000 00:00 0 
7fb5ac021000-7fb5b0000000 ---p 00000000 00:00 0 
7fb5b0000000-7fb5b0021000 rw-p 00000000 00:00 0 
7fb5b0021000-7fb5b4000000 ---p 00000000 00:00 0 
7fb5b4000000-7fb5b4012000 r--s 00000000 08:16 1838048                    /usr/share/fonts/type1/gsfonts/n019004l.pfb
7fb5b4012000-7fb5b401c000 r--s 00000000 08:16 1838111                    /usr/share/fonts/type1/mathml/Symbol.pfb
7fb5b401c000-7fb5b402d000 r--s 00000000 08:16 1838051                    /usr/share/fonts/type1/gsfonts/n019023l.pfb
7fb5b402d000-7fb5b4041000 r--s 00000000 08:16 1838045                    /usr/share/fonts/type1/gsfonts/n019003l.pfb
7fb5b4041000-7fb5b4072000 rw-p 00000000 00:00 0 
7fb5b4072000-7fb5b4075000 ---p 00000000 00:00 0 
7fb5b4075000-7fb5b4173000 rw-p 00000000 00:00 0 
7fb5b4173000-7fb5b4178000 r-xp 00000000 08:16 1056045                    /usr/lib/x86_64-linux-gnu/libXtst.so.6.1.0
7fb5b4178000-7fb5b4377000 ---p 00005000 08:16 1056045                    /usr/lib/x86_64-linux-gnu/libXtst.so.6.1.0
7fb5b4377000-7fb5b4378000 r--p 00004000 08:16 1056045                    /usr/lib/x86_64-linux-gnu/libXtst.so.6.1.0
7fb5b4378000-7fb5b4379000 rw-p 00005000 08:16 1056045                    /usr/lib/x86_64-linux-gnu/libXtst.so.6.1.0
7fb5b4379000-7fb5b4382000 r-xp 00000000 08:16 1056041                    /usr/lib/x86_64-linux-gnu/libXrender.so.1.3.0
7fb5b4382000-7fb5b4581000 ---p 00009000 08:16 1056041                    /usr/lib/x86_64-linux-gnu/libXrender.so.1.3.0
7fb5b4581000-7fb5b4582000 r--p 00008000 08:16 1056041                    /usr/lib/x86_64-linux-gnu/libXrender.so.1.3.0
7fb5b4582000-7fb5b4583000 rw-p 00009000 08:16 1056041                    /usr/lib/x86_64-linux-gnu/libXrender.so.1.3.0
7fb5b4583000-7fb5b46b2000 r-xp 00000000 08:16 1056006                    /usr/lib/x86_64-linux-gnu/libX11.so.6.3.0
7fb5b46b2000-7fb5b48b2000 ---p 0012f000 08:16 1056006                    /usr/lib/x86_64-linux-gnu/libX11.so.6.3.0
7fb5b48b2000-7fb5b48b3000 r--p 0012f000 08:16 1056006                    /usr/lib/x86_64-linux-gnu/libX11.so.6.3.0
7fb5b48b3000-7fb5b48b7000 rw-p 00130000 08:16 1056006                    /usr/lib/x86_64-linux-gnu/libX11.so.6.3.0
7fb5b48b7000-7fb5b48c7000 r-xp 00000000 08:16 1056021                    /usr/lib/x86_64-linux-gnu/libXext.so.6.4.0
7fb5b48c7000-7fb5b4ac6000 ---p 00010000 08:16 1056021                    /usr/lib/x86_64-linux-gnu/libXext.so.6.4.0
7fb5b4ac6000-7fb5b4ac7000 r--p 0000f000 08:16 1056021                    /usr/lib/x86_64-linux-gnu/libXext.so.6.4.0
7fb5b4ac7000-7fb5b4ac8000 rw-p 00010000 08:16 1056021                    /usr/lib/x86_64-linux-gnu/libXext.so.6.4.0
7fb5b4ac8000-7fb5b4b1e000 r-xp 00000000 08:16 3544819                    /usr/lib/jvm/java-7-openjdk-amd64/jre/lib/amd64/xawt/libmawt.so
7fb5b4b1e000-7fb5b4d1d000 ---p 00056000 08:16 3544819                    /usr/lib/jvm/java-7-openjdk-amd64/jre/lib/amd64/xawt/libmawt.so
7fb5b4d1d000-7fb5b4d1e000 r--p 00055000 08:16 3544819                    /usr/lib/jvm/java-7-openjdk-amd64/jre/lib/amd64/xawt/libmawt.so
7fb5b4d1e000-7fb5b4d21000 rw-p 00056000 08:16 3544819                    /usr/lib/jvm/java-7-openjdk-amd64/jre/lib/amd64/xawt/libmawt.so
7fb5b4d21000-7fb5b4d22000 rw-p 00000000 00:00 0 
7fb5b4d22000-7fb5b4dd0000 r-xp 00000000 08:16 3544588                    /usr/lib/jvm/java-7-openjdk-amd64/jre/lib/amd64/libawt.so
7fb5b4dd0000-7fb5b4fcf000 ---p 000ae000 08:16 3544588                    /usr/lib/jvm/java-7-openjdk-amd64/jre/lib/amd64/libawt.so
7fb5b4fcf000-7fb5b4fd0000 r--p 000ad000 08:16 3544588                    /usr/lib/jvm/java-7-openjdk-amd64/jre/lib/amd64/libawt.so
7fb5b4fd0000-7fb5b4fdb000 rw-p 000ae000 08:16 3544588                    /usr/lib/jvm/java-7-openjdk-amd64/jre/lib/amd64/libawt.so
7fb5b4fdb000-7fb5b5000000 rw-p 00000000 00:00 0 
7fb5b5000000-7fb5b5270000 rwxp 00000000 00:00 0 
7fb5b5270000-7fb5b833f000 rw-p 00000000 00:00 0 
7fb5b833f000-7fb5bc000000 ---p 00000000 00:00 0 
7fb5bc003000-7fb5bc004000 rw-p 00000000 00:00 0 
7fb5bc004000-7fb5bc005000 rw-s 22c4a000 00:05 9165                       /dev/ati/card0
7fb5bc005000-7fb5bc007000 r--p 00000000 08:16 3539469                    /home/relissa/.config/dconf/user
7fb5bc007000-7fb5bc008000 r--s 00000000 08:16 3539486                    /home/relissa/.cache/dconf/user
7fb5bc008000-7fb5bc02c000 r--p 00000000 08:16 1836903                    /usr/share/glib-2.0/schemas/gschemas.compiled
7fb5bc02c000-7fb5bc02f000 ---p 00000000 00:00 0 
7fb5bc02f000-7fb5bc12d000 rw-p 00000000 00:00 0 
7fb5bc12d000-7fb5bc136000 r--s 00263000 08:16 1050329                    /usr/lib/jvm/java-7-openjdk-common/jre/lib/resources.jar
7fb5bc136000-7fb5bc139000 r--s 0001a000 08:16 3677188                    /home/relissa/jmonkeyplatform/jmonkeyplatform/libs/xmlpull-xpp3.jar
7fb5bc139000-7fb5bc13b000 r--s 00012000 08:16 3677292                    /home/relissa/jmonkeyplatform/jmonkeyplatform/libs/eventbus.jar
7fb5bc13b000-7fb5bc13e000 r--s 0000f000 08:16 3676956                    /home/relissa/jmonkeyplatform/jmonkeyplatform/libs/nifty-style-black.jar
7fb5bc13e000-7fb5bc146000 r--s 00033000 08:16 3676642                    /home/relissa/jmonkeyplatform/jmonkeyplatform/libs/nifty-default-controls.jar
7fb5bc146000-7fb5bc150000 r--s 0006c000 08:16 3677370                    /home/relissa/jmonkeyplatform/jmonkeyplatform/libs/nifty.jar
7fb5bc150000-7fb5bc151000 r--s 00005000 08:16 3677938                    /home/relissa/jmonkeyplatform/jmonkeyplatform/libs/jME3-niftygui.jar
7fb5bc151000-7fb5bc152000 r--s 0000b000 08:16 3677222                    /home/relissa/jmonkeyplatform/jmonkeyplatform/libs/stack-alloc.jar
7fb5bc152000-7fb5bc154000 r--s 0003c000 08:16 3677429                    /home/relissa/jmonkeyplatform/jmonkeyplatform/libs/vecmath.jar
7fb5bc154000-7fb5bc15e000 r--s 00079000 08:16 3677317                    /home/relissa/jmonkeyplatform/jmonkeyplatform/libs/jbullet.jar
7fb5bc15e000-7fb5bc161000 r--s 00020000 08:16 3677185                    /home/relissa/jmonkeyplatform/jmonkeyplatform/libs/jME3-jbullet.jar
7fb5bc161000-7fb5bc16e000 r--s 000d4000 08:16 3677369                    /home/relissa/jmonkeyplatform/jmonkeyplatform/libs/lwjgl.jar
7fb5bc16e000-7fb5bc172000 r--s 00030000 08:16 3677346                    /home/relissa/jmonkeyplatform/jmonkeyplatform/libs/jinput.jar
7fb5bc172000-7fb5bc174000 r--s 001eb000 08:16 3676914                    /home/relissa/jmonkeyplatform/jmonkeyplatform/libs/jME3-lwjgl-natives.jar
7fb5bc174000-7fb5bc176000 r--s 00016000 08:16 3677931                    /home/relissa/jmonkeyplatform/jmonkeyplatform/libs/jME3-lwjgl.jar
7fb5bc176000-7fb5bc179000 r--s 00022000 08:16 3677940                    /home/relissa/jmonkeyplatform/jmonkeyplatform/libs/jME3-terrain.jar
7fb5bc179000-7fb5bc17a000 ---p 00000000 00:00 0 
7fb5bc17a000-7fb5bc27a000 rw-p 00000000 00:00 0 
7fb5bc27a000-7fb5bc27d000 ---p 00000000 00:00 0 
7fb5bc27d000-7fb5bc37b000 rw-p 00000000 00:00 0 
7fb5bc37b000-7fb5bc37e000 ---p 00000000 00:00 0 
7fb5bc37e000-7fb5bc47c000 rw-p 00000000 00:00 0 
7fb5bc47c000-7fb5bc47f000 ---p 00000000 00:00 0 
7fb5bc47f000-7fb5bc57d000 rw-p 00000000 00:00 0 
7fb5bc57d000-7fb5bc580000 ---p 00000000 00:00 0 
7fb5bc580000-7fb5bc67e000 rw-p 00000000 00:00 0 
7fb5bc67e000-7fb5bcd61000 r--p 00000000 08:16 1055298                    /usr/lib/locale/locale-archive
7fb5bcd61000-7fb5bcd64000 ---p 00000000 00:00 0 
7fb5bcd64000-7fb5bce62000 rw-p 00000000 00:00 0 
7fb5bce62000-7fb5bce65000 ---p 00000000 00:00 0 
7fb5bce65000-7fb5bcf63000 rw-p 00000000 00:00 0 
7fb5bcf63000-7fb5bcf64000 ---p 00000000 00:00 0 
7fb5bcf64000-7fb5bd3d3000 rw-p 00000000 00:00 0 
7fb5bd3d3000-7fb5bd582000 r--s 03e91000 08:16 3544596                    /usr/lib/jvm/java-7-openjdk-amd64/jre/lib/rt.jar
7fb5bd582000-7fb5bd5aa000 rw-p 00000000 00:00 0 
7fb5bd5aa000-7fb5bd5ab000 ---p 00000000 00:00 0 
7fb5bd5ab000-7fb5bd6ab000 rw-p 00000000 00:00 0 
7fb5bd6ab000-7fb5bd6ac000 ---p 00000000 00:00 0 
7fb5bd6ac000-7fb5bd7b7000 rw-p 00000000 00:00 0 
7fb5bd7b7000-7fb5bd7ff000 rw-p 00000000 00:00 0 
7fb5bd7ff000-7fb5bd813000 rw-p 00000000 00:00 0 
7fb5bd813000-7fb5bd934000 rw-p 00000000 00:00 0 
7fb5bd934000-7fb5bd93f000 rw-p 00000000 00:00 0 
7fb5bd93f000-7fb5bd987000 rw-p 00000000 00:00 0 
7fb5bd987000-7fb5bd99b000 rw-p 00000000 00:00 0 
7fb5bd99b000-7fb5bdabb000 rw-p 00000000 00:00 0 
7fb5bdabb000-7fb5bdac6000 rw-p 00000000 00:00 0 
7fb5bdac6000-7fb5bdb56000 rw-p 00000000 00:00 0 
7fb5bdb56000-7fb5bdb57000 rw-p 00000000 00:00 0 
7fb5bdb57000-7fb5bdb5f000 r-xp 00000000 08:16 3544581                    /usr/lib/jvm/java-7-openjdk-amd64/jre/lib/amd64/libzip.so
7fb5bdb5f000-7fb5bdd5e000 ---p 00008000 08:16 3544581                    /usr/lib/jvm/java-7-openjdk-amd64/jre/lib/amd64/libzip.so
7fb5bdd5e000-7fb5bdd5f000 r--p 00007000 08:16 3544581                    /usr/lib/jvm/java-7-openjdk-amd64/jre/lib/amd64/libzip.so
7fb5bdd5f000-7fb5bdd60000 rw-p 00008000 08:16 3544581                    /usr/lib/jvm/java-7-openjdk-amd64/jre/lib/amd64/libzip.so
7fb5bdd60000-7fb5bdd6c000 r-xp 00000000 08:16 5246630                    /lib/x86_64-linux-gnu/libnss_files-2.15.so
7fb5bdd6c000-7fb5bdf6b000 ---p 0000c000 08:16 5246630                    /lib/x86_64-linux-gnu/libnss_files-2.15.so
7fb5bdf6b000-7fb5bdf6c000 r--p 0000b000 08:16 5246630                    /lib/x86_64-linux-gnu/libnss_files-2.15.so
7fb5bdf6c000-7fb5bdf6d000 rw-p 0000c000 08:16 5246630                    /lib/x86_64-linux-gnu/libnss_files-2.15.so
7fb5bdf6d000-7fb5bdf77000 r-xp 00000000 08:16 5246634                    /lib/x86_64-linux-gnu/libnss_nis-2.15.so
7fb5bdf77000-7fb5be177000 ---p 0000a000 08:16 5246634                    /lib/x86_64-linux-gnu/libnss_nis-2.15.so
7fb5be177000-7fb5be178000 r--p 0000a000 08:16 5246634                    /lib/x86_64-linux-gnu/libnss_nis-2.15.so
7fb5be178000-7fb5be179000 rw-p 0000b000 08:16 5246634                    /lib/x86_64-linux-gnu/libnss_nis-2.15.so
7fb5be179000-7fb5be190000 r-xp 00000000 08:16 5246624                    /lib/x86_64-linux-gnu/libnsl-2.15.so
7fb5be190000-7fb5be38f000 ---p 00017000 08:16 5246624                    /lib/x86_64-linux-gnu/libnsl-2.15.so
7fb5be38f000-7fb5be390000 r--p 00016000 08:16 5246624                    /lib/x86_64-linux-gnu/libnsl-2.15.so
7fb5be390000-7fb5be391000 rw-p 00017000 08:16 5246624                    /lib/x86_64-linux-gnu/libnsl-2.15.so
7fb5be391000-7fb5be393000 rw-p 00000000 00:00 0 
7fb5be393000-7fb5be39b000 r-xp 00000000 08:16 5246626                    /lib/x86_64-linux-gnu/libnss_compat-2.15.so
7fb5be39b000-7fb5be59a000 ---p 00008000 08:16 5246626                    /lib/x86_64-linux-gnu/libnss_compat-2.15.so
7fb5be59a000-7fb5be59b000 r--p 00007000 08:16 5246626                    /lib/x86_64-linux-gnu/libnss_compat-2.15.so
7fb5be59b000-7fb5be59c000 rw-p 00008000 08:16 5246626                    /lib/x86_64-linux-gnu/libnss_compat-2.15.so
7fb5be59c000-7fb5be5c3000 r-xp 00000000 08:16 3544563                    /usr/lib/jvm/java-7-openjdk-amd64/jre/lib/amd64/libjava.so
7fb5be5c3000-7fb5be7c2000 ---p 00027000 08:16 3544563                    /usr/lib/jvm/java-7-openjdk-amd64/jre/lib/amd64/libjava.so
7fb5be7c2000-7fb5be7c3000 r--p 00026000 08:16 3544563                    /usr/lib/jvm/java-7-openjdk-amd64/jre/lib/amd64/libjava.so
7fb5be7c3000-7fb5be7c5000 rw-p 00027000 08:16 3544563                    /usr/lib/jvm/java-7-openjdk-amd64/jre/lib/amd64/libjava.so
7fb5be7c5000-7fb5be7d3000 r-xp 00000000 08:16 3544574                    /usr/lib/jvm/java-7-openjdk-amd64/jre/lib/amd64/libverify.so
7fb5be7d3000-7fb5be9d2000 ---p 0000e000 08:16 3544574                    /usr/lib/jvm/java-7-openjdk-amd64/jre/lib/amd64/libverify.so
7fb5be9d2000-7fb5be9d4000 r--p 0000d000 08:16 3544574                    /usr/lib/jvm/java-7-openjdk-amd64/jre/lib/amd64/libverify.so
7fb5be9d4000-7fb5be9d5000 rw-p 0000f000 08:16 3544574                    /usr/lib/jvm/java-7-openjdk-amd64/jre/lib/amd64/libverify.so
7fb5be9d5000-7fb5be9dc000 r-xp 00000000 08:16 5246665                    /lib/x86_64-linux-gnu/librt-2.15.so
7fb5be9dc000-7fb5bebdb000 ---p 00007000 08:16 5246665                    /lib/x86_64-linux-gnu/librt-2.15.so
7fb5bebdb000-7fb5bebdc000 r--p 00006000 08:16 5246665                    /lib/x86_64-linux-gnu/librt-2.15.so
7fb5bebdc000-7fb5bebdd000 rw-p 00007000 08:16 5246665                    /lib/x86_64-linux-gnu/librt-2.15.so
7fb5bebdd000-7fb5bebf2000 r-xp 00000000 08:16 5246600                    /lib/x86_64-linux-gnu/libgcc_s.so.1
7fb5bebf2000-7fb5bedf1000 ---p 00015000 08:16 5246600                    /lib/x86_64-linux-gnu/libgcc_s.so.1
7fb5bedf1000-7fb5bedf2000 r--p 00014000 08:16 5246600                    /lib/x86_64-linux-gnu/libgcc_s.so.1
7fb5bedf2000-7fb5bedf3000 rw-p 00015000 08:16 5246600                    /lib/x86_64-linux-gnu/libgcc_s.so.1
7fb5bedf3000-7fb5beeec000 r-xp 00000000 08:16 5246611                    /lib/x86_64-linux-gnu/libm-2.15.so
7fb5beeec000-7fb5bf0eb000 ---p 000f9000 08:16 5246611                    /lib/x86_64-linux-gnu/libm-2.15.so
7fb5bf0eb000-7fb5bf0ec000 r--p 000f8000 08:16 5246611                    /lib/x86_64-linux-gnu/libm-2.15.so
7fb5bf0ec000-7fb5bf0ed000 rw-p 000f9000 08:16 5246611                    /lib/x86_64-linux-gnu/libm-2.15.so
7fb5bf0ed000-7fb5bf1cf000 r-xp 00000000 08:16 1056535                    /usr/lib/x86_64-linux-gnu/libstdc++.so.6.0.16
7fb5bf1cf000-7fb5bf3ce000 ---p 000e2000 08:16 1056535                    /usr/lib/x86_64-linux-gnu/libstdc++.so.6.0.16
7fb5bf3ce000-7fb5bf3d6000 r--p 000e1000 08:16 1056535                    /usr/lib/x86_64-linux-gnu/libstdc++.so.6.0.16
7fb5bf3d6000-7fb5bf3d8000 rw-p 000e9000 08:16 1056535                    /usr/lib/x86_64-linux-gnu/libstdc++.so.6.0.16
7fb5bf3d8000-7fb5bf3ed000 rw-p 00000000 00:00 0 
7fb5bf3ed000-7fb5bfd80000 r-xp 00000000 08:16 3544559                    /usr/lib/jvm/java-7-openjdk-amd64/jre/lib/amd64/server/libjvm.so
7fb5bfd80000-7fb5bff80000 ---p 00993000 08:16 3544559                    /usr/lib/jvm/java-7-openjdk-amd64/jre/lib/amd64/server/libjvm.so
7fb5bff80000-7fb5bfffa000 r--p 00993000 08:16 3544559                    /usr/lib/jvm/java-7-openjdk-amd64/jre/lib/amd64/server/libjvm.so
7fb5bfffa000-7fb5c001c000 rw-p 00a0d000 08:16 3544559                    /usr/lib/jvm/java-7-openjdk-amd64/jre/lib/amd64/server/libjvm.so
7fb5c001c000-7fb5c0047000 rw-p 00000000 00:00 0 
7fb5c0047000-7fb5c005f000 r-xp 00000000 08:16 5246659                    /lib/x86_64-linux-gnu/libpthread-2.15.so
7fb5c005f000-7fb5c025e000 ---p 00018000 08:16 5246659                    /lib/x86_64-linux-gnu/libpthread-2.15.so
7fb5c025e000-7fb5c025f000 r--p 00017000 08:16 5246659                    /lib/x86_64-linux-gnu/libpthread-2.15.so
7fb5c025f000-7fb5c0260000 rw-p 00018000 08:16 5246659                    /lib/x86_64-linux-gnu/libpthread-2.15.so
7fb5c0260000-7fb5c0264000 rw-p 00000000 00:00 0 
7fb5c0264000-7fb5c027a000 r-xp 00000000 08:16 5246690                    /lib/x86_64-linux-gnu/libz.so.1.2.3.4
7fb5c027a000-7fb5c0479000 ---p 00016000 08:16 5246690                    /lib/x86_64-linux-gnu/libz.so.1.2.3.4
7fb5c0479000-7fb5c047a000 r--p 00015000 08:16 5246690                    /lib/x86_64-linux-gnu/libz.so.1.2.3.4
7fb5c047a000-7fb5c047b000 rw-p 00016000 08:16 5246690                    /lib/x86_64-linux-gnu/libz.so.1.2.3.4
7fb5c047b000-7fb5c047d000 r-xp 00000000 08:16 5246592                    /lib/x86_64-linux-gnu/libdl-2.15.so
7fb5c047d000-7fb5c067d000 ---p 00002000 08:16 5246592                    /lib/x86_64-linux-gnu/libdl-2.15.so
7fb5c067d000-7fb5c067e000 r--p 00002000 08:16 5246592                    /lib/x86_64-linux-gnu/libdl-2.15.so
7fb5c067e000-7fb5c067f000 rw-p 00003000 08:16 5246592                    /lib/x86_64-linux-gnu/libdl-2.15.so
7fb5c067f000-7fb5c0832000 r-xp 00000000 08:16 5246579                    /lib/x86_64-linux-gnu/libc-2.15.so
7fb5c0832000-7fb5c0a31000 ---p 001b3000 08:16 5246579                    /lib/x86_64-linux-gnu/libc-2.15.so
7fb5c0a31000-7fb5c0a35000 r--p 001b2000 08:16 5246579                    /lib/x86_64-linux-gnu/libc-2.15.so
7fb5c0a35000-7fb5c0a37000 rw-p 001b6000 08:16 5246579                    /lib/x86_64-linux-gnu/libc-2.15.so
7fb5c0a37000-7fb5c0a3c000 rw-p 00000000 00:00 0 
7fb5c0a3c000-7fb5c0a48000 r-xp 00000000 08:16 3544565                    /usr/lib/jvm/java-7-openjdk-amd64/jre/lib/amd64/jli/libjli.so
7fb5c0a48000-7fb5c0c48000 ---p 0000c000 08:16 3544565                    /usr/lib/jvm/java-7-openjdk-amd64/jre/lib/amd64/jli/libjli.so
7fb5c0c48000-7fb5c0c49000 r--p 0000c000 08:16 3544565                    /usr/lib/jvm/java-7-openjdk-amd64/jre/lib/amd64/jli/libjli.so
7fb5c0c49000-7fb5c0c4a000 rw-p 0000d000 08:16 3544565                    /usr/lib/jvm/java-7-openjdk-amd64/jre/lib/amd64/jli/libjli.so
7fb5c0c4a000-7fb5c0c6c000 r-xp 00000000 08:16 5246559                    /lib/x86_64-linux-gnu/ld-2.15.so
7fb5c0c6c000-7fb5c0c6d000 r--s 00009000 08:16 3677159                    /home/relissa/jmonkeyplatform/jmonkeyplatform/libs/j-ogg-vorbisd.jar
7fb5c0c6d000-7fb5c0c6e000 r--s 00002000 08:16 3677929                    /home/relissa/jmonkeyplatform/jmonkeyplatform/libs/jME3-jogg.jar
7fb5c0c6e000-7fb5c0c72000 r--s 0001b000 08:16 3677934                    /home/relissa/jmonkeyplatform/jmonkeyplatform/libs/jME3-networking.jar
7fb5c0c72000-7fb5c0c75000 r--s 0006b000 08:16 3677923                    /home/relissa/jmonkeyplatform/jmonkeyplatform/libs/jME3-effects.jar
7fb5c0c75000-7fb5c0c76000 r--s 0000f000 08:16 3677939                    /home/relissa/jmonkeyplatform/jmonkeyplatform/libs/jME3-plugins.jar
7fb5c0c76000-7fb5c0c79000 r--s 00033000 08:16 3677921                    /home/relissa/jmonkeyplatform/jmonkeyplatform/libs/jME3-desktop.jar
7fb5c0c79000-7fb5c0c88000 r--s 000f5000 08:16 3677920                    /home/relissa/jmonkeyplatform/jmonkeyplatform/libs/jME3-core.jar
7fb5c0c88000-7fb5c0c92000 rw-p 00000000 00:00 0 
7fb5c0c92000-7fb5c0d48000 rw-p 00000000 00:00 0 
7fb5c0d48000-7fb5c0d4b000 ---p 00000000 00:00 0 
7fb5c0d4b000-7fb5c0e4e000 rw-p 00000000 00:00 0 
7fb5c0e4e000-7fb5c0e50000 r--s 00005000 08:16 3677249                    /home/relissa/jmonkeyplatform/jmonkeyplatform/libs/j-ogg-oggd.jar
7fb5c0e50000-7fb5c0e53000 r--s 00032000 08:16 1050313                    /usr/lib/jvm/java-7-openjdk-common/jre/lib/ext/sunjce_provider.jar
7fb5c0e53000-7fb5c0e55000 r--s 00012000 08:16 1050314                    /usr/lib/jvm/java-7-openjdk-common/jre/lib/ext/zipfs.jar
7fb5c0e55000-7fb5c0e56000 r--s 00002000 08:16 1050311                    /usr/lib/jvm/java-7-openjdk-common/jre/lib/ext/dnsns.jar
7fb5c0e56000-7fb5c0e59000 r--s 00085000 08:16 1050312                    /usr/lib/jvm/java-7-openjdk-common/jre/lib/ext/localedata.jar
7fb5c0e59000-7fb5c0e5c000 r--s 0000f000 08:16 1050315                    /usr/lib/jvm/java-7-openjdk-common/jre/lib/ext/pulse-java.jar
7fb5c0e5c000-7fb5c0e5d000 r--s 00007000 08:16 1453403                    /usr/share/java/java-atk-wrapper.jar
7fb5c0e5d000-7fb5c0e60000 r--s 0003c000 08:16 1050310                    /usr/lib/jvm/java-7-openjdk-common/jre/lib/ext/sunpkcs11.jar
7fb5c0e60000-7fb5c0e68000 rw-s 00000000 08:16 4063562                    /tmp/hsperfdata_relissa/8514 (deleted)
7fb5c0e68000-7fb5c0e69000 rw-p 00000000 00:00 0 
7fb5c0e69000-7fb5c0e6a000 ---p 00000000 00:00 0 
7fb5c0e6a000-7fb5c0e6c000 rw-p 00000000 00:00 0 
7fb5c0e6c000-7fb5c0e6d000 r--p 00022000 08:16 5246559                    /lib/x86_64-linux-gnu/ld-2.15.so
7fb5c0e6d000-7fb5c0e6f000 rw-p 00023000 08:16 5246559                    /lib/x86_64-linux-gnu/ld-2.15.so
7fffafb80000-7fffafba1000 rw-p 00000000 00:00 0                          [stack]
7fffafbff000-7fffafc00000 r-xp 00000000 00:00 0                          [vdso]
ffffffffff600000-ffffffffff601000 r-xp 00000000 00:00 0                  [vsyscall]

VM Arguments:
jvm_args: -Dfile.encoding=UTF-8 
java_command: OCLP.Main
Launcher Type: SUN_STANDARD

Environment Variables:
PATH=/usr/lib/lightdm/lightdm:/usr/local/sbin:/usr/local/bin:/usr/sbin:/usr/bin:/sbin:/bin:/usr/games
SHELL=/bin/bash
DISPLAY=:0.0

Signal Handlers:
SIGSEGV: [libjvm.so+0x8065e0], sa_mask[0]=0x7ffbfeff, sa_flags=0x10000004
SIGBUS: [libjvm.so+0x8065e0], sa_mask[0]=0x7ffbfeff, sa_flags=0x10000004
SIGFPE: [libjvm.so+0x6ac6d0], sa_mask[0]=0x7ffbfeff, sa_flags=0x10000004
SIGPIPE: SIG_IGN, sa_mask[0]=0x00001000, sa_flags=0x10000000
SIGXFSZ: [libjvm.so+0x6ac6d0], sa_mask[0]=0x7ffbfeff, sa_flags=0x10000004
SIGILL: [libjvm.so+0x6ac6d0], sa_mask[0]=0x7ffbfeff, sa_flags=0x10000004
SIGUSR1: SIG_DFL, sa_mask[0]=0x00000000, sa_flags=0x00000000
SIGUSR2: [libjvm.so+0x6acaa0], sa_mask[0]=0x00000004, sa_flags=0x10000004
SIGHUP: [libjvm.so+0x6acbe0], sa_mask[0]=0x7ffbfeff, sa_flags=0x10000004
SIGINT: SIG_IGN, sa_mask[0]=0x00000000, sa_flags=0x00000000
SIGTERM: [libjvm.so+0x6acbe0], sa_mask[0]=0x7ffbfeff, sa_flags=0x10000004
SIGQUIT: [libjvm.so+0x6acbe0], sa_mask[0]=0x7ffbfeff, sa_flags=0x10000004


---------------  S Y S T E M  ---------------

OS:Ubuntu 12.04 (precise)
uname:Linux 3.2.0-24-generic #39-Ubuntu SMP Mon May 21 16:52:17 UTC 2012 x86_64
libc:glibc 2.15 NPTL 2.15 
rlimit: STACK 8192k, CORE 0k, NPROC 28916, NOFILE 4096, AS infinity
load average:1.82 1.31 1.19

/proc/meminfo:
MemTotal:        3791568 kB
MemFree:          148988 kB
Buffers:           74712 kB
Cached:           980640 kB
SwapCached:         3324 kB
Active:          2342260 kB
Inactive:         889120 kB
Active(anon):    1916220 kB
Inactive(anon):   466028 kB
Active(file):     426040 kB
Inactive(file):   423092 kB
Unevictable:           0 kB
Mlocked:               0 kB
SwapTotal:        999420 kB
SwapFree:         954168 kB
Dirty:               280 kB
Writeback:             0 kB
AnonPages:       2173488 kB
Mapped:           181252 kB
Shmem:            206204 kB
Slab:             185612 kB
SReclaimable:     149064 kB
SUnreclaim:        36548 kB
KernelStack:        5216 kB
PageTables:        54340 kB
NFS_Unstable:          0 kB
Bounce:                0 kB
WritebackTmp:          0 kB
CommitLimit:     2895204 kB
Committed_AS:    6822480 kB
VmallocTotal:   34359738367 kB
VmallocUsed:      310392 kB
VmallocChunk:   34359425244 kB
HardwareCorrupted:     0 kB
AnonHugePages:         0 kB
HugePages_Total:       0
HugePages_Free:        0
HugePages_Rsvd:        0
HugePages_Surp:        0
Hugepagesize:       2048 kB
DirectMap4k:     3659264 kB
DirectMap2M:      272384 kB
DirectMap1G:           0 kB


CPU:total 2 (2 cores per cpu, 1 threads per core) family 16 model 6 stepping 2, cmov, cx8, fxsr, mmx, sse, sse2, sse3, popcnt, mmxext, 3dnowpref, lzcnt, sse4a

/proc/cpuinfo:
processor	: 0
vendor_id	: AuthenticAMD
cpu family	: 16
model		: 6
model name	: AMD Athlon(tm) II X2 215 Processor
stepping	: 2
microcode	: 0x100009f
cpu MHz		: 2700.000
cache size	: 512 KB
physical id	: 0
siblings	: 2
core id		: 0
cpu cores	: 2
apicid		: 0
initial apicid	: 0
fpu		: yes
fpu_exception	: yes
cpuid level	: 5
wp		: yes
flags		: fpu vme de pse tsc msr pae mce cx8 apic sep mtrr pge mca cmov pat pse36 clflush mmx fxsr sse sse2 ht syscall nx mmxext fxsr_opt pdpe1gb rdtscp lm 3dnowext 3dnow constant_tsc rep_good nopl nonstop_tsc extd_apicid pni monitor cx16 popcnt lahf_lm cmp_legacy svm extapic cr8_legacy abm sse4a misalignsse 3dnowprefetch osvw ibs skinit wdt npt lbrv svm_lock nrip_save
bogomips	: 5400.31
TLB size	: 1024 4K pages
clflush size	: 64
cache_alignment	: 64
address sizes	: 48 bits physical, 48 bits virtual
power management: ts ttp tm stc 100mhzsteps hwpstate

processor	: 1
vendor_id	: AuthenticAMD
cpu family	: 16
model		: 6
model name	: AMD Athlon(tm) II X2 215 Processor
stepping	: 2
microcode	: 0x100009f
cpu MHz		: 2700.000
cache size	: 512 KB
physical id	: 0
siblings	: 2
core id		: 1
cpu cores	: 2
apicid		: 1
initial apicid	: 1
fpu		: yes
fpu_exception	: yes
cpuid level	: 5
wp		: yes
flags		: fpu vme de pse tsc msr pae mce cx8 apic sep mtrr pge mca cmov pat pse36 clflush mmx fxsr sse sse2 ht syscall nx mmxext fxsr_opt pdpe1gb rdtscp lm 3dnowext 3dnow constant_tsc rep_good nopl nonstop_tsc extd_apicid pni monitor cx16 popcnt lahf_lm cmp_legacy svm extapic cr8_legacy abm sse4a misalignsse 3dnowprefetch osvw ibs skinit wdt npt lbrv svm_lock nrip_save
bogomips	: 5386.51
TLB size	: 1024 4K pages
clflush size	: 64
cache_alignment	: 64
address sizes	: 48 bits physical, 48 bits virtual
power management: ts ttp tm stc 100mhzsteps hwpstate



Memory: 4k page, physical 3791568k(148988k free), swap 999420k(954168k free)

vm_info: OpenJDK 64-Bit Server VM (22.0-b10) for linux-amd64 JRE (1.7.0_03-b147), built on May  2 2012 16:57:58 by "buildd" with gcc 4.6.3

time: Fri Jun 15 18:26:27 2012
elapsed time: 32 seconds

