#
# A fatal error has been detected by the Java Runtime Environment:
#
#  SIGSEGV (0xb) at pc=0x00007ff2cde25c58, pid=7277, tid=140681022179072
#
# JRE version: 7.0_03-b147
# Java VM: OpenJDK 64-Bit Server VM (22.0-b10 mixed mode linux-amd64 compressed oops)
# Derivative: IcedTea7 2.1.1pre
# Distribution: Ubuntu 12.04 LTS, package 7~u3-2.1.1~pre1-1ubuntu3
# Problematic frame:
# C  [libX11.so.6+0x33c58]  XQueryExtension+0x28
#
# Failed to write core dump. Core dumps have been disabled. To enable core dumping, try "ulimit -c unlimited" before starting Java again
#
# If you would like to submit a bug report, please include
# instructions on how to reproduce the bug and visit:
#   https://bugs.launchpad.net/ubuntu/+source/openjdk-7/
#

---------------  T H R E A D  ---------------

Current thread is native thread

siginfo:si_signo=SIGSEGV: si_errno=0, si_code=1 (SEGV_MAPERR), si_addr=0xffffffffa002b1d8

Registers:
RAX=0x00000000024c2bd0, RBX=0xffffffffa002a870, RCX=0x00007fff3e917ac8, RDX=0x00007fff3e917ac4
RSP=0x00007fff3e917a60, RBP=0x00007ff28cbb9932, RSI=0x00007ff28cbb9932, RDI=0xffffffffa002a870
R8 =0x00007fff3e917acc, R9 =0x0000000000000000, R10=0x00007ff2da196fa8, R11=0x00007ff2d9e18ca0
R12=0x0000000000000000, R13=0x00007ff28cbb9932, R14=0x00000000024c2bd0, R15=0x0000000000000000
RIP=0x00007ff2cde25c58, EFLAGS=0x0000000000010206, CSGSFS=0x0000000000000033, ERR=0x0000000000000005
  TRAPNO=0x000000000000000e

Top of Stack: (sp=0x00007fff3e917a60)
0x00007fff3e917a60:   00007ff2d9deb790 00007ff2da5ab000
0x00007fff3e917a70:   00007ff2d97a7070 00007ff2da5aa000
0x00007fff3e917a80:   00000000ffffffff ffffffffa002a870
0x00007fff3e917a90:   00007ff28cbb9932 0000000000000000
0x00007fff3e917aa0:   00007ff28cbb9932 00000000024c2bd0
0x00007fff3e917ab0:   0000000000000000 00007ff2cde19c55
0x00007fff3e917ac0:   00007ff2da5cb048 00007ff28ccf2520
0x00007fff3e917ad0:   00007ff28ccf2520 ffffffffa002a870
0x00007fff3e917ae0:   00007ff2a00418b0 00007ff2ce13302b
0x00007fff3e917af0:   00007ff2d9deb790 0000001100000071
0x00007fff3e917b00:   00007fff3e917b80 0000000000000000
0x00007fff3e917b10:   00007fff3e917b80 ffffffffa002a870
0x00007fff3e917b20:   0000000000000000 00007ff2da5cb048
0x00007fff3e917b30:   00007ff28cd0bd50 00007ff28cb60119
0x00007fff3e917b40:   0000000000000000 0000000000000071
0x00007fff3e917b50:   00007fff3e917b80 00007fff3e917ba0
0x00007fff3e917b60:   0000000000000000 00007ff2da5cb048
0x00007fff3e917b70:   00007ff2a00243e0 00007ff28cb56b42
0x00007fff3e917b80:   00007fff3e917fa0 00007ff28cbb98b1
0x00007fff3e917b90:   0000000000000071 00007ff2da3b792d
0x00007fff3e917ba0:   00007ff2da5cc2c8 00007ff2da5cc858
0x00007fff3e917bb0:   00007ff2da5c96a8 00007ff2d4006970
0x00007fff3e917bc0:   00007ff2d4007480 00007ff2d4007980
0x00007fff3e917bd0:   00007ff2d400c660 00007ff28810ad90
0x00007fff3e917be0:   00007ff288112bc0 00007ff28814b060
0x00007fff3e917bf0:   00007ff288161bd0 00007ff28815fc80
0x00007fff3e917c00:   00007ff288160130 00007ff28814caf0
0x00007fff3e917c10:   00007ff28814cfa0 00007ff28814d440
0x00007fff3e917c20:   00007ff288194960 00007ff2881c2500
0x00007fff3e917c30:   00007ff2881b11a0 00007ff28816b400
0x00007fff3e917c40:   00007ff28824a000 00007ff28824a4d0
0x00007fff3e917c50:   00007ff28824be20 00007ff28824c2f0 

Instructions: (pc=0x00007ff2cde25c58)
0x00007ff2cde25c38:   24 d8 48 89 fb 4c 89 64 24 e0 4c 89 6c 24 e8 48
0x00007ff2cde25c48:   89 f5 4c 89 74 24 f0 4c 89 7c 24 f8 48 83 ec 58
0x00007ff2cde25c58:   48 8b 87 68 09 00 00 49 89 d4 49 89 cd 4d 89 c6
0x00007ff2cde25c68:   48 85 c0 74 02 ff 10 ba 08 00 00 00 be 62 00 00 

Register to memory mapping:

RAX=0x00000000024c2bd0 is an unknown value
RBX=0xffffffffa002a870 is an unknown value
RCX=0x00007fff3e917ac8 is an unknown value
RDX=0x00007fff3e917ac4 is an unknown value
RSP=0x00007fff3e917a60 is an unknown value
RBP=0x00007ff28cbb9932: <offset 0x96932> in /usr/lib/fglrx/libGL.so.1 at 0x00007ff28cb23000
RSI=0x00007ff28cbb9932: <offset 0x96932> in /usr/lib/fglrx/libGL.so.1 at 0x00007ff28cb23000
RDI=0xffffffffa002a870 is an unknown value
R8 =0x00007fff3e917acc is an unknown value
R9 =0x0000000000000000 is an unknown value
R10=0x00007ff2da196fa8: <offset 0x3b9fa8> in /lib/x86_64-linux-gnu/libc.so.6 at 0x00007ff2d9ddd000
R11=0x00007ff2d9e18ca0: __cxa_finalize+0 in /lib/x86_64-linux-gnu/libc.so.6 at 0x00007ff2d9ddd000
R12=0x0000000000000000 is an unknown value
R13=0x00007ff28cbb9932: <offset 0x96932> in /usr/lib/fglrx/libGL.so.1 at 0x00007ff28cb23000
R14=0x00000000024c2bd0 is an unknown value
R15=0x0000000000000000 is an unknown value


Stack: [0x00007fff3e819000,0x00007fff3e919000],  sp=0x00007fff3e917a60,  free space=1018k
Native frames: (J=compiled Java code, j=interpreted, Vv=VM code, C=native code)
C  [libX11.so.6+0x33c58]  XQueryExtension+0x28


---------------  P R O C E S S  ---------------

VM state:at safepoint (shutting down)

VM Mutex/Monitor currently owned by a thread:  ([mutex/lock_event])
[0x00007ff2d4004d40] Threads_lock - owner thread: 0x00007ff2d409b800

Heap
 PSYoungGen      total 17280K, used 16254K [0x00000000ecb60000, 0x00000000edea0000, 0x0000000100000000)
  eden space 14848K, 93% used [0x00000000ecb60000,0x00000000ed8e7850,0x00000000ed9e0000)
  from space 2432K, 98% used [0x00000000ed9e0000,0x00000000edc38020,0x00000000edc40000)
  to   space 2432K, 0% used [0x00000000edc40000,0x00000000edc40000,0x00000000edea0000)
 PSOldGen        total 39552K, used 1930K [0x00000000c6200000, 0x00000000c88a0000, 0x00000000ecb60000)
  object space 39552K, 4% used [0x00000000c6200000,0x00000000c63e2970,0x00000000c88a0000)
 PSPermGen       total 21248K, used 21044K [0x00000000bbc00000, 0x00000000bd0c0000, 0x00000000c6200000)
  object space 21248K, 99% used [0x00000000bbc00000,0x00000000bd08d230,0x00000000bd0c0000)

Code Cache  [0x00007ff2d0182000, 0x00007ff2d03f2000, 0x00007ff2d3182000)
 total_blobs=834 nmethods=196 adapters=591 free_code_cache=48151Kb largest_free_block=49274112

Dynamic libraries:
00400000-00401000 r-xp 00000000 08:16 3544606                            /usr/lib/jvm/java-7-openjdk-amd64/jre/bin/java
00600000-00601000 r--p 00000000 08:16 3544606                            /usr/lib/jvm/java-7-openjdk-amd64/jre/bin/java
00601000-00602000 rw-p 00001000 08:16 3544606                            /usr/lib/jvm/java-7-openjdk-amd64/jre/bin/java
024c0000-024e1000 rw-p 00000000 00:00 0                                  [heap]
bbc00000-bd0c0000 rw-p 00000000 00:00 0 
bd0c0000-c6200000 rw-p 00000000 00:00 0 
c6200000-c88a0000 rw-p 00000000 00:00 0 
c88a0000-ecb60000 rw-p 00000000 00:00 0 
ecb60000-edea0000 rw-p 00000000 00:00 0 
edea0000-100000000 rw-p 00000000 00:00 0 
7ff27e6a0000-7ff27e6a1000 ---p 00000000 00:00 0 
7ff27e6a1000-7ff27eea1000 rw-p 00000000 00:00 0 
7ff27f6a2000-7ff27f6a3000 ---p 00000000 00:00 0 
7ff27f6a3000-7ff27fea3000 rw-p 00000000 00:00 0 
7ff283ea4000-7ff283ea5000 ---p 00000000 00:00 0 
7ff283ea5000-7ff2846a5000 rw-p 00000000 00:00 0 
7ff2846a5000-7ff284958000 r-xp 00000000 08:16 1056578                    /usr/lib/x86_64-linux-gnu/libvorbisenc.so.2.0.8
7ff284958000-7ff284b57000 ---p 002b3000 08:16 1056578                    /usr/lib/x86_64-linux-gnu/libvorbisenc.so.2.0.8
7ff284b57000-7ff284b73000 r--p 002b2000 08:16 1056578                    /usr/lib/x86_64-linux-gnu/libvorbisenc.so.2.0.8
7ff284b73000-7ff284b74000 rw-p 002ce000 08:16 1056578                    /usr/lib/x86_64-linux-gnu/libvorbisenc.so.2.0.8
7ff284b74000-7ff284bbc000 r-xp 00000000 08:16 1055951                    /usr/lib/x86_64-linux-gnu/libFLAC.so.8.2.0
7ff284bbc000-7ff284dbc000 ---p 00048000 08:16 1055951                    /usr/lib/x86_64-linux-gnu/libFLAC.so.8.2.0
7ff284dbc000-7ff284dbd000 r--p 00048000 08:16 1055951                    /usr/lib/x86_64-linux-gnu/libFLAC.so.8.2.0
7ff284dbd000-7ff284dbe000 rw-p 00049000 08:16 1055951                    /usr/lib/x86_64-linux-gnu/libFLAC.so.8.2.0
7ff284dbe000-7ff284dc3000 r-xp 00000000 08:16 1056065                    /usr/lib/x86_64-linux-gnu/libasyncns.so.0.3.1
7ff284dc3000-7ff284fc2000 ---p 00005000 08:16 1056065                    /usr/lib/x86_64-linux-gnu/libasyncns.so.0.3.1
7ff284fc2000-7ff284fc3000 r--p 00004000 08:16 1056065                    /usr/lib/x86_64-linux-gnu/libasyncns.so.0.3.1
7ff284fc3000-7ff284fc4000 rw-p 00005000 08:16 1056065                    /usr/lib/x86_64-linux-gnu/libasyncns.so.0.3.1
7ff284fc4000-7ff285024000 r-xp 00000000 08:16 1056513                    /usr/lib/x86_64-linux-gnu/libsndfile.so.1.0.25
7ff285024000-7ff285224000 ---p 00060000 08:16 1056513                    /usr/lib/x86_64-linux-gnu/libsndfile.so.1.0.25
7ff285224000-7ff285226000 r--p 00060000 08:16 1056513                    /usr/lib/x86_64-linux-gnu/libsndfile.so.1.0.25
7ff285226000-7ff285227000 rw-p 00062000 08:16 1056513                    /usr/lib/x86_64-linux-gnu/libsndfile.so.1.0.25
7ff285227000-7ff28522b000 rw-p 00000000 00:00 0 
7ff28522b000-7ff285233000 r-xp 00000000 08:16 5246688                    /lib/x86_64-linux-gnu/libwrap.so.0.7.6
7ff285233000-7ff285432000 ---p 00008000 08:16 5246688                    /lib/x86_64-linux-gnu/libwrap.so.0.7.6
7ff285432000-7ff285433000 r--p 00007000 08:16 5246688                    /lib/x86_64-linux-gnu/libwrap.so.0.7.6
7ff285433000-7ff285434000 rw-p 00008000 08:16 5246688                    /lib/x86_64-linux-gnu/libwrap.so.0.7.6
7ff285434000-7ff285490000 r-xp 00000000 08:16 1055773                    /usr/lib/x86_64-linux-gnu/libpulsecommon-1.1.so
7ff285490000-7ff285690000 ---p 0005c000 08:16 1055773                    /usr/lib/x86_64-linux-gnu/libpulsecommon-1.1.so
7ff285690000-7ff285691000 r--p 0005c000 08:16 1055773                    /usr/lib/x86_64-linux-gnu/libpulsecommon-1.1.so
7ff285691000-7ff285692000 rw-p 0005d000 08:16 1055773                    /usr/lib/x86_64-linux-gnu/libpulsecommon-1.1.so
7ff285692000-7ff285699000 r-xp 00000000 08:16 1056352                    /usr/lib/x86_64-linux-gnu/libjson.so.0.0.1
7ff285699000-7ff285898000 ---p 00007000 08:16 1056352                    /usr/lib/x86_64-linux-gnu/libjson.so.0.0.1
7ff285898000-7ff285899000 r--p 00006000 08:16 1056352                    /usr/lib/x86_64-linux-gnu/libjson.so.0.0.1
7ff285899000-7ff28589a000 rw-p 00007000 08:16 1056352                    /usr/lib/x86_64-linux-gnu/libjson.so.0.0.1
7ff28589a000-7ff2858e0000 r-xp 00000000 08:16 1055774                    /usr/lib/x86_64-linux-gnu/libpulse.so.0.13.5
7ff2858e0000-7ff285ae0000 ---p 00046000 08:16 1055774                    /usr/lib/x86_64-linux-gnu/libpulse.so.0.13.5
7ff285ae0000-7ff285ae1000 r--p 00046000 08:16 1055774                    /usr/lib/x86_64-linux-gnu/libpulse.so.0.13.5
7ff285ae1000-7ff285ae2000 rw-p 00047000 08:16 1055774                    /usr/lib/x86_64-linux-gnu/libpulse.so.0.13.5
7ff285d32000-7ff287c8c000 r-xp 00000000 08:16 1054642                    /usr/lib/fglrx/dri/fglrx_dri.so
7ff287c8c000-7ff287d8c000 ---p 01f5a000 08:16 1054642                    /usr/lib/fglrx/dri/fglrx_dri.so
7ff287d8c000-7ff287eda000 rwxp 01f5a000 08:16 1054642                    /usr/lib/fglrx/dri/fglrx_dri.so
7ff287eda000-7ff288000000 rwxp 00000000 00:00 0 
7ff288000000-7ff288566000 rw-p 00000000 00:00 0 
7ff288566000-7ff28c000000 ---p 00000000 00:00 0 
7ff28c1c5000-7ff28c8c5000 rw-s 22c4b000 00:05 9165                       /dev/ati/card0
7ff28c8c5000-7ff28c900000 r-xp 00000000 08:16 1054638                    /usr/lib/fglrx/libatiadlxx.so
7ff28c900000-7ff28ca00000 ---p 0003b000 08:16 1054638                    /usr/lib/fglrx/libatiadlxx.so
7ff28ca00000-7ff28ca09000 rw-p 0003b000 08:16 1054638                    /usr/lib/fglrx/libatiadlxx.so
7ff28ca09000-7ff28ca1a000 rw-p 00000000 00:00 0 
7ff28ca1a000-7ff28ca21000 r-xp 00000000 08:16 1054658                    /usr/lib/fglrx/libatiuki.so.1.0
7ff28ca21000-7ff28cb21000 ---p 00007000 08:16 1054658                    /usr/lib/fglrx/libatiuki.so.1.0
7ff28cb21000-7ff28cb22000 rw-p 00007000 08:16 1054658                    /usr/lib/fglrx/libatiuki.so.1.0
7ff28cb22000-7ff28cb23000 rw-p 00000000 00:00 0 
7ff28cb23000-7ff28cbe6000 r-xp 00000000 08:16 1054665                    /usr/lib/fglrx/libGL.so.1.2
7ff28cbe6000-7ff28cce5000 ---p 000c3000 08:16 1054665                    /usr/lib/fglrx/libGL.so.1.2
7ff28cce5000-7ff28cd0c000 rwxp 000c2000 08:16 1054665                    /usr/lib/fglrx/libGL.so.1.2
7ff28cd0c000-7ff28cd2c000 rwxp 00000000 00:00 0 
7ff28cd2c000-7ff28cd30000 r-xp 00000000 08:16 1056049                    /usr/lib/x86_64-linux-gnu/libXxf86vm.so.1.0.0
7ff28cd30000-7ff28cf2f000 ---p 00004000 08:16 1056049                    /usr/lib/x86_64-linux-gnu/libXxf86vm.so.1.0.0
7ff28cf2f000-7ff28cf30000 r--p 00003000 08:16 1056049                    /usr/lib/x86_64-linux-gnu/libXxf86vm.so.1.0.0
7ff28cf30000-7ff28cf31000 rw-p 00004000 08:16 1056049                    /usr/lib/x86_64-linux-gnu/libXxf86vm.so.1.0.0
7ff28cf31000-7ff28cf98000 r-xp 00000000 08:16 3677813                    /home/relissa/NetBeansProjects/OCLP/liblwjgl64.so
7ff28cf98000-7ff28d198000 ---p 00067000 08:16 3677813                    /home/relissa/NetBeansProjects/OCLP/liblwjgl64.so
7ff28d198000-7ff28d19a000 r--p 00067000 08:16 3677813                    /home/relissa/NetBeansProjects/OCLP/liblwjgl64.so
7ff28d19a000-7ff28d19b000 rw-p 00069000 08:16 3677813                    /home/relissa/NetBeansProjects/OCLP/liblwjgl64.so
7ff28d19b000-7ff28d19c000 r-xp 00000000 08:16 3544578                    /usr/lib/jvm/java-7-openjdk-amd64/jre/lib/amd64/libjawt.so
7ff28d19c000-7ff28d39b000 ---p 00001000 08:16 3544578                    /usr/lib/jvm/java-7-openjdk-amd64/jre/lib/amd64/libjawt.so
7ff28d39b000-7ff28d39c000 r--p 00000000 08:16 3544578                    /usr/lib/jvm/java-7-openjdk-amd64/jre/lib/amd64/libjawt.so
7ff28d39c000-7ff28d39d000 rw-p 00001000 08:16 3544578                    /usr/lib/jvm/java-7-openjdk-amd64/jre/lib/amd64/libjawt.so
7ff28d39d000-7ff28d49d000 rw-s 00000000 00:04 159907872                  /SYSV00000000 (deleted)
7ff28d49d000-7ff28d4fd000 rw-s 00000000 00:04 159875103                  /SYSV00000000 (deleted)
7ff28d53d000-7ff28d54d000 rw-s fe9f0000 00:05 9165                       /dev/ati/card0
7ff28d54d000-7ff28d550000 ---p 00000000 00:00 0 
7ff28d550000-7ff28d64e000 rw-p 00000000 00:00 0 
7ff28d64e000-7ff28d651000 ---p 00000000 00:00 0 
7ff28d651000-7ff28d74f000 rw-p 00000000 00:00 0 
7ff28d74f000-7ff28d750000 ---p 00000000 00:00 0 
7ff28d750000-7ff28df50000 rw-p 00000000 00:00 0 
7ff28df50000-7ff28df6a000 r-xp 00000000 08:16 1056151                    /usr/lib/x86_64-linux-gnu/libdbusmenu-glib.so.4.0.12
7ff28df6a000-7ff28e169000 ---p 0001a000 08:16 1056151                    /usr/lib/x86_64-linux-gnu/libdbusmenu-glib.so.4.0.12
7ff28e169000-7ff28e16a000 r--p 00019000 08:16 1056151                    /usr/lib/x86_64-linux-gnu/libdbusmenu-glib.so.4.0.12
7ff28e16a000-7ff28e16b000 rw-p 0001a000 08:16 1056151                    /usr/lib/x86_64-linux-gnu/libdbusmenu-glib.so.4.0.12
7ff28e16b000-7ff28e17d000 r-xp 00000000 08:16 1056153                    /usr/lib/x86_64-linux-gnu/libdbusmenu-gtk.so.4.0.12
7ff28e17d000-7ff28e37c000 ---p 00012000 08:16 1056153                    /usr/lib/x86_64-linux-gnu/libdbusmenu-gtk.so.4.0.12
7ff28e37c000-7ff28e37d000 r--p 00011000 08:16 1056153                    /usr/lib/x86_64-linux-gnu/libdbusmenu-gtk.so.4.0.12
7ff28e37d000-7ff28e37e000 rw-p 00012000 08:16 1056153                    /usr/lib/x86_64-linux-gnu/libdbusmenu-gtk.so.4.0.12
7ff28e37e000-7ff28e383000 r-xp 00000000 08:16 1052971                    /usr/lib/gtk-2.0/2.10.0/menuproxies/libappmenu.so
7ff28e383000-7ff28e582000 ---p 00005000 08:16 1052971                    /usr/lib/gtk-2.0/2.10.0/menuproxies/libappmenu.so
7ff28e582000-7ff28e583000 r--p 00004000 08:16 1052971                    /usr/lib/gtk-2.0/2.10.0/menuproxies/libappmenu.so
7ff28e583000-7ff28e584000 rw-p 00005000 08:16 1052971                    /usr/lib/gtk-2.0/2.10.0/menuproxies/libappmenu.so
7ff28e584000-7ff28e590000 r-xp 00000000 08:16 5246678                    /lib/x86_64-linux-gnu/libudev.so.0.13.0
7ff28e590000-7ff28e78f000 ---p 0000c000 08:16 5246678                    /lib/x86_64-linux-gnu/libudev.so.0.13.0
7ff28e78f000-7ff28e790000 r--p 0000b000 08:16 5246678                    /lib/x86_64-linux-gnu/libudev.so.0.13.0
7ff28e790000-7ff28e791000 rw-p 0000c000 08:16 5246678                    /lib/x86_64-linux-gnu/libudev.so.0.13.0
7ff28e791000-7ff28e7a7000 r-xp 00000000 08:16 1314755                    /usr/lib/x86_64-linux-gnu/gvfs/libgvfscommon.so
7ff28e7a7000-7ff28e9a6000 ---p 00016000 08:16 1314755                    /usr/lib/x86_64-linux-gnu/gvfs/libgvfscommon.so
7ff28e9a6000-7ff28e9a7000 r--p 00015000 08:16 1314755                    /usr/lib/x86_64-linux-gnu/gvfs/libgvfscommon.so
7ff28e9a7000-7ff28e9a8000 rw-p 00016000 08:16 1314755                    /usr/lib/x86_64-linux-gnu/gvfs/libgvfscommon.so
7ff28e9a8000-7ff28e9d0000 r-xp 00000000 08:16 1314556                    /usr/lib/x86_64-linux-gnu/gio/modules/libgvfsdbus.so
7ff28e9d0000-7ff28ebcf000 ---p 00028000 08:16 1314556                    /usr/lib/x86_64-linux-gnu/gio/modules/libgvfsdbus.so
7ff28ebcf000-7ff28ebd0000 r--p 00027000 08:16 1314556                    /usr/lib/x86_64-linux-gnu/gio/modules/libgvfsdbus.so
7ff28ebd0000-7ff28ebd1000 rw-p 00028000 08:16 1314556                    /usr/lib/x86_64-linux-gnu/gio/modules/libgvfsdbus.so
7ff28ebd1000-7ff28ec15000 r-xp 00000000 08:16 1056333                    /usr/lib/x86_64-linux-gnu/libibus-1.0.so.0.401.0
7ff28ec15000-7ff28ee14000 ---p 00044000 08:16 1056333                    /usr/lib/x86_64-linux-gnu/libibus-1.0.so.0.401.0
7ff28ee14000-7ff28ee16000 r--p 00043000 08:16 1056333                    /usr/lib/x86_64-linux-gnu/libibus-1.0.so.0.401.0
7ff28ee16000-7ff28ee17000 rw-p 00045000 08:16 1056333                    /usr/lib/x86_64-linux-gnu/libibus-1.0.so.0.401.0
7ff28ee17000-7ff28ee18000 rw-p 00000000 00:00 0 
7ff28ee1a000-7ff28ee1d000 ---p 00000000 00:00 0 
7ff28ee1d000-7ff28ee34000 rw-p 00000000 00:00 0 
7ff28ee34000-7ff28ee3a000 r-xp 00000000 08:16 1314695                    /usr/lib/x86_64-linux-gnu/gtk-2.0/2.10.0/immodules/im-ibus.so
7ff28ee3a000-7ff28f039000 ---p 00006000 08:16 1314695                    /usr/lib/x86_64-linux-gnu/gtk-2.0/2.10.0/immodules/im-ibus.so
7ff28f039000-7ff28f03a000 r--p 00005000 08:16 1314695                    /usr/lib/x86_64-linux-gnu/gtk-2.0/2.10.0/immodules/im-ibus.so
7ff28f03a000-7ff28f03b000 rw-p 00006000 08:16 1314695                    /usr/lib/x86_64-linux-gnu/gtk-2.0/2.10.0/immodules/im-ibus.so
7ff28f03b000-7ff28f058000 r--p 00000000 08:16 1835500                    /usr/share/fonts/truetype/droid/DroidSansMono.ttf
7ff28f058000-7ff28f0af000 r--p 00000000 08:16 1837996                    /usr/share/fonts/truetype/ubuntu-font-family/Ubuntu-R.ttf
7ff28f0af000-7ff28f0b1000 r-xp 00000000 08:16 1313859                    /usr/lib/x86_64-linux-gnu/pango/1.6.0/modules/pango-basic-fc.so
7ff28f0b1000-7ff28f2b0000 ---p 00002000 08:16 1313859                    /usr/lib/x86_64-linux-gnu/pango/1.6.0/modules/pango-basic-fc.so
7ff28f2b0000-7ff28f2b1000 r--p 00001000 08:16 1313859                    /usr/lib/x86_64-linux-gnu/pango/1.6.0/modules/pango-basic-fc.so
7ff28f2b1000-7ff28f2b2000 rw-p 00002000 08:16 1313859                    /usr/lib/x86_64-linux-gnu/pango/1.6.0/modules/pango-basic-fc.so
7ff28f2b2000-7ff28f2ce000 r--s 00000000 08:16 1838102                    /usr/share/fonts/type1/gsfonts/p052024l.pfb
7ff28f2ce000-7ff28f2de000 r--s 00000000 08:16 1838009                    /usr/share/fonts/type1/gsfonts/a010015l.pfb
7ff28f2de000-7ff28f2f6000 r--s 00000000 08:16 1838039                    /usr/share/fonts/type1/gsfonts/c059036l.pfb
7ff28f2f6000-7ff28f307000 r--s 00000000 08:16 1838063                    /usr/share/fonts/type1/gsfonts/n019063l.pfb
7ff28f307000-7ff28f322000 r--s 00000000 08:16 1838099                    /usr/share/fonts/type1/gsfonts/p052023l.pfb
7ff28f322000-7ff28f335000 r--s 00000000 08:16 1838066                    /usr/share/fonts/type1/gsfonts/n019064l.pfb
7ff28f335000-7ff28f341000 r--s 00000000 08:16 1838042                    /usr/share/fonts/type1/gsfonts/d050000l.pfb
7ff28f341000-7ff28f35c000 r--s 00000000 08:16 1838096                    /usr/share/fonts/type1/gsfonts/p052004l.pfb
7ff28f35c000-7ff28f36c000 r--s 00000000 08:16 1838012                    /usr/share/fonts/type1/gsfonts/a010033l.pfb
7ff28f36c000-7ff28f385000 r--s 00000000 08:16 1838018                    /usr/share/fonts/type1/gsfonts/b018012l.pfb
7ff28f385000-7ff28f397000 r--s 00000000 08:16 1838027                    /usr/share/fonts/type1/gsfonts/b018035l.pfb
7ff28f397000-7ff28f3af000 r--s 00000000 08:16 1838036                    /usr/share/fonts/type1/gsfonts/c059033l.pfb
7ff28f3af000-7ff28f3ca000 r--s 00000000 08:16 1838033                    /usr/share/fonts/type1/gsfonts/c059016l.pfb
7ff28f3ca000-7ff28f3dc000 r--s 00000000 08:16 1838060                    /usr/share/fonts/type1/gsfonts/n019044l.pfb
7ff28f3dc000-7ff28f3f7000 r--s 00000000 08:16 1838093                    /usr/share/fonts/type1/gsfonts/p052003l.pfb
7ff28f3f7000-7ff28f407000 r--s 00000000 08:16 1838006                    /usr/share/fonts/type1/gsfonts/a010013l.pfb
7ff28f407000-7ff28f41e000 r--s 00000000 08:16 1838108                    /usr/share/fonts/type1/gsfonts/z003034l.pfb
7ff28f41e000-7ff28f427000 r--s 00000000 08:16 1838105                    /usr/share/fonts/type1/gsfonts/s050000l.pfb
7ff28f427000-7ff28f43c000 r--s 00000000 08:16 1838024                    /usr/share/fonts/type1/gsfonts/b018032l.pfb
7ff28f43c000-7ff28f456000 r--s 00000000 08:16 1838030                    /usr/share/fonts/type1/gsfonts/c059013l.pfb
7ff28f456000-7ff28f468000 r--s 00000000 08:16 1838057                    /usr/share/fonts/type1/gsfonts/n019043l.pfb
7ff28f468000-7ff28f47b000 r--s 00000000 08:16 1838021                    /usr/share/fonts/type1/gsfonts/b018015l.pfb
7ff28f47b000-7ff28f48c000 r--s 00000000 08:16 1838015                    /usr/share/fonts/type1/gsfonts/a010035l.pfb
7ff28f48c000-7ff28f493000 r--s 00000000 08:16 1314519                    /usr/lib/x86_64-linux-gnu/gconv/gconv-modules.cache
7ff28f493000-7ff28f494000 rw-s 22c4a000 00:05 9165                       /dev/ati/card0
7ff28f494000-7ff28f496000 rw-s 2314e000 00:05 9165                       /dev/ati/card0
7ff28f496000-7ff28f4a0000 r--s 00000000 08:16 1837283                    /usr/share/fonts/X11/Type1/c0611bt_.pfb
7ff28f4a0000-7ff28f4a9000 r--s 00000000 08:16 1837285                    /usr/share/fonts/X11/Type1/c0632bt_.pfb
7ff28f4a9000-7ff28f4b3000 r--s 00000000 08:16 1837277                    /usr/share/fonts/X11/Type1/c0419bt_.pfb
7ff28f4b3000-7ff28f4bd000 r--s 00000000 08:16 1837279                    /usr/share/fonts/X11/Type1/c0582bt_.pfb
7ff28f4bd000-7ff28f4c6000 r--s 00000000 08:16 1837289                    /usr/share/fonts/X11/Type1/c0648bt_.pfb
7ff28f4c6000-7ff28f4cf000 r--s 00000000 08:16 1837287                    /usr/share/fonts/X11/Type1/c0633bt_.pfb
7ff28f4cf000-7ff28f4d8000 r--s 00000000 08:16 1837291                    /usr/share/fonts/X11/Type1/c0649bt_.pfb
7ff28f4d8000-7ff28f4e2000 r--s 00000000 08:16 1837281                    /usr/share/fonts/X11/Type1/c0583bt_.pfb
7ff28f4e2000-7ff28f4e3000 r--s 00000000 08:16 1843619                    /var/cache/fontconfig/c05880de57d1f5e948fdfacc138775d9-le64.cache-3
7ff28f4e3000-7ff28f4ec000 r--s 00000000 08:16 1843614                    /var/cache/fontconfig/945677eb7aeaf62f1d50efc3fb3ec7d8-le64.cache-3
7ff28f4ec000-7ff28f4ee000 r--s 00000000 08:16 1843615                    /var/cache/fontconfig/99e8ed0e538f840c565b6ed5dad60d56-le64.cache-3
7ff28f4ee000-7ff28f4f6000 r--s 00000000 08:16 1846703                    /var/cache/fontconfig/a6d8cf8e4ec09cdbc8633c31745a07dd-le64.cache-3
7ff28f4f6000-7ff28f4fa000 r--s 00000000 08:16 1843601                    /var/cache/fontconfig/2cd17615ca594fa2959ae173292e504c-le64.cache-3
7ff28f4fa000-7ff28f4fb000 r--s 00000000 08:16 1843626                    /var/cache/fontconfig/e7071f4a29fa870f4323321c154eba04-le64.cache-3
7ff28f4fb000-7ff28f4fc000 r--s 00000000 08:16 1843599                    /var/cache/fontconfig/0d8c3b2ac0904cb8a57a757ad11a4a08-le64.cache-3
7ff28f4fc000-7ff28f502000 r--s 00000000 08:16 1843616                    /var/cache/fontconfig/a755afe4a08bf5b97852ceb7400b47bc-le64.cache-3
7ff28f502000-7ff28f503000 r--s 00000000 08:16 1846509                    /var/cache/fontconfig/5a76b20910bc01daa5b6abd117531ab8-le64.cache-3
7ff28f503000-7ff28f50c000 r--s 00000000 08:16 1847215                    /var/cache/fontconfig/6d41288fd70b0be22e8c3a91e032eec0-le64.cache-3
7ff28f50c000-7ff28f51c000 r--s 00000000 08:16 1843598                    /var/cache/fontconfig/04aabc0a78ac019cf9454389977116d2-le64.cache-3
7ff28f51c000-7ff28f54a000 r--s 00000000 08:16 1846701                    /var/cache/fontconfig/365b55f210c0a22e9a19e35191240f32-le64.cache-3
7ff28f54a000-7ff28f54f000 r--s 00000000 08:16 1843617                    /var/cache/fontconfig/b47c4e1ecd0709278f4910c18777a504-le64.cache-3
7ff28f54f000-7ff28f557000 r--s 00000000 08:16 1846702                    /var/cache/fontconfig/52f7bdb7ce746bfd7eaa1985bd9cfa93-le64.cache-3
7ff28f557000-7ff28f567000 r--s 00000000 08:16 1843622                    /var/cache/fontconfig/d52a8644073d54c13679302ca1180695-le64.cache-3
7ff28f567000-7ff28f577000 r-xp 00000000 08:16 3544571                    /usr/lib/jvm/java-7-openjdk-amd64/jre/lib/amd64/libnio.so
7ff28f577000-7ff28f776000 ---p 00010000 08:16 3544571                    /usr/lib/jvm/java-7-openjdk-amd64/jre/lib/amd64/libnio.so
7ff28f776000-7ff28f777000 r--p 0000f000 08:16 3544571                    /usr/lib/jvm/java-7-openjdk-amd64/jre/lib/amd64/libnio.so
7ff28f777000-7ff28f778000 rw-p 00010000 08:16 3544571                    /usr/lib/jvm/java-7-openjdk-amd64/jre/lib/amd64/libnio.so
7ff28f778000-7ff28f78e000 r-xp 00000000 08:16 3544572                    /usr/lib/jvm/java-7-openjdk-amd64/jre/lib/amd64/libnet.so
7ff28f78e000-7ff28f98e000 ---p 00016000 08:16 3544572                    /usr/lib/jvm/java-7-openjdk-amd64/jre/lib/amd64/libnet.so
7ff28f98e000-7ff28f98f000 r--p 00016000 08:16 3544572                    /usr/lib/jvm/java-7-openjdk-amd64/jre/lib/amd64/libnet.so
7ff28f98f000-7ff28f990000 rw-p 00017000 08:16 3544572                    /usr/lib/jvm/java-7-openjdk-amd64/jre/lib/amd64/libnet.so
7ff28f990000-7ff28f9cb000 r-xp 00000000 08:16 3544568                    /usr/lib/jvm/java-7-openjdk-amd64/jre/lib/amd64/libfontmanager.so
7ff28f9cb000-7ff28fbca000 ---p 0003b000 08:16 3544568                    /usr/lib/jvm/java-7-openjdk-amd64/jre/lib/amd64/libfontmanager.so
7ff28fbca000-7ff28fbcc000 r--p 0003a000 08:16 3544568                    /usr/lib/jvm/java-7-openjdk-amd64/jre/lib/amd64/libfontmanager.so
7ff28fbcc000-7ff28fbcd000 rw-p 0003c000 08:16 3544568                    /usr/lib/jvm/java-7-openjdk-amd64/jre/lib/amd64/libfontmanager.so
7ff28fbcd000-7ff28fbd3000 r-xp 00000000 08:16 1056418                    /usr/lib/x86_64-linux-gnu/libogg.so.0.7.1
7ff28fbd3000-7ff28fdd2000 ---p 00006000 08:16 1056418                    /usr/lib/x86_64-linux-gnu/libogg.so.0.7.1
7ff28fdd2000-7ff28fdd3000 r--p 00005000 08:16 1056418                    /usr/lib/x86_64-linux-gnu/libogg.so.0.7.1
7ff28fdd3000-7ff28fdd4000 rw-p 00006000 08:16 1056418                    /usr/lib/x86_64-linux-gnu/libogg.so.0.7.1
7ff28fdd4000-7ff28fdff000 r-xp 00000000 08:16 1056576                    /usr/lib/x86_64-linux-gnu/libvorbis.so.0.4.5
7ff28fdff000-7ff28fffe000 ---p 0002b000 08:16 1056576                    /usr/lib/x86_64-linux-gnu/libvorbis.so.0.4.5
7ff28fffe000-7ff28ffff000 r--p 0002a000 08:16 1056576                    /usr/lib/x86_64-linux-gnu/libvorbis.so.0.4.5
7ff28ffff000-7ff290000000 rw-p 0002b000 08:16 1056576                    /usr/lib/x86_64-linux-gnu/libvorbis.so.0.4.5
7ff290000000-7ff290021000 rw-p 00000000 00:00 0 
7ff290021000-7ff294000000 ---p 00000000 00:00 0 
7ff294000000-7ff294021000 rw-p 00000000 00:00 0 
7ff294021000-7ff298000000 ---p 00000000 00:00 0 
7ff298000000-7ff29802a000 rw-p 00000000 00:00 0 
7ff29802a000-7ff29c000000 ---p 00000000 00:00 0 
7ff29c000000-7ff29c003000 r--s 00000000 08:16 1842402                    /var/cache/fontconfig/e13b20fdb08344e0e664864cc2ede53d-le64.cache-3
7ff29c003000-7ff29c007000 r--s 00000000 08:16 1846742                    /var/cache/fontconfig/7ef2298fde41cc6eeb7af42e48b7d293-le64.cache-3
7ff29c007000-7ff29c01d000 r--s 00000000 08:16 1838090                    /usr/share/fonts/type1/gsfonts/n022024l.pfb
7ff29c01d000-7ff29c035000 r--s 00000000 08:16 1838081                    /usr/share/fonts/type1/gsfonts/n022003l.pfb
7ff29c035000-7ff29c046000 r--s 00000000 08:16 1838054                    /usr/share/fonts/type1/gsfonts/n019024l.pfb
7ff29c046000-7ff29c05f000 r--s 00000000 08:16 1838072                    /usr/share/fonts/type1/gsfonts/n021004l.pfb
7ff29c05f000-7ff29c078000 r--s 00000000 08:16 1838084                    /usr/share/fonts/type1/gsfonts/n022004l.pfb
7ff29c078000-7ff29c080000 r-xp 00000000 08:16 1056375                    /usr/lib/x86_64-linux-gnu/libltdl.so.7.3.0
7ff29c080000-7ff29c280000 ---p 00008000 08:16 1056375                    /usr/lib/x86_64-linux-gnu/libltdl.so.7.3.0
7ff29c280000-7ff29c281000 r--p 00008000 08:16 1056375                    /usr/lib/x86_64-linux-gnu/libltdl.so.7.3.0
7ff29c281000-7ff29c282000 rw-p 00009000 08:16 1056375                    /usr/lib/x86_64-linux-gnu/libltdl.so.7.3.0
7ff29c282000-7ff29c292000 r-xp 00000000 08:16 1056543                    /usr/lib/x86_64-linux-gnu/libtdb.so.1.2.9
7ff29c292000-7ff29c491000 ---p 00010000 08:16 1056543                    /usr/lib/x86_64-linux-gnu/libtdb.so.1.2.9
7ff29c491000-7ff29c492000 r--p 0000f000 08:16 1056543                    /usr/lib/x86_64-linux-gnu/libtdb.so.1.2.9
7ff29c492000-7ff29c493000 rw-p 00010000 08:16 1056543                    /usr/lib/x86_64-linux-gnu/libtdb.so.1.2.9
7ff29c493000-7ff29c49a000 r-xp 00000000 08:16 1056580                    /usr/lib/x86_64-linux-gnu/libvorbisfile.so.3.3.4
7ff29c49a000-7ff29c699000 ---p 00007000 08:16 1056580                    /usr/lib/x86_64-linux-gnu/libvorbisfile.so.3.3.4
7ff29c699000-7ff29c69a000 r--p 00006000 08:16 1056580                    /usr/lib/x86_64-linux-gnu/libvorbisfile.so.3.3.4
7ff29c69a000-7ff29c69b000 rw-p 00007000 08:16 1056580                    /usr/lib/x86_64-linux-gnu/libvorbisfile.so.3.3.4
7ff29c69b000-7ff29c6aa000 r-xp 00000000 08:16 1056113                    /usr/lib/x86_64-linux-gnu/libcanberra.so.0.2.5
7ff29c6aa000-7ff29c8a9000 ---p 0000f000 08:16 1056113                    /usr/lib/x86_64-linux-gnu/libcanberra.so.0.2.5
7ff29c8a9000-7ff29c8aa000 r--p 0000e000 08:16 1056113                    /usr/lib/x86_64-linux-gnu/libcanberra.so.0.2.5
7ff29c8aa000-7ff29c8ab000 rw-p 0000f000 08:16 1056113                    /usr/lib/x86_64-linux-gnu/libcanberra.so.0.2.5
7ff29c8ab000-7ff29c8af000 r-xp 00000000 08:16 1056109                    /usr/lib/x86_64-linux-gnu/libcanberra-gtk.so.0.1.8
7ff29c8af000-7ff29caae000 ---p 00004000 08:16 1056109                    /usr/lib/x86_64-linux-gnu/libcanberra-gtk.so.0.1.8
7ff29caae000-7ff29caaf000 r--p 00003000 08:16 1056109                    /usr/lib/x86_64-linux-gnu/libcanberra-gtk.so.0.1.8
7ff29caaf000-7ff29cab0000 rw-p 00004000 08:16 1056109                    /usr/lib/x86_64-linux-gnu/libcanberra-gtk.so.0.1.8
7ff29cab0000-7ff29cab5000 r-xp 00000000 08:16 1314709                    /usr/lib/x86_64-linux-gnu/gtk-2.0/modules/libcanberra-gtk-module.so
7ff29cab5000-7ff29ccb4000 ---p 00005000 08:16 1314709                    /usr/lib/x86_64-linux-gnu/gtk-2.0/modules/libcanberra-gtk-module.so
7ff29ccb4000-7ff29ccb5000 r--p 00004000 08:16 1314709                    /usr/lib/x86_64-linux-gnu/gtk-2.0/modules/libcanberra-gtk-module.so
7ff29ccb5000-7ff29ccb6000 rw-p 00005000 08:16 1314709                    /usr/lib/x86_64-linux-gnu/gtk-2.0/modules/libcanberra-gtk-module.so
7ff29ccb6000-7ff29cce5000 r-xp 00000000 08:16 1314688                    /usr/lib/x86_64-linux-gnu/gtk-2.0/2.10.0/engines/libmurrine.so
7ff29cce5000-7ff29cee5000 ---p 0002f000 08:16 1314688                    /usr/lib/x86_64-linux-gnu/gtk-2.0/2.10.0/engines/libmurrine.so
7ff29cee5000-7ff29cee6000 r--p 0002f000 08:16 1314688                    /usr/lib/x86_64-linux-gnu/gtk-2.0/2.10.0/engines/libmurrine.so
7ff29cee6000-7ff29cee7000 rw-p 00030000 08:16 1314688                    /usr/lib/x86_64-linux-gnu/gtk-2.0/2.10.0/engines/libmurrine.so
7ff29cee7000-7ff29cee8000 ---p 00000000 00:00 0 
7ff29cee8000-7ff29d6e8000 rw-p 00000000 00:00 0 
7ff29d6e8000-7ff29d6e9000 ---p 00000000 00:00 0 
7ff29d6e9000-7ff29dee9000 rw-p 00000000 00:00 0 
7ff29dee9000-7ff29def0000 r-xp 00000000 08:16 1314551                    /usr/lib/x86_64-linux-gnu/gio/modules/libdconfsettings.so
7ff29def0000-7ff29e0ef000 ---p 00007000 08:16 1314551                    /usr/lib/x86_64-linux-gnu/gio/modules/libdconfsettings.so
7ff29e0ef000-7ff29e0f0000 r--p 00006000 08:16 1314551                    /usr/lib/x86_64-linux-gnu/gio/modules/libdconfsettings.so
7ff29e0f0000-7ff29e0f1000 rw-p 00007000 08:16 1314551                    /usr/lib/x86_64-linux-gnu/gio/modules/libdconfsettings.so
7ff29e0f1000-7ff29e101000 r-xp 00000000 08:16 1051646                    /usr/lib/liboverlay-scrollbar-0.2.so.0.0.16
7ff29e101000-7ff29e300000 ---p 00010000 08:16 1051646                    /usr/lib/liboverlay-scrollbar-0.2.so.0.0.16
7ff29e300000-7ff29e301000 r--p 0000f000 08:16 1051646                    /usr/lib/liboverlay-scrollbar-0.2.so.0.0.16
7ff29e301000-7ff29e302000 rw-p 00010000 08:16 1051646                    /usr/lib/liboverlay-scrollbar-0.2.so.0.0.16
7ff29e302000-7ff29e305000 ---p 00000000 00:00 0 
7ff29e305000-7ff29e403000 rw-p 00000000 00:00 0 
7ff29e403000-7ff29e406000 ---p 00000000 00:00 0 
7ff29e406000-7ff29e504000 rw-p 00000000 00:00 0 
7ff29e504000-7ff29e507000 ---p 00000000 00:00 0 
7ff29e507000-7ff29e605000 rw-p 00000000 00:00 0 
7ff29e605000-7ff29e608000 ---p 00000000 00:00 0 
7ff29e608000-7ff29e706000 rw-p 00000000 00:00 0 
7ff29e706000-7ff29e709000 ---p 00000000 00:00 0 
7ff29e709000-7ff29e807000 rw-p 00000000 00:00 0 
7ff29e807000-7ff29e80a000 r-xp 00000000 08:16 5246606                    /lib/x86_64-linux-gnu/libgpg-error.so.0.8.0
7ff29e80a000-7ff29ea09000 ---p 00003000 08:16 5246606                    /lib/x86_64-linux-gnu/libgpg-error.so.0.8.0
7ff29ea09000-7ff29ea0a000 r--p 00002000 08:16 5246606                    /lib/x86_64-linux-gnu/libgpg-error.so.0.8.0
7ff29ea0a000-7ff29ea0b000 rw-p 00003000 08:16 5246606                    /lib/x86_64-linux-gnu/libgpg-error.so.0.8.0
7ff29ea0b000-7ff29ea0e000 r-xp 00000000 08:16 5246610                    /lib/x86_64-linux-gnu/libkeyutils.so.1.4
7ff29ea0e000-7ff29ec0d000 ---p 00003000 08:16 5246610                    /lib/x86_64-linux-gnu/libkeyutils.so.1.4
7ff29ec0d000-7ff29ec0e000 r--p 00002000 08:16 5246610                    /lib/x86_64-linux-gnu/libkeyutils.so.1.4
7ff29ec0e000-7ff29ec0f000 rw-p 00003000 08:16 5246610                    /lib/x86_64-linux-gnu/libkeyutils.so.1.4
7ff29ec0f000-7ff29ec51000 r-xp 00000000 08:16 5246591                    /lib/x86_64-linux-gnu/libdbus-1.so.3.5.8
7ff29ec51000-7ff29ee51000 ---p 00042000 08:16 5246591                    /lib/x86_64-linux-gnu/libdbus-1.so.3.5.8
7ff29ee51000-7ff29ee52000 r--p 00042000 08:16 5246591                    /lib/x86_64-linux-gnu/libdbus-1.so.3.5.8
7ff29ee52000-7ff29ee53000 rw-p 00043000 08:16 5246591                    /lib/x86_64-linux-gnu/libdbus-1.so.3.5.8
7ff29ee53000-7ff29ee64000 r-xp 00000000 08:16 1056424                    /usr/lib/x86_64-linux-gnu/libp11-kit.so.0.0.0
7ff29ee64000-7ff29f063000 ---p 00011000 08:16 1056424                    /usr/lib/x86_64-linux-gnu/libp11-kit.so.0.0.0
7ff29f063000-7ff29f064000 r--p 00010000 08:16 1056424                    /usr/lib/x86_64-linux-gnu/libp11-kit.so.0.0.0
7ff29f064000-7ff29f065000 rw-p 00011000 08:16 1056424                    /usr/lib/x86_64-linux-gnu/libp11-kit.so.0.0.0
7ff29f065000-7ff29f0df000 r-xp 00000000 08:16 5246882                    /lib/x86_64-linux-gnu/libgcrypt.so.11.7.0
7ff29f0df000-7ff29f2df000 ---p 0007a000 08:16 5246882                    /lib/x86_64-linux-gnu/libgcrypt.so.11.7.0
7ff29f2df000-7ff29f2e0000 r--p 0007a000 08:16 5246882                    /lib/x86_64-linux-gnu/libgcrypt.so.11.7.0
7ff29f2e0000-7ff29f2e3000 rw-p 0007b000 08:16 5246882                    /lib/x86_64-linux-gnu/libgcrypt.so.11.7.0
7ff29f2e3000-7ff29f2f3000 r-xp 00000000 08:16 1061093                    /usr/lib/x86_64-linux-gnu/libtasn1.so.3.1.12
7ff29f2f3000-7ff29f4f2000 ---p 00010000 08:16 1061093                    /usr/lib/x86_64-linux-gnu/libtasn1.so.3.1.12
7ff29f4f2000-7ff29f4f3000 r--p 0000f000 08:16 1061093                    /usr/lib/x86_64-linux-gnu/libtasn1.so.3.1.12
7ff29f4f3000-7ff29f4f4000 rw-p 00010000 08:16 1061093                    /usr/lib/x86_64-linux-gnu/libtasn1.so.3.1.12
7ff29f4f4000-7ff29f4fb000 r-xp 00000000 08:16 1052728                    /usr/lib/x86_64-linux-gnu/libkrb5support.so.0.1
7ff29f4fb000-7ff29f6fa000 ---p 00007000 08:16 1052728                    /usr/lib/x86_64-linux-gnu/libkrb5support.so.0.1
7ff29f6fa000-7ff29f6fb000 r--p 00006000 08:16 1052728                    /usr/lib/x86_64-linux-gnu/libkrb5support.so.0.1
7ff29f6fb000-7ff29f6fc000 rw-p 00007000 08:16 1052728                    /usr/lib/x86_64-linux-gnu/libkrb5support.so.0.1
7ff29f6fc000-7ff29f6ff000 r-xp 00000000 08:16 5246586                    /lib/x86_64-linux-gnu/libcom_err.so.2.1
7ff29f6ff000-7ff29f8fe000 ---p 00003000 08:16 5246586                    /lib/x86_64-linux-gnu/libcom_err.so.2.1
7ff29f8fe000-7ff29f8ff000 r--p 00002000 08:16 5246586                    /lib/x86_64-linux-gnu/libcom_err.so.2.1
7ff29f8ff000-7ff29f900000 rw-p 00003000 08:16 5246586                    /lib/x86_64-linux-gnu/libcom_err.so.2.1
7ff29f900000-7ff29f925000 r-xp 00000000 08:16 1052714                    /usr/lib/x86_64-linux-gnu/libk5crypto.so.3.1
7ff29f925000-7ff29fb25000 ---p 00025000 08:16 1052714                    /usr/lib/x86_64-linux-gnu/libk5crypto.so.3.1
7ff29fb25000-7ff29fb26000 r--p 00025000 08:16 1052714                    /usr/lib/x86_64-linux-gnu/libk5crypto.so.3.1
7ff29fb26000-7ff29fb27000 rw-p 00026000 08:16 1052714                    /usr/lib/x86_64-linux-gnu/libk5crypto.so.3.1
7ff29fb27000-7ff29fb28000 rw-p 00000000 00:00 0 
7ff29fb28000-7ff29fbec000 r-xp 00000000 08:16 1052724                    /usr/lib/x86_64-linux-gnu/libkrb5.so.3.3
7ff29fbec000-7ff29fdeb000 ---p 000c4000 08:16 1052724                    /usr/lib/x86_64-linux-gnu/libkrb5.so.3.3
7ff29fdeb000-7ff29fdf5000 r--p 000c3000 08:16 1052724                    /usr/lib/x86_64-linux-gnu/libkrb5.so.3.3
7ff29fdf5000-7ff29fdf6000 rw-p 000cd000 08:16 1052724                    /usr/lib/x86_64-linux-gnu/libkrb5.so.3.3
7ff29fdf6000-7ff29fdfe000 r-xp 00000000 08:16 1056599                    /usr/lib/x86_64-linux-gnu/libxcb-render.so.0.0.0
7ff29fdfe000-7ff29fffe000 ---p 00008000 08:16 1056599                    /usr/lib/x86_64-linux-gnu/libxcb-render.so.0.0.0
7ff29fffe000-7ff29ffff000 r--p 00008000 08:16 1056599                    /usr/lib/x86_64-linux-gnu/libxcb-render.so.0.0.0
7ff29ffff000-7ff2a0000000 rw-p 00009000 08:16 1056599                    /usr/lib/x86_64-linux-gnu/libxcb-render.so.0.0.0
7ff2a0000000-7ff2a0ef7000 rw-p 00000000 00:00 0 
7ff2a0ef7000-7ff2a4000000 ---p 00000000 00:00 0 
7ff2a4000000-7ff2a4003000 r--s 00000000 08:16 1843604                    /var/cache/fontconfig/385c0604a188198f04d133e54aba7fe7-le64.cache-3
7ff2a4003000-7ff2a4004000 r--s 00000000 08:16 1841789                    /var/cache/fontconfig/4794a0821666d79190d59a36cb4f44b5-le64.cache-3
7ff2a4004000-7ff2a4016000 r--s 00000000 08:16 1838048                    /usr/share/fonts/type1/gsfonts/n019004l.pfb
7ff2a4016000-7ff2a402f000 r--s 00000000 08:16 1838069                    /usr/share/fonts/type1/gsfonts/n021003l.pfb
7ff2a402f000-7ff2a4045000 r--s 00000000 08:16 1838078                    /usr/share/fonts/type1/gsfonts/n021024l.pfb
7ff2a4045000-7ff2a4047000 r-xp 00000000 08:16 1056603                    /usr/lib/x86_64-linux-gnu/libxcb-shm.so.0.0.0
7ff2a4047000-7ff2a4246000 ---p 00002000 08:16 1056603                    /usr/lib/x86_64-linux-gnu/libxcb-shm.so.0.0.0
7ff2a4246000-7ff2a4247000 r--p 00001000 08:16 1056603                    /usr/lib/x86_64-linux-gnu/libxcb-shm.so.0.0.0
7ff2a4247000-7ff2a4248000 rw-p 00002000 08:16 1056603                    /usr/lib/x86_64-linux-gnu/libxcb-shm.so.0.0.0
7ff2a4248000-7ff2a426e000 r-xp 00000000 08:16 5246656                    /lib/x86_64-linux-gnu/libpng12.so.0.46.0
7ff2a426e000-7ff2a446e000 ---p 00026000 08:16 5246656                    /lib/x86_64-linux-gnu/libpng12.so.0.46.0
7ff2a446e000-7ff2a446f000 r--p 00026000 08:16 5246656                    /lib/x86_64-linux-gnu/libpng12.so.0.46.0
7ff2a446f000-7ff2a4470000 rw-p 00027000 08:16 5246656                    /lib/x86_64-linux-gnu/libpng12.so.0.46.0
7ff2a4470000-7ff2a44f1000 r-xp 00000000 08:16 1056450                    /usr/lib/x86_64-linux-gnu/libpixman-1.so.0.24.4
7ff2a44f1000-7ff2a46f0000 ---p 00081000 08:16 1056450                    /usr/lib/x86_64-linux-gnu/libpixman-1.so.0.24.4
7ff2a46f0000-7ff2a46f6000 r--p 00080000 08:16 1056450                    /usr/lib/x86_64-linux-gnu/libpixman-1.so.0.24.4
7ff2a46f6000-7ff2a46f7000 rw-p 00086000 08:16 1056450                    /usr/lib/x86_64-linux-gnu/libpixman-1.so.0.24.4
7ff2a46f7000-7ff2a46fc000 r-xp 00000000 08:16 1056019                    /usr/lib/x86_64-linux-gnu/libXdmcp.so.6.0.0
7ff2a46fc000-7ff2a48fb000 ---p 00005000 08:16 1056019                    /usr/lib/x86_64-linux-gnu/libXdmcp.so.6.0.0
7ff2a48fb000-7ff2a48fc000 r--p 00004000 08:16 1056019                    /usr/lib/x86_64-linux-gnu/libXdmcp.so.6.0.0
7ff2a48fc000-7ff2a48fd000 rw-p 00005000 08:16 1056019                    /usr/lib/x86_64-linux-gnu/libXdmcp.so.6.0.0
7ff2a48fd000-7ff2a48ff000 r-xp 00000000 08:16 1056008                    /usr/lib/x86_64-linux-gnu/libXau.so.6.0.0
7ff2a48ff000-7ff2a4afe000 ---p 00002000 08:16 1056008                    /usr/lib/x86_64-linux-gnu/libXau.so.6.0.0
7ff2a4afe000-7ff2a4aff000 r--p 00001000 08:16 1056008                    /usr/lib/x86_64-linux-gnu/libXau.so.6.0.0
7ff2a4aff000-7ff2a4b00000 rw-p 00002000 08:16 1056008                    /usr/lib/x86_64-linux-gnu/libXau.so.6.0.0
7ff2a4b00000-7ff2a4b10000 r-xp 00000000 08:16 1056075                    /usr/lib/x86_64-linux-gnu/libavahi-client.so.3.2.9
7ff2a4b10000-7ff2a4d0f000 ---p 00010000 08:16 1056075                    /usr/lib/x86_64-linux-gnu/libavahi-client.so.3.2.9
7ff2a4d0f000-7ff2a4d10000 r--p 0000f000 08:16 1056075                    /usr/lib/x86_64-linux-gnu/libavahi-client.so.3.2.9
7ff2a4d10000-7ff2a4d11000 rw-p 00010000 08:16 1056075                    /usr/lib/x86_64-linux-gnu/libavahi-client.so.3.2.9
7ff2a4d11000-7ff2a4d1c000 r-xp 00000000 08:16 1056077                    /usr/lib/x86_64-linux-gnu/libavahi-common.so.3.5.3
7ff2a4d1c000-7ff2a4f1b000 ---p 0000b000 08:16 1056077                    /usr/lib/x86_64-linux-gnu/libavahi-common.so.3.5.3
7ff2a4f1b000-7ff2a4f1c000 r--p 0000a000 08:16 1056077                    /usr/lib/x86_64-linux-gnu/libavahi-common.so.3.5.3
7ff2a4f1c000-7ff2a4f1d000 rw-p 0000b000 08:16 1056077                    /usr/lib/x86_64-linux-gnu/libavahi-common.so.3.5.3
7ff2a4f1d000-7ff2a4fd1000 r-xp 00000000 08:16 1056248                    /usr/lib/x86_64-linux-gnu/libgnutls.so.26.21.8
7ff2a4fd1000-7ff2a51d1000 ---p 000b4000 08:16 1056248                    /usr/lib/x86_64-linux-gnu/libgnutls.so.26.21.8
7ff2a51d1000-7ff2a51d7000 r--p 000b4000 08:16 1056248                    /usr/lib/x86_64-linux-gnu/libgnutls.so.26.21.8
7ff2a51d7000-7ff2a51d8000 rw-p 000ba000 08:16 1056248                    /usr/lib/x86_64-linux-gnu/libgnutls.so.26.21.8
7ff2a51d8000-7ff2a51d9000 rw-p 00000000 00:00 0 
7ff2a51d9000-7ff2a5214000 r-xp 00000000 08:16 1052718                    /usr/lib/x86_64-linux-gnu/libgssapi_krb5.so.2.2
7ff2a5214000-7ff2a5414000 ---p 0003b000 08:16 1052718                    /usr/lib/x86_64-linux-gnu/libgssapi_krb5.so.2.2
7ff2a5414000-7ff2a5415000 r--p 0003b000 08:16 1052718                    /usr/lib/x86_64-linux-gnu/libgssapi_krb5.so.2.2
7ff2a5415000-7ff2a5417000 rw-p 0003c000 08:16 1052718                    /usr/lib/x86_64-linux-gnu/libgssapi_krb5.so.2.2
7ff2a5417000-7ff2a5453000 r-xp 00000000 08:16 5246652                    /lib/x86_64-linux-gnu/libpcre.so.3.12.1
7ff2a5453000-7ff2a5652000 ---p 0003c000 08:16 5246652                    /lib/x86_64-linux-gnu/libpcre.so.3.12.1
7ff2a5652000-7ff2a5653000 r--p 0003b000 08:16 5246652                    /lib/x86_64-linux-gnu/libpcre.so.3.12.1
7ff2a5653000-7ff2a5654000 rw-p 0003c000 08:16 5246652                    /lib/x86_64-linux-gnu/libpcre.so.3.12.1
7ff2a5654000-7ff2a565b000 r-xp 00000000 08:16 1056193                    /usr/lib/x86_64-linux-gnu/libffi.so.6.0.0
7ff2a565b000-7ff2a585a000 ---p 00007000 08:16 1056193                    /usr/lib/x86_64-linux-gnu/libffi.so.6.0.0
7ff2a585a000-7ff2a585b000 r--p 00006000 08:16 1056193                    /usr/lib/x86_64-linux-gnu/libffi.so.6.0.0
7ff2a585b000-7ff2a585c000 rw-p 00007000 08:16 1056193                    /usr/lib/x86_64-linux-gnu/libffi.so.6.0.0
7ff2a585c000-7ff2a5883000 r-xp 00000000 08:16 5246597                    /lib/x86_64-linux-gnu/libexpat.so.1.5.2
7ff2a5883000-7ff2a5a83000 ---p 00027000 08:16 5246597                    /lib/x86_64-linux-gnu/libexpat.so.1.5.2
7ff2a5a83000-7ff2a5a85000 r--p 00027000 08:16 5246597                    /lib/x86_64-linux-gnu/libexpat.so.1.5.2
7ff2a5a85000-7ff2a5a86000 rw-p 00029000 08:16 5246597                    /lib/x86_64-linux-gnu/libexpat.so.1.5.2
7ff2a5a86000-7ff2a5b1c000 r-xp 00000000 08:16 1056201                    /usr/lib/x86_64-linux-gnu/libfreetype.so.6.8.0
7ff2a5b1c000-7ff2a5d1b000 ---p 00096000 08:16 1056201                    /usr/lib/x86_64-linux-gnu/libfreetype.so.6.8.0
7ff2a5d1b000-7ff2a5d21000 r--p 00095000 08:16 1056201                    /usr/lib/x86_64-linux-gnu/libfreetype.so.6.8.0
7ff2a5d21000-7ff2a5d22000 rw-p 0009b000 08:16 1056201                    /usr/lib/x86_64-linux-gnu/libfreetype.so.6.8.0
7ff2a5d22000-7ff2a5d3a000 r-xp 00000000 08:16 5246663                    /lib/x86_64-linux-gnu/libresolv-2.15.so
7ff2a5d3a000-7ff2a5f3a000 ---p 00018000 08:16 5246663                    /lib/x86_64-linux-gnu/libresolv-2.15.so
7ff2a5f3a000-7ff2a5f3b000 r--p 00018000 08:16 5246663                    /lib/x86_64-linux-gnu/libresolv-2.15.so
7ff2a5f3b000-7ff2a5f3c000 rw-p 00019000 08:16 5246663                    /lib/x86_64-linux-gnu/libresolv-2.15.so
7ff2a5f3c000-7ff2a5f3e000 rw-p 00000000 00:00 0 
7ff2a5f3e000-7ff2a5f5b000 r-xp 00000000 08:16 5246667                    /lib/x86_64-linux-gnu/libselinux.so.1
7ff2a5f5b000-7ff2a615a000 ---p 0001d000 08:16 5246667                    /lib/x86_64-linux-gnu/libselinux.so.1
7ff2a615a000-7ff2a615b000 r--p 0001c000 08:16 5246667                    /lib/x86_64-linux-gnu/libselinux.so.1
7ff2a615b000-7ff2a615c000 rw-p 0001d000 08:16 5246667                    /lib/x86_64-linux-gnu/libselinux.so.1
7ff2a615c000-7ff2a615d000 rw-p 00000000 00:00 0 
7ff2a615d000-7ff2a6160000 r-xp 00000000 08:16 1059287                    /usr/lib/x86_64-linux-gnu/libgmodule-2.0.so.0.3200.3
7ff2a6160000-7ff2a635f000 ---p 00003000 08:16 1059287                    /usr/lib/x86_64-linux-gnu/libgmodule-2.0.so.0.3200.3
7ff2a635f000-7ff2a6360000 r--p 00002000 08:16 1059287                    /usr/lib/x86_64-linux-gnu/libgmodule-2.0.so.0.3200.3
7ff2a6360000-7ff2a6361000 rw-p 00003000 08:16 1059287                    /usr/lib/x86_64-linux-gnu/libgmodule-2.0.so.0.3200.3
7ff2a6361000-7ff2a6363000 r-xp 00000000 08:16 1056017                    /usr/lib/x86_64-linux-gnu/libXdamage.so.1.1.0
7ff2a6363000-7ff2a6562000 ---p 00002000 08:16 1056017                    /usr/lib/x86_64-linux-gnu/libXdamage.so.1.1.0
7ff2a6562000-7ff2a6563000 r--p 00001000 08:16 1056017                    /usr/lib/x86_64-linux-gnu/libXdamage.so.1.1.0
7ff2a6563000-7ff2a6564000 rw-p 00002000 08:16 1056017                    /usr/lib/x86_64-linux-gnu/libXdamage.so.1.1.0
7ff2a6564000-7ff2a6566000 r-xp 00000000 08:16 1056013                    /usr/lib/x86_64-linux-gnu/libXcomposite.so.1.0.0
7ff2a6566000-7ff2a6765000 ---p 00002000 08:16 1056013                    /usr/lib/x86_64-linux-gnu/libXcomposite.so.1.0.0
7ff2a6765000-7ff2a6766000 r--p 00001000 08:16 1056013                    /usr/lib/x86_64-linux-gnu/libXcomposite.so.1.0.0
7ff2a6766000-7ff2a6767000 rw-p 00002000 08:16 1056013                    /usr/lib/x86_64-linux-gnu/libXcomposite.so.1.0.0
7ff2a6767000-7ff2a6770000 r-xp 00000000 08:16 1056015                    /usr/lib/x86_64-linux-gnu/libXcursor.so.1.0.2
7ff2a6770000-7ff2a696f000 ---p 00009000 08:16 1056015                    /usr/lib/x86_64-linux-gnu/libXcursor.so.1.0.2
7ff2a696f000-7ff2a6970000 r--p 00008000 08:16 1056015                    /usr/lib/x86_64-linux-gnu/libXcursor.so.1.0.2
7ff2a6970000-7ff2a6971000 rw-p 00009000 08:16 1056015                    /usr/lib/x86_64-linux-gnu/libXcursor.so.1.0.2
7ff2a6971000-7ff2a6979000 r-xp 00000000 08:16 1056039                    /usr/lib/x86_64-linux-gnu/libXrandr.so.2.2.0
7ff2a6979000-7ff2a6b78000 ---p 00008000 08:16 1056039                    /usr/lib/x86_64-linux-gnu/libXrandr.so.2.2.0
7ff2a6b78000-7ff2a6b79000 r--p 00007000 08:16 1056039                    /usr/lib/x86_64-linux-gnu/libXrandr.so.2.2.0
7ff2a6b79000-7ff2a6b7a000 rw-p 00008000 08:16 1056039                    /usr/lib/x86_64-linux-gnu/libXrandr.so.2.2.0
7ff2a6b7a000-7ff2a6b7c000 r-xp 00000000 08:16 1056029                    /usr/lib/x86_64-linux-gnu/libXinerama.so.1.0.0
7ff2a6b7c000-7ff2a6d7b000 ---p 00002000 08:16 1056029                    /usr/lib/x86_64-linux-gnu/libXinerama.so.1.0.0
7ff2a6d7b000-7ff2a6d7c000 r--p 00001000 08:16 1056029                    /usr/lib/x86_64-linux-gnu/libXinerama.so.1.0.0
7ff2a6d7c000-7ff2a6d7d000 rw-p 00002000 08:16 1056029                    /usr/lib/x86_64-linux-gnu/libXinerama.so.1.0.0
7ff2a6d7d000-7ff2a6da6000 r-xp 00000000 08:16 1056253                    /usr/lib/x86_64-linux-gnu/libpangoft2-1.0.so.0.3000.0
7ff2a6da6000-7ff2a6fa5000 ---p 00029000 08:16 1056253                    /usr/lib/x86_64-linux-gnu/libpangoft2-1.0.so.0.3000.0
7ff2a6fa5000-7ff2a6fa6000 r--p 00028000 08:16 1056253                    /usr/lib/x86_64-linux-gnu/libpangoft2-1.0.so.0.3000.0
7ff2a6fa6000-7ff2a6fa7000 rw-p 00029000 08:16 1056253                    /usr/lib/x86_64-linux-gnu/libpangoft2-1.0.so.0.3000.0
7ff2a6fa7000-7ff2a7060000 r-xp 00000000 08:16 1055379                    /usr/lib/x86_64-linux-gnu/libcairo.so.2.11000.2
7ff2a7060000-7ff2a725f000 ---p 000b9000 08:16 1055379                    /usr/lib/x86_64-linux-gnu/libcairo.so.2.11000.2
7ff2a725f000-7ff2a7261000 r--p 000b8000 08:16 1055379                    /usr/lib/x86_64-linux-gnu/libcairo.so.2.11000.2
7ff2a7261000-7ff2a7262000 rw-p 000ba000 08:16 1055379                    /usr/lib/x86_64-linux-gnu/libcairo.so.2.11000.2
7ff2a7262000-7ff2a7265000 rw-p 00000000 00:00 0 
7ff2a7265000-7ff2a7284000 r-xp 00000000 08:16 1056067                    /usr/lib/x86_64-linux-gnu/libatk-1.0.so.0.20409.1
7ff2a7284000-7ff2a7484000 ---p 0001f000 08:16 1056067                    /usr/lib/x86_64-linux-gnu/libatk-1.0.so.0.20409.1
7ff2a7484000-7ff2a7486000 r--p 0001f000 08:16 1056067                    /usr/lib/x86_64-linux-gnu/libatk-1.0.so.0.20409.1
7ff2a7486000-7ff2a7487000 rw-p 00021000 08:16 1056067                    /usr/lib/x86_64-linux-gnu/libatk-1.0.so.0.20409.1
7ff2a7487000-7ff2a748c000 r-xp 00000000 08:16 1056023                    /usr/lib/x86_64-linux-gnu/libXfixes.so.3.1.0
7ff2a748c000-7ff2a768b000 ---p 00005000 08:16 1056023                    /usr/lib/x86_64-linux-gnu/libXfixes.so.3.1.0
7ff2a768b000-7ff2a768c000 r--p 00004000 08:16 1056023                    /usr/lib/x86_64-linux-gnu/libXfixes.so.3.1.0
7ff2a768c000-7ff2a768d000 rw-p 00005000 08:16 1056023                    /usr/lib/x86_64-linux-gnu/libXfixes.so.3.1.0
7ff2a768d000-7ff2a7698000 r-xp 00000000 08:16 1056239                    /usr/lib/x86_64-linux-gnu/libpangocairo-1.0.so.0.3000.0
7ff2a7698000-7ff2a7897000 ---p 0000b000 08:16 1056239                    /usr/lib/x86_64-linux-gnu/libpangocairo-1.0.so.0.3000.0
7ff2a7897000-7ff2a7898000 r--p 0000a000 08:16 1056239                    /usr/lib/x86_64-linux-gnu/libpangocairo-1.0.so.0.3000.0
7ff2a7898000-7ff2a7899000 rw-p 0000b000 08:16 1056239                    /usr/lib/x86_64-linux-gnu/libpangocairo-1.0.so.0.3000.0
7ff2a7899000-7ff2a78b6000 r-xp 00000000 08:16 1056607                    /usr/lib/x86_64-linux-gnu/libxcb.so.1.1.0
7ff2a78b6000-7ff2a7ab5000 ---p 0001d000 08:16 1056607                    /usr/lib/x86_64-linux-gnu/libxcb.so.1.1.0
7ff2a7ab5000-7ff2a7ab6000 r--p 0001c000 08:16 1056607                    /usr/lib/x86_64-linux-gnu/libxcb.so.1.1.0
7ff2a7ab6000-7ff2a7ab7000 rw-p 0001d000 08:16 1056607                    /usr/lib/x86_64-linux-gnu/libxcb.so.1.1.0
7ff2a7ab7000-7ff2a7b07000 r-xp 00000000 08:16 1061164                    /usr/lib/x86_64-linux-gnu/libcups.so.2
7ff2a7b07000-7ff2a7d06000 ---p 00050000 08:16 1061164                    /usr/lib/x86_64-linux-gnu/libcups.so.2
7ff2a7d06000-7ff2a7d0a000 r--p 0004f000 08:16 1061164                    /usr/lib/x86_64-linux-gnu/libcups.so.2
7ff2a7d0a000-7ff2a7d0b000 rw-p 00053000 08:16 1061164                    /usr/lib/x86_64-linux-gnu/libcups.so.2
7ff2a7d0b000-7ff2a7dfd000 r-xp 00000000 08:16 5246872                    /lib/x86_64-linux-gnu/libglib-2.0.so.0.3200.3
7ff2a7dfd000-7ff2a7ffd000 ---p 000f2000 08:16 5246872                    /lib/x86_64-linux-gnu/libglib-2.0.so.0.3200.3
7ff2a7ffd000-7ff2a7ffe000 r--p 000f2000 08:16 5246872                    /lib/x86_64-linux-gnu/libglib-2.0.so.0.3200.3
7ff2a7ffe000-7ff2a7fff000 rw-p 000f3000 08:16 5246872                    /lib/x86_64-linux-gnu/libglib-2.0.so.0.3200.3
7ff2a7fff000-7ff2a8000000 rw-p 00000000 00:00 0 
7ff2a8000000-7ff2a8349000 rw-p 00000000 00:00 0 
7ff2a8349000-7ff2ac000000 ---p 00000000 00:00 0 
7ff2ac000000-7ff2ac021000 rw-p 00000000 00:00 0 
7ff2ac021000-7ff2b0000000 ---p 00000000 00:00 0 
7ff2b0000000-7ff2b00ab000 rw-p 00000000 00:00 0 
7ff2b00ab000-7ff2b4000000 ---p 00000000 00:00 0 
7ff2b4000000-7ff2b4382000 rw-p 00000000 00:00 0 
7ff2b4382000-7ff2b8000000 ---p 00000000 00:00 0 
7ff2b8000000-7ff2b8021000 rw-p 00000000 00:00 0 
7ff2b8021000-7ff2bc000000 ---p 00000000 00:00 0 
7ff2bc000000-7ff2bc021000 rw-p 00000000 00:00 0 
7ff2bc021000-7ff2c0000000 ---p 00000000 00:00 0 
7ff2c0000000-7ff2c0021000 rw-p 00000000 00:00 0 
7ff2c0021000-7ff2c4000000 ---p 00000000 00:00 0 
7ff2c4000000-7ff2c4021000 rw-p 00000000 00:00 0 
7ff2c4021000-7ff2c8000000 ---p 00000000 00:00 0 
7ff2c8000000-7ff2c8021000 rw-p 00000000 00:00 0 
7ff2c8021000-7ff2cc000000 ---p 00000000 00:00 0 
7ff2cc000000-7ff2cc005000 r--s 00000000 08:16 1843602                    /var/cache/fontconfig/3047814df9a2f067bd2d96a2b9c36e5a-le64.cache-3
7ff2cc005000-7ff2cc00b000 r--s 00000000 08:16 1846508                    /var/cache/fontconfig/3f7329c5293ffd510edef78f73874cfd-le64.cache-3
7ff2cc00b000-7ff2cc021000 r--s 00000000 08:16 1838087                    /usr/share/fonts/type1/gsfonts/n022023l.pfb
7ff2cc021000-7ff2cc038000 r--s 00000000 08:16 1838075                    /usr/share/fonts/type1/gsfonts/n021023l.pfb
7ff2cc038000-7ff2cc042000 r--s 00000000 08:16 1838111                    /usr/share/fonts/type1/mathml/Symbol.pfb
7ff2cc042000-7ff2cc053000 r--s 00000000 08:16 1838051                    /usr/share/fonts/type1/gsfonts/n019023l.pfb
7ff2cc053000-7ff2cc084000 rw-p 00000000 00:00 0 
7ff2cc084000-7ff2cc0a8000 r--p 00000000 08:16 1836903                    /usr/share/glib-2.0/schemas/gschemas.compiled
7ff2cc0a8000-7ff2cc0a9000 r-xp 00000000 08:16 1059283                    /usr/lib/x86_64-linux-gnu/libgthread-2.0.so.0.3200.3
7ff2cc0a9000-7ff2cc2a8000 ---p 00001000 08:16 1059283                    /usr/lib/x86_64-linux-gnu/libgthread-2.0.so.0.3200.3
7ff2cc2a8000-7ff2cc2a9000 r--p 00000000 08:16 1059283                    /usr/lib/x86_64-linux-gnu/libgthread-2.0.so.0.3200.3
7ff2cc2a9000-7ff2cc2aa000 rw-p 00001000 08:16 1059283                    /usr/lib/x86_64-linux-gnu/libgthread-2.0.so.0.3200.3
7ff2cc2aa000-7ff2cc2f7000 r-xp 00000000 08:16 1059295                    /usr/lib/x86_64-linux-gnu/libgobject-2.0.so.0.3200.3
7ff2cc2f7000-7ff2cc4f7000 ---p 0004d000 08:16 1059295                    /usr/lib/x86_64-linux-gnu/libgobject-2.0.so.0.3200.3
7ff2cc4f7000-7ff2cc4f8000 r--p 0004d000 08:16 1059295                    /usr/lib/x86_64-linux-gnu/libgobject-2.0.so.0.3200.3
7ff2cc4f8000-7ff2cc4f9000 rw-p 0004e000 08:16 1059295                    /usr/lib/x86_64-linux-gnu/libgobject-2.0.so.0.3200.3
7ff2cc4f9000-7ff2cc52d000 r-xp 00000000 08:16 1056195                    /usr/lib/x86_64-linux-gnu/libfontconfig.so.1.4.4
7ff2cc52d000-7ff2cc72d000 ---p 00034000 08:16 1056195                    /usr/lib/x86_64-linux-gnu/libfontconfig.so.1.4.4
7ff2cc72d000-7ff2cc72e000 r--p 00034000 08:16 1056195                    /usr/lib/x86_64-linux-gnu/libfontconfig.so.1.4.4
7ff2cc72e000-7ff2cc72f000 rw-p 00035000 08:16 1056195                    /usr/lib/x86_64-linux-gnu/libfontconfig.so.1.4.4
7ff2cc72f000-7ff2cc775000 r-xp 00000000 08:16 1056229                    /usr/lib/x86_64-linux-gnu/libpango-1.0.so.0.3000.0
7ff2cc775000-7ff2cc975000 ---p 00046000 08:16 1056229                    /usr/lib/x86_64-linux-gnu/libpango-1.0.so.0.3000.0
7ff2cc975000-7ff2cc977000 r--p 00046000 08:16 1056229                    /usr/lib/x86_64-linux-gnu/libpango-1.0.so.0.3000.0
7ff2cc977000-7ff2cc978000 rw-p 00048000 08:16 1056229                    /usr/lib/x86_64-linux-gnu/libpango-1.0.so.0.3000.0
7ff2cc978000-7ff2cc996000 r-xp 00000000 08:16 1056220                    /usr/lib/x86_64-linux-gnu/libgdk_pixbuf-2.0.so.0.2600.1
7ff2cc996000-7ff2ccb96000 ---p 0001e000 08:16 1056220                    /usr/lib/x86_64-linux-gnu/libgdk_pixbuf-2.0.so.0.2600.1
7ff2ccb96000-7ff2ccb97000 r--p 0001e000 08:16 1056220                    /usr/lib/x86_64-linux-gnu/libgdk_pixbuf-2.0.so.0.2600.1
7ff2ccb97000-7ff2ccb98000 rw-p 0001f000 08:16 1056220                    /usr/lib/x86_64-linux-gnu/libgdk_pixbuf-2.0.so.0.2600.1
7ff2ccb98000-7ff2ccce0000 r-xp 00000000 08:16 1059291                    /usr/lib/x86_64-linux-gnu/libgio-2.0.so.0.3200.3
7ff2ccce0000-7ff2ccedf000 ---p 00148000 08:16 1059291                    /usr/lib/x86_64-linux-gnu/libgio-2.0.so.0.3200.3
7ff2ccedf000-7ff2ccee3000 r--p 00147000 08:16 1059291                    /usr/lib/x86_64-linux-gnu/libgio-2.0.so.0.3200.3
7ff2ccee3000-7ff2ccee5000 rw-p 0014b000 08:16 1059291                    /usr/lib/x86_64-linux-gnu/libgio-2.0.so.0.3200.3
7ff2ccee5000-7ff2ccee7000 rw-p 00000000 00:00 0 
7ff2ccee7000-7ff2ccf94000 r-xp 00000000 08:16 1056218                    /usr/lib/x86_64-linux-gnu/libgdk-x11-2.0.so.0.2400.10
7ff2ccf94000-7ff2cd193000 ---p 000ad000 08:16 1056218                    /usr/lib/x86_64-linux-gnu/libgdk-x11-2.0.so.0.2400.10
7ff2cd193000-7ff2cd197000 r--p 000ac000 08:16 1056218                    /usr/lib/x86_64-linux-gnu/libgdk-x11-2.0.so.0.2400.10
7ff2cd197000-7ff2cd199000 rw-p 000b0000 08:16 1056218                    /usr/lib/x86_64-linux-gnu/libgdk-x11-2.0.so.0.2400.10
7ff2cd199000-7ff2cd5c6000 r-xp 00000000 08:16 1056313                    /usr/lib/x86_64-linux-gnu/libgtk-x11-2.0.so.0.2400.10
7ff2cd5c6000-7ff2cd7c6000 ---p 0042d000 08:16 1056313                    /usr/lib/x86_64-linux-gnu/libgtk-x11-2.0.so.0.2400.10
7ff2cd7c6000-7ff2cd7cd000 r--p 0042d000 08:16 1056313                    /usr/lib/x86_64-linux-gnu/libgtk-x11-2.0.so.0.2400.10
7ff2cd7cd000-7ff2cd7d1000 rw-p 00434000 08:16 1056313                    /usr/lib/x86_64-linux-gnu/libgtk-x11-2.0.so.0.2400.10
7ff2cd7d1000-7ff2cd7d3000 rw-p 00000000 00:00 0 
7ff2cd7d3000-7ff2cd7e1000 r-xp 00000000 08:16 1056027                    /usr/lib/x86_64-linux-gnu/libXi.so.6.1.0
7ff2cd7e1000-7ff2cd9e0000 ---p 0000e000 08:16 1056027                    /usr/lib/x86_64-linux-gnu/libXi.so.6.1.0
7ff2cd9e0000-7ff2cd9e1000 r--p 0000d000 08:16 1056027                    /usr/lib/x86_64-linux-gnu/libXi.so.6.1.0
7ff2cd9e1000-7ff2cd9e2000 rw-p 0000e000 08:16 1056027                    /usr/lib/x86_64-linux-gnu/libXi.so.6.1.0
7ff2cd9e2000-7ff2cd9e7000 r-xp 00000000 08:16 1056045                    /usr/lib/x86_64-linux-gnu/libXtst.so.6.1.0
7ff2cd9e7000-7ff2cdbe6000 ---p 00005000 08:16 1056045                    /usr/lib/x86_64-linux-gnu/libXtst.so.6.1.0
7ff2cdbe6000-7ff2cdbe7000 r--p 00004000 08:16 1056045                    /usr/lib/x86_64-linux-gnu/libXtst.so.6.1.0
7ff2cdbe7000-7ff2cdbe8000 rw-p 00005000 08:16 1056045                    /usr/lib/x86_64-linux-gnu/libXtst.so.6.1.0
7ff2cdbe8000-7ff2cdbf1000 r-xp 00000000 08:16 1056041                    /usr/lib/x86_64-linux-gnu/libXrender.so.1.3.0
7ff2cdbf1000-7ff2cddf0000 ---p 00009000 08:16 1056041                    /usr/lib/x86_64-linux-gnu/libXrender.so.1.3.0
7ff2cddf0000-7ff2cddf1000 r--p 00008000 08:16 1056041                    /usr/lib/x86_64-linux-gnu/libXrender.so.1.3.0
7ff2cddf1000-7ff2cddf2000 rw-p 00009000 08:16 1056041                    /usr/lib/x86_64-linux-gnu/libXrender.so.1.3.0
7ff2cddf2000-7ff2cdf21000 r-xp 00000000 08:16 1056006                    /usr/lib/x86_64-linux-gnu/libX11.so.6.3.0
7ff2cdf21000-7ff2ce121000 ---p 0012f000 08:16 1056006                    /usr/lib/x86_64-linux-gnu/libX11.so.6.3.0
7ff2ce121000-7ff2ce122000 r--p 0012f000 08:16 1056006                    /usr/lib/x86_64-linux-gnu/libX11.so.6.3.0
7ff2ce122000-7ff2ce126000 rw-p 00130000 08:16 1056006                    /usr/lib/x86_64-linux-gnu/libX11.so.6.3.0
7ff2ce126000-7ff2ce136000 r-xp 00000000 08:16 1056021                    /usr/lib/x86_64-linux-gnu/libXext.so.6.4.0
7ff2ce136000-7ff2ce335000 ---p 00010000 08:16 1056021                    /usr/lib/x86_64-linux-gnu/libXext.so.6.4.0
7ff2ce335000-7ff2ce336000 r--p 0000f000 08:16 1056021                    /usr/lib/x86_64-linux-gnu/libXext.so.6.4.0
7ff2ce336000-7ff2ce337000 rw-p 00010000 08:16 1056021                    /usr/lib/x86_64-linux-gnu/libXext.so.6.4.0
7ff2ce337000-7ff2ce33a000 r--s 00000000 08:16 1843613                    /var/cache/fontconfig/8801497958630a81b71ace7c5f9b32a8-le64.cache-3
7ff2ce33a000-7ff2ce33b000 r--s 00000000 08:16 1843607                    /var/cache/fontconfig/56cf4f4769d0f4abc89a4895d7bd3ae1-le64.cache-3
7ff2ce33b000-7ff2ce33c000 r--s 00000000 08:16 1843618                    /var/cache/fontconfig/b9d506c9ac06c20b433354fa67a72993-le64.cache-3
7ff2ce33c000-7ff2ce350000 r--s 00000000 08:16 1838045                    /usr/share/fonts/type1/gsfonts/n019003l.pfb
7ff2ce350000-7ff2ce352000 r--p 00000000 08:16 3539430                    /home/relissa/.config/dconf/user
7ff2ce352000-7ff2ce353000 r--s 00000000 08:16 3539431                    /home/relissa/.cache/dconf/user
7ff2ce353000-7ff2ce3a9000 r-xp 00000000 08:16 3544819                    /usr/lib/jvm/java-7-openjdk-amd64/jre/lib/amd64/xawt/libmawt.so
7ff2ce3a9000-7ff2ce5a8000 ---p 00056000 08:16 3544819                    /usr/lib/jvm/java-7-openjdk-amd64/jre/lib/amd64/xawt/libmawt.so
7ff2ce5a8000-7ff2ce5a9000 r--p 00055000 08:16 3544819                    /usr/lib/jvm/java-7-openjdk-amd64/jre/lib/amd64/xawt/libmawt.so
7ff2ce5a9000-7ff2ce5ac000 rw-p 00056000 08:16 3544819                    /usr/lib/jvm/java-7-openjdk-amd64/jre/lib/amd64/xawt/libmawt.so
7ff2ce5ac000-7ff2ce5ad000 rw-p 00000000 00:00 0 
7ff2ce5ad000-7ff2ce65b000 r-xp 00000000 08:16 3544588                    /usr/lib/jvm/java-7-openjdk-amd64/jre/lib/amd64/libawt.so
7ff2ce65b000-7ff2ce85a000 ---p 000ae000 08:16 3544588                    /usr/lib/jvm/java-7-openjdk-amd64/jre/lib/amd64/libawt.so
7ff2ce85a000-7ff2ce85b000 r--p 000ad000 08:16 3544588                    /usr/lib/jvm/java-7-openjdk-amd64/jre/lib/amd64/libawt.so
7ff2ce85b000-7ff2ce866000 rw-p 000ae000 08:16 3544588                    /usr/lib/jvm/java-7-openjdk-amd64/jre/lib/amd64/libawt.so
7ff2ce866000-7ff2ce88b000 rw-p 00000000 00:00 0 
7ff2ce88b000-7ff2ce88c000 ---p 00000000 00:00 0 
7ff2ce88c000-7ff2ce98c000 rw-p 00000000 00:00 0 
7ff2ce98c000-7ff2ce98f000 ---p 00000000 00:00 0 
7ff2ce98f000-7ff2cea8d000 rw-p 00000000 00:00 0 
7ff2cea8d000-7ff2cea90000 ---p 00000000 00:00 0 
7ff2cea90000-7ff2ceb8e000 rw-p 00000000 00:00 0 
7ff2ceb8e000-7ff2ceb91000 ---p 00000000 00:00 0 
7ff2ceb91000-7ff2cec8f000 rw-p 00000000 00:00 0 
7ff2cec8f000-7ff2cec92000 ---p 00000000 00:00 0 
7ff2cec92000-7ff2ced90000 rw-p 00000000 00:00 0 
7ff2ced90000-7ff2cf473000 r--p 00000000 08:16 1055298                    /usr/lib/locale/locale-archive
7ff2cf473000-7ff2cf476000 ---p 00000000 00:00 0 
7ff2cf476000-7ff2cf574000 rw-p 00000000 00:00 0 
7ff2cf574000-7ff2cf577000 ---p 00000000 00:00 0 
7ff2cf577000-7ff2cf675000 rw-p 00000000 00:00 0 
7ff2cf675000-7ff2cf676000 ---p 00000000 00:00 0 
7ff2cf676000-7ff2cfa79000 rw-p 00000000 00:00 0 
7ff2cfa79000-7ff2cfc28000 r--s 03e91000 08:16 3544596                    /usr/lib/jvm/java-7-openjdk-amd64/jre/lib/rt.jar
7ff2cfc28000-7ff2cfc29000 ---p 00000000 00:00 0 
7ff2cfc29000-7ff2cfd29000 rw-p 00000000 00:00 0 
7ff2cfd29000-7ff2cfd2a000 ---p 00000000 00:00 0 
7ff2cfd2a000-7ff2cfe3e000 rw-p 00000000 00:00 0 
7ff2cfe3e000-7ff2cff5f000 rw-p 00000000 00:00 0 
7ff2cff5f000-7ff2cff6a000 rw-p 00000000 00:00 0 
7ff2cff6a000-7ff2cffb2000 rw-p 00000000 00:00 0 
7ff2cffb2000-7ff2cffc6000 rw-p 00000000 00:00 0 
7ff2cffc6000-7ff2d00e6000 rw-p 00000000 00:00 0 
7ff2d00e6000-7ff2d00f1000 rw-p 00000000 00:00 0 
7ff2d00f1000-7ff2d0181000 rw-p 00000000 00:00 0 
7ff2d0181000-7ff2d0182000 rw-p 00000000 00:00 0 
7ff2d0182000-7ff2d03f2000 rwxp 00000000 00:00 0 
7ff2d03f2000-7ff2d3182000 rw-p 00000000 00:00 0 
7ff2d3182000-7ff2d318a000 r-xp 00000000 08:16 3544581                    /usr/lib/jvm/java-7-openjdk-amd64/jre/lib/amd64/libzip.so
7ff2d318a000-7ff2d3389000 ---p 00008000 08:16 3544581                    /usr/lib/jvm/java-7-openjdk-amd64/jre/lib/amd64/libzip.so
7ff2d3389000-7ff2d338a000 r--p 00007000 08:16 3544581                    /usr/lib/jvm/java-7-openjdk-amd64/jre/lib/amd64/libzip.so
7ff2d338a000-7ff2d338b000 rw-p 00008000 08:16 3544581                    /usr/lib/jvm/java-7-openjdk-amd64/jre/lib/amd64/libzip.so
7ff2d338b000-7ff2d3397000 r-xp 00000000 08:16 5246630                    /lib/x86_64-linux-gnu/libnss_files-2.15.so
7ff2d3397000-7ff2d3596000 ---p 0000c000 08:16 5246630                    /lib/x86_64-linux-gnu/libnss_files-2.15.so
7ff2d3596000-7ff2d3597000 r--p 0000b000 08:16 5246630                    /lib/x86_64-linux-gnu/libnss_files-2.15.so
7ff2d3597000-7ff2d3598000 rw-p 0000c000 08:16 5246630                    /lib/x86_64-linux-gnu/libnss_files-2.15.so
7ff2d3598000-7ff2d35a2000 r-xp 00000000 08:16 5246634                    /lib/x86_64-linux-gnu/libnss_nis-2.15.so
7ff2d35a2000-7ff2d37a2000 ---p 0000a000 08:16 5246634                    /lib/x86_64-linux-gnu/libnss_nis-2.15.so
7ff2d37a2000-7ff2d37a3000 r--p 0000a000 08:16 5246634                    /lib/x86_64-linux-gnu/libnss_nis-2.15.so
7ff2d37a3000-7ff2d37a4000 rw-p 0000b000 08:16 5246634                    /lib/x86_64-linux-gnu/libnss_nis-2.15.so
7ff2d37a4000-7ff2d37bb000 r-xp 00000000 08:16 5246624                    /lib/x86_64-linux-gnu/libnsl-2.15.so
7ff2d37bb000-7ff2d39ba000 ---p 00017000 08:16 5246624                    /lib/x86_64-linux-gnu/libnsl-2.15.so
7ff2d39ba000-7ff2d39bb000 r--p 00016000 08:16 5246624                    /lib/x86_64-linux-gnu/libnsl-2.15.so
7ff2d39bb000-7ff2d39bc000 rw-p 00017000 08:16 5246624                    /lib/x86_64-linux-gnu/libnsl-2.15.so
7ff2d39bc000-7ff2d39be000 rw-p 00000000 00:00 0 
7ff2d39be000-7ff2d39c6000 r-xp 00000000 08:16 5246626                    /lib/x86_64-linux-gnu/libnss_compat-2.15.so
7ff2d39c6000-7ff2d3bc5000 ---p 00008000 08:16 5246626                    /lib/x86_64-linux-gnu/libnss_compat-2.15.so
7ff2d3bc5000-7ff2d3bc6000 r--p 00007000 08:16 5246626                    /lib/x86_64-linux-gnu/libnss_compat-2.15.so
7ff2d3bc6000-7ff2d3bc7000 rw-p 00008000 08:16 5246626                    /lib/x86_64-linux-gnu/libnss_compat-2.15.so
7ff2d3bc7000-7ff2d3bee000 r-xp 00000000 08:16 3544563                    /usr/lib/jvm/java-7-openjdk-amd64/jre/lib/amd64/libjava.so
7ff2d3bee000-7ff2d3ded000 ---p 00027000 08:16 3544563                    /usr/lib/jvm/java-7-openjdk-amd64/jre/lib/amd64/libjava.so
7ff2d3ded000-7ff2d3dee000 r--p 00026000 08:16 3544563                    /usr/lib/jvm/java-7-openjdk-amd64/jre/lib/amd64/libjava.so
7ff2d3dee000-7ff2d3df0000 rw-p 00027000 08:16 3544563                    /usr/lib/jvm/java-7-openjdk-amd64/jre/lib/amd64/libjava.so
7ff2d3df0000-7ff2d3dfe000 r-xp 00000000 08:16 3544574                    /usr/lib/jvm/java-7-openjdk-amd64/jre/lib/amd64/libverify.so
7ff2d3dfe000-7ff2d3ffd000 ---p 0000e000 08:16 3544574                    /usr/lib/jvm/java-7-openjdk-amd64/jre/lib/amd64/libverify.so
7ff2d3ffd000-7ff2d3fff000 r--p 0000d000 08:16 3544574                    /usr/lib/jvm/java-7-openjdk-amd64/jre/lib/amd64/libverify.so
7ff2d3fff000-7ff2d4000000 rw-p 0000f000 08:16 3544574                    /usr/lib/jvm/java-7-openjdk-amd64/jre/lib/amd64/libverify.so
7ff2d4000000-7ff2d4345000 rw-p 00000000 00:00 0 
7ff2d4345000-7ff2d8000000 ---p 00000000 00:00 0 
7ff2d8000000-7ff2d8009000 r--s 00263000 08:16 1050329                    /usr/lib/jvm/java-7-openjdk-common/jre/lib/resources.jar
7ff2d8009000-7ff2d800c000 r--s 0001a000 08:16 3677188                    /home/relissa/jmonkeyplatform/jmonkeyplatform/libs/xmlpull-xpp3.jar
7ff2d800c000-7ff2d800e000 r--s 00012000 08:16 3677292                    /home/relissa/jmonkeyplatform/jmonkeyplatform/libs/eventbus.jar
7ff2d800e000-7ff2d8011000 r--s 0000f000 08:16 3676956                    /home/relissa/jmonkeyplatform/jmonkeyplatform/libs/nifty-style-black.jar
7ff2d8011000-7ff2d8019000 r--s 00033000 08:16 3676642                    /home/relissa/jmonkeyplatform/jmonkeyplatform/libs/nifty-default-controls.jar
7ff2d8019000-7ff2d8023000 r--s 0006c000 08:16 3677370                    /home/relissa/jmonkeyplatform/jmonkeyplatform/libs/nifty.jar
7ff2d8023000-7ff2d8024000 r--s 00005000 08:16 3677938                    /home/relissa/jmonkeyplatform/jmonkeyplatform/libs/jME3-niftygui.jar
7ff2d8024000-7ff2d8025000 r--s 0000b000 08:16 3677222                    /home/relissa/jmonkeyplatform/jmonkeyplatform/libs/stack-alloc.jar
7ff2d8025000-7ff2d8027000 r--s 0003c000 08:16 3677429                    /home/relissa/jmonkeyplatform/jmonkeyplatform/libs/vecmath.jar
7ff2d8027000-7ff2d8031000 r--s 00079000 08:16 3677317                    /home/relissa/jmonkeyplatform/jmonkeyplatform/libs/jbullet.jar
7ff2d8031000-7ff2d8034000 r--s 00020000 08:16 3677185                    /home/relissa/jmonkeyplatform/jmonkeyplatform/libs/jME3-jbullet.jar
7ff2d8034000-7ff2d8041000 r--s 000d4000 08:16 3677369                    /home/relissa/jmonkeyplatform/jmonkeyplatform/libs/lwjgl.jar
7ff2d8041000-7ff2d8045000 r--s 00030000 08:16 3677346                    /home/relissa/jmonkeyplatform/jmonkeyplatform/libs/jinput.jar
7ff2d8045000-7ff2d8047000 r--s 001eb000 08:16 3676914                    /home/relissa/jmonkeyplatform/jmonkeyplatform/libs/jME3-lwjgl-natives.jar
7ff2d8047000-7ff2d8049000 r--s 00016000 08:16 3677931                    /home/relissa/jmonkeyplatform/jmonkeyplatform/libs/jME3-lwjgl.jar
7ff2d8049000-7ff2d804c000 r--s 00022000 08:16 3677940                    /home/relissa/jmonkeyplatform/jmonkeyplatform/libs/jME3-terrain.jar
7ff2d804c000-7ff2d80eb000 rw-p 00000000 00:00 0 
7ff2d80eb000-7ff2d8133000 rw-p 00000000 00:00 0 
7ff2d8133000-7ff2d813a000 r-xp 00000000 08:16 5246665                    /lib/x86_64-linux-gnu/librt-2.15.so
7ff2d813a000-7ff2d8339000 ---p 00007000 08:16 5246665                    /lib/x86_64-linux-gnu/librt-2.15.so
7ff2d8339000-7ff2d833a000 r--p 00006000 08:16 5246665                    /lib/x86_64-linux-gnu/librt-2.15.so
7ff2d833a000-7ff2d833b000 rw-p 00007000 08:16 5246665                    /lib/x86_64-linux-gnu/librt-2.15.so
7ff2d833b000-7ff2d8350000 r-xp 00000000 08:16 5246600                    /lib/x86_64-linux-gnu/libgcc_s.so.1
7ff2d8350000-7ff2d854f000 ---p 00015000 08:16 5246600                    /lib/x86_64-linux-gnu/libgcc_s.so.1
7ff2d854f000-7ff2d8550000 r--p 00014000 08:16 5246600                    /lib/x86_64-linux-gnu/libgcc_s.so.1
7ff2d8550000-7ff2d8551000 rw-p 00015000 08:16 5246600                    /lib/x86_64-linux-gnu/libgcc_s.so.1
7ff2d8551000-7ff2d864a000 r-xp 00000000 08:16 5246611                    /lib/x86_64-linux-gnu/libm-2.15.so
7ff2d864a000-7ff2d8849000 ---p 000f9000 08:16 5246611                    /lib/x86_64-linux-gnu/libm-2.15.so
7ff2d8849000-7ff2d884a000 r--p 000f8000 08:16 5246611                    /lib/x86_64-linux-gnu/libm-2.15.so
7ff2d884a000-7ff2d884b000 rw-p 000f9000 08:16 5246611                    /lib/x86_64-linux-gnu/libm-2.15.so
7ff2d884b000-7ff2d892d000 r-xp 00000000 08:16 1056535                    /usr/lib/x86_64-linux-gnu/libstdc++.so.6.0.16
7ff2d892d000-7ff2d8b2c000 ---p 000e2000 08:16 1056535                    /usr/lib/x86_64-linux-gnu/libstdc++.so.6.0.16
7ff2d8b2c000-7ff2d8b34000 r--p 000e1000 08:16 1056535                    /usr/lib/x86_64-linux-gnu/libstdc++.so.6.0.16
7ff2d8b34000-7ff2d8b36000 rw-p 000e9000 08:16 1056535                    /usr/lib/x86_64-linux-gnu/libstdc++.so.6.0.16
7ff2d8b36000-7ff2d8b4b000 rw-p 00000000 00:00 0 
7ff2d8b4b000-7ff2d94de000 r-xp 00000000 08:16 3544559                    /usr/lib/jvm/java-7-openjdk-amd64/jre/lib/amd64/server/libjvm.so
7ff2d94de000-7ff2d96de000 ---p 00993000 08:16 3544559                    /usr/lib/jvm/java-7-openjdk-amd64/jre/lib/amd64/server/libjvm.so
7ff2d96de000-7ff2d9758000 r--p 00993000 08:16 3544559                    /usr/lib/jvm/java-7-openjdk-amd64/jre/lib/amd64/server/libjvm.so
7ff2d9758000-7ff2d977a000 rw-p 00a0d000 08:16 3544559                    /usr/lib/jvm/java-7-openjdk-amd64/jre/lib/amd64/server/libjvm.so
7ff2d977a000-7ff2d97a5000 rw-p 00000000 00:00 0 
7ff2d97a5000-7ff2d97bd000 r-xp 00000000 08:16 5246659                    /lib/x86_64-linux-gnu/libpthread-2.15.so
7ff2d97bd000-7ff2d99bc000 ---p 00018000 08:16 5246659                    /lib/x86_64-linux-gnu/libpthread-2.15.so
7ff2d99bc000-7ff2d99bd000 r--p 00017000 08:16 5246659                    /lib/x86_64-linux-gnu/libpthread-2.15.so
7ff2d99bd000-7ff2d99be000 rw-p 00018000 08:16 5246659                    /lib/x86_64-linux-gnu/libpthread-2.15.so
7ff2d99be000-7ff2d99c2000 rw-p 00000000 00:00 0 
7ff2d99c2000-7ff2d99d8000 r-xp 00000000 08:16 5246690                    /lib/x86_64-linux-gnu/libz.so.1.2.3.4
7ff2d99d8000-7ff2d9bd7000 ---p 00016000 08:16 5246690                    /lib/x86_64-linux-gnu/libz.so.1.2.3.4
7ff2d9bd7000-7ff2d9bd8000 r--p 00015000 08:16 5246690                    /lib/x86_64-linux-gnu/libz.so.1.2.3.4
7ff2d9bd8000-7ff2d9bd9000 rw-p 00016000 08:16 5246690                    /lib/x86_64-linux-gnu/libz.so.1.2.3.4
7ff2d9bd9000-7ff2d9bdb000 r-xp 00000000 08:16 5246592                    /lib/x86_64-linux-gnu/libdl-2.15.so
7ff2d9bdb000-7ff2d9ddb000 ---p 00002000 08:16 5246592                    /lib/x86_64-linux-gnu/libdl-2.15.so
7ff2d9ddb000-7ff2d9ddc000 r--p 00002000 08:16 5246592                    /lib/x86_64-linux-gnu/libdl-2.15.so
7ff2d9ddc000-7ff2d9ddd000 rw-p 00003000 08:16 5246592                    /lib/x86_64-linux-gnu/libdl-2.15.so
7ff2d9ddd000-7ff2d9f90000 r-xp 00000000 08:16 5246579                    /lib/x86_64-linux-gnu/libc-2.15.so
7ff2d9f90000-7ff2da18f000 ---p 001b3000 08:16 5246579                    /lib/x86_64-linux-gnu/libc-2.15.so
7ff2da18f000-7ff2da193000 r--p 001b2000 08:16 5246579                    /lib/x86_64-linux-gnu/libc-2.15.so
7ff2da193000-7ff2da195000 rw-p 001b6000 08:16 5246579                    /lib/x86_64-linux-gnu/libc-2.15.so
7ff2da195000-7ff2da19a000 rw-p 00000000 00:00 0 
7ff2da19a000-7ff2da1a6000 r-xp 00000000 08:16 3544565                    /usr/lib/jvm/java-7-openjdk-amd64/jre/lib/amd64/jli/libjli.so
7ff2da1a6000-7ff2da3a6000 ---p 0000c000 08:16 3544565                    /usr/lib/jvm/java-7-openjdk-amd64/jre/lib/amd64/jli/libjli.so
7ff2da3a6000-7ff2da3a7000 r--p 0000c000 08:16 3544565                    /usr/lib/jvm/java-7-openjdk-amd64/jre/lib/amd64/jli/libjli.so
7ff2da3a7000-7ff2da3a8000 rw-p 0000d000 08:16 3544565                    /usr/lib/jvm/java-7-openjdk-amd64/jre/lib/amd64/jli/libjli.so
7ff2da3a8000-7ff2da3ca000 r-xp 00000000 08:16 5246559                    /lib/x86_64-linux-gnu/ld-2.15.so
7ff2da3ca000-7ff2da3cb000 r--s 00009000 08:16 3677159                    /home/relissa/jmonkeyplatform/jmonkeyplatform/libs/j-ogg-vorbisd.jar
7ff2da3cb000-7ff2da3cc000 r--s 00002000 08:16 3677929                    /home/relissa/jmonkeyplatform/jmonkeyplatform/libs/jME3-jogg.jar
7ff2da3cc000-7ff2da3d0000 r--s 0001b000 08:16 3677934                    /home/relissa/jmonkeyplatform/jmonkeyplatform/libs/jME3-networking.jar
7ff2da3d0000-7ff2da3d3000 r--s 0006b000 08:16 3677923                    /home/relissa/jmonkeyplatform/jmonkeyplatform/libs/jME3-effects.jar
7ff2da3d3000-7ff2da3d4000 r--s 0000f000 08:16 3677939                    /home/relissa/jmonkeyplatform/jmonkeyplatform/libs/jME3-plugins.jar
7ff2da3d4000-7ff2da3d7000 r--s 00033000 08:16 3677921                    /home/relissa/jmonkeyplatform/jmonkeyplatform/libs/jME3-desktop.jar
7ff2da3d7000-7ff2da3e6000 r--s 000f5000 08:16 3677920                    /home/relissa/jmonkeyplatform/jmonkeyplatform/libs/jME3-core.jar
7ff2da3e6000-7ff2da3f0000 rw-p 00000000 00:00 0 
7ff2da3f0000-7ff2da4a6000 rw-p 00000000 00:00 0 
7ff2da4a6000-7ff2da4a9000 ---p 00000000 00:00 0 
7ff2da4a9000-7ff2da5ac000 rw-p 00000000 00:00 0 
7ff2da5ac000-7ff2da5ae000 r--s 00005000 08:16 3677249                    /home/relissa/jmonkeyplatform/jmonkeyplatform/libs/j-ogg-oggd.jar
7ff2da5ae000-7ff2da5b1000 r--s 00032000 08:16 1050313                    /usr/lib/jvm/java-7-openjdk-common/jre/lib/ext/sunjce_provider.jar
7ff2da5b1000-7ff2da5b3000 r--s 00012000 08:16 1050314                    /usr/lib/jvm/java-7-openjdk-common/jre/lib/ext/zipfs.jar
7ff2da5b3000-7ff2da5b4000 r--s 00002000 08:16 1050311                    /usr/lib/jvm/java-7-openjdk-common/jre/lib/ext/dnsns.jar
7ff2da5b4000-7ff2da5b7000 r--s 00085000 08:16 1050312                    /usr/lib/jvm/java-7-openjdk-common/jre/lib/ext/localedata.jar
7ff2da5b7000-7ff2da5ba000 r--s 0000f000 08:16 1050315                    /usr/lib/jvm/java-7-openjdk-common/jre/lib/ext/pulse-java.jar
7ff2da5ba000-7ff2da5bb000 r--s 00007000 08:16 1453403                    /usr/share/java/java-atk-wrapper.jar
7ff2da5bb000-7ff2da5be000 r--s 0003c000 08:16 1050310                    /usr/lib/jvm/java-7-openjdk-common/jre/lib/ext/sunpkcs11.jar
7ff2da5be000-7ff2da5c6000 rw-s 00000000 08:16 4063421                    /tmp/hsperfdata_relissa/7277 (deleted)
7ff2da5c6000-7ff2da5c7000 rw-p 00000000 00:00 0 
7ff2da5c7000-7ff2da5c8000 ---p 00000000 00:00 0 
7ff2da5c8000-7ff2da5ca000 rw-p 00000000 00:00 0 
7ff2da5ca000-7ff2da5cb000 r--p 00022000 08:16 5246559                    /lib/x86_64-linux-gnu/ld-2.15.so
7ff2da5cb000-7ff2da5cd000 rw-p 00023000 08:16 5246559                    /lib/x86_64-linux-gnu/ld-2.15.so
7fff3e8f8000-7fff3e919000 rw-p 00000000 00:00 0                          [stack]
7fff3e9ff000-7fff3ea00000 r-xp 00000000 00:00 0                          [vdso]
ffffffffff600000-ffffffffff601000 r-xp 00000000 00:00 0                  [vsyscall]

VM Arguments:
jvm_args: -Dfile.encoding=UTF-8 
java_command: OCLP.Main
Launcher Type: SUN_STANDARD

Environment Variables:
PATH=/usr/lib/lightdm/lightdm:/usr/local/sbin:/usr/local/bin:/usr/sbin:/usr/bin:/sbin:/bin:/usr/games
SHELL=/bin/bash
DISPLAY=:0.0

Signal Handlers:
SIGSEGV: [libjvm.so+0x8065e0], sa_mask[0]=0x7ffbfeff, sa_flags=0x10000004
SIGBUS: [libjvm.so+0x8065e0], sa_mask[0]=0x7ffbfeff, sa_flags=0x10000004
SIGFPE: [libjvm.so+0x6ac6d0], sa_mask[0]=0x7ffbfeff, sa_flags=0x10000004
SIGPIPE: SIG_IGN, sa_mask[0]=0x00001000, sa_flags=0x10000000
SIGXFSZ: [libjvm.so+0x6ac6d0], sa_mask[0]=0x7ffbfeff, sa_flags=0x10000004
SIGILL: [libjvm.so+0x6ac6d0], sa_mask[0]=0x7ffbfeff, sa_flags=0x10000004
SIGUSR1: SIG_DFL, sa_mask[0]=0x00000000, sa_flags=0x00000000
SIGUSR2: [libjvm.so+0x6acaa0], sa_mask[0]=0x00000004, sa_flags=0x10000004
SIGHUP: [libjvm.so+0x6acbe0], sa_mask[0]=0x7ffbfeff, sa_flags=0x10000004
SIGINT: SIG_IGN, sa_mask[0]=0x00000000, sa_flags=0x00000000
SIGTERM: [libjvm.so+0x6acbe0], sa_mask[0]=0x7ffbfeff, sa_flags=0x10000004
SIGQUIT: [libjvm.so+0x6acbe0], sa_mask[0]=0x7ffbfeff, sa_flags=0x10000004


---------------  S Y S T E M  ---------------

OS:Ubuntu 12.04 (precise)
uname:Linux 3.2.0-24-generic #39-Ubuntu SMP Mon May 21 16:52:17 UTC 2012 x86_64
libc:glibc 2.15 NPTL 2.15 
rlimit: STACK 8192k, CORE 0k, NPROC 28916, NOFILE 4096, AS infinity
load average:1.39 1.51 1.35

/proc/meminfo:
MemTotal:        3791568 kB
MemFree:          244224 kB
Buffers:           61612 kB
Cached:          1018412 kB
SwapCached:         2440 kB
Active:          2292608 kB
Inactive:         842488 kB
Active(anon):    1836340 kB
Inactive(anon):   425760 kB
Active(file):     456268 kB
Inactive(file):   416728 kB
Unevictable:           0 kB
Mlocked:               0 kB
SwapTotal:        999420 kB
SwapFree:         955812 kB
Dirty:               844 kB
Writeback:             0 kB
AnonPages:       2053140 kB
Mapped:           181804 kB
Shmem:            207028 kB
Slab:             186588 kB
SReclaimable:     150164 kB
SUnreclaim:        36424 kB
KernelStack:        5224 kB
PageTables:        53976 kB
NFS_Unstable:          0 kB
Bounce:                0 kB
WritebackTmp:          0 kB
CommitLimit:     2895204 kB
Committed_AS:    6796192 kB
VmallocTotal:   34359738367 kB
VmallocUsed:      310392 kB
VmallocChunk:   34359425244 kB
HardwareCorrupted:     0 kB
AnonHugePages:         0 kB
HugePages_Total:       0
HugePages_Free:        0
HugePages_Rsvd:        0
HugePages_Surp:        0
Hugepagesize:       2048 kB
DirectMap4k:     3659264 kB
DirectMap2M:      272384 kB
DirectMap1G:           0 kB


CPU:total 2 (2 cores per cpu, 1 threads per core) family 16 model 6 stepping 2, cmov, cx8, fxsr, mmx, sse, sse2, sse3, popcnt, mmxext, 3dnowpref, lzcnt, sse4a

/proc/cpuinfo:
processor	: 0
vendor_id	: AuthenticAMD
cpu family	: 16
model		: 6
model name	: AMD Athlon(tm) II X2 215 Processor
stepping	: 2
microcode	: 0x100009f
cpu MHz		: 2700.000
cache size	: 512 KB
physical id	: 0
siblings	: 2
core id		: 0
cpu cores	: 2
apicid		: 0
initial apicid	: 0
fpu		: yes
fpu_exception	: yes
cpuid level	: 5
wp		: yes
flags		: fpu vme de pse tsc msr pae mce cx8 apic sep mtrr pge mca cmov pat pse36 clflush mmx fxsr sse sse2 ht syscall nx mmxext fxsr_opt pdpe1gb rdtscp lm 3dnowext 3dnow constant_tsc rep_good nopl nonstop_tsc extd_apicid pni monitor cx16 popcnt lahf_lm cmp_legacy svm extapic cr8_legacy abm sse4a misalignsse 3dnowprefetch osvw ibs skinit wdt npt lbrv svm_lock nrip_save
bogomips	: 5400.31
TLB size	: 1024 4K pages
clflush size	: 64
cache_alignment	: 64
address sizes	: 48 bits physical, 48 bits virtual
power management: ts ttp tm stc 100mhzsteps hwpstate

processor	: 1
vendor_id	: AuthenticAMD
cpu family	: 16
model		: 6
model name	: AMD Athlon(tm) II X2 215 Processor
stepping	: 2
microcode	: 0x100009f
cpu MHz		: 2700.000
cache size	: 512 KB
physical id	: 0
siblings	: 2
core id		: 1
cpu cores	: 2
apicid		: 1
initial apicid	: 1
fpu		: yes
fpu_exception	: yes
cpuid level	: 5
wp		: yes
flags		: fpu vme de pse tsc msr pae mce cx8 apic sep mtrr pge mca cmov pat pse36 clflush mmx fxsr sse sse2 ht syscall nx mmxext fxsr_opt pdpe1gb rdtscp lm 3dnowext 3dnow constant_tsc rep_good nopl nonstop_tsc extd_apicid pni monitor cx16 popcnt lahf_lm cmp_legacy svm extapic cr8_legacy abm sse4a misalignsse 3dnowprefetch osvw ibs skinit wdt npt lbrv svm_lock nrip_save
bogomips	: 5386.51
TLB size	: 1024 4K pages
clflush size	: 64
cache_alignment	: 64
address sizes	: 48 bits physical, 48 bits virtual
power management: ts ttp tm stc 100mhzsteps hwpstate



Memory: 4k page, physical 3791568k(244224k free), swap 999420k(955812k free)

vm_info: OpenJDK 64-Bit Server VM (22.0-b10) for linux-amd64 JRE (1.7.0_03-b147), built on May  2 2012 16:57:58 by "buildd" with gcc 4.6.3

time: Fri Jun 15 17:28:51 2012
elapsed time: 7 seconds

