#
# A fatal error has been detected by the Java Runtime Environment:
#
#  SIGSEGV (0xb) at pc=0x00007fcb6f894c58, pid=7469, tid=140512003663616
#
# JRE version: 7.0_03-b147
# Java VM: OpenJDK 64-Bit Server VM (22.0-b10 mixed mode linux-amd64 compressed oops)
# Derivative: IcedTea7 2.1.1pre
# Distribution: Ubuntu 12.04 LTS, package 7~u3-2.1.1~pre1-1ubuntu3
# Problematic frame:
# C  [libX11.so.6+0x33c58]  XQueryExtension+0x28
#
# Failed to write core dump. Core dumps have been disabled. To enable core dumping, try "ulimit -c unlimited" before starting Java again
#
# If you would like to submit a bug report, please include
# instructions on how to reproduce the bug and visit:
#   https://bugs.launchpad.net/ubuntu/+source/openjdk-7/
#

---------------  T H R E A D  ---------------

Current thread is native thread

siginfo:si_signo=SIGSEGV: si_errno=0, si_code=1 (SEGV_MAPERR), si_addr=0x000000004c028978

Registers:
RAX=0x0000000001afdbd0, RBX=0x000000004c028010, RCX=0x00007fff869c5c78, RDX=0x00007fff869c5c74
RSP=0x00007fff869c5c10, RBP=0x00007fcb32735932, RSI=0x00007fcb32735932, RDI=0x000000004c028010
R8 =0x00007fff869c5c7c, R9 =0x0000000000000000, R10=0x00007fcb7fcf8fa8, R11=0x00007fcb7f97aca0
R12=0x0000000000000000, R13=0x00007fcb32735932, R14=0x0000000001afdbd0, R15=0x0000000000000000
RIP=0x00007fcb6f894c58, EFLAGS=0x0000000000010202, CSGSFS=0x0000000000000033, ERR=0x0000000000000004
  TRAPNO=0x000000000000000e

Top of Stack: (sp=0x00007fff869c5c10)
0x00007fff869c5c10:   00007fcb7f94d790 00007fcb8010d000
0x00007fff869c5c20:   00007fcb7f309070 00007fcb8010c000
0x00007fff869c5c30:   00000000ffffffff 000000004c028010
0x00007fff869c5c40:   00007fcb32735932 0000000000000000
0x00007fff869c5c50:   00007fcb32735932 0000000001afdbd0
0x00007fff869c5c60:   0000000000000000 00007fcb6f888c55
0x00007fff869c5c70:   00007fcb8012d048 00007fcb3286e520
0x00007fff869c5c80:   00007fcb3286e520 000000004c028010
0x00007fff869c5c90:   00007fcb4c031070 00007fcb6fba202b
0x00007fff869c5ca0:   00007fcb7f94d790 0000001100000071
0x00007fff869c5cb0:   00007fff869c5d30 0000000000000000
0x00007fff869c5cc0:   00007fff869c5d30 000000004c028010
0x00007fff869c5cd0:   0000000000000000 00007fcb8012d048
0x00007fff869c5ce0:   00007fcb32887d50 00007fcb326dc119
0x00007fff869c5cf0:   0000000000000000 0000000000000071
0x00007fff869c5d00:   00007fff869c5d30 00007fff869c5d50
0x00007fff869c5d10:   0000000000000000 00007fcb8012d048
0x00007fff869c5d20:   00007fcb4c0214a0 00007fcb326d2b42
0x00007fff869c5d30:   00007fff869c6150 00007fcb327358b1
0x00007fff869c5d40:   0000000000000071 00007fcb7ff1992d
0x00007fff869c5d50:   00007fcb8012e2c8 00007fcb8012e858
0x00007fff869c5d60:   00007fcb8012b6a8 00007fcb78006970
0x00007fff869c5d70:   00007fcb78007480 00007fcb78007980
0x00007fff869c5d80:   00007fcb7800c660 00007fcb2c10ad90
0x00007fff869c5d90:   00007fcb2c112d30 00007fcb2c126480
0x00007fff869c5da0:   00007fcb2c160d60 00007fcb2c161240
0x00007fff869c5db0:   00007fcb2c1616f0 00007fcb2c161ba0
0x00007fff869c5dc0:   00007fcb2c162050 00007fcb2c1624f0
0x00007fff869c5dd0:   00007fcb2c194880 00007fcb2c1c2910
0x00007fff869c5de0:   00007fcb2c1b16d0 00007fcb2c16bf10
0x00007fff869c5df0:   00007fcb2c249050 00007fcb2c24a000
0x00007fff869c5e00:   00007fcb2c24ba80 00007fcb2c24bf50 

Instructions: (pc=0x00007fcb6f894c58)
0x00007fcb6f894c38:   24 d8 48 89 fb 4c 89 64 24 e0 4c 89 6c 24 e8 48
0x00007fcb6f894c48:   89 f5 4c 89 74 24 f0 4c 89 7c 24 f8 48 83 ec 58
0x00007fcb6f894c58:   48 8b 87 68 09 00 00 49 89 d4 49 89 cd 4d 89 c6
0x00007fcb6f894c68:   48 85 c0 74 02 ff 10 ba 08 00 00 00 be 62 00 00 

Register to memory mapping:

RAX=0x0000000001afdbd0 is an unknown value
RBX=0x000000004c028010 is an unknown value
RCX=0x00007fff869c5c78 is an unknown value
RDX=0x00007fff869c5c74 is an unknown value
RSP=0x00007fff869c5c10 is an unknown value
RBP=0x00007fcb32735932: <offset 0x96932> in /usr/lib/fglrx/libGL.so.1 at 0x00007fcb3269f000
RSI=0x00007fcb32735932: <offset 0x96932> in /usr/lib/fglrx/libGL.so.1 at 0x00007fcb3269f000
RDI=0x000000004c028010 is an unknown value
R8 =0x00007fff869c5c7c is an unknown value
R9 =0x0000000000000000 is an unknown value
R10=0x00007fcb7fcf8fa8: <offset 0x3b9fa8> in /lib/x86_64-linux-gnu/libc.so.6 at 0x00007fcb7f93f000
R11=0x00007fcb7f97aca0: __cxa_finalize+0 in /lib/x86_64-linux-gnu/libc.so.6 at 0x00007fcb7f93f000
R12=0x0000000000000000 is an unknown value
R13=0x00007fcb32735932: <offset 0x96932> in /usr/lib/fglrx/libGL.so.1 at 0x00007fcb3269f000
R14=0x0000000001afdbd0 is an unknown value
R15=0x0000000000000000 is an unknown value


Stack: [0x00007fff868c8000,0x00007fff869c8000],  sp=0x00007fff869c5c10,  free space=1015k
Native frames: (J=compiled Java code, j=interpreted, Vv=VM code, C=native code)
C  [libX11.so.6+0x33c58]  XQueryExtension+0x28


---------------  P R O C E S S  ---------------

VM state:at safepoint (shutting down)

VM Mutex/Monitor currently owned by a thread:  ([mutex/lock_event])
[0x00007fcb78004d40] Threads_lock - owner thread: 0x00007fcb7809b800

Heap
 PSYoungGen      total 17280K, used 8445K [0x00000000ecb60000, 0x00000000edea0000, 0x0000000100000000)
  eden space 14848K, 40% used [0x00000000ecb60000,0x00000000ed146a60,0x00000000ed9e0000)
  from space 2432K, 98% used [0x00000000edc40000,0x00000000ede98a10,0x00000000edea0000)
  to   space 2432K, 0% used [0x00000000ed9e0000,0x00000000ed9e0000,0x00000000edc40000)
 PSOldGen        total 39552K, used 4248K [0x00000000c6200000, 0x00000000c88a0000, 0x00000000ecb60000)
  object space 39552K, 10% used [0x00000000c6200000,0x00000000c6626010,0x00000000c88a0000)
 PSPermGen       total 21248K, used 21191K [0x00000000bbc00000, 0x00000000bd0c0000, 0x00000000c6200000)
  object space 21248K, 99% used [0x00000000bbc00000,0x00000000bd0b1df8,0x00000000bd0c0000)

Code Cache  [0x00007fcb75000000, 0x00007fcb75270000, 0x00007fcb78000000)
 total_blobs=979 nmethods=341 adapters=591 free_code_cache=47897Kb largest_free_block=49009344

Dynamic libraries:
00400000-00401000 r-xp 00000000 08:16 3544606                            /usr/lib/jvm/java-7-openjdk-amd64/jre/bin/java
00600000-00601000 r--p 00000000 08:16 3544606                            /usr/lib/jvm/java-7-openjdk-amd64/jre/bin/java
00601000-00602000 rw-p 00001000 08:16 3544606                            /usr/lib/jvm/java-7-openjdk-amd64/jre/bin/java
01afb000-01b1c000 rw-p 00000000 00:00 0                                  [heap]
bbc00000-bd0c0000 rw-p 00000000 00:00 0 
bd0c0000-c6200000 rw-p 00000000 00:00 0 
c6200000-c88a0000 rw-p 00000000 00:00 0 
c88a0000-ecb60000 rw-p 00000000 00:00 0 
ecb60000-edea0000 rw-p 00000000 00:00 0 
edea0000-100000000 rw-p 00000000 00:00 0 
7fcb2406e000-7fcb2406f000 ---p 00000000 00:00 0 
7fcb2406f000-7fcb2486f000 rw-p 00000000 00:00 0 
7fcb25270000-7fcb25271000 ---p 00000000 00:00 0 
7fcb25271000-7fcb25a71000 rw-p 00000000 00:00 0 
7fcb29a72000-7fcb29a73000 ---p 00000000 00:00 0 
7fcb29a73000-7fcb2a273000 rw-p 00000000 00:00 0 
7fcb2a273000-7fcb2a526000 r-xp 00000000 08:16 1056578                    /usr/lib/x86_64-linux-gnu/libvorbisenc.so.2.0.8
7fcb2a526000-7fcb2a725000 ---p 002b3000 08:16 1056578                    /usr/lib/x86_64-linux-gnu/libvorbisenc.so.2.0.8
7fcb2a725000-7fcb2a741000 r--p 002b2000 08:16 1056578                    /usr/lib/x86_64-linux-gnu/libvorbisenc.so.2.0.8
7fcb2a741000-7fcb2a742000 rw-p 002ce000 08:16 1056578                    /usr/lib/x86_64-linux-gnu/libvorbisenc.so.2.0.8
7fcb2a742000-7fcb2a78a000 r-xp 00000000 08:16 1055951                    /usr/lib/x86_64-linux-gnu/libFLAC.so.8.2.0
7fcb2a78a000-7fcb2a98a000 ---p 00048000 08:16 1055951                    /usr/lib/x86_64-linux-gnu/libFLAC.so.8.2.0
7fcb2a98a000-7fcb2a98b000 r--p 00048000 08:16 1055951                    /usr/lib/x86_64-linux-gnu/libFLAC.so.8.2.0
7fcb2a98b000-7fcb2a98c000 rw-p 00049000 08:16 1055951                    /usr/lib/x86_64-linux-gnu/libFLAC.so.8.2.0
7fcb2a98c000-7fcb2a991000 r-xp 00000000 08:16 1056065                    /usr/lib/x86_64-linux-gnu/libasyncns.so.0.3.1
7fcb2a991000-7fcb2ab90000 ---p 00005000 08:16 1056065                    /usr/lib/x86_64-linux-gnu/libasyncns.so.0.3.1
7fcb2ab90000-7fcb2ab91000 r--p 00004000 08:16 1056065                    /usr/lib/x86_64-linux-gnu/libasyncns.so.0.3.1
7fcb2ab91000-7fcb2ab92000 rw-p 00005000 08:16 1056065                    /usr/lib/x86_64-linux-gnu/libasyncns.so.0.3.1
7fcb2ab92000-7fcb2abf2000 r-xp 00000000 08:16 1056513                    /usr/lib/x86_64-linux-gnu/libsndfile.so.1.0.25
7fcb2abf2000-7fcb2adf2000 ---p 00060000 08:16 1056513                    /usr/lib/x86_64-linux-gnu/libsndfile.so.1.0.25
7fcb2adf2000-7fcb2adf4000 r--p 00060000 08:16 1056513                    /usr/lib/x86_64-linux-gnu/libsndfile.so.1.0.25
7fcb2adf4000-7fcb2adf5000 rw-p 00062000 08:16 1056513                    /usr/lib/x86_64-linux-gnu/libsndfile.so.1.0.25
7fcb2adf5000-7fcb2adf9000 rw-p 00000000 00:00 0 
7fcb2adf9000-7fcb2ae01000 r-xp 00000000 08:16 5246688                    /lib/x86_64-linux-gnu/libwrap.so.0.7.6
7fcb2ae01000-7fcb2b000000 ---p 00008000 08:16 5246688                    /lib/x86_64-linux-gnu/libwrap.so.0.7.6
7fcb2b000000-7fcb2b001000 r--p 00007000 08:16 5246688                    /lib/x86_64-linux-gnu/libwrap.so.0.7.6
7fcb2b001000-7fcb2b002000 rw-p 00008000 08:16 5246688                    /lib/x86_64-linux-gnu/libwrap.so.0.7.6
7fcb2b002000-7fcb2b05e000 r-xp 00000000 08:16 1055773                    /usr/lib/x86_64-linux-gnu/libpulsecommon-1.1.so
7fcb2b05e000-7fcb2b25e000 ---p 0005c000 08:16 1055773                    /usr/lib/x86_64-linux-gnu/libpulsecommon-1.1.so
7fcb2b25e000-7fcb2b25f000 r--p 0005c000 08:16 1055773                    /usr/lib/x86_64-linux-gnu/libpulsecommon-1.1.so
7fcb2b25f000-7fcb2b260000 rw-p 0005d000 08:16 1055773                    /usr/lib/x86_64-linux-gnu/libpulsecommon-1.1.so
7fcb2b260000-7fcb2b267000 r-xp 00000000 08:16 1056352                    /usr/lib/x86_64-linux-gnu/libjson.so.0.0.1
7fcb2b267000-7fcb2b466000 ---p 00007000 08:16 1056352                    /usr/lib/x86_64-linux-gnu/libjson.so.0.0.1
7fcb2b466000-7fcb2b467000 r--p 00006000 08:16 1056352                    /usr/lib/x86_64-linux-gnu/libjson.so.0.0.1
7fcb2b467000-7fcb2b468000 rw-p 00007000 08:16 1056352                    /usr/lib/x86_64-linux-gnu/libjson.so.0.0.1
7fcb2b468000-7fcb2b4ae000 r-xp 00000000 08:16 1055774                    /usr/lib/x86_64-linux-gnu/libpulse.so.0.13.5
7fcb2b4ae000-7fcb2b6ae000 ---p 00046000 08:16 1055774                    /usr/lib/x86_64-linux-gnu/libpulse.so.0.13.5
7fcb2b6ae000-7fcb2b6af000 r--p 00046000 08:16 1055774                    /usr/lib/x86_64-linux-gnu/libpulse.so.0.13.5
7fcb2b6af000-7fcb2b6b0000 rw-p 00047000 08:16 1055774                    /usr/lib/x86_64-linux-gnu/libpulse.so.0.13.5
7fcb2b900000-7fcb2c000000 rw-s 22c4b000 00:05 9165                       /dev/ati/card0
7fcb2c000000-7fcb2c568000 rw-p 00000000 00:00 0 
7fcb2c568000-7fcb30000000 ---p 00000000 00:00 0 
7fcb30173000-7fcb301ae000 r-xp 00000000 08:16 1054638                    /usr/lib/fglrx/libatiadlxx.so
7fcb301ae000-7fcb302ae000 ---p 0003b000 08:16 1054638                    /usr/lib/fglrx/libatiadlxx.so
7fcb302ae000-7fcb302b7000 rw-p 0003b000 08:16 1054638                    /usr/lib/fglrx/libatiadlxx.so
7fcb302b7000-7fcb302c8000 rw-p 00000000 00:00 0 
7fcb302c8000-7fcb302cf000 r-xp 00000000 08:16 1054658                    /usr/lib/fglrx/libatiuki.so.1.0
7fcb302cf000-7fcb303cf000 ---p 00007000 08:16 1054658                    /usr/lib/fglrx/libatiuki.so.1.0
7fcb303cf000-7fcb303d0000 rw-p 00007000 08:16 1054658                    /usr/lib/fglrx/libatiuki.so.1.0
7fcb303d0000-7fcb303d1000 rw-p 00000000 00:00 0 
7fcb303d1000-7fcb3232b000 r-xp 00000000 08:16 1054642                    /usr/lib/fglrx/dri/fglrx_dri.so
7fcb3232b000-7fcb3242b000 ---p 01f5a000 08:16 1054642                    /usr/lib/fglrx/dri/fglrx_dri.so
7fcb3242b000-7fcb32579000 rwxp 01f5a000 08:16 1054642                    /usr/lib/fglrx/dri/fglrx_dri.so
7fcb32579000-7fcb3269f000 rwxp 00000000 00:00 0 
7fcb3269f000-7fcb32762000 r-xp 00000000 08:16 1054665                    /usr/lib/fglrx/libGL.so.1.2
7fcb32762000-7fcb32861000 ---p 000c3000 08:16 1054665                    /usr/lib/fglrx/libGL.so.1.2
7fcb32861000-7fcb32888000 rwxp 000c2000 08:16 1054665                    /usr/lib/fglrx/libGL.so.1.2
7fcb32888000-7fcb328a8000 rwxp 00000000 00:00 0 
7fcb328a8000-7fcb328ac000 r-xp 00000000 08:16 1056049                    /usr/lib/x86_64-linux-gnu/libXxf86vm.so.1.0.0
7fcb328ac000-7fcb32aab000 ---p 00004000 08:16 1056049                    /usr/lib/x86_64-linux-gnu/libXxf86vm.so.1.0.0
7fcb32aab000-7fcb32aac000 r--p 00003000 08:16 1056049                    /usr/lib/x86_64-linux-gnu/libXxf86vm.so.1.0.0
7fcb32aac000-7fcb32aad000 rw-p 00004000 08:16 1056049                    /usr/lib/x86_64-linux-gnu/libXxf86vm.so.1.0.0
7fcb32aad000-7fcb32b14000 r-xp 00000000 08:16 3677813                    /home/relissa/NetBeansProjects/OCLP/liblwjgl64.so
7fcb32b14000-7fcb32d14000 ---p 00067000 08:16 3677813                    /home/relissa/NetBeansProjects/OCLP/liblwjgl64.so
7fcb32d14000-7fcb32d16000 r--p 00067000 08:16 3677813                    /home/relissa/NetBeansProjects/OCLP/liblwjgl64.so
7fcb32d16000-7fcb32d17000 rw-p 00069000 08:16 3677813                    /home/relissa/NetBeansProjects/OCLP/liblwjgl64.so
7fcb32d17000-7fcb32d18000 r-xp 00000000 08:16 3544578                    /usr/lib/jvm/java-7-openjdk-amd64/jre/lib/amd64/libjawt.so
7fcb32d18000-7fcb32f17000 ---p 00001000 08:16 3544578                    /usr/lib/jvm/java-7-openjdk-amd64/jre/lib/amd64/libjawt.so
7fcb32f17000-7fcb32f18000 r--p 00000000 08:16 3544578                    /usr/lib/jvm/java-7-openjdk-amd64/jre/lib/amd64/libjawt.so
7fcb32f18000-7fcb32f19000 rw-p 00001000 08:16 3544578                    /usr/lib/jvm/java-7-openjdk-amd64/jre/lib/amd64/libjawt.so
7fcb32f19000-7fcb32f79000 rw-s 00000000 00:04 162234399                  /SYSV00000000 (deleted)
7fcb32fc9000-7fcb32fcc000 ---p 00000000 00:00 0 
7fcb32fcc000-7fcb330ca000 rw-p 00000000 00:00 0 
7fcb339cc000-7fcb339e6000 r-xp 00000000 08:16 1056151                    /usr/lib/x86_64-linux-gnu/libdbusmenu-glib.so.4.0.12
7fcb339e6000-7fcb33be5000 ---p 0001a000 08:16 1056151                    /usr/lib/x86_64-linux-gnu/libdbusmenu-glib.so.4.0.12
7fcb33be5000-7fcb33be6000 r--p 00019000 08:16 1056151                    /usr/lib/x86_64-linux-gnu/libdbusmenu-glib.so.4.0.12
7fcb33be6000-7fcb33be7000 rw-p 0001a000 08:16 1056151                    /usr/lib/x86_64-linux-gnu/libdbusmenu-glib.so.4.0.12
7fcb33be7000-7fcb33bf9000 r-xp 00000000 08:16 1056153                    /usr/lib/x86_64-linux-gnu/libdbusmenu-gtk.so.4.0.12
7fcb33bf9000-7fcb33df8000 ---p 00012000 08:16 1056153                    /usr/lib/x86_64-linux-gnu/libdbusmenu-gtk.so.4.0.12
7fcb33df8000-7fcb33df9000 r--p 00011000 08:16 1056153                    /usr/lib/x86_64-linux-gnu/libdbusmenu-gtk.so.4.0.12
7fcb33df9000-7fcb33dfa000 rw-p 00012000 08:16 1056153                    /usr/lib/x86_64-linux-gnu/libdbusmenu-gtk.so.4.0.12
7fcb33dfa000-7fcb33dff000 r-xp 00000000 08:16 1052971                    /usr/lib/gtk-2.0/2.10.0/menuproxies/libappmenu.so
7fcb33dff000-7fcb33ffe000 ---p 00005000 08:16 1052971                    /usr/lib/gtk-2.0/2.10.0/menuproxies/libappmenu.so
7fcb33ffe000-7fcb33fff000 r--p 00004000 08:16 1052971                    /usr/lib/gtk-2.0/2.10.0/menuproxies/libappmenu.so
7fcb33fff000-7fcb34000000 rw-p 00005000 08:16 1052971                    /usr/lib/gtk-2.0/2.10.0/menuproxies/libappmenu.so
7fcb34000000-7fcb34021000 rw-p 00000000 00:00 0 
7fcb34021000-7fcb38000000 ---p 00000000 00:00 0 
7fcb38000000-7fcb38021000 rw-p 00000000 00:00 0 
7fcb38021000-7fcb3c000000 ---p 00000000 00:00 0 
7fcb3c0d3000-7fcb3c0e3000 rw-s fe9f0000 00:05 9165                       /dev/ati/card0
7fcb3c0e3000-7fcb3c0ef000 r-xp 00000000 08:16 5246678                    /lib/x86_64-linux-gnu/libudev.so.0.13.0
7fcb3c0ef000-7fcb3c2ee000 ---p 0000c000 08:16 5246678                    /lib/x86_64-linux-gnu/libudev.so.0.13.0
7fcb3c2ee000-7fcb3c2ef000 r--p 0000b000 08:16 5246678                    /lib/x86_64-linux-gnu/libudev.so.0.13.0
7fcb3c2ef000-7fcb3c2f0000 rw-p 0000c000 08:16 5246678                    /lib/x86_64-linux-gnu/libudev.so.0.13.0
7fcb3c2f0000-7fcb3c306000 r-xp 00000000 08:16 1314755                    /usr/lib/x86_64-linux-gnu/gvfs/libgvfscommon.so
7fcb3c306000-7fcb3c505000 ---p 00016000 08:16 1314755                    /usr/lib/x86_64-linux-gnu/gvfs/libgvfscommon.so
7fcb3c505000-7fcb3c506000 r--p 00015000 08:16 1314755                    /usr/lib/x86_64-linux-gnu/gvfs/libgvfscommon.so
7fcb3c506000-7fcb3c507000 rw-p 00016000 08:16 1314755                    /usr/lib/x86_64-linux-gnu/gvfs/libgvfscommon.so
7fcb3c507000-7fcb3c52f000 r-xp 00000000 08:16 1314556                    /usr/lib/x86_64-linux-gnu/gio/modules/libgvfsdbus.so
7fcb3c52f000-7fcb3c72e000 ---p 00028000 08:16 1314556                    /usr/lib/x86_64-linux-gnu/gio/modules/libgvfsdbus.so
7fcb3c72e000-7fcb3c72f000 r--p 00027000 08:16 1314556                    /usr/lib/x86_64-linux-gnu/gio/modules/libgvfsdbus.so
7fcb3c72f000-7fcb3c730000 rw-p 00028000 08:16 1314556                    /usr/lib/x86_64-linux-gnu/gio/modules/libgvfsdbus.so
7fcb3c730000-7fcb3c774000 r-xp 00000000 08:16 1056333                    /usr/lib/x86_64-linux-gnu/libibus-1.0.so.0.401.0
7fcb3c774000-7fcb3c973000 ---p 00044000 08:16 1056333                    /usr/lib/x86_64-linux-gnu/libibus-1.0.so.0.401.0
7fcb3c973000-7fcb3c975000 r--p 00043000 08:16 1056333                    /usr/lib/x86_64-linux-gnu/libibus-1.0.so.0.401.0
7fcb3c975000-7fcb3c976000 rw-p 00045000 08:16 1056333                    /usr/lib/x86_64-linux-gnu/libibus-1.0.so.0.401.0
7fcb3c976000-7fcb3c977000 rw-p 00000000 00:00 0 
7fcb3c979000-7fcb3c97c000 ---p 00000000 00:00 0 
7fcb3c97c000-7fcb3c993000 rw-p 00000000 00:00 0 
7fcb3c993000-7fcb3c999000 r-xp 00000000 08:16 1314695                    /usr/lib/x86_64-linux-gnu/gtk-2.0/2.10.0/immodules/im-ibus.so
7fcb3c999000-7fcb3cb98000 ---p 00006000 08:16 1314695                    /usr/lib/x86_64-linux-gnu/gtk-2.0/2.10.0/immodules/im-ibus.so
7fcb3cb98000-7fcb3cb99000 r--p 00005000 08:16 1314695                    /usr/lib/x86_64-linux-gnu/gtk-2.0/2.10.0/immodules/im-ibus.so
7fcb3cb99000-7fcb3cb9a000 rw-p 00006000 08:16 1314695                    /usr/lib/x86_64-linux-gnu/gtk-2.0/2.10.0/immodules/im-ibus.so
7fcb3cb9a000-7fcb3cbb7000 r--p 00000000 08:16 1835500                    /usr/share/fonts/truetype/droid/DroidSansMono.ttf
7fcb3cbb7000-7fcb3cc0e000 r--p 00000000 08:16 1837996                    /usr/share/fonts/truetype/ubuntu-font-family/Ubuntu-R.ttf
7fcb3cc0e000-7fcb3cc10000 r-xp 00000000 08:16 1313859                    /usr/lib/x86_64-linux-gnu/pango/1.6.0/modules/pango-basic-fc.so
7fcb3cc10000-7fcb3ce0f000 ---p 00002000 08:16 1313859                    /usr/lib/x86_64-linux-gnu/pango/1.6.0/modules/pango-basic-fc.so
7fcb3ce0f000-7fcb3ce10000 r--p 00001000 08:16 1313859                    /usr/lib/x86_64-linux-gnu/pango/1.6.0/modules/pango-basic-fc.so
7fcb3ce10000-7fcb3ce11000 rw-p 00002000 08:16 1313859                    /usr/lib/x86_64-linux-gnu/pango/1.6.0/modules/pango-basic-fc.so
7fcb3ce11000-7fcb3ce2d000 r--s 00000000 08:16 1838102                    /usr/share/fonts/type1/gsfonts/p052024l.pfb
7fcb3ce2d000-7fcb3ce3d000 r--s 00000000 08:16 1838009                    /usr/share/fonts/type1/gsfonts/a010015l.pfb
7fcb3ce3d000-7fcb3ce55000 r--s 00000000 08:16 1838039                    /usr/share/fonts/type1/gsfonts/c059036l.pfb
7fcb3ce55000-7fcb3ce66000 r--s 00000000 08:16 1838063                    /usr/share/fonts/type1/gsfonts/n019063l.pfb
7fcb3ce66000-7fcb3ce81000 r--s 00000000 08:16 1838099                    /usr/share/fonts/type1/gsfonts/p052023l.pfb
7fcb3ce81000-7fcb3ce94000 r--s 00000000 08:16 1838066                    /usr/share/fonts/type1/gsfonts/n019064l.pfb
7fcb3ce94000-7fcb3cea0000 r--s 00000000 08:16 1838042                    /usr/share/fonts/type1/gsfonts/d050000l.pfb
7fcb3cea0000-7fcb3cebb000 r--s 00000000 08:16 1838096                    /usr/share/fonts/type1/gsfonts/p052004l.pfb
7fcb3cebb000-7fcb3cecb000 r--s 00000000 08:16 1838012                    /usr/share/fonts/type1/gsfonts/a010033l.pfb
7fcb3cecb000-7fcb3cee4000 r--s 00000000 08:16 1838018                    /usr/share/fonts/type1/gsfonts/b018012l.pfb
7fcb3cee4000-7fcb3cef6000 r--s 00000000 08:16 1838027                    /usr/share/fonts/type1/gsfonts/b018035l.pfb
7fcb3cef6000-7fcb3cf0e000 r--s 00000000 08:16 1838036                    /usr/share/fonts/type1/gsfonts/c059033l.pfb
7fcb3cf0e000-7fcb3cf29000 r--s 00000000 08:16 1838033                    /usr/share/fonts/type1/gsfonts/c059016l.pfb
7fcb3cf29000-7fcb3cf3b000 r--s 00000000 08:16 1838060                    /usr/share/fonts/type1/gsfonts/n019044l.pfb
7fcb3cf3b000-7fcb3cf56000 r--s 00000000 08:16 1838093                    /usr/share/fonts/type1/gsfonts/p052003l.pfb
7fcb3cf56000-7fcb3cf66000 r--s 00000000 08:16 1838006                    /usr/share/fonts/type1/gsfonts/a010013l.pfb
7fcb3cf66000-7fcb3cf7d000 r--s 00000000 08:16 1838108                    /usr/share/fonts/type1/gsfonts/z003034l.pfb
7fcb3cf7d000-7fcb3cf86000 r--s 00000000 08:16 1838105                    /usr/share/fonts/type1/gsfonts/s050000l.pfb
7fcb3cf86000-7fcb3cf9b000 r--s 00000000 08:16 1838024                    /usr/share/fonts/type1/gsfonts/b018032l.pfb
7fcb3cf9b000-7fcb3cfb5000 r--s 00000000 08:16 1838030                    /usr/share/fonts/type1/gsfonts/c059013l.pfb
7fcb3cfb5000-7fcb3cfc7000 r--s 00000000 08:16 1838057                    /usr/share/fonts/type1/gsfonts/n019043l.pfb
7fcb3cfc7000-7fcb3cfda000 r--s 00000000 08:16 1838021                    /usr/share/fonts/type1/gsfonts/b018015l.pfb
7fcb3cfda000-7fcb3cfea000 r-xp 00000000 08:16 3544571                    /usr/lib/jvm/java-7-openjdk-amd64/jre/lib/amd64/libnio.so
7fcb3cfea000-7fcb3d1e9000 ---p 00010000 08:16 3544571                    /usr/lib/jvm/java-7-openjdk-amd64/jre/lib/amd64/libnio.so
7fcb3d1e9000-7fcb3d1ea000 r--p 0000f000 08:16 3544571                    /usr/lib/jvm/java-7-openjdk-amd64/jre/lib/amd64/libnio.so
7fcb3d1ea000-7fcb3d1eb000 rw-p 00010000 08:16 3544571                    /usr/lib/jvm/java-7-openjdk-amd64/jre/lib/amd64/libnio.so
7fcb3d1eb000-7fcb3d201000 r-xp 00000000 08:16 3544572                    /usr/lib/jvm/java-7-openjdk-amd64/jre/lib/amd64/libnet.so
7fcb3d201000-7fcb3d401000 ---p 00016000 08:16 3544572                    /usr/lib/jvm/java-7-openjdk-amd64/jre/lib/amd64/libnet.so
7fcb3d401000-7fcb3d402000 r--p 00016000 08:16 3544572                    /usr/lib/jvm/java-7-openjdk-amd64/jre/lib/amd64/libnet.so
7fcb3d402000-7fcb3d403000 rw-p 00017000 08:16 3544572                    /usr/lib/jvm/java-7-openjdk-amd64/jre/lib/amd64/libnet.so
7fcb3d403000-7fcb3d43e000 r-xp 00000000 08:16 3544568                    /usr/lib/jvm/java-7-openjdk-amd64/jre/lib/amd64/libfontmanager.so
7fcb3d43e000-7fcb3d63d000 ---p 0003b000 08:16 3544568                    /usr/lib/jvm/java-7-openjdk-amd64/jre/lib/amd64/libfontmanager.so
7fcb3d63d000-7fcb3d63f000 r--p 0003a000 08:16 3544568                    /usr/lib/jvm/java-7-openjdk-amd64/jre/lib/amd64/libfontmanager.so
7fcb3d63f000-7fcb3d640000 rw-p 0003c000 08:16 3544568                    /usr/lib/jvm/java-7-openjdk-amd64/jre/lib/amd64/libfontmanager.so
7fcb3d640000-7fcb3d641000 ---p 00000000 00:00 0 
7fcb3d641000-7fcb3de41000 rw-p 00000000 00:00 0 
7fcb3de41000-7fcb3de47000 r-xp 00000000 08:16 1056418                    /usr/lib/x86_64-linux-gnu/libogg.so.0.7.1
7fcb3de47000-7fcb3e046000 ---p 00006000 08:16 1056418                    /usr/lib/x86_64-linux-gnu/libogg.so.0.7.1
7fcb3e046000-7fcb3e047000 r--p 00005000 08:16 1056418                    /usr/lib/x86_64-linux-gnu/libogg.so.0.7.1
7fcb3e047000-7fcb3e048000 rw-p 00006000 08:16 1056418                    /usr/lib/x86_64-linux-gnu/libogg.so.0.7.1
7fcb3e048000-7fcb3e073000 r-xp 00000000 08:16 1056576                    /usr/lib/x86_64-linux-gnu/libvorbis.so.0.4.5
7fcb3e073000-7fcb3e272000 ---p 0002b000 08:16 1056576                    /usr/lib/x86_64-linux-gnu/libvorbis.so.0.4.5
7fcb3e272000-7fcb3e273000 r--p 0002a000 08:16 1056576                    /usr/lib/x86_64-linux-gnu/libvorbis.so.0.4.5
7fcb3e273000-7fcb3e274000 rw-p 0002b000 08:16 1056576                    /usr/lib/x86_64-linux-gnu/libvorbis.so.0.4.5
7fcb3e274000-7fcb3e27c000 r-xp 00000000 08:16 1056375                    /usr/lib/x86_64-linux-gnu/libltdl.so.7.3.0
7fcb3e27c000-7fcb3e47c000 ---p 00008000 08:16 1056375                    /usr/lib/x86_64-linux-gnu/libltdl.so.7.3.0
7fcb3e47c000-7fcb3e47d000 r--p 00008000 08:16 1056375                    /usr/lib/x86_64-linux-gnu/libltdl.so.7.3.0
7fcb3e47d000-7fcb3e47e000 rw-p 00009000 08:16 1056375                    /usr/lib/x86_64-linux-gnu/libltdl.so.7.3.0
7fcb3e47e000-7fcb3e48e000 r-xp 00000000 08:16 1056543                    /usr/lib/x86_64-linux-gnu/libtdb.so.1.2.9
7fcb3e48e000-7fcb3e68d000 ---p 00010000 08:16 1056543                    /usr/lib/x86_64-linux-gnu/libtdb.so.1.2.9
7fcb3e68d000-7fcb3e68e000 r--p 0000f000 08:16 1056543                    /usr/lib/x86_64-linux-gnu/libtdb.so.1.2.9
7fcb3e68e000-7fcb3e68f000 rw-p 00010000 08:16 1056543                    /usr/lib/x86_64-linux-gnu/libtdb.so.1.2.9
7fcb3e68f000-7fcb3e696000 r-xp 00000000 08:16 1056580                    /usr/lib/x86_64-linux-gnu/libvorbisfile.so.3.3.4
7fcb3e696000-7fcb3e895000 ---p 00007000 08:16 1056580                    /usr/lib/x86_64-linux-gnu/libvorbisfile.so.3.3.4
7fcb3e895000-7fcb3e896000 r--p 00006000 08:16 1056580                    /usr/lib/x86_64-linux-gnu/libvorbisfile.so.3.3.4
7fcb3e896000-7fcb3e897000 rw-p 00007000 08:16 1056580                    /usr/lib/x86_64-linux-gnu/libvorbisfile.so.3.3.4
7fcb3e897000-7fcb3e8a6000 r-xp 00000000 08:16 1056113                    /usr/lib/x86_64-linux-gnu/libcanberra.so.0.2.5
7fcb3e8a6000-7fcb3eaa5000 ---p 0000f000 08:16 1056113                    /usr/lib/x86_64-linux-gnu/libcanberra.so.0.2.5
7fcb3eaa5000-7fcb3eaa6000 r--p 0000e000 08:16 1056113                    /usr/lib/x86_64-linux-gnu/libcanberra.so.0.2.5
7fcb3eaa6000-7fcb3eaa7000 rw-p 0000f000 08:16 1056113                    /usr/lib/x86_64-linux-gnu/libcanberra.so.0.2.5
7fcb3eaa7000-7fcb3eaab000 r-xp 00000000 08:16 1056109                    /usr/lib/x86_64-linux-gnu/libcanberra-gtk.so.0.1.8
7fcb3eaab000-7fcb3ecaa000 ---p 00004000 08:16 1056109                    /usr/lib/x86_64-linux-gnu/libcanberra-gtk.so.0.1.8
7fcb3ecaa000-7fcb3ecab000 r--p 00003000 08:16 1056109                    /usr/lib/x86_64-linux-gnu/libcanberra-gtk.so.0.1.8
7fcb3ecab000-7fcb3ecac000 rw-p 00004000 08:16 1056109                    /usr/lib/x86_64-linux-gnu/libcanberra-gtk.so.0.1.8
7fcb3ecac000-7fcb3ecb1000 r-xp 00000000 08:16 1314709                    /usr/lib/x86_64-linux-gnu/gtk-2.0/modules/libcanberra-gtk-module.so
7fcb3ecb1000-7fcb3eeb0000 ---p 00005000 08:16 1314709                    /usr/lib/x86_64-linux-gnu/gtk-2.0/modules/libcanberra-gtk-module.so
7fcb3eeb0000-7fcb3eeb1000 r--p 00004000 08:16 1314709                    /usr/lib/x86_64-linux-gnu/gtk-2.0/modules/libcanberra-gtk-module.so
7fcb3eeb1000-7fcb3eeb2000 rw-p 00005000 08:16 1314709                    /usr/lib/x86_64-linux-gnu/gtk-2.0/modules/libcanberra-gtk-module.so
7fcb3eeb2000-7fcb3eee1000 r-xp 00000000 08:16 1314688                    /usr/lib/x86_64-linux-gnu/gtk-2.0/2.10.0/engines/libmurrine.so
7fcb3eee1000-7fcb3f0e1000 ---p 0002f000 08:16 1314688                    /usr/lib/x86_64-linux-gnu/gtk-2.0/2.10.0/engines/libmurrine.so
7fcb3f0e1000-7fcb3f0e2000 r--p 0002f000 08:16 1314688                    /usr/lib/x86_64-linux-gnu/gtk-2.0/2.10.0/engines/libmurrine.so
7fcb3f0e2000-7fcb3f0e3000 rw-p 00030000 08:16 1314688                    /usr/lib/x86_64-linux-gnu/gtk-2.0/2.10.0/engines/libmurrine.so
7fcb3f0e3000-7fcb3f0e4000 ---p 00000000 00:00 0 
7fcb3f0e4000-7fcb3f8e4000 rw-p 00000000 00:00 0 
7fcb3f8e4000-7fcb3f8eb000 r-xp 00000000 08:16 1314551                    /usr/lib/x86_64-linux-gnu/gio/modules/libdconfsettings.so
7fcb3f8eb000-7fcb3faea000 ---p 00007000 08:16 1314551                    /usr/lib/x86_64-linux-gnu/gio/modules/libdconfsettings.so
7fcb3faea000-7fcb3faeb000 r--p 00006000 08:16 1314551                    /usr/lib/x86_64-linux-gnu/gio/modules/libdconfsettings.so
7fcb3faeb000-7fcb3faec000 rw-p 00007000 08:16 1314551                    /usr/lib/x86_64-linux-gnu/gio/modules/libdconfsettings.so
7fcb3faec000-7fcb3fafc000 r-xp 00000000 08:16 1051646                    /usr/lib/liboverlay-scrollbar-0.2.so.0.0.16
7fcb3fafc000-7fcb3fcfb000 ---p 00010000 08:16 1051646                    /usr/lib/liboverlay-scrollbar-0.2.so.0.0.16
7fcb3fcfb000-7fcb3fcfc000 r--p 0000f000 08:16 1051646                    /usr/lib/liboverlay-scrollbar-0.2.so.0.0.16
7fcb3fcfc000-7fcb3fcfd000 rw-p 00010000 08:16 1051646                    /usr/lib/liboverlay-scrollbar-0.2.so.0.0.16
7fcb3fcfd000-7fcb3fd00000 ---p 00000000 00:00 0 
7fcb3fd00000-7fcb3fdfe000 rw-p 00000000 00:00 0 
7fcb3fdfe000-7fcb3fe01000 ---p 00000000 00:00 0 
7fcb3fe01000-7fcb3feff000 rw-p 00000000 00:00 0 
7fcb3feff000-7fcb3ff02000 ---p 00000000 00:00 0 
7fcb3ff02000-7fcb40000000 rw-p 00000000 00:00 0 
7fcb40000000-7fcb40028000 rw-p 00000000 00:00 0 
7fcb40028000-7fcb44000000 ---p 00000000 00:00 0 
7fcb44003000-7fcb44014000 r--s 00000000 08:16 1838015                    /usr/share/fonts/type1/gsfonts/a010035l.pfb
7fcb44014000-7fcb4401b000 r--s 00000000 08:16 1314519                    /usr/lib/x86_64-linux-gnu/gconv/gconv-modules.cache
7fcb4401b000-7fcb4401c000 rw-s 22c4a000 00:05 9165                       /dev/ati/card0
7fcb4401c000-7fcb4401e000 rw-s 2314e000 00:05 9165                       /dev/ati/card0
7fcb4401e000-7fcb44028000 r--s 00000000 08:16 1837283                    /usr/share/fonts/X11/Type1/c0611bt_.pfb
7fcb44028000-7fcb44031000 r--s 00000000 08:16 1837285                    /usr/share/fonts/X11/Type1/c0632bt_.pfb
7fcb44031000-7fcb4403b000 r--s 00000000 08:16 1837277                    /usr/share/fonts/X11/Type1/c0419bt_.pfb
7fcb4403b000-7fcb44045000 r--s 00000000 08:16 1837279                    /usr/share/fonts/X11/Type1/c0582bt_.pfb
7fcb44045000-7fcb4404e000 r--s 00000000 08:16 1837289                    /usr/share/fonts/X11/Type1/c0648bt_.pfb
7fcb4404e000-7fcb44057000 r--s 00000000 08:16 1837287                    /usr/share/fonts/X11/Type1/c0633bt_.pfb
7fcb44057000-7fcb44060000 r--s 00000000 08:16 1837291                    /usr/share/fonts/X11/Type1/c0649bt_.pfb
7fcb44060000-7fcb4406a000 r--s 00000000 08:16 1837281                    /usr/share/fonts/X11/Type1/c0583bt_.pfb
7fcb4406a000-7fcb4406b000 r--s 00000000 08:16 1843619                    /var/cache/fontconfig/c05880de57d1f5e948fdfacc138775d9-le64.cache-3
7fcb4406b000-7fcb44074000 r--s 00000000 08:16 1843614                    /var/cache/fontconfig/945677eb7aeaf62f1d50efc3fb3ec7d8-le64.cache-3
7fcb44074000-7fcb44076000 r--s 00000000 08:16 1843615                    /var/cache/fontconfig/99e8ed0e538f840c565b6ed5dad60d56-le64.cache-3
7fcb44076000-7fcb4407e000 r--s 00000000 08:16 1846703                    /var/cache/fontconfig/a6d8cf8e4ec09cdbc8633c31745a07dd-le64.cache-3
7fcb4407e000-7fcb44082000 r--s 00000000 08:16 1843601                    /var/cache/fontconfig/2cd17615ca594fa2959ae173292e504c-le64.cache-3
7fcb44082000-7fcb44083000 r--s 00000000 08:16 1843626                    /var/cache/fontconfig/e7071f4a29fa870f4323321c154eba04-le64.cache-3
7fcb44083000-7fcb44084000 r--s 00000000 08:16 1843599                    /var/cache/fontconfig/0d8c3b2ac0904cb8a57a757ad11a4a08-le64.cache-3
7fcb44084000-7fcb4408a000 r--s 00000000 08:16 1843616                    /var/cache/fontconfig/a755afe4a08bf5b97852ceb7400b47bc-le64.cache-3
7fcb4408a000-7fcb4408b000 r--s 00000000 08:16 1846509                    /var/cache/fontconfig/5a76b20910bc01daa5b6abd117531ab8-le64.cache-3
7fcb4408b000-7fcb44094000 r--s 00000000 08:16 1847215                    /var/cache/fontconfig/6d41288fd70b0be22e8c3a91e032eec0-le64.cache-3
7fcb44094000-7fcb440a4000 r--s 00000000 08:16 1843598                    /var/cache/fontconfig/04aabc0a78ac019cf9454389977116d2-le64.cache-3
7fcb440a4000-7fcb440a7000 r--s 00000000 08:16 1843604                    /var/cache/fontconfig/385c0604a188198f04d133e54aba7fe7-le64.cache-3
7fcb440a7000-7fcb440a8000 r--s 00000000 08:16 1841789                    /var/cache/fontconfig/4794a0821666d79190d59a36cb4f44b5-le64.cache-3
7fcb440a8000-7fcb440d6000 r--s 00000000 08:16 1846701                    /var/cache/fontconfig/365b55f210c0a22e9a19e35191240f32-le64.cache-3
7fcb440d6000-7fcb440e6000 r--s 00000000 08:16 1843622                    /var/cache/fontconfig/d52a8644073d54c13679302ca1180695-le64.cache-3
7fcb440e6000-7fcb440e9000 ---p 00000000 00:00 0 
7fcb440e9000-7fcb441e7000 rw-p 00000000 00:00 0 
7fcb441e7000-7fcb441ea000 ---p 00000000 00:00 0 
7fcb441ea000-7fcb442e8000 rw-p 00000000 00:00 0 
7fcb442e8000-7fcb442eb000 r-xp 00000000 08:16 5246606                    /lib/x86_64-linux-gnu/libgpg-error.so.0.8.0
7fcb442eb000-7fcb444ea000 ---p 00003000 08:16 5246606                    /lib/x86_64-linux-gnu/libgpg-error.so.0.8.0
7fcb444ea000-7fcb444eb000 r--p 00002000 08:16 5246606                    /lib/x86_64-linux-gnu/libgpg-error.so.0.8.0
7fcb444eb000-7fcb444ec000 rw-p 00003000 08:16 5246606                    /lib/x86_64-linux-gnu/libgpg-error.so.0.8.0
7fcb444ec000-7fcb444ef000 r-xp 00000000 08:16 5246610                    /lib/x86_64-linux-gnu/libkeyutils.so.1.4
7fcb444ef000-7fcb446ee000 ---p 00003000 08:16 5246610                    /lib/x86_64-linux-gnu/libkeyutils.so.1.4
7fcb446ee000-7fcb446ef000 r--p 00002000 08:16 5246610                    /lib/x86_64-linux-gnu/libkeyutils.so.1.4
7fcb446ef000-7fcb446f0000 rw-p 00003000 08:16 5246610                    /lib/x86_64-linux-gnu/libkeyutils.so.1.4
7fcb446f0000-7fcb44732000 r-xp 00000000 08:16 5246591                    /lib/x86_64-linux-gnu/libdbus-1.so.3.5.8
7fcb44732000-7fcb44932000 ---p 00042000 08:16 5246591                    /lib/x86_64-linux-gnu/libdbus-1.so.3.5.8
7fcb44932000-7fcb44933000 r--p 00042000 08:16 5246591                    /lib/x86_64-linux-gnu/libdbus-1.so.3.5.8
7fcb44933000-7fcb44934000 rw-p 00043000 08:16 5246591                    /lib/x86_64-linux-gnu/libdbus-1.so.3.5.8
7fcb44934000-7fcb44945000 r-xp 00000000 08:16 1056424                    /usr/lib/x86_64-linux-gnu/libp11-kit.so.0.0.0
7fcb44945000-7fcb44b44000 ---p 00011000 08:16 1056424                    /usr/lib/x86_64-linux-gnu/libp11-kit.so.0.0.0
7fcb44b44000-7fcb44b45000 r--p 00010000 08:16 1056424                    /usr/lib/x86_64-linux-gnu/libp11-kit.so.0.0.0
7fcb44b45000-7fcb44b46000 rw-p 00011000 08:16 1056424                    /usr/lib/x86_64-linux-gnu/libp11-kit.so.0.0.0
7fcb44b46000-7fcb44bc0000 r-xp 00000000 08:16 5246882                    /lib/x86_64-linux-gnu/libgcrypt.so.11.7.0
7fcb44bc0000-7fcb44dc0000 ---p 0007a000 08:16 5246882                    /lib/x86_64-linux-gnu/libgcrypt.so.11.7.0
7fcb44dc0000-7fcb44dc1000 r--p 0007a000 08:16 5246882                    /lib/x86_64-linux-gnu/libgcrypt.so.11.7.0
7fcb44dc1000-7fcb44dc4000 rw-p 0007b000 08:16 5246882                    /lib/x86_64-linux-gnu/libgcrypt.so.11.7.0
7fcb44dc4000-7fcb44dd4000 r-xp 00000000 08:16 1061093                    /usr/lib/x86_64-linux-gnu/libtasn1.so.3.1.12
7fcb44dd4000-7fcb44fd3000 ---p 00010000 08:16 1061093                    /usr/lib/x86_64-linux-gnu/libtasn1.so.3.1.12
7fcb44fd3000-7fcb44fd4000 r--p 0000f000 08:16 1061093                    /usr/lib/x86_64-linux-gnu/libtasn1.so.3.1.12
7fcb44fd4000-7fcb44fd5000 rw-p 00010000 08:16 1061093                    /usr/lib/x86_64-linux-gnu/libtasn1.so.3.1.12
7fcb44fd5000-7fcb44fdc000 r-xp 00000000 08:16 1052728                    /usr/lib/x86_64-linux-gnu/libkrb5support.so.0.1
7fcb44fdc000-7fcb451db000 ---p 00007000 08:16 1052728                    /usr/lib/x86_64-linux-gnu/libkrb5support.so.0.1
7fcb451db000-7fcb451dc000 r--p 00006000 08:16 1052728                    /usr/lib/x86_64-linux-gnu/libkrb5support.so.0.1
7fcb451dc000-7fcb451dd000 rw-p 00007000 08:16 1052728                    /usr/lib/x86_64-linux-gnu/libkrb5support.so.0.1
7fcb451dd000-7fcb451e0000 r-xp 00000000 08:16 5246586                    /lib/x86_64-linux-gnu/libcom_err.so.2.1
7fcb451e0000-7fcb453df000 ---p 00003000 08:16 5246586                    /lib/x86_64-linux-gnu/libcom_err.so.2.1
7fcb453df000-7fcb453e0000 r--p 00002000 08:16 5246586                    /lib/x86_64-linux-gnu/libcom_err.so.2.1
7fcb453e0000-7fcb453e1000 rw-p 00003000 08:16 5246586                    /lib/x86_64-linux-gnu/libcom_err.so.2.1
7fcb453e1000-7fcb45406000 r-xp 00000000 08:16 1052714                    /usr/lib/x86_64-linux-gnu/libk5crypto.so.3.1
7fcb45406000-7fcb45606000 ---p 00025000 08:16 1052714                    /usr/lib/x86_64-linux-gnu/libk5crypto.so.3.1
7fcb45606000-7fcb45607000 r--p 00025000 08:16 1052714                    /usr/lib/x86_64-linux-gnu/libk5crypto.so.3.1
7fcb45607000-7fcb45608000 rw-p 00026000 08:16 1052714                    /usr/lib/x86_64-linux-gnu/libk5crypto.so.3.1
7fcb45608000-7fcb45609000 rw-p 00000000 00:00 0 
7fcb45609000-7fcb456cd000 r-xp 00000000 08:16 1052724                    /usr/lib/x86_64-linux-gnu/libkrb5.so.3.3
7fcb456cd000-7fcb458cc000 ---p 000c4000 08:16 1052724                    /usr/lib/x86_64-linux-gnu/libkrb5.so.3.3
7fcb458cc000-7fcb458d6000 r--p 000c3000 08:16 1052724                    /usr/lib/x86_64-linux-gnu/libkrb5.so.3.3
7fcb458d6000-7fcb458d7000 rw-p 000cd000 08:16 1052724                    /usr/lib/x86_64-linux-gnu/libkrb5.so.3.3
7fcb458d7000-7fcb458df000 r-xp 00000000 08:16 1056599                    /usr/lib/x86_64-linux-gnu/libxcb-render.so.0.0.0
7fcb458df000-7fcb45adf000 ---p 00008000 08:16 1056599                    /usr/lib/x86_64-linux-gnu/libxcb-render.so.0.0.0
7fcb45adf000-7fcb45ae0000 r--p 00008000 08:16 1056599                    /usr/lib/x86_64-linux-gnu/libxcb-render.so.0.0.0
7fcb45ae0000-7fcb45ae1000 rw-p 00009000 08:16 1056599                    /usr/lib/x86_64-linux-gnu/libxcb-render.so.0.0.0
7fcb45ae1000-7fcb45ae3000 r-xp 00000000 08:16 1056603                    /usr/lib/x86_64-linux-gnu/libxcb-shm.so.0.0.0
7fcb45ae3000-7fcb45ce2000 ---p 00002000 08:16 1056603                    /usr/lib/x86_64-linux-gnu/libxcb-shm.so.0.0.0
7fcb45ce2000-7fcb45ce3000 r--p 00001000 08:16 1056603                    /usr/lib/x86_64-linux-gnu/libxcb-shm.so.0.0.0
7fcb45ce3000-7fcb45ce4000 rw-p 00002000 08:16 1056603                    /usr/lib/x86_64-linux-gnu/libxcb-shm.so.0.0.0
7fcb45ce4000-7fcb45d0a000 r-xp 00000000 08:16 5246656                    /lib/x86_64-linux-gnu/libpng12.so.0.46.0
7fcb45d0a000-7fcb45f0a000 ---p 00026000 08:16 5246656                    /lib/x86_64-linux-gnu/libpng12.so.0.46.0
7fcb45f0a000-7fcb45f0b000 r--p 00026000 08:16 5246656                    /lib/x86_64-linux-gnu/libpng12.so.0.46.0
7fcb45f0b000-7fcb45f0c000 rw-p 00027000 08:16 5246656                    /lib/x86_64-linux-gnu/libpng12.so.0.46.0
7fcb45f0c000-7fcb45f8d000 r-xp 00000000 08:16 1056450                    /usr/lib/x86_64-linux-gnu/libpixman-1.so.0.24.4
7fcb45f8d000-7fcb4618c000 ---p 00081000 08:16 1056450                    /usr/lib/x86_64-linux-gnu/libpixman-1.so.0.24.4
7fcb4618c000-7fcb46192000 r--p 00080000 08:16 1056450                    /usr/lib/x86_64-linux-gnu/libpixman-1.so.0.24.4
7fcb46192000-7fcb46193000 rw-p 00086000 08:16 1056450                    /usr/lib/x86_64-linux-gnu/libpixman-1.so.0.24.4
7fcb46193000-7fcb46198000 r-xp 00000000 08:16 1056019                    /usr/lib/x86_64-linux-gnu/libXdmcp.so.6.0.0
7fcb46198000-7fcb46397000 ---p 00005000 08:16 1056019                    /usr/lib/x86_64-linux-gnu/libXdmcp.so.6.0.0
7fcb46397000-7fcb46398000 r--p 00004000 08:16 1056019                    /usr/lib/x86_64-linux-gnu/libXdmcp.so.6.0.0
7fcb46398000-7fcb46399000 rw-p 00005000 08:16 1056019                    /usr/lib/x86_64-linux-gnu/libXdmcp.so.6.0.0
7fcb46399000-7fcb4639b000 r-xp 00000000 08:16 1056008                    /usr/lib/x86_64-linux-gnu/libXau.so.6.0.0
7fcb4639b000-7fcb4659a000 ---p 00002000 08:16 1056008                    /usr/lib/x86_64-linux-gnu/libXau.so.6.0.0
7fcb4659a000-7fcb4659b000 r--p 00001000 08:16 1056008                    /usr/lib/x86_64-linux-gnu/libXau.so.6.0.0
7fcb4659b000-7fcb4659c000 rw-p 00002000 08:16 1056008                    /usr/lib/x86_64-linux-gnu/libXau.so.6.0.0
7fcb4659c000-7fcb465ac000 r-xp 00000000 08:16 1056075                    /usr/lib/x86_64-linux-gnu/libavahi-client.so.3.2.9
7fcb465ac000-7fcb467ab000 ---p 00010000 08:16 1056075                    /usr/lib/x86_64-linux-gnu/libavahi-client.so.3.2.9
7fcb467ab000-7fcb467ac000 r--p 0000f000 08:16 1056075                    /usr/lib/x86_64-linux-gnu/libavahi-client.so.3.2.9
7fcb467ac000-7fcb467ad000 rw-p 00010000 08:16 1056075                    /usr/lib/x86_64-linux-gnu/libavahi-client.so.3.2.9
7fcb467ad000-7fcb467b8000 r-xp 00000000 08:16 1056077                    /usr/lib/x86_64-linux-gnu/libavahi-common.so.3.5.3
7fcb467b8000-7fcb469b7000 ---p 0000b000 08:16 1056077                    /usr/lib/x86_64-linux-gnu/libavahi-common.so.3.5.3
7fcb469b7000-7fcb469b8000 r--p 0000a000 08:16 1056077                    /usr/lib/x86_64-linux-gnu/libavahi-common.so.3.5.3
7fcb469b8000-7fcb469b9000 rw-p 0000b000 08:16 1056077                    /usr/lib/x86_64-linux-gnu/libavahi-common.so.3.5.3
7fcb469b9000-7fcb46a6d000 r-xp 00000000 08:16 1056248                    /usr/lib/x86_64-linux-gnu/libgnutls.so.26.21.8
7fcb46a6d000-7fcb46c6d000 ---p 000b4000 08:16 1056248                    /usr/lib/x86_64-linux-gnu/libgnutls.so.26.21.8
7fcb46c6d000-7fcb46c73000 r--p 000b4000 08:16 1056248                    /usr/lib/x86_64-linux-gnu/libgnutls.so.26.21.8
7fcb46c73000-7fcb46c74000 rw-p 000ba000 08:16 1056248                    /usr/lib/x86_64-linux-gnu/libgnutls.so.26.21.8
7fcb46c74000-7fcb46c75000 rw-p 00000000 00:00 0 
7fcb46c75000-7fcb46cb0000 r-xp 00000000 08:16 1052718                    /usr/lib/x86_64-linux-gnu/libgssapi_krb5.so.2.2
7fcb46cb0000-7fcb46eb0000 ---p 0003b000 08:16 1052718                    /usr/lib/x86_64-linux-gnu/libgssapi_krb5.so.2.2
7fcb46eb0000-7fcb46eb1000 r--p 0003b000 08:16 1052718                    /usr/lib/x86_64-linux-gnu/libgssapi_krb5.so.2.2
7fcb46eb1000-7fcb46eb3000 rw-p 0003c000 08:16 1052718                    /usr/lib/x86_64-linux-gnu/libgssapi_krb5.so.2.2
7fcb46eb3000-7fcb46eef000 r-xp 00000000 08:16 5246652                    /lib/x86_64-linux-gnu/libpcre.so.3.12.1
7fcb46eef000-7fcb470ee000 ---p 0003c000 08:16 5246652                    /lib/x86_64-linux-gnu/libpcre.so.3.12.1
7fcb470ee000-7fcb470ef000 r--p 0003b000 08:16 5246652                    /lib/x86_64-linux-gnu/libpcre.so.3.12.1
7fcb470ef000-7fcb470f0000 rw-p 0003c000 08:16 5246652                    /lib/x86_64-linux-gnu/libpcre.so.3.12.1
7fcb470f0000-7fcb470f7000 r-xp 00000000 08:16 1056193                    /usr/lib/x86_64-linux-gnu/libffi.so.6.0.0
7fcb470f7000-7fcb472f6000 ---p 00007000 08:16 1056193                    /usr/lib/x86_64-linux-gnu/libffi.so.6.0.0
7fcb472f6000-7fcb472f7000 r--p 00006000 08:16 1056193                    /usr/lib/x86_64-linux-gnu/libffi.so.6.0.0
7fcb472f7000-7fcb472f8000 rw-p 00007000 08:16 1056193                    /usr/lib/x86_64-linux-gnu/libffi.so.6.0.0
7fcb472f8000-7fcb4731f000 r-xp 00000000 08:16 5246597                    /lib/x86_64-linux-gnu/libexpat.so.1.5.2
7fcb4731f000-7fcb4751f000 ---p 00027000 08:16 5246597                    /lib/x86_64-linux-gnu/libexpat.so.1.5.2
7fcb4751f000-7fcb47521000 r--p 00027000 08:16 5246597                    /lib/x86_64-linux-gnu/libexpat.so.1.5.2
7fcb47521000-7fcb47522000 rw-p 00029000 08:16 5246597                    /lib/x86_64-linux-gnu/libexpat.so.1.5.2
7fcb47522000-7fcb475b8000 r-xp 00000000 08:16 1056201                    /usr/lib/x86_64-linux-gnu/libfreetype.so.6.8.0
7fcb475b8000-7fcb477b7000 ---p 00096000 08:16 1056201                    /usr/lib/x86_64-linux-gnu/libfreetype.so.6.8.0
7fcb477b7000-7fcb477bd000 r--p 00095000 08:16 1056201                    /usr/lib/x86_64-linux-gnu/libfreetype.so.6.8.0
7fcb477bd000-7fcb477be000 rw-p 0009b000 08:16 1056201                    /usr/lib/x86_64-linux-gnu/libfreetype.so.6.8.0
7fcb477be000-7fcb477d6000 r-xp 00000000 08:16 5246663                    /lib/x86_64-linux-gnu/libresolv-2.15.so
7fcb477d6000-7fcb479d6000 ---p 00018000 08:16 5246663                    /lib/x86_64-linux-gnu/libresolv-2.15.so
7fcb479d6000-7fcb479d7000 r--p 00018000 08:16 5246663                    /lib/x86_64-linux-gnu/libresolv-2.15.so
7fcb479d7000-7fcb479d8000 rw-p 00019000 08:16 5246663                    /lib/x86_64-linux-gnu/libresolv-2.15.so
7fcb479d8000-7fcb479da000 rw-p 00000000 00:00 0 
7fcb479da000-7fcb479f7000 r-xp 00000000 08:16 5246667                    /lib/x86_64-linux-gnu/libselinux.so.1
7fcb479f7000-7fcb47bf6000 ---p 0001d000 08:16 5246667                    /lib/x86_64-linux-gnu/libselinux.so.1
7fcb47bf6000-7fcb47bf7000 r--p 0001c000 08:16 5246667                    /lib/x86_64-linux-gnu/libselinux.so.1
7fcb47bf7000-7fcb47bf8000 rw-p 0001d000 08:16 5246667                    /lib/x86_64-linux-gnu/libselinux.so.1
7fcb47bf8000-7fcb47bf9000 rw-p 00000000 00:00 0 
7fcb47bf9000-7fcb47bfc000 r-xp 00000000 08:16 1059287                    /usr/lib/x86_64-linux-gnu/libgmodule-2.0.so.0.3200.3
7fcb47bfc000-7fcb47dfb000 ---p 00003000 08:16 1059287                    /usr/lib/x86_64-linux-gnu/libgmodule-2.0.so.0.3200.3
7fcb47dfb000-7fcb47dfc000 r--p 00002000 08:16 1059287                    /usr/lib/x86_64-linux-gnu/libgmodule-2.0.so.0.3200.3
7fcb47dfc000-7fcb47dfd000 rw-p 00003000 08:16 1059287                    /usr/lib/x86_64-linux-gnu/libgmodule-2.0.so.0.3200.3
7fcb47dfd000-7fcb47dff000 r-xp 00000000 08:16 1056017                    /usr/lib/x86_64-linux-gnu/libXdamage.so.1.1.0
7fcb47dff000-7fcb47ffe000 ---p 00002000 08:16 1056017                    /usr/lib/x86_64-linux-gnu/libXdamage.so.1.1.0
7fcb47ffe000-7fcb47fff000 r--p 00001000 08:16 1056017                    /usr/lib/x86_64-linux-gnu/libXdamage.so.1.1.0
7fcb47fff000-7fcb48000000 rw-p 00002000 08:16 1056017                    /usr/lib/x86_64-linux-gnu/libXdamage.so.1.1.0
7fcb48000000-7fcb48021000 rw-p 00000000 00:00 0 
7fcb48021000-7fcb4c000000 ---p 00000000 00:00 0 
7fcb4c000000-7fcb4cf9b000 rw-p 00000000 00:00 0 
7fcb4cf9b000-7fcb50000000 ---p 00000000 00:00 0 
7fcb50000000-7fcb5048e000 rw-p 00000000 00:00 0 
7fcb5048e000-7fcb54000000 ---p 00000000 00:00 0 
7fcb54000000-7fcb543e0000 rw-p 00000000 00:00 0 
7fcb543e0000-7fcb58000000 ---p 00000000 00:00 0 
7fcb58000000-7fcb58021000 rw-p 00000000 00:00 0 
7fcb58021000-7fcb5c000000 ---p 00000000 00:00 0 
7fcb5c000000-7fcb5c0d6000 rw-p 00000000 00:00 0 
7fcb5c0d6000-7fcb60000000 ---p 00000000 00:00 0 
7fcb60000000-7fcb60021000 rw-p 00000000 00:00 0 
7fcb60021000-7fcb64000000 ---p 00000000 00:00 0 
7fcb64000000-7fcb64021000 rw-p 00000000 00:00 0 
7fcb64021000-7fcb68000000 ---p 00000000 00:00 0 
7fcb68000000-7fcb68021000 rw-p 00000000 00:00 0 
7fcb68021000-7fcb6c000000 ---p 00000000 00:00 0 
7fcb6c000000-7fcb6c003000 r--s 00000000 08:16 1843613                    /var/cache/fontconfig/8801497958630a81b71ace7c5f9b32a8-le64.cache-3
7fcb6c003000-7fcb6c006000 r--s 00000000 08:16 1842402                    /var/cache/fontconfig/e13b20fdb08344e0e664864cc2ede53d-le64.cache-3
7fcb6c006000-7fcb6c00a000 r--s 00000000 08:16 1846742                    /var/cache/fontconfig/7ef2298fde41cc6eeb7af42e48b7d293-le64.cache-3
7fcb6c00a000-7fcb6c020000 r--s 00000000 08:16 1838090                    /usr/share/fonts/type1/gsfonts/n022024l.pfb
7fcb6c020000-7fcb6c038000 r--s 00000000 08:16 1838081                    /usr/share/fonts/type1/gsfonts/n022003l.pfb
7fcb6c038000-7fcb6c049000 r--s 00000000 08:16 1838054                    /usr/share/fonts/type1/gsfonts/n019024l.pfb
7fcb6c049000-7fcb6c062000 r--s 00000000 08:16 1838072                    /usr/share/fonts/type1/gsfonts/n021004l.pfb
7fcb6c062000-7fcb6c07b000 r--s 00000000 08:16 1838084                    /usr/share/fonts/type1/gsfonts/n022004l.pfb
7fcb6c07b000-7fcb6c07d000 r-xp 00000000 08:16 1056013                    /usr/lib/x86_64-linux-gnu/libXcomposite.so.1.0.0
7fcb6c07d000-7fcb6c27c000 ---p 00002000 08:16 1056013                    /usr/lib/x86_64-linux-gnu/libXcomposite.so.1.0.0
7fcb6c27c000-7fcb6c27d000 r--p 00001000 08:16 1056013                    /usr/lib/x86_64-linux-gnu/libXcomposite.so.1.0.0
7fcb6c27d000-7fcb6c27e000 rw-p 00002000 08:16 1056013                    /usr/lib/x86_64-linux-gnu/libXcomposite.so.1.0.0
7fcb6c27e000-7fcb6c287000 r-xp 00000000 08:16 1056015                    /usr/lib/x86_64-linux-gnu/libXcursor.so.1.0.2
7fcb6c287000-7fcb6c486000 ---p 00009000 08:16 1056015                    /usr/lib/x86_64-linux-gnu/libXcursor.so.1.0.2
7fcb6c486000-7fcb6c487000 r--p 00008000 08:16 1056015                    /usr/lib/x86_64-linux-gnu/libXcursor.so.1.0.2
7fcb6c487000-7fcb6c488000 rw-p 00009000 08:16 1056015                    /usr/lib/x86_64-linux-gnu/libXcursor.so.1.0.2
7fcb6c488000-7fcb6c490000 r-xp 00000000 08:16 1056039                    /usr/lib/x86_64-linux-gnu/libXrandr.so.2.2.0
7fcb6c490000-7fcb6c68f000 ---p 00008000 08:16 1056039                    /usr/lib/x86_64-linux-gnu/libXrandr.so.2.2.0
7fcb6c68f000-7fcb6c690000 r--p 00007000 08:16 1056039                    /usr/lib/x86_64-linux-gnu/libXrandr.so.2.2.0
7fcb6c690000-7fcb6c691000 rw-p 00008000 08:16 1056039                    /usr/lib/x86_64-linux-gnu/libXrandr.so.2.2.0
7fcb6c691000-7fcb6c693000 r-xp 00000000 08:16 1056029                    /usr/lib/x86_64-linux-gnu/libXinerama.so.1.0.0
7fcb6c693000-7fcb6c892000 ---p 00002000 08:16 1056029                    /usr/lib/x86_64-linux-gnu/libXinerama.so.1.0.0
7fcb6c892000-7fcb6c893000 r--p 00001000 08:16 1056029                    /usr/lib/x86_64-linux-gnu/libXinerama.so.1.0.0
7fcb6c893000-7fcb6c894000 rw-p 00002000 08:16 1056029                    /usr/lib/x86_64-linux-gnu/libXinerama.so.1.0.0
7fcb6c894000-7fcb6c8bd000 r-xp 00000000 08:16 1056253                    /usr/lib/x86_64-linux-gnu/libpangoft2-1.0.so.0.3000.0
7fcb6c8bd000-7fcb6cabc000 ---p 00029000 08:16 1056253                    /usr/lib/x86_64-linux-gnu/libpangoft2-1.0.so.0.3000.0
7fcb6cabc000-7fcb6cabd000 r--p 00028000 08:16 1056253                    /usr/lib/x86_64-linux-gnu/libpangoft2-1.0.so.0.3000.0
7fcb6cabd000-7fcb6cabe000 rw-p 00029000 08:16 1056253                    /usr/lib/x86_64-linux-gnu/libpangoft2-1.0.so.0.3000.0
7fcb6cabe000-7fcb6cb77000 r-xp 00000000 08:16 1055379                    /usr/lib/x86_64-linux-gnu/libcairo.so.2.11000.2
7fcb6cb77000-7fcb6cd76000 ---p 000b9000 08:16 1055379                    /usr/lib/x86_64-linux-gnu/libcairo.so.2.11000.2
7fcb6cd76000-7fcb6cd78000 r--p 000b8000 08:16 1055379                    /usr/lib/x86_64-linux-gnu/libcairo.so.2.11000.2
7fcb6cd78000-7fcb6cd79000 rw-p 000ba000 08:16 1055379                    /usr/lib/x86_64-linux-gnu/libcairo.so.2.11000.2
7fcb6cd79000-7fcb6cd7c000 rw-p 00000000 00:00 0 
7fcb6cd7c000-7fcb6cd9b000 r-xp 00000000 08:16 1056067                    /usr/lib/x86_64-linux-gnu/libatk-1.0.so.0.20409.1
7fcb6cd9b000-7fcb6cf9b000 ---p 0001f000 08:16 1056067                    /usr/lib/x86_64-linux-gnu/libatk-1.0.so.0.20409.1
7fcb6cf9b000-7fcb6cf9d000 r--p 0001f000 08:16 1056067                    /usr/lib/x86_64-linux-gnu/libatk-1.0.so.0.20409.1
7fcb6cf9d000-7fcb6cf9e000 rw-p 00021000 08:16 1056067                    /usr/lib/x86_64-linux-gnu/libatk-1.0.so.0.20409.1
7fcb6cf9e000-7fcb6cfa3000 r-xp 00000000 08:16 1056023                    /usr/lib/x86_64-linux-gnu/libXfixes.so.3.1.0
7fcb6cfa3000-7fcb6d1a2000 ---p 00005000 08:16 1056023                    /usr/lib/x86_64-linux-gnu/libXfixes.so.3.1.0
7fcb6d1a2000-7fcb6d1a3000 r--p 00004000 08:16 1056023                    /usr/lib/x86_64-linux-gnu/libXfixes.so.3.1.0
7fcb6d1a3000-7fcb6d1a4000 rw-p 00005000 08:16 1056023                    /usr/lib/x86_64-linux-gnu/libXfixes.so.3.1.0
7fcb6d1a4000-7fcb6d1af000 r-xp 00000000 08:16 1056239                    /usr/lib/x86_64-linux-gnu/libpangocairo-1.0.so.0.3000.0
7fcb6d1af000-7fcb6d3ae000 ---p 0000b000 08:16 1056239                    /usr/lib/x86_64-linux-gnu/libpangocairo-1.0.so.0.3000.0
7fcb6d3ae000-7fcb6d3af000 r--p 0000a000 08:16 1056239                    /usr/lib/x86_64-linux-gnu/libpangocairo-1.0.so.0.3000.0
7fcb6d3af000-7fcb6d3b0000 rw-p 0000b000 08:16 1056239                    /usr/lib/x86_64-linux-gnu/libpangocairo-1.0.so.0.3000.0
7fcb6d3b0000-7fcb6d3cd000 r-xp 00000000 08:16 1056607                    /usr/lib/x86_64-linux-gnu/libxcb.so.1.1.0
7fcb6d3cd000-7fcb6d5cc000 ---p 0001d000 08:16 1056607                    /usr/lib/x86_64-linux-gnu/libxcb.so.1.1.0
7fcb6d5cc000-7fcb6d5cd000 r--p 0001c000 08:16 1056607                    /usr/lib/x86_64-linux-gnu/libxcb.so.1.1.0
7fcb6d5cd000-7fcb6d5ce000 rw-p 0001d000 08:16 1056607                    /usr/lib/x86_64-linux-gnu/libxcb.so.1.1.0
7fcb6d5ce000-7fcb6d61e000 r-xp 00000000 08:16 1061164                    /usr/lib/x86_64-linux-gnu/libcups.so.2
7fcb6d61e000-7fcb6d81d000 ---p 00050000 08:16 1061164                    /usr/lib/x86_64-linux-gnu/libcups.so.2
7fcb6d81d000-7fcb6d821000 r--p 0004f000 08:16 1061164                    /usr/lib/x86_64-linux-gnu/libcups.so.2
7fcb6d821000-7fcb6d822000 rw-p 00053000 08:16 1061164                    /usr/lib/x86_64-linux-gnu/libcups.so.2
7fcb6d822000-7fcb6d914000 r-xp 00000000 08:16 5246872                    /lib/x86_64-linux-gnu/libglib-2.0.so.0.3200.3
7fcb6d914000-7fcb6db14000 ---p 000f2000 08:16 5246872                    /lib/x86_64-linux-gnu/libglib-2.0.so.0.3200.3
7fcb6db14000-7fcb6db15000 r--p 000f2000 08:16 5246872                    /lib/x86_64-linux-gnu/libglib-2.0.so.0.3200.3
7fcb6db15000-7fcb6db16000 rw-p 000f3000 08:16 5246872                    /lib/x86_64-linux-gnu/libglib-2.0.so.0.3200.3
7fcb6db16000-7fcb6db17000 rw-p 00000000 00:00 0 
7fcb6db17000-7fcb6db18000 r-xp 00000000 08:16 1059283                    /usr/lib/x86_64-linux-gnu/libgthread-2.0.so.0.3200.3
7fcb6db18000-7fcb6dd17000 ---p 00001000 08:16 1059283                    /usr/lib/x86_64-linux-gnu/libgthread-2.0.so.0.3200.3
7fcb6dd17000-7fcb6dd18000 r--p 00000000 08:16 1059283                    /usr/lib/x86_64-linux-gnu/libgthread-2.0.so.0.3200.3
7fcb6dd18000-7fcb6dd19000 rw-p 00001000 08:16 1059283                    /usr/lib/x86_64-linux-gnu/libgthread-2.0.so.0.3200.3
7fcb6dd19000-7fcb6dd66000 r-xp 00000000 08:16 1059295                    /usr/lib/x86_64-linux-gnu/libgobject-2.0.so.0.3200.3
7fcb6dd66000-7fcb6df66000 ---p 0004d000 08:16 1059295                    /usr/lib/x86_64-linux-gnu/libgobject-2.0.so.0.3200.3
7fcb6df66000-7fcb6df67000 r--p 0004d000 08:16 1059295                    /usr/lib/x86_64-linux-gnu/libgobject-2.0.so.0.3200.3
7fcb6df67000-7fcb6df68000 rw-p 0004e000 08:16 1059295                    /usr/lib/x86_64-linux-gnu/libgobject-2.0.so.0.3200.3
7fcb6df68000-7fcb6df9c000 r-xp 00000000 08:16 1056195                    /usr/lib/x86_64-linux-gnu/libfontconfig.so.1.4.4
7fcb6df9c000-7fcb6e19c000 ---p 00034000 08:16 1056195                    /usr/lib/x86_64-linux-gnu/libfontconfig.so.1.4.4
7fcb6e19c000-7fcb6e19d000 r--p 00034000 08:16 1056195                    /usr/lib/x86_64-linux-gnu/libfontconfig.so.1.4.4
7fcb6e19d000-7fcb6e19e000 rw-p 00035000 08:16 1056195                    /usr/lib/x86_64-linux-gnu/libfontconfig.so.1.4.4
7fcb6e19e000-7fcb6e1e4000 r-xp 00000000 08:16 1056229                    /usr/lib/x86_64-linux-gnu/libpango-1.0.so.0.3000.0
7fcb6e1e4000-7fcb6e3e4000 ---p 00046000 08:16 1056229                    /usr/lib/x86_64-linux-gnu/libpango-1.0.so.0.3000.0
7fcb6e3e4000-7fcb6e3e6000 r--p 00046000 08:16 1056229                    /usr/lib/x86_64-linux-gnu/libpango-1.0.so.0.3000.0
7fcb6e3e6000-7fcb6e3e7000 rw-p 00048000 08:16 1056229                    /usr/lib/x86_64-linux-gnu/libpango-1.0.so.0.3000.0
7fcb6e3e7000-7fcb6e405000 r-xp 00000000 08:16 1056220                    /usr/lib/x86_64-linux-gnu/libgdk_pixbuf-2.0.so.0.2600.1
7fcb6e405000-7fcb6e605000 ---p 0001e000 08:16 1056220                    /usr/lib/x86_64-linux-gnu/libgdk_pixbuf-2.0.so.0.2600.1
7fcb6e605000-7fcb6e606000 r--p 0001e000 08:16 1056220                    /usr/lib/x86_64-linux-gnu/libgdk_pixbuf-2.0.so.0.2600.1
7fcb6e606000-7fcb6e607000 rw-p 0001f000 08:16 1056220                    /usr/lib/x86_64-linux-gnu/libgdk_pixbuf-2.0.so.0.2600.1
7fcb6e607000-7fcb6e74f000 r-xp 00000000 08:16 1059291                    /usr/lib/x86_64-linux-gnu/libgio-2.0.so.0.3200.3
7fcb6e74f000-7fcb6e94e000 ---p 00148000 08:16 1059291                    /usr/lib/x86_64-linux-gnu/libgio-2.0.so.0.3200.3
7fcb6e94e000-7fcb6e952000 r--p 00147000 08:16 1059291                    /usr/lib/x86_64-linux-gnu/libgio-2.0.so.0.3200.3
7fcb6e952000-7fcb6e954000 rw-p 0014b000 08:16 1059291                    /usr/lib/x86_64-linux-gnu/libgio-2.0.so.0.3200.3
7fcb6e954000-7fcb6e956000 rw-p 00000000 00:00 0 
7fcb6e956000-7fcb6ea03000 r-xp 00000000 08:16 1056218                    /usr/lib/x86_64-linux-gnu/libgdk-x11-2.0.so.0.2400.10
7fcb6ea03000-7fcb6ec02000 ---p 000ad000 08:16 1056218                    /usr/lib/x86_64-linux-gnu/libgdk-x11-2.0.so.0.2400.10
7fcb6ec02000-7fcb6ec06000 r--p 000ac000 08:16 1056218                    /usr/lib/x86_64-linux-gnu/libgdk-x11-2.0.so.0.2400.10
7fcb6ec06000-7fcb6ec08000 rw-p 000b0000 08:16 1056218                    /usr/lib/x86_64-linux-gnu/libgdk-x11-2.0.so.0.2400.10
7fcb6ec08000-7fcb6f035000 r-xp 00000000 08:16 1056313                    /usr/lib/x86_64-linux-gnu/libgtk-x11-2.0.so.0.2400.10
7fcb6f035000-7fcb6f235000 ---p 0042d000 08:16 1056313                    /usr/lib/x86_64-linux-gnu/libgtk-x11-2.0.so.0.2400.10
7fcb6f235000-7fcb6f23c000 r--p 0042d000 08:16 1056313                    /usr/lib/x86_64-linux-gnu/libgtk-x11-2.0.so.0.2400.10
7fcb6f23c000-7fcb6f240000 rw-p 00434000 08:16 1056313                    /usr/lib/x86_64-linux-gnu/libgtk-x11-2.0.so.0.2400.10
7fcb6f240000-7fcb6f242000 rw-p 00000000 00:00 0 
7fcb6f242000-7fcb6f250000 r-xp 00000000 08:16 1056027                    /usr/lib/x86_64-linux-gnu/libXi.so.6.1.0
7fcb6f250000-7fcb6f44f000 ---p 0000e000 08:16 1056027                    /usr/lib/x86_64-linux-gnu/libXi.so.6.1.0
7fcb6f44f000-7fcb6f450000 r--p 0000d000 08:16 1056027                    /usr/lib/x86_64-linux-gnu/libXi.so.6.1.0
7fcb6f450000-7fcb6f451000 rw-p 0000e000 08:16 1056027                    /usr/lib/x86_64-linux-gnu/libXi.so.6.1.0
7fcb6f451000-7fcb6f456000 r-xp 00000000 08:16 1056045                    /usr/lib/x86_64-linux-gnu/libXtst.so.6.1.0
7fcb6f456000-7fcb6f655000 ---p 00005000 08:16 1056045                    /usr/lib/x86_64-linux-gnu/libXtst.so.6.1.0
7fcb6f655000-7fcb6f656000 r--p 00004000 08:16 1056045                    /usr/lib/x86_64-linux-gnu/libXtst.so.6.1.0
7fcb6f656000-7fcb6f657000 rw-p 00005000 08:16 1056045                    /usr/lib/x86_64-linux-gnu/libXtst.so.6.1.0
7fcb6f657000-7fcb6f660000 r-xp 00000000 08:16 1056041                    /usr/lib/x86_64-linux-gnu/libXrender.so.1.3.0
7fcb6f660000-7fcb6f85f000 ---p 00009000 08:16 1056041                    /usr/lib/x86_64-linux-gnu/libXrender.so.1.3.0
7fcb6f85f000-7fcb6f860000 r--p 00008000 08:16 1056041                    /usr/lib/x86_64-linux-gnu/libXrender.so.1.3.0
7fcb6f860000-7fcb6f861000 rw-p 00009000 08:16 1056041                    /usr/lib/x86_64-linux-gnu/libXrender.so.1.3.0
7fcb6f861000-7fcb6f990000 r-xp 00000000 08:16 1056006                    /usr/lib/x86_64-linux-gnu/libX11.so.6.3.0
7fcb6f990000-7fcb6fb90000 ---p 0012f000 08:16 1056006                    /usr/lib/x86_64-linux-gnu/libX11.so.6.3.0
7fcb6fb90000-7fcb6fb91000 r--p 0012f000 08:16 1056006                    /usr/lib/x86_64-linux-gnu/libX11.so.6.3.0
7fcb6fb91000-7fcb6fb95000 rw-p 00130000 08:16 1056006                    /usr/lib/x86_64-linux-gnu/libX11.so.6.3.0
7fcb6fb95000-7fcb6fba5000 r-xp 00000000 08:16 1056021                    /usr/lib/x86_64-linux-gnu/libXext.so.6.4.0
7fcb6fba5000-7fcb6fda4000 ---p 00010000 08:16 1056021                    /usr/lib/x86_64-linux-gnu/libXext.so.6.4.0
7fcb6fda4000-7fcb6fda5000 r--p 0000f000 08:16 1056021                    /usr/lib/x86_64-linux-gnu/libXext.so.6.4.0
7fcb6fda5000-7fcb6fda6000 rw-p 00010000 08:16 1056021                    /usr/lib/x86_64-linux-gnu/libXext.so.6.4.0
7fcb6fda6000-7fcb6fdfc000 r-xp 00000000 08:16 3544819                    /usr/lib/jvm/java-7-openjdk-amd64/jre/lib/amd64/xawt/libmawt.so
7fcb6fdfc000-7fcb6fffb000 ---p 00056000 08:16 3544819                    /usr/lib/jvm/java-7-openjdk-amd64/jre/lib/amd64/xawt/libmawt.so
7fcb6fffb000-7fcb6fffc000 r--p 00055000 08:16 3544819                    /usr/lib/jvm/java-7-openjdk-amd64/jre/lib/amd64/xawt/libmawt.so
7fcb6fffc000-7fcb6ffff000 rw-p 00056000 08:16 3544819                    /usr/lib/jvm/java-7-openjdk-amd64/jre/lib/amd64/xawt/libmawt.so
7fcb6ffff000-7fcb70000000 rw-p 00000000 00:00 0 
7fcb70000000-7fcb70021000 rw-p 00000000 00:00 0 
7fcb70021000-7fcb74000000 ---p 00000000 00:00 0 
7fcb74000000-7fcb74005000 r--s 00000000 08:16 1843602                    /var/cache/fontconfig/3047814df9a2f067bd2d96a2b9c36e5a-le64.cache-3
7fcb74005000-7fcb74006000 r--s 00000000 08:16 1843607                    /var/cache/fontconfig/56cf4f4769d0f4abc89a4895d7bd3ae1-le64.cache-3
7fcb74006000-7fcb74018000 r--s 00000000 08:16 1838048                    /usr/share/fonts/type1/gsfonts/n019004l.pfb
7fcb74018000-7fcb74031000 r--s 00000000 08:16 1838069                    /usr/share/fonts/type1/gsfonts/n021003l.pfb
7fcb74031000-7fcb74047000 r--s 00000000 08:16 1838078                    /usr/share/fonts/type1/gsfonts/n021024l.pfb
7fcb74047000-7fcb7405d000 r--s 00000000 08:16 1838087                    /usr/share/fonts/type1/gsfonts/n022023l.pfb
7fcb7405d000-7fcb74074000 r--s 00000000 08:16 1838075                    /usr/share/fonts/type1/gsfonts/n021023l.pfb
7fcb74074000-7fcb740a5000 rw-p 00000000 00:00 0 
7fcb740a5000-7fcb740c9000 r--p 00000000 08:16 1836903                    /usr/share/glib-2.0/schemas/gschemas.compiled
7fcb740c9000-7fcb74177000 r-xp 00000000 08:16 3544588                    /usr/lib/jvm/java-7-openjdk-amd64/jre/lib/amd64/libawt.so
7fcb74177000-7fcb74376000 ---p 000ae000 08:16 3544588                    /usr/lib/jvm/java-7-openjdk-amd64/jre/lib/amd64/libawt.so
7fcb74376000-7fcb74377000 r--p 000ad000 08:16 3544588                    /usr/lib/jvm/java-7-openjdk-amd64/jre/lib/amd64/libawt.so
7fcb74377000-7fcb74382000 rw-p 000ae000 08:16 3544588                    /usr/lib/jvm/java-7-openjdk-amd64/jre/lib/amd64/libawt.so
7fcb74382000-7fcb743a7000 rw-p 00000000 00:00 0 
7fcb743a7000-7fcb743aa000 r--s 0001a000 08:16 3677188                    /home/relissa/jmonkeyplatform/jmonkeyplatform/libs/xmlpull-xpp3.jar
7fcb743aa000-7fcb743ac000 r--s 00012000 08:16 3677292                    /home/relissa/jmonkeyplatform/jmonkeyplatform/libs/eventbus.jar
7fcb743ac000-7fcb743af000 r--s 0000f000 08:16 3676956                    /home/relissa/jmonkeyplatform/jmonkeyplatform/libs/nifty-style-black.jar
7fcb743af000-7fcb743b7000 r--s 00033000 08:16 3676642                    /home/relissa/jmonkeyplatform/jmonkeyplatform/libs/nifty-default-controls.jar
7fcb743b7000-7fcb743c1000 r--s 0006c000 08:16 3677370                    /home/relissa/jmonkeyplatform/jmonkeyplatform/libs/nifty.jar
7fcb743c1000-7fcb743c2000 r--s 00005000 08:16 3677938                    /home/relissa/jmonkeyplatform/jmonkeyplatform/libs/jME3-niftygui.jar
7fcb743c2000-7fcb743c3000 r--s 0000b000 08:16 3677222                    /home/relissa/jmonkeyplatform/jmonkeyplatform/libs/stack-alloc.jar
7fcb743c3000-7fcb743c5000 r--s 0003c000 08:16 3677429                    /home/relissa/jmonkeyplatform/jmonkeyplatform/libs/vecmath.jar
7fcb743c5000-7fcb743cf000 r--s 00079000 08:16 3677317                    /home/relissa/jmonkeyplatform/jmonkeyplatform/libs/jbullet.jar
7fcb743cf000-7fcb743d2000 r--s 00020000 08:16 3677185                    /home/relissa/jmonkeyplatform/jmonkeyplatform/libs/jME3-jbullet.jar
7fcb743d2000-7fcb743df000 r--s 000d4000 08:16 3677369                    /home/relissa/jmonkeyplatform/jmonkeyplatform/libs/lwjgl.jar
7fcb743df000-7fcb743e3000 r--s 00030000 08:16 3677346                    /home/relissa/jmonkeyplatform/jmonkeyplatform/libs/jinput.jar
7fcb743e3000-7fcb743e5000 r--s 001eb000 08:16 3676914                    /home/relissa/jmonkeyplatform/jmonkeyplatform/libs/jME3-lwjgl-natives.jar
7fcb743e5000-7fcb743e7000 r--s 00016000 08:16 3677931                    /home/relissa/jmonkeyplatform/jmonkeyplatform/libs/jME3-lwjgl.jar
7fcb743e7000-7fcb743ea000 r--s 00022000 08:16 3677940                    /home/relissa/jmonkeyplatform/jmonkeyplatform/libs/jME3-terrain.jar
7fcb743ea000-7fcb743eb000 r--s 00009000 08:16 3677159                    /home/relissa/jmonkeyplatform/jmonkeyplatform/libs/j-ogg-vorbisd.jar
7fcb743eb000-7fcb743ed000 r--s 00005000 08:16 3677249                    /home/relissa/jmonkeyplatform/jmonkeyplatform/libs/j-ogg-oggd.jar
7fcb743ed000-7fcb743ee000 r--s 00002000 08:16 3677929                    /home/relissa/jmonkeyplatform/jmonkeyplatform/libs/jME3-jogg.jar
7fcb743ee000-7fcb743f2000 r--s 0001b000 08:16 3677934                    /home/relissa/jmonkeyplatform/jmonkeyplatform/libs/jME3-networking.jar
7fcb743f2000-7fcb743f5000 r--s 0006b000 08:16 3677923                    /home/relissa/jmonkeyplatform/jmonkeyplatform/libs/jME3-effects.jar
7fcb743f5000-7fcb743f6000 r--s 0000f000 08:16 3677939                    /home/relissa/jmonkeyplatform/jmonkeyplatform/libs/jME3-plugins.jar
7fcb743f6000-7fcb743f9000 r--s 00033000 08:16 3677921                    /home/relissa/jmonkeyplatform/jmonkeyplatform/libs/jME3-desktop.jar
7fcb743f9000-7fcb74408000 r--s 000f5000 08:16 3677920                    /home/relissa/jmonkeyplatform/jmonkeyplatform/libs/jME3-core.jar
7fcb74408000-7fcb7440b000 r--s 00032000 08:16 1050313                    /usr/lib/jvm/java-7-openjdk-common/jre/lib/ext/sunjce_provider.jar
7fcb7440b000-7fcb7440d000 r--s 00012000 08:16 1050314                    /usr/lib/jvm/java-7-openjdk-common/jre/lib/ext/zipfs.jar
7fcb7440d000-7fcb7440e000 r--s 00002000 08:16 1050311                    /usr/lib/jvm/java-7-openjdk-common/jre/lib/ext/dnsns.jar
7fcb7440e000-7fcb74411000 r--s 00085000 08:16 1050312                    /usr/lib/jvm/java-7-openjdk-common/jre/lib/ext/localedata.jar
7fcb74411000-7fcb74414000 r--s 0000f000 08:16 1050315                    /usr/lib/jvm/java-7-openjdk-common/jre/lib/ext/pulse-java.jar
7fcb74414000-7fcb74415000 r--s 00007000 08:16 1453403                    /usr/share/java/java-atk-wrapper.jar
7fcb74415000-7fcb74418000 r--s 0003c000 08:16 1050310                    /usr/lib/jvm/java-7-openjdk-common/jre/lib/ext/sunpkcs11.jar
7fcb74418000-7fcb74419000 ---p 00000000 00:00 0 
7fcb74419000-7fcb74519000 rw-p 00000000 00:00 0 
7fcb74519000-7fcb7451c000 ---p 00000000 00:00 0 
7fcb7451c000-7fcb7461a000 rw-p 00000000 00:00 0 
7fcb7461a000-7fcb7461d000 ---p 00000000 00:00 0 
7fcb7461d000-7fcb7471b000 rw-p 00000000 00:00 0 
7fcb7471b000-7fcb7471e000 ---p 00000000 00:00 0 
7fcb7471e000-7fcb7481c000 rw-p 00000000 00:00 0 
7fcb7481c000-7fcb7481f000 ---p 00000000 00:00 0 
7fcb7481f000-7fcb7491d000 rw-p 00000000 00:00 0 
7fcb7491d000-7fcb75000000 r--p 00000000 08:16 1055298                    /usr/lib/locale/locale-archive
7fcb75000000-7fcb75270000 rwxp 00000000 00:00 0 
7fcb75270000-7fcb78377000 rw-p 00000000 00:00 0 
7fcb78377000-7fcb7c000000 ---p 00000000 00:00 0 
7fcb7c000000-7fcb7c001000 r--s 00000000 08:16 1843618                    /var/cache/fontconfig/b9d506c9ac06c20b433354fa67a72993-le64.cache-3
7fcb7c001000-7fcb7c006000 r--s 00000000 08:16 1843617                    /var/cache/fontconfig/b47c4e1ecd0709278f4910c18777a504-le64.cache-3
7fcb7c006000-7fcb7c010000 r--s 00000000 08:16 1838111                    /usr/share/fonts/type1/mathml/Symbol.pfb
7fcb7c010000-7fcb7c021000 r--s 00000000 08:16 1838051                    /usr/share/fonts/type1/gsfonts/n019023l.pfb
7fcb7c021000-7fcb7c024000 ---p 00000000 00:00 0 
7fcb7c024000-7fcb7c122000 rw-p 00000000 00:00 0 
7fcb7c122000-7fcb7c125000 ---p 00000000 00:00 0 
7fcb7c125000-7fcb7c223000 rw-p 00000000 00:00 0 
7fcb7c223000-7fcb7c224000 ---p 00000000 00:00 0 
7fcb7c224000-7fcb7c693000 rw-p 00000000 00:00 0 
7fcb7c693000-7fcb7c842000 r--s 03e91000 08:16 3544596                    /usr/lib/jvm/java-7-openjdk-amd64/jre/lib/rt.jar
7fcb7c842000-7fcb7c86a000 rw-p 00000000 00:00 0 
7fcb7c86a000-7fcb7c86b000 ---p 00000000 00:00 0 
7fcb7c86b000-7fcb7c96b000 rw-p 00000000 00:00 0 
7fcb7c96b000-7fcb7c96c000 ---p 00000000 00:00 0 
7fcb7c96c000-7fcb7ca77000 rw-p 00000000 00:00 0 
7fcb7ca77000-7fcb7cabf000 rw-p 00000000 00:00 0 
7fcb7cabf000-7fcb7cad3000 rw-p 00000000 00:00 0 
7fcb7cad3000-7fcb7cbf4000 rw-p 00000000 00:00 0 
7fcb7cbf4000-7fcb7cbff000 rw-p 00000000 00:00 0 
7fcb7cbff000-7fcb7cc47000 rw-p 00000000 00:00 0 
7fcb7cc47000-7fcb7cc5b000 rw-p 00000000 00:00 0 
7fcb7cc5b000-7fcb7cd7b000 rw-p 00000000 00:00 0 
7fcb7cd7b000-7fcb7cd86000 rw-p 00000000 00:00 0 
7fcb7cd86000-7fcb7ce16000 rw-p 00000000 00:00 0 
7fcb7ce16000-7fcb7ce17000 rw-p 00000000 00:00 0 
7fcb7ce17000-7fcb7ce1f000 r-xp 00000000 08:16 3544581                    /usr/lib/jvm/java-7-openjdk-amd64/jre/lib/amd64/libzip.so
7fcb7ce1f000-7fcb7d01e000 ---p 00008000 08:16 3544581                    /usr/lib/jvm/java-7-openjdk-amd64/jre/lib/amd64/libzip.so
7fcb7d01e000-7fcb7d01f000 r--p 00007000 08:16 3544581                    /usr/lib/jvm/java-7-openjdk-amd64/jre/lib/amd64/libzip.so
7fcb7d01f000-7fcb7d020000 rw-p 00008000 08:16 3544581                    /usr/lib/jvm/java-7-openjdk-amd64/jre/lib/amd64/libzip.so
7fcb7d020000-7fcb7d02c000 r-xp 00000000 08:16 5246630                    /lib/x86_64-linux-gnu/libnss_files-2.15.so
7fcb7d02c000-7fcb7d22b000 ---p 0000c000 08:16 5246630                    /lib/x86_64-linux-gnu/libnss_files-2.15.so
7fcb7d22b000-7fcb7d22c000 r--p 0000b000 08:16 5246630                    /lib/x86_64-linux-gnu/libnss_files-2.15.so
7fcb7d22c000-7fcb7d22d000 rw-p 0000c000 08:16 5246630                    /lib/x86_64-linux-gnu/libnss_files-2.15.so
7fcb7d22d000-7fcb7d237000 r-xp 00000000 08:16 5246634                    /lib/x86_64-linux-gnu/libnss_nis-2.15.so
7fcb7d237000-7fcb7d437000 ---p 0000a000 08:16 5246634                    /lib/x86_64-linux-gnu/libnss_nis-2.15.so
7fcb7d437000-7fcb7d438000 r--p 0000a000 08:16 5246634                    /lib/x86_64-linux-gnu/libnss_nis-2.15.so
7fcb7d438000-7fcb7d439000 rw-p 0000b000 08:16 5246634                    /lib/x86_64-linux-gnu/libnss_nis-2.15.so
7fcb7d439000-7fcb7d450000 r-xp 00000000 08:16 5246624                    /lib/x86_64-linux-gnu/libnsl-2.15.so
7fcb7d450000-7fcb7d64f000 ---p 00017000 08:16 5246624                    /lib/x86_64-linux-gnu/libnsl-2.15.so
7fcb7d64f000-7fcb7d650000 r--p 00016000 08:16 5246624                    /lib/x86_64-linux-gnu/libnsl-2.15.so
7fcb7d650000-7fcb7d651000 rw-p 00017000 08:16 5246624                    /lib/x86_64-linux-gnu/libnsl-2.15.so
7fcb7d651000-7fcb7d653000 rw-p 00000000 00:00 0 
7fcb7d653000-7fcb7d65b000 r-xp 00000000 08:16 5246626                    /lib/x86_64-linux-gnu/libnss_compat-2.15.so
7fcb7d65b000-7fcb7d85a000 ---p 00008000 08:16 5246626                    /lib/x86_64-linux-gnu/libnss_compat-2.15.so
7fcb7d85a000-7fcb7d85b000 r--p 00007000 08:16 5246626                    /lib/x86_64-linux-gnu/libnss_compat-2.15.so
7fcb7d85b000-7fcb7d85c000 rw-p 00008000 08:16 5246626                    /lib/x86_64-linux-gnu/libnss_compat-2.15.so
7fcb7d85c000-7fcb7d883000 r-xp 00000000 08:16 3544563                    /usr/lib/jvm/java-7-openjdk-amd64/jre/lib/amd64/libjava.so
7fcb7d883000-7fcb7da82000 ---p 00027000 08:16 3544563                    /usr/lib/jvm/java-7-openjdk-amd64/jre/lib/amd64/libjava.so
7fcb7da82000-7fcb7da83000 r--p 00026000 08:16 3544563                    /usr/lib/jvm/java-7-openjdk-amd64/jre/lib/amd64/libjava.so
7fcb7da83000-7fcb7da85000 rw-p 00027000 08:16 3544563                    /usr/lib/jvm/java-7-openjdk-amd64/jre/lib/amd64/libjava.so
7fcb7da85000-7fcb7da93000 r-xp 00000000 08:16 3544574                    /usr/lib/jvm/java-7-openjdk-amd64/jre/lib/amd64/libverify.so
7fcb7da93000-7fcb7dc92000 ---p 0000e000 08:16 3544574                    /usr/lib/jvm/java-7-openjdk-amd64/jre/lib/amd64/libverify.so
7fcb7dc92000-7fcb7dc94000 r--p 0000d000 08:16 3544574                    /usr/lib/jvm/java-7-openjdk-amd64/jre/lib/amd64/libverify.so
7fcb7dc94000-7fcb7dc95000 rw-p 0000f000 08:16 3544574                    /usr/lib/jvm/java-7-openjdk-amd64/jre/lib/amd64/libverify.so
7fcb7dc95000-7fcb7dc9c000 r-xp 00000000 08:16 5246665                    /lib/x86_64-linux-gnu/librt-2.15.so
7fcb7dc9c000-7fcb7de9b000 ---p 00007000 08:16 5246665                    /lib/x86_64-linux-gnu/librt-2.15.so
7fcb7de9b000-7fcb7de9c000 r--p 00006000 08:16 5246665                    /lib/x86_64-linux-gnu/librt-2.15.so
7fcb7de9c000-7fcb7de9d000 rw-p 00007000 08:16 5246665                    /lib/x86_64-linux-gnu/librt-2.15.so
7fcb7de9d000-7fcb7deb2000 r-xp 00000000 08:16 5246600                    /lib/x86_64-linux-gnu/libgcc_s.so.1
7fcb7deb2000-7fcb7e0b1000 ---p 00015000 08:16 5246600                    /lib/x86_64-linux-gnu/libgcc_s.so.1
7fcb7e0b1000-7fcb7e0b2000 r--p 00014000 08:16 5246600                    /lib/x86_64-linux-gnu/libgcc_s.so.1
7fcb7e0b2000-7fcb7e0b3000 rw-p 00015000 08:16 5246600                    /lib/x86_64-linux-gnu/libgcc_s.so.1
7fcb7e0b3000-7fcb7e1ac000 r-xp 00000000 08:16 5246611                    /lib/x86_64-linux-gnu/libm-2.15.so
7fcb7e1ac000-7fcb7e3ab000 ---p 000f9000 08:16 5246611                    /lib/x86_64-linux-gnu/libm-2.15.so
7fcb7e3ab000-7fcb7e3ac000 r--p 000f8000 08:16 5246611                    /lib/x86_64-linux-gnu/libm-2.15.so
7fcb7e3ac000-7fcb7e3ad000 rw-p 000f9000 08:16 5246611                    /lib/x86_64-linux-gnu/libm-2.15.so
7fcb7e3ad000-7fcb7e48f000 r-xp 00000000 08:16 1056535                    /usr/lib/x86_64-linux-gnu/libstdc++.so.6.0.16
7fcb7e48f000-7fcb7e68e000 ---p 000e2000 08:16 1056535                    /usr/lib/x86_64-linux-gnu/libstdc++.so.6.0.16
7fcb7e68e000-7fcb7e696000 r--p 000e1000 08:16 1056535                    /usr/lib/x86_64-linux-gnu/libstdc++.so.6.0.16
7fcb7e696000-7fcb7e698000 rw-p 000e9000 08:16 1056535                    /usr/lib/x86_64-linux-gnu/libstdc++.so.6.0.16
7fcb7e698000-7fcb7e6ad000 rw-p 00000000 00:00 0 
7fcb7e6ad000-7fcb7f040000 r-xp 00000000 08:16 3544559                    /usr/lib/jvm/java-7-openjdk-amd64/jre/lib/amd64/server/libjvm.so
7fcb7f040000-7fcb7f240000 ---p 00993000 08:16 3544559                    /usr/lib/jvm/java-7-openjdk-amd64/jre/lib/amd64/server/libjvm.so
7fcb7f240000-7fcb7f2ba000 r--p 00993000 08:16 3544559                    /usr/lib/jvm/java-7-openjdk-amd64/jre/lib/amd64/server/libjvm.so
7fcb7f2ba000-7fcb7f2dc000 rw-p 00a0d000 08:16 3544559                    /usr/lib/jvm/java-7-openjdk-amd64/jre/lib/amd64/server/libjvm.so
7fcb7f2dc000-7fcb7f307000 rw-p 00000000 00:00 0 
7fcb7f307000-7fcb7f31f000 r-xp 00000000 08:16 5246659                    /lib/x86_64-linux-gnu/libpthread-2.15.so
7fcb7f31f000-7fcb7f51e000 ---p 00018000 08:16 5246659                    /lib/x86_64-linux-gnu/libpthread-2.15.so
7fcb7f51e000-7fcb7f51f000 r--p 00017000 08:16 5246659                    /lib/x86_64-linux-gnu/libpthread-2.15.so
7fcb7f51f000-7fcb7f520000 rw-p 00018000 08:16 5246659                    /lib/x86_64-linux-gnu/libpthread-2.15.so
7fcb7f520000-7fcb7f524000 rw-p 00000000 00:00 0 
7fcb7f524000-7fcb7f53a000 r-xp 00000000 08:16 5246690                    /lib/x86_64-linux-gnu/libz.so.1.2.3.4
7fcb7f53a000-7fcb7f739000 ---p 00016000 08:16 5246690                    /lib/x86_64-linux-gnu/libz.so.1.2.3.4
7fcb7f739000-7fcb7f73a000 r--p 00015000 08:16 5246690                    /lib/x86_64-linux-gnu/libz.so.1.2.3.4
7fcb7f73a000-7fcb7f73b000 rw-p 00016000 08:16 5246690                    /lib/x86_64-linux-gnu/libz.so.1.2.3.4
7fcb7f73b000-7fcb7f73d000 r-xp 00000000 08:16 5246592                    /lib/x86_64-linux-gnu/libdl-2.15.so
7fcb7f73d000-7fcb7f93d000 ---p 00002000 08:16 5246592                    /lib/x86_64-linux-gnu/libdl-2.15.so
7fcb7f93d000-7fcb7f93e000 r--p 00002000 08:16 5246592                    /lib/x86_64-linux-gnu/libdl-2.15.so
7fcb7f93e000-7fcb7f93f000 rw-p 00003000 08:16 5246592                    /lib/x86_64-linux-gnu/libdl-2.15.so
7fcb7f93f000-7fcb7faf2000 r-xp 00000000 08:16 5246579                    /lib/x86_64-linux-gnu/libc-2.15.so
7fcb7faf2000-7fcb7fcf1000 ---p 001b3000 08:16 5246579                    /lib/x86_64-linux-gnu/libc-2.15.so
7fcb7fcf1000-7fcb7fcf5000 r--p 001b2000 08:16 5246579                    /lib/x86_64-linux-gnu/libc-2.15.so
7fcb7fcf5000-7fcb7fcf7000 rw-p 001b6000 08:16 5246579                    /lib/x86_64-linux-gnu/libc-2.15.so
7fcb7fcf7000-7fcb7fcfc000 rw-p 00000000 00:00 0 
7fcb7fcfc000-7fcb7fd08000 r-xp 00000000 08:16 3544565                    /usr/lib/jvm/java-7-openjdk-amd64/jre/lib/amd64/jli/libjli.so
7fcb7fd08000-7fcb7ff08000 ---p 0000c000 08:16 3544565                    /usr/lib/jvm/java-7-openjdk-amd64/jre/lib/amd64/jli/libjli.so
7fcb7ff08000-7fcb7ff09000 r--p 0000c000 08:16 3544565                    /usr/lib/jvm/java-7-openjdk-amd64/jre/lib/amd64/jli/libjli.so
7fcb7ff09000-7fcb7ff0a000 rw-p 0000d000 08:16 3544565                    /usr/lib/jvm/java-7-openjdk-amd64/jre/lib/amd64/jli/libjli.so
7fcb7ff0a000-7fcb7ff2c000 r-xp 00000000 08:16 5246559                    /lib/x86_64-linux-gnu/ld-2.15.so
7fcb7ff2c000-7fcb7ff34000 r--s 00000000 08:16 1846702                    /var/cache/fontconfig/52f7bdb7ce746bfd7eaa1985bd9cfa93-le64.cache-3
7fcb7ff34000-7fcb7ff48000 r--s 00000000 08:16 1838045                    /usr/share/fonts/type1/gsfonts/n019003l.pfb
7fcb7ff48000-7fcb7ff52000 rw-p 00000000 00:00 0 
7fcb7ff52000-7fcb80008000 rw-p 00000000 00:00 0 
7fcb80008000-7fcb8000b000 ---p 00000000 00:00 0 
7fcb8000b000-7fcb8010e000 rw-p 00000000 00:00 0 
7fcb8010e000-7fcb80114000 r--s 00000000 08:16 1846508                    /var/cache/fontconfig/3f7329c5293ffd510edef78f73874cfd-le64.cache-3
7fcb80114000-7fcb80116000 r--p 00000000 08:16 3539430                    /home/relissa/.config/dconf/user
7fcb80116000-7fcb80117000 r--s 00000000 08:16 3539431                    /home/relissa/.cache/dconf/user
7fcb80117000-7fcb80120000 r--s 00263000 08:16 1050329                    /usr/lib/jvm/java-7-openjdk-common/jre/lib/resources.jar
7fcb80120000-7fcb80128000 rw-s 00000000 08:16 4063431                    /tmp/hsperfdata_relissa/7469 (deleted)
7fcb80128000-7fcb80129000 rw-p 00000000 00:00 0 
7fcb80129000-7fcb8012a000 ---p 00000000 00:00 0 
7fcb8012a000-7fcb8012c000 rw-p 00000000 00:00 0 
7fcb8012c000-7fcb8012d000 r--p 00022000 08:16 5246559                    /lib/x86_64-linux-gnu/ld-2.15.so
7fcb8012d000-7fcb8012f000 rw-p 00023000 08:16 5246559                    /lib/x86_64-linux-gnu/ld-2.15.so
7fff869a7000-7fff869c8000 rw-p 00000000 00:00 0                          [stack]
7fff869ff000-7fff86a00000 r-xp 00000000 00:00 0                          [vdso]
ffffffffff600000-ffffffffff601000 r-xp 00000000 00:00 0                  [vsyscall]

VM Arguments:
jvm_args: -Dfile.encoding=UTF-8 
java_command: OCLP.Main
Launcher Type: SUN_STANDARD

Environment Variables:
PATH=/usr/lib/lightdm/lightdm:/usr/local/sbin:/usr/local/bin:/usr/sbin:/usr/bin:/sbin:/bin:/usr/games
SHELL=/bin/bash
DISPLAY=:0.0

Signal Handlers:
SIGSEGV: [libjvm.so+0x8065e0], sa_mask[0]=0x7ffbfeff, sa_flags=0x10000004
SIGBUS: [libjvm.so+0x8065e0], sa_mask[0]=0x7ffbfeff, sa_flags=0x10000004
SIGFPE: [libjvm.so+0x6ac6d0], sa_mask[0]=0x7ffbfeff, sa_flags=0x10000004
SIGPIPE: SIG_IGN, sa_mask[0]=0x00001000, sa_flags=0x10000000
SIGXFSZ: [libjvm.so+0x6ac6d0], sa_mask[0]=0x7ffbfeff, sa_flags=0x10000004
SIGILL: [libjvm.so+0x6ac6d0], sa_mask[0]=0x7ffbfeff, sa_flags=0x10000004
SIGUSR1: SIG_DFL, sa_mask[0]=0x00000000, sa_flags=0x00000000
SIGUSR2: [libjvm.so+0x6acaa0], sa_mask[0]=0x00000004, sa_flags=0x10000004
SIGHUP: [libjvm.so+0x6acbe0], sa_mask[0]=0x7ffbfeff, sa_flags=0x10000004
SIGINT: SIG_IGN, sa_mask[0]=0x00000000, sa_flags=0x00000000
SIGTERM: [libjvm.so+0x6acbe0], sa_mask[0]=0x7ffbfeff, sa_flags=0x10000004
SIGQUIT: [libjvm.so+0x6acbe0], sa_mask[0]=0x7ffbfeff, sa_flags=0x10000004


---------------  S Y S T E M  ---------------

OS:Ubuntu 12.04 (precise)
uname:Linux 3.2.0-24-generic #39-Ubuntu SMP Mon May 21 16:52:17 UTC 2012 x86_64
libc:glibc 2.15 NPTL 2.15 
rlimit: STACK 8192k, CORE 0k, NPROC 28916, NOFILE 4096, AS infinity
load average:1.59 1.53 1.39

/proc/meminfo:
MemTotal:        3791568 kB
MemFree:          221056 kB
Buffers:           65240 kB
Cached:          1021020 kB
SwapCached:         2440 kB
Active:          2311764 kB
Inactive:         846836 kB
Active(anon):    1853660 kB
Inactive(anon):   424864 kB
Active(file):     458104 kB
Inactive(file):   421972 kB
Unevictable:           0 kB
Mlocked:               0 kB
SwapTotal:        999420 kB
SwapFree:         955812 kB
Dirty:               336 kB
Writeback:             0 kB
AnonPages:       2070420 kB
Mapped:           181512 kB
Shmem:            206184 kB
Slab:             186356 kB
SReclaimable:     150044 kB
SUnreclaim:        36312 kB
KernelStack:        5232 kB
PageTables:        54060 kB
NFS_Unstable:          0 kB
Bounce:                0 kB
WritebackTmp:          0 kB
CommitLimit:     2895204 kB
Committed_AS:    6769024 kB
VmallocTotal:   34359738367 kB
VmallocUsed:      310392 kB
VmallocChunk:   34359425244 kB
HardwareCorrupted:     0 kB
AnonHugePages:         0 kB
HugePages_Total:       0
HugePages_Free:        0
HugePages_Rsvd:        0
HugePages_Surp:        0
Hugepagesize:       2048 kB
DirectMap4k:     3659264 kB
DirectMap2M:      272384 kB
DirectMap1G:           0 kB


CPU:total 2 (2 cores per cpu, 1 threads per core) family 16 model 6 stepping 2, cmov, cx8, fxsr, mmx, sse, sse2, sse3, popcnt, mmxext, 3dnowpref, lzcnt, sse4a

/proc/cpuinfo:
processor	: 0
vendor_id	: AuthenticAMD
cpu family	: 16
model		: 6
model name	: AMD Athlon(tm) II X2 215 Processor
stepping	: 2
microcode	: 0x100009f
cpu MHz		: 2700.000
cache size	: 512 KB
physical id	: 0
siblings	: 2
core id		: 0
cpu cores	: 2
apicid		: 0
initial apicid	: 0
fpu		: yes
fpu_exception	: yes
cpuid level	: 5
wp		: yes
flags		: fpu vme de pse tsc msr pae mce cx8 apic sep mtrr pge mca cmov pat pse36 clflush mmx fxsr sse sse2 ht syscall nx mmxext fxsr_opt pdpe1gb rdtscp lm 3dnowext 3dnow constant_tsc rep_good nopl nonstop_tsc extd_apicid pni monitor cx16 popcnt lahf_lm cmp_legacy svm extapic cr8_legacy abm sse4a misalignsse 3dnowprefetch osvw ibs skinit wdt npt lbrv svm_lock nrip_save
bogomips	: 5400.31
TLB size	: 1024 4K pages
clflush size	: 64
cache_alignment	: 64
address sizes	: 48 bits physical, 48 bits virtual
power management: ts ttp tm stc 100mhzsteps hwpstate

processor	: 1
vendor_id	: AuthenticAMD
cpu family	: 16
model		: 6
model name	: AMD Athlon(tm) II X2 215 Processor
stepping	: 2
microcode	: 0x100009f
cpu MHz		: 2700.000
cache size	: 512 KB
physical id	: 0
siblings	: 2
core id		: 1
cpu cores	: 2
apicid		: 1
initial apicid	: 1
fpu		: yes
fpu_exception	: yes
cpuid level	: 5
wp		: yes
flags		: fpu vme de pse tsc msr pae mce cx8 apic sep mtrr pge mca cmov pat pse36 clflush mmx fxsr sse sse2 ht syscall nx mmxext fxsr_opt pdpe1gb rdtscp lm 3dnowext 3dnow constant_tsc rep_good nopl nonstop_tsc extd_apicid pni monitor cx16 popcnt lahf_lm cmp_legacy svm extapic cr8_legacy abm sse4a misalignsse 3dnowprefetch osvw ibs skinit wdt npt lbrv svm_lock nrip_save
bogomips	: 5386.51
TLB size	: 1024 4K pages
clflush size	: 64
cache_alignment	: 64
address sizes	: 48 bits physical, 48 bits virtual
power management: ts ttp tm stc 100mhzsteps hwpstate



Memory: 4k page, physical 3791568k(221056k free), swap 999420k(955812k free)

vm_info: OpenJDK 64-Bit Server VM (22.0-b10) for linux-amd64 JRE (1.7.0_03-b147), built on May  2 2012 16:57:58 by "buildd" with gcc 4.6.3

time: Fri Jun 15 17:33:15 2012
elapsed time: 21 seconds

