#
# A fatal error has been detected by the Java Runtime Environment:
#
#  SIGSEGV (0xb) at pc=0x00007f5b764c9c58, pid=7165, tid=140031080244992
#
# JRE version: 7.0_03-b147
# Java VM: OpenJDK 64-Bit Server VM (22.0-b10 mixed mode linux-amd64 compressed oops)
# Derivative: IcedTea7 2.1.1pre
# Distribution: Ubuntu 12.04 LTS, package 7~u3-2.1.1~pre1-1ubuntu3
# Problematic frame:
# C  [libX11.so.6+0x33c58]  XQueryExtension+0x28
#
# Failed to write core dump. Core dumps have been disabled. To enable core dumping, try "ulimit -c unlimited" before starting Java again
#
# If you would like to submit a bug report, please include
# instructions on how to reproduce the bug and visit:
#   https://bugs.launchpad.net/ubuntu/+source/openjdk-7/
#

---------------  T H R E A D  ---------------

Current thread is native thread

siginfo:si_signo=SIGSEGV: si_errno=0, si_code=1 (SEGV_MAPERR), si_addr=0x000000004c027098

Registers:
RAX=0x0000000000b33bd0, RBX=0x000000004c026730, RCX=0x00007fffadcbd6a8, RDX=0x00007fffadcbd6a4
RSP=0x00007fffadcbd640, RBP=0x00007f5b392c1932, RSI=0x00007f5b392c1932, RDI=0x000000004c026730
R8 =0x00007fffadcbd6ac, R9 =0x0000000000000000, R10=0x00007f5b868a8fa8, R11=0x00007f5b8652aca0
R12=0x0000000000000000, R13=0x00007f5b392c1932, R14=0x0000000000b33bd0, R15=0x0000000000000000
RIP=0x00007f5b764c9c58, EFLAGS=0x0000000000010202, CSGSFS=0x0000000000000033, ERR=0x0000000000000004
  TRAPNO=0x000000000000000e

Top of Stack: (sp=0x00007fffadcbd640)
0x00007fffadcbd640:   00007f5b864fd790 00007f5b86cbd000
0x00007fffadcbd650:   00007f5b85eb9070 00007f5b86cbc000
0x00007fffadcbd660:   00000000ffffffff 000000004c026730
0x00007fffadcbd670:   00007f5b392c1932 0000000000000000
0x00007fffadcbd680:   00007f5b392c1932 0000000000b33bd0
0x00007fffadcbd690:   0000000000000000 00007f5b764bdc55
0x00007fffadcbd6a0:   00007f5b86cdd048 00007f5b393fa520
0x00007fffadcbd6b0:   00007f5b393fa520 000000004c026730
0x00007fffadcbd6c0:   00007f5b4c03cf00 00007f5b767d702b
0x00007fffadcbd6d0:   00007f5b864fd790 0000001100000071
0x00007fffadcbd6e0:   00007fffadcbd760 0000000000000000
0x00007fffadcbd6f0:   00007fffadcbd760 000000004c026730
0x00007fffadcbd700:   0000000000000000 00007f5b86cdd048
0x00007fffadcbd710:   00007f5b39413d50 00007f5b39268119
0x00007fffadcbd720:   0000000000000000 0000000000000071
0x00007fffadcbd730:   00007fffadcbd760 00007fffadcbd780
0x00007fffadcbd740:   0000000000000000 00007f5b86cdd048
0x00007fffadcbd750:   00007f5b4c024130 00007f5b3925eb42
0x00007fffadcbd760:   00007fffadcbdb80 00007f5b392c18b1
0x00007fffadcbd770:   0000000000000071 00007f5b86ac992d
0x00007fffadcbd780:   00007f5b86cde2c8 00007f5b86cde858
0x00007fffadcbd790:   00007f5b86cdb6a8 00007f5b80006970
0x00007fffadcbd7a0:   00007f5b80007480 00007f5b80007980
0x00007fffadcbd7b0:   00007f5b8000c660 00007f5b34108c10
0x00007fffadcbd7c0:   00007f5b34110d00 00007f5b34148e20
0x00007fffadcbd7d0:   00007f5b3414b380 00007f5b3415d900
0x00007fffadcbd7e0:   00007f5b3415ddb0 00007f5b3415eea0
0x00007fffadcbd7f0:   00007f5b3415f350 00007f5b3415f7f0
0x00007fffadcbd800:   00007f5b341927a0 00007f5b341c0240
0x00007fffadcbd810:   00007f5b341aef40 00007f5b34168810
0x00007fffadcbd820:   00007f5b34247800 00007f5b34247cd0
0x00007fffadcbd830:   00007f5b342497f0 00007f5b34249cc0 

Instructions: (pc=0x00007f5b764c9c58)
0x00007f5b764c9c38:   24 d8 48 89 fb 4c 89 64 24 e0 4c 89 6c 24 e8 48
0x00007f5b764c9c48:   89 f5 4c 89 74 24 f0 4c 89 7c 24 f8 48 83 ec 58
0x00007f5b764c9c58:   48 8b 87 68 09 00 00 49 89 d4 49 89 cd 4d 89 c6
0x00007f5b764c9c68:   48 85 c0 74 02 ff 10 ba 08 00 00 00 be 62 00 00 

Register to memory mapping:

RAX=0x0000000000b33bd0 is an unknown value
RBX=0x000000004c026730 is an unknown value
RCX=0x00007fffadcbd6a8 is an unknown value
RDX=0x00007fffadcbd6a4 is an unknown value
RSP=0x00007fffadcbd640 is an unknown value
RBP=0x00007f5b392c1932: <offset 0x96932> in /usr/lib/fglrx/libGL.so.1 at 0x00007f5b3922b000
RSI=0x00007f5b392c1932: <offset 0x96932> in /usr/lib/fglrx/libGL.so.1 at 0x00007f5b3922b000
RDI=0x000000004c026730 is an unknown value
R8 =0x00007fffadcbd6ac is an unknown value
R9 =0x0000000000000000 is an unknown value
R10=0x00007f5b868a8fa8: <offset 0x3b9fa8> in /lib/x86_64-linux-gnu/libc.so.6 at 0x00007f5b864ef000
R11=0x00007f5b8652aca0: __cxa_finalize+0 in /lib/x86_64-linux-gnu/libc.so.6 at 0x00007f5b864ef000
R12=0x0000000000000000 is an unknown value
R13=0x00007f5b392c1932: <offset 0x96932> in /usr/lib/fglrx/libGL.so.1 at 0x00007f5b3922b000
R14=0x0000000000b33bd0 is an unknown value
R15=0x0000000000000000 is an unknown value


Stack: [0x00007fffadbc0000,0x00007fffadcc0000],  sp=0x00007fffadcbd640,  free space=1013k
Native frames: (J=compiled Java code, j=interpreted, Vv=VM code, C=native code)
C  [libX11.so.6+0x33c58]  XQueryExtension+0x28


---------------  P R O C E S S  ---------------

VM state:at safepoint (shutting down)

VM Mutex/Monitor currently owned by a thread:  ([mutex/lock_event])
[0x00007f5b80004d40] Threads_lock - owner thread: 0x00007f5b8009b800

Heap
 PSYoungGen      total 17280K, used 16271K [0x00000000ecb60000, 0x00000000edea0000, 0x0000000100000000)
  eden space 14848K, 93% used [0x00000000ecb60000,0x00000000ed8e7f08,0x00000000ed9e0000)
  from space 2432K, 99% used [0x00000000ed9e0000,0x00000000edc3c040,0x00000000edc40000)
  to   space 2432K, 0% used [0x00000000edc40000,0x00000000edc40000,0x00000000edea0000)
 PSOldGen        total 39552K, used 1908K [0x00000000c6200000, 0x00000000c88a0000, 0x00000000ecb60000)
  object space 39552K, 4% used [0x00000000c6200000,0x00000000c63dd000,0x00000000c88a0000)
 PSPermGen       total 21248K, used 20997K [0x00000000bbc00000, 0x00000000bd0c0000, 0x00000000c6200000)
  object space 21248K, 98% used [0x00000000bbc00000,0x00000000bd081658,0x00000000bd0c0000)

Code Cache  [0x00007f5b7c7c4000, 0x00007f5b7ca34000, 0x00007f5b7f7c4000)
 total_blobs=778 nmethods=140 adapters=591 free_code_cache=48275Kb largest_free_block=49408896

Dynamic libraries:
00400000-00401000 r-xp 00000000 08:16 3544606                            /usr/lib/jvm/java-7-openjdk-amd64/jre/bin/java
00600000-00601000 r--p 00000000 08:16 3544606                            /usr/lib/jvm/java-7-openjdk-amd64/jre/bin/java
00601000-00602000 rw-p 00001000 08:16 3544606                            /usr/lib/jvm/java-7-openjdk-amd64/jre/bin/java
00b31000-00b52000 rw-p 00000000 00:00 0                                  [heap]
bbc00000-bd0c0000 rw-p 00000000 00:00 0 
bd0c0000-c6200000 rw-p 00000000 00:00 0 
c6200000-c88a0000 rw-p 00000000 00:00 0 
c88a0000-ecb60000 rw-p 00000000 00:00 0 
ecb60000-edea0000 rw-p 00000000 00:00 0 
edea0000-100000000 rw-p 00000000 00:00 0 
7f5b2af49000-7f5b2af4a000 ---p 00000000 00:00 0 
7f5b2af4a000-7f5b2b74a000 rw-p 00000000 00:00 0 
7f5b2b74a000-7f5b2b74b000 ---p 00000000 00:00 0 
7f5b2b74b000-7f5b2bf4b000 rw-p 00000000 00:00 0 
7f5b2bf4b000-7f5b2bf4c000 ---p 00000000 00:00 0 
7f5b2bf4c000-7f5b2c74c000 rw-p 00000000 00:00 0 
7f5b3074d000-7f5b3074e000 ---p 00000000 00:00 0 
7f5b3074e000-7f5b30f4e000 rw-p 00000000 00:00 0 
7f5b30f4e000-7f5b31201000 r-xp 00000000 08:16 1056578                    /usr/lib/x86_64-linux-gnu/libvorbisenc.so.2.0.8
7f5b31201000-7f5b31400000 ---p 002b3000 08:16 1056578                    /usr/lib/x86_64-linux-gnu/libvorbisenc.so.2.0.8
7f5b31400000-7f5b3141c000 r--p 002b2000 08:16 1056578                    /usr/lib/x86_64-linux-gnu/libvorbisenc.so.2.0.8
7f5b3141c000-7f5b3141d000 rw-p 002ce000 08:16 1056578                    /usr/lib/x86_64-linux-gnu/libvorbisenc.so.2.0.8
7f5b3141d000-7f5b31465000 r-xp 00000000 08:16 1055951                    /usr/lib/x86_64-linux-gnu/libFLAC.so.8.2.0
7f5b31465000-7f5b31665000 ---p 00048000 08:16 1055951                    /usr/lib/x86_64-linux-gnu/libFLAC.so.8.2.0
7f5b31665000-7f5b31666000 r--p 00048000 08:16 1055951                    /usr/lib/x86_64-linux-gnu/libFLAC.so.8.2.0
7f5b31666000-7f5b31667000 rw-p 00049000 08:16 1055951                    /usr/lib/x86_64-linux-gnu/libFLAC.so.8.2.0
7f5b31667000-7f5b3166c000 r-xp 00000000 08:16 1056065                    /usr/lib/x86_64-linux-gnu/libasyncns.so.0.3.1
7f5b3166c000-7f5b3186b000 ---p 00005000 08:16 1056065                    /usr/lib/x86_64-linux-gnu/libasyncns.so.0.3.1
7f5b3186b000-7f5b3186c000 r--p 00004000 08:16 1056065                    /usr/lib/x86_64-linux-gnu/libasyncns.so.0.3.1
7f5b3186c000-7f5b3186d000 rw-p 00005000 08:16 1056065                    /usr/lib/x86_64-linux-gnu/libasyncns.so.0.3.1
7f5b3186d000-7f5b318cd000 r-xp 00000000 08:16 1056513                    /usr/lib/x86_64-linux-gnu/libsndfile.so.1.0.25
7f5b318cd000-7f5b31acd000 ---p 00060000 08:16 1056513                    /usr/lib/x86_64-linux-gnu/libsndfile.so.1.0.25
7f5b31acd000-7f5b31acf000 r--p 00060000 08:16 1056513                    /usr/lib/x86_64-linux-gnu/libsndfile.so.1.0.25
7f5b31acf000-7f5b31ad0000 rw-p 00062000 08:16 1056513                    /usr/lib/x86_64-linux-gnu/libsndfile.so.1.0.25
7f5b31ad0000-7f5b31ad4000 rw-p 00000000 00:00 0 
7f5b31ad4000-7f5b31b30000 r-xp 00000000 08:16 1055773                    /usr/lib/x86_64-linux-gnu/libpulsecommon-1.1.so
7f5b31b30000-7f5b31d30000 ---p 0005c000 08:16 1055773                    /usr/lib/x86_64-linux-gnu/libpulsecommon-1.1.so
7f5b31d30000-7f5b31d31000 r--p 0005c000 08:16 1055773                    /usr/lib/x86_64-linux-gnu/libpulsecommon-1.1.so
7f5b31d31000-7f5b31d32000 rw-p 0005d000 08:16 1055773                    /usr/lib/x86_64-linux-gnu/libpulsecommon-1.1.so
7f5b31d32000-7f5b33c8c000 r-xp 00000000 08:16 1054642                    /usr/lib/fglrx/dri/fglrx_dri.so
7f5b33c8c000-7f5b33d8c000 ---p 01f5a000 08:16 1054642                    /usr/lib/fglrx/dri/fglrx_dri.so
7f5b33d8c000-7f5b33eda000 rwxp 01f5a000 08:16 1054642                    /usr/lib/fglrx/dri/fglrx_dri.so
7f5b33eda000-7f5b34000000 rwxp 00000000 00:00 0 
7f5b34000000-7f5b3455f000 rw-p 00000000 00:00 0 
7f5b3455f000-7f5b38000000 ---p 00000000 00:00 0 
7f5b38024000-7f5b3802c000 r-xp 00000000 08:16 5246688                    /lib/x86_64-linux-gnu/libwrap.so.0.7.6
7f5b3802c000-7f5b3822b000 ---p 00008000 08:16 5246688                    /lib/x86_64-linux-gnu/libwrap.so.0.7.6
7f5b3822b000-7f5b3822c000 r--p 00007000 08:16 5246688                    /lib/x86_64-linux-gnu/libwrap.so.0.7.6
7f5b3822c000-7f5b3822d000 rw-p 00008000 08:16 5246688                    /lib/x86_64-linux-gnu/libwrap.so.0.7.6
7f5b3822d000-7f5b38234000 r-xp 00000000 08:16 1056352                    /usr/lib/x86_64-linux-gnu/libjson.so.0.0.1
7f5b38234000-7f5b38433000 ---p 00007000 08:16 1056352                    /usr/lib/x86_64-linux-gnu/libjson.so.0.0.1
7f5b38433000-7f5b38434000 r--p 00006000 08:16 1056352                    /usr/lib/x86_64-linux-gnu/libjson.so.0.0.1
7f5b38434000-7f5b38435000 rw-p 00007000 08:16 1056352                    /usr/lib/x86_64-linux-gnu/libjson.so.0.0.1
7f5b38435000-7f5b3847b000 r-xp 00000000 08:16 1055774                    /usr/lib/x86_64-linux-gnu/libpulse.so.0.13.5
7f5b3847b000-7f5b3867b000 ---p 00046000 08:16 1055774                    /usr/lib/x86_64-linux-gnu/libpulse.so.0.13.5
7f5b3867b000-7f5b3867c000 r--p 00046000 08:16 1055774                    /usr/lib/x86_64-linux-gnu/libpulse.so.0.13.5
7f5b3867c000-7f5b3867d000 rw-p 00047000 08:16 1055774                    /usr/lib/x86_64-linux-gnu/libpulse.so.0.13.5
7f5b388cd000-7f5b38fcd000 rw-s 22c4b000 00:05 9165                       /dev/ati/card0
7f5b38fcd000-7f5b39008000 r-xp 00000000 08:16 1054638                    /usr/lib/fglrx/libatiadlxx.so
7f5b39008000-7f5b39108000 ---p 0003b000 08:16 1054638                    /usr/lib/fglrx/libatiadlxx.so
7f5b39108000-7f5b39111000 rw-p 0003b000 08:16 1054638                    /usr/lib/fglrx/libatiadlxx.so
7f5b39111000-7f5b39122000 rw-p 00000000 00:00 0 
7f5b39122000-7f5b39129000 r-xp 00000000 08:16 1054658                    /usr/lib/fglrx/libatiuki.so.1.0
7f5b39129000-7f5b39229000 ---p 00007000 08:16 1054658                    /usr/lib/fglrx/libatiuki.so.1.0
7f5b39229000-7f5b3922a000 rw-p 00007000 08:16 1054658                    /usr/lib/fglrx/libatiuki.so.1.0
7f5b3922a000-7f5b3922b000 rw-p 00000000 00:00 0 
7f5b3922b000-7f5b392ee000 r-xp 00000000 08:16 1054665                    /usr/lib/fglrx/libGL.so.1.2
7f5b392ee000-7f5b393ed000 ---p 000c3000 08:16 1054665                    /usr/lib/fglrx/libGL.so.1.2
7f5b393ed000-7f5b39414000 rwxp 000c2000 08:16 1054665                    /usr/lib/fglrx/libGL.so.1.2
7f5b39414000-7f5b39434000 rwxp 00000000 00:00 0 
7f5b39434000-7f5b39438000 r-xp 00000000 08:16 1056049                    /usr/lib/x86_64-linux-gnu/libXxf86vm.so.1.0.0
7f5b39438000-7f5b39637000 ---p 00004000 08:16 1056049                    /usr/lib/x86_64-linux-gnu/libXxf86vm.so.1.0.0
7f5b39637000-7f5b39638000 r--p 00003000 08:16 1056049                    /usr/lib/x86_64-linux-gnu/libXxf86vm.so.1.0.0
7f5b39638000-7f5b39639000 rw-p 00004000 08:16 1056049                    /usr/lib/x86_64-linux-gnu/libXxf86vm.so.1.0.0
7f5b39639000-7f5b396a0000 r-xp 00000000 08:16 3677813                    /home/relissa/NetBeansProjects/OCLP/liblwjgl64.so
7f5b396a0000-7f5b398a0000 ---p 00067000 08:16 3677813                    /home/relissa/NetBeansProjects/OCLP/liblwjgl64.so
7f5b398a0000-7f5b398a2000 r--p 00067000 08:16 3677813                    /home/relissa/NetBeansProjects/OCLP/liblwjgl64.so
7f5b398a2000-7f5b398a3000 rw-p 00069000 08:16 3677813                    /home/relissa/NetBeansProjects/OCLP/liblwjgl64.so
7f5b398a3000-7f5b398a4000 r-xp 00000000 08:16 3544578                    /usr/lib/jvm/java-7-openjdk-amd64/jre/lib/amd64/libjawt.so
7f5b398a4000-7f5b39aa3000 ---p 00001000 08:16 3544578                    /usr/lib/jvm/java-7-openjdk-amd64/jre/lib/amd64/libjawt.so
7f5b39aa3000-7f5b39aa4000 r--p 00000000 08:16 3544578                    /usr/lib/jvm/java-7-openjdk-amd64/jre/lib/amd64/libjawt.so
7f5b39aa4000-7f5b39aa5000 rw-p 00001000 08:16 3544578                    /usr/lib/jvm/java-7-openjdk-amd64/jre/lib/amd64/libjawt.so
7f5b39aa5000-7f5b39ba5000 rw-s 00000000 00:04 158302252                  /SYSV00000000 (deleted)
7f5b39ba5000-7f5b39c05000 rw-s 00000000 00:04 158269475                  /SYSV00000000 (deleted)
7f5b39c45000-7f5b39c55000 rw-s fe9f0000 00:05 9165                       /dev/ati/card0
7f5b39c55000-7f5b39c58000 ---p 00000000 00:00 0 
7f5b39c58000-7f5b39d56000 rw-p 00000000 00:00 0 
7f5b39d56000-7f5b39d59000 ---p 00000000 00:00 0 
7f5b39d59000-7f5b39e57000 rw-p 00000000 00:00 0 
7f5b39e57000-7f5b39e58000 ---p 00000000 00:00 0 
7f5b39e58000-7f5b3a658000 rw-p 00000000 00:00 0 
7f5b3a658000-7f5b3a672000 r-xp 00000000 08:16 1056151                    /usr/lib/x86_64-linux-gnu/libdbusmenu-glib.so.4.0.12
7f5b3a672000-7f5b3a871000 ---p 0001a000 08:16 1056151                    /usr/lib/x86_64-linux-gnu/libdbusmenu-glib.so.4.0.12
7f5b3a871000-7f5b3a872000 r--p 00019000 08:16 1056151                    /usr/lib/x86_64-linux-gnu/libdbusmenu-glib.so.4.0.12
7f5b3a872000-7f5b3a873000 rw-p 0001a000 08:16 1056151                    /usr/lib/x86_64-linux-gnu/libdbusmenu-glib.so.4.0.12
7f5b3a873000-7f5b3a885000 r-xp 00000000 08:16 1056153                    /usr/lib/x86_64-linux-gnu/libdbusmenu-gtk.so.4.0.12
7f5b3a885000-7f5b3aa84000 ---p 00012000 08:16 1056153                    /usr/lib/x86_64-linux-gnu/libdbusmenu-gtk.so.4.0.12
7f5b3aa84000-7f5b3aa85000 r--p 00011000 08:16 1056153                    /usr/lib/x86_64-linux-gnu/libdbusmenu-gtk.so.4.0.12
7f5b3aa85000-7f5b3aa86000 rw-p 00012000 08:16 1056153                    /usr/lib/x86_64-linux-gnu/libdbusmenu-gtk.so.4.0.12
7f5b3aa86000-7f5b3aa8b000 r-xp 00000000 08:16 1052971                    /usr/lib/gtk-2.0/2.10.0/menuproxies/libappmenu.so
7f5b3aa8b000-7f5b3ac8a000 ---p 00005000 08:16 1052971                    /usr/lib/gtk-2.0/2.10.0/menuproxies/libappmenu.so
7f5b3ac8a000-7f5b3ac8b000 r--p 00004000 08:16 1052971                    /usr/lib/gtk-2.0/2.10.0/menuproxies/libappmenu.so
7f5b3ac8b000-7f5b3ac8c000 rw-p 00005000 08:16 1052971                    /usr/lib/gtk-2.0/2.10.0/menuproxies/libappmenu.so
7f5b3ac8c000-7f5b3ac98000 r-xp 00000000 08:16 5246678                    /lib/x86_64-linux-gnu/libudev.so.0.13.0
7f5b3ac98000-7f5b3ae97000 ---p 0000c000 08:16 5246678                    /lib/x86_64-linux-gnu/libudev.so.0.13.0
7f5b3ae97000-7f5b3ae98000 r--p 0000b000 08:16 5246678                    /lib/x86_64-linux-gnu/libudev.so.0.13.0
7f5b3ae98000-7f5b3ae99000 rw-p 0000c000 08:16 5246678                    /lib/x86_64-linux-gnu/libudev.so.0.13.0
7f5b3ae99000-7f5b3aeaf000 r-xp 00000000 08:16 1314755                    /usr/lib/x86_64-linux-gnu/gvfs/libgvfscommon.so
7f5b3aeaf000-7f5b3b0ae000 ---p 00016000 08:16 1314755                    /usr/lib/x86_64-linux-gnu/gvfs/libgvfscommon.so
7f5b3b0ae000-7f5b3b0af000 r--p 00015000 08:16 1314755                    /usr/lib/x86_64-linux-gnu/gvfs/libgvfscommon.so
7f5b3b0af000-7f5b3b0b0000 rw-p 00016000 08:16 1314755                    /usr/lib/x86_64-linux-gnu/gvfs/libgvfscommon.so
7f5b3b0b0000-7f5b3b0d8000 r-xp 00000000 08:16 1314556                    /usr/lib/x86_64-linux-gnu/gio/modules/libgvfsdbus.so
7f5b3b0d8000-7f5b3b2d7000 ---p 00028000 08:16 1314556                    /usr/lib/x86_64-linux-gnu/gio/modules/libgvfsdbus.so
7f5b3b2d7000-7f5b3b2d8000 r--p 00027000 08:16 1314556                    /usr/lib/x86_64-linux-gnu/gio/modules/libgvfsdbus.so
7f5b3b2d8000-7f5b3b2d9000 rw-p 00028000 08:16 1314556                    /usr/lib/x86_64-linux-gnu/gio/modules/libgvfsdbus.so
7f5b3b2d9000-7f5b3b31d000 r-xp 00000000 08:16 1056333                    /usr/lib/x86_64-linux-gnu/libibus-1.0.so.0.401.0
7f5b3b31d000-7f5b3b51c000 ---p 00044000 08:16 1056333                    /usr/lib/x86_64-linux-gnu/libibus-1.0.so.0.401.0
7f5b3b51c000-7f5b3b51e000 r--p 00043000 08:16 1056333                    /usr/lib/x86_64-linux-gnu/libibus-1.0.so.0.401.0
7f5b3b51e000-7f5b3b51f000 rw-p 00045000 08:16 1056333                    /usr/lib/x86_64-linux-gnu/libibus-1.0.so.0.401.0
7f5b3b51f000-7f5b3b520000 rw-p 00000000 00:00 0 
7f5b3b522000-7f5b3b525000 ---p 00000000 00:00 0 
7f5b3b525000-7f5b3b53c000 rw-p 00000000 00:00 0 
7f5b3b53c000-7f5b3b542000 r-xp 00000000 08:16 1314695                    /usr/lib/x86_64-linux-gnu/gtk-2.0/2.10.0/immodules/im-ibus.so
7f5b3b542000-7f5b3b741000 ---p 00006000 08:16 1314695                    /usr/lib/x86_64-linux-gnu/gtk-2.0/2.10.0/immodules/im-ibus.so
7f5b3b741000-7f5b3b742000 r--p 00005000 08:16 1314695                    /usr/lib/x86_64-linux-gnu/gtk-2.0/2.10.0/immodules/im-ibus.so
7f5b3b742000-7f5b3b743000 rw-p 00006000 08:16 1314695                    /usr/lib/x86_64-linux-gnu/gtk-2.0/2.10.0/immodules/im-ibus.so
7f5b3b743000-7f5b3b760000 r--p 00000000 08:16 1835500                    /usr/share/fonts/truetype/droid/DroidSansMono.ttf
7f5b3b760000-7f5b3b7b7000 r--p 00000000 08:16 1837996                    /usr/share/fonts/truetype/ubuntu-font-family/Ubuntu-R.ttf
7f5b3b7b7000-7f5b3b7b9000 r-xp 00000000 08:16 1313859                    /usr/lib/x86_64-linux-gnu/pango/1.6.0/modules/pango-basic-fc.so
7f5b3b7b9000-7f5b3b9b8000 ---p 00002000 08:16 1313859                    /usr/lib/x86_64-linux-gnu/pango/1.6.0/modules/pango-basic-fc.so
7f5b3b9b8000-7f5b3b9b9000 r--p 00001000 08:16 1313859                    /usr/lib/x86_64-linux-gnu/pango/1.6.0/modules/pango-basic-fc.so
7f5b3b9b9000-7f5b3b9ba000 rw-p 00002000 08:16 1313859                    /usr/lib/x86_64-linux-gnu/pango/1.6.0/modules/pango-basic-fc.so
7f5b3b9ba000-7f5b3b9d6000 r--s 00000000 08:16 1838102                    /usr/share/fonts/type1/gsfonts/p052024l.pfb
7f5b3b9d6000-7f5b3b9e6000 r--s 00000000 08:16 1838009                    /usr/share/fonts/type1/gsfonts/a010015l.pfb
7f5b3b9e6000-7f5b3b9fe000 r--s 00000000 08:16 1838039                    /usr/share/fonts/type1/gsfonts/c059036l.pfb
7f5b3b9fe000-7f5b3ba0f000 r--s 00000000 08:16 1838063                    /usr/share/fonts/type1/gsfonts/n019063l.pfb
7f5b3ba0f000-7f5b3ba2a000 r--s 00000000 08:16 1838099                    /usr/share/fonts/type1/gsfonts/p052023l.pfb
7f5b3ba2a000-7f5b3ba3d000 r--s 00000000 08:16 1838066                    /usr/share/fonts/type1/gsfonts/n019064l.pfb
7f5b3ba3d000-7f5b3ba49000 r--s 00000000 08:16 1838042                    /usr/share/fonts/type1/gsfonts/d050000l.pfb
7f5b3ba49000-7f5b3ba64000 r--s 00000000 08:16 1838096                    /usr/share/fonts/type1/gsfonts/p052004l.pfb
7f5b3ba64000-7f5b3ba74000 r--s 00000000 08:16 1838012                    /usr/share/fonts/type1/gsfonts/a010033l.pfb
7f5b3ba74000-7f5b3ba8d000 r--s 00000000 08:16 1838018                    /usr/share/fonts/type1/gsfonts/b018012l.pfb
7f5b3ba8d000-7f5b3ba9f000 r--s 00000000 08:16 1838027                    /usr/share/fonts/type1/gsfonts/b018035l.pfb
7f5b3ba9f000-7f5b3bab7000 r--s 00000000 08:16 1838036                    /usr/share/fonts/type1/gsfonts/c059033l.pfb
7f5b3bab7000-7f5b3bad2000 r--s 00000000 08:16 1838033                    /usr/share/fonts/type1/gsfonts/c059016l.pfb
7f5b3bad2000-7f5b3bae4000 r--s 00000000 08:16 1838060                    /usr/share/fonts/type1/gsfonts/n019044l.pfb
7f5b3bae4000-7f5b3baff000 r--s 00000000 08:16 1838093                    /usr/share/fonts/type1/gsfonts/p052003l.pfb
7f5b3baff000-7f5b3bb0f000 r--s 00000000 08:16 1838006                    /usr/share/fonts/type1/gsfonts/a010013l.pfb
7f5b3bb0f000-7f5b3bb26000 r--s 00000000 08:16 1838108                    /usr/share/fonts/type1/gsfonts/z003034l.pfb
7f5b3bb26000-7f5b3bb2f000 r--s 00000000 08:16 1838105                    /usr/share/fonts/type1/gsfonts/s050000l.pfb
7f5b3bb2f000-7f5b3bb44000 r--s 00000000 08:16 1838024                    /usr/share/fonts/type1/gsfonts/b018032l.pfb
7f5b3bb44000-7f5b3bb5e000 r--s 00000000 08:16 1838030                    /usr/share/fonts/type1/gsfonts/c059013l.pfb
7f5b3bb5e000-7f5b3bb70000 r--s 00000000 08:16 1838057                    /usr/share/fonts/type1/gsfonts/n019043l.pfb
7f5b3bb70000-7f5b3bb83000 r--s 00000000 08:16 1838021                    /usr/share/fonts/type1/gsfonts/b018015l.pfb
7f5b3bb83000-7f5b3bb94000 r--s 00000000 08:16 1838015                    /usr/share/fonts/type1/gsfonts/a010035l.pfb
7f5b3bb95000-7f5b3bb9c000 r--s 00000000 08:16 1314519                    /usr/lib/x86_64-linux-gnu/gconv/gconv-modules.cache
7f5b3bb9c000-7f5b3bb9e000 rw-s 2314e000 00:05 9165                       /dev/ati/card0
7f5b3bb9e000-7f5b3bba8000 r--s 00000000 08:16 1837283                    /usr/share/fonts/X11/Type1/c0611bt_.pfb
7f5b3bba8000-7f5b3bbb1000 r--s 00000000 08:16 1837285                    /usr/share/fonts/X11/Type1/c0632bt_.pfb
7f5b3bbb1000-7f5b3bbbb000 r--s 00000000 08:16 1837277                    /usr/share/fonts/X11/Type1/c0419bt_.pfb
7f5b3bbbb000-7f5b3bbc5000 r--s 00000000 08:16 1837279                    /usr/share/fonts/X11/Type1/c0582bt_.pfb
7f5b3bbc5000-7f5b3bbce000 r--s 00000000 08:16 1837289                    /usr/share/fonts/X11/Type1/c0648bt_.pfb
7f5b3bbce000-7f5b3bbd7000 r--s 00000000 08:16 1837287                    /usr/share/fonts/X11/Type1/c0633bt_.pfb
7f5b3bbd7000-7f5b3bbe7000 r-xp 00000000 08:16 3544571                    /usr/lib/jvm/java-7-openjdk-amd64/jre/lib/amd64/libnio.so
7f5b3bbe7000-7f5b3bde6000 ---p 00010000 08:16 3544571                    /usr/lib/jvm/java-7-openjdk-amd64/jre/lib/amd64/libnio.so
7f5b3bde6000-7f5b3bde7000 r--p 0000f000 08:16 3544571                    /usr/lib/jvm/java-7-openjdk-amd64/jre/lib/amd64/libnio.so
7f5b3bde7000-7f5b3bde8000 rw-p 00010000 08:16 3544571                    /usr/lib/jvm/java-7-openjdk-amd64/jre/lib/amd64/libnio.so
7f5b3bde8000-7f5b3bdfe000 r-xp 00000000 08:16 3544572                    /usr/lib/jvm/java-7-openjdk-amd64/jre/lib/amd64/libnet.so
7f5b3bdfe000-7f5b3bffe000 ---p 00016000 08:16 3544572                    /usr/lib/jvm/java-7-openjdk-amd64/jre/lib/amd64/libnet.so
7f5b3bffe000-7f5b3bfff000 r--p 00016000 08:16 3544572                    /usr/lib/jvm/java-7-openjdk-amd64/jre/lib/amd64/libnet.so
7f5b3bfff000-7f5b3c000000 rw-p 00017000 08:16 3544572                    /usr/lib/jvm/java-7-openjdk-amd64/jre/lib/amd64/libnet.so
7f5b3c000000-7f5b3c021000 rw-p 00000000 00:00 0 
7f5b3c021000-7f5b40000000 ---p 00000000 00:00 0 
7f5b40000000-7f5b40021000 rw-p 00000000 00:00 0 
7f5b40021000-7f5b44000000 ---p 00000000 00:00 0 
7f5b44000000-7f5b4402a000 rw-p 00000000 00:00 0 
7f5b4402a000-7f5b48000000 ---p 00000000 00:00 0 
7f5b48006000-7f5b48010000 r--s 00000000 08:16 1837281                    /usr/share/fonts/X11/Type1/c0583bt_.pfb
7f5b48010000-7f5b48011000 r--s 00000000 08:16 1843619                    /var/cache/fontconfig/c05880de57d1f5e948fdfacc138775d9-le64.cache-3
7f5b48011000-7f5b4801a000 r--s 00000000 08:16 1843614                    /var/cache/fontconfig/945677eb7aeaf62f1d50efc3fb3ec7d8-le64.cache-3
7f5b4801a000-7f5b4801c000 r--s 00000000 08:16 1843615                    /var/cache/fontconfig/99e8ed0e538f840c565b6ed5dad60d56-le64.cache-3
7f5b4801c000-7f5b48024000 r--s 00000000 08:16 1846703                    /var/cache/fontconfig/a6d8cf8e4ec09cdbc8633c31745a07dd-le64.cache-3
7f5b48024000-7f5b48028000 r--s 00000000 08:16 1843601                    /var/cache/fontconfig/2cd17615ca594fa2959ae173292e504c-le64.cache-3
7f5b48028000-7f5b48029000 r--s 00000000 08:16 1843626                    /var/cache/fontconfig/e7071f4a29fa870f4323321c154eba04-le64.cache-3
7f5b48029000-7f5b4802a000 r--s 00000000 08:16 1843599                    /var/cache/fontconfig/0d8c3b2ac0904cb8a57a757ad11a4a08-le64.cache-3
7f5b4802a000-7f5b48030000 r--s 00000000 08:16 1843616                    /var/cache/fontconfig/a755afe4a08bf5b97852ceb7400b47bc-le64.cache-3
7f5b48030000-7f5b48031000 r--s 00000000 08:16 1846509                    /var/cache/fontconfig/5a76b20910bc01daa5b6abd117531ab8-le64.cache-3
7f5b48031000-7f5b4803a000 r--s 00000000 08:16 1847215                    /var/cache/fontconfig/6d41288fd70b0be22e8c3a91e032eec0-le64.cache-3
7f5b4803a000-7f5b4804a000 r--s 00000000 08:16 1843598                    /var/cache/fontconfig/04aabc0a78ac019cf9454389977116d2-le64.cache-3
7f5b4804a000-7f5b4804d000 r--s 00000000 08:16 1843604                    /var/cache/fontconfig/385c0604a188198f04d133e54aba7fe7-le64.cache-3
7f5b4804d000-7f5b4804e000 r--s 00000000 08:16 1841789                    /var/cache/fontconfig/4794a0821666d79190d59a36cb4f44b5-le64.cache-3
7f5b4804e000-7f5b48051000 r--s 00000000 08:16 1843613                    /var/cache/fontconfig/8801497958630a81b71ace7c5f9b32a8-le64.cache-3
7f5b48051000-7f5b4807f000 r--s 00000000 08:16 1846701                    /var/cache/fontconfig/365b55f210c0a22e9a19e35191240f32-le64.cache-3
7f5b4807f000-7f5b48084000 r--s 00000000 08:16 1843602                    /var/cache/fontconfig/3047814df9a2f067bd2d96a2b9c36e5a-le64.cache-3
7f5b48084000-7f5b48085000 r--s 00000000 08:16 1843607                    /var/cache/fontconfig/56cf4f4769d0f4abc89a4895d7bd3ae1-le64.cache-3
7f5b48085000-7f5b48086000 r--s 00000000 08:16 1843618                    /var/cache/fontconfig/b9d506c9ac06c20b433354fa67a72993-le64.cache-3
7f5b48086000-7f5b4808b000 r--s 00000000 08:16 1843617                    /var/cache/fontconfig/b47c4e1ecd0709278f4910c18777a504-le64.cache-3
7f5b4808b000-7f5b48093000 r--s 00000000 08:16 1846702                    /var/cache/fontconfig/52f7bdb7ce746bfd7eaa1985bd9cfa93-le64.cache-3
7f5b48093000-7f5b480a3000 r--s 00000000 08:16 1843622                    /var/cache/fontconfig/d52a8644073d54c13679302ca1180695-le64.cache-3
7f5b480a3000-7f5b480a9000 r--s 00000000 08:16 1846508                    /var/cache/fontconfig/3f7329c5293ffd510edef78f73874cfd-le64.cache-3
7f5b480a9000-7f5b480ac000 r--s 00000000 08:16 1842402                    /var/cache/fontconfig/e13b20fdb08344e0e664864cc2ede53d-le64.cache-3
7f5b480ac000-7f5b480b0000 r--s 00000000 08:16 1846742                    /var/cache/fontconfig/7ef2298fde41cc6eeb7af42e48b7d293-le64.cache-3
7f5b480b0000-7f5b480c6000 r--s 00000000 08:16 1838090                    /usr/share/fonts/type1/gsfonts/n022024l.pfb
7f5b480c6000-7f5b480de000 r--s 00000000 08:16 1838081                    /usr/share/fonts/type1/gsfonts/n022003l.pfb
7f5b480de000-7f5b480ef000 r--s 00000000 08:16 1838054                    /usr/share/fonts/type1/gsfonts/n019024l.pfb
7f5b480ef000-7f5b48108000 r--s 00000000 08:16 1838072                    /usr/share/fonts/type1/gsfonts/n021004l.pfb
7f5b48108000-7f5b48143000 r-xp 00000000 08:16 3544568                    /usr/lib/jvm/java-7-openjdk-amd64/jre/lib/amd64/libfontmanager.so
7f5b48143000-7f5b48342000 ---p 0003b000 08:16 3544568                    /usr/lib/jvm/java-7-openjdk-amd64/jre/lib/amd64/libfontmanager.so
7f5b48342000-7f5b48344000 r--p 0003a000 08:16 3544568                    /usr/lib/jvm/java-7-openjdk-amd64/jre/lib/amd64/libfontmanager.so
7f5b48344000-7f5b48345000 rw-p 0003c000 08:16 3544568                    /usr/lib/jvm/java-7-openjdk-amd64/jre/lib/amd64/libfontmanager.so
7f5b48345000-7f5b4834b000 r-xp 00000000 08:16 1056418                    /usr/lib/x86_64-linux-gnu/libogg.so.0.7.1
7f5b4834b000-7f5b4854a000 ---p 00006000 08:16 1056418                    /usr/lib/x86_64-linux-gnu/libogg.so.0.7.1
7f5b4854a000-7f5b4854b000 r--p 00005000 08:16 1056418                    /usr/lib/x86_64-linux-gnu/libogg.so.0.7.1
7f5b4854b000-7f5b4854c000 rw-p 00006000 08:16 1056418                    /usr/lib/x86_64-linux-gnu/libogg.so.0.7.1
7f5b4854c000-7f5b48577000 r-xp 00000000 08:16 1056576                    /usr/lib/x86_64-linux-gnu/libvorbis.so.0.4.5
7f5b48577000-7f5b48776000 ---p 0002b000 08:16 1056576                    /usr/lib/x86_64-linux-gnu/libvorbis.so.0.4.5
7f5b48776000-7f5b48777000 r--p 0002a000 08:16 1056576                    /usr/lib/x86_64-linux-gnu/libvorbis.so.0.4.5
7f5b48777000-7f5b48778000 rw-p 0002b000 08:16 1056576                    /usr/lib/x86_64-linux-gnu/libvorbis.so.0.4.5
7f5b48778000-7f5b48780000 r-xp 00000000 08:16 1056375                    /usr/lib/x86_64-linux-gnu/libltdl.so.7.3.0
7f5b48780000-7f5b48980000 ---p 00008000 08:16 1056375                    /usr/lib/x86_64-linux-gnu/libltdl.so.7.3.0
7f5b48980000-7f5b48981000 r--p 00008000 08:16 1056375                    /usr/lib/x86_64-linux-gnu/libltdl.so.7.3.0
7f5b48981000-7f5b48982000 rw-p 00009000 08:16 1056375                    /usr/lib/x86_64-linux-gnu/libltdl.so.7.3.0
7f5b48982000-7f5b48992000 r-xp 00000000 08:16 1056543                    /usr/lib/x86_64-linux-gnu/libtdb.so.1.2.9
7f5b48992000-7f5b48b91000 ---p 00010000 08:16 1056543                    /usr/lib/x86_64-linux-gnu/libtdb.so.1.2.9
7f5b48b91000-7f5b48b92000 r--p 0000f000 08:16 1056543                    /usr/lib/x86_64-linux-gnu/libtdb.so.1.2.9
7f5b48b92000-7f5b48b93000 rw-p 00010000 08:16 1056543                    /usr/lib/x86_64-linux-gnu/libtdb.so.1.2.9
7f5b48b93000-7f5b48b9a000 r-xp 00000000 08:16 1056580                    /usr/lib/x86_64-linux-gnu/libvorbisfile.so.3.3.4
7f5b48b9a000-7f5b48d99000 ---p 00007000 08:16 1056580                    /usr/lib/x86_64-linux-gnu/libvorbisfile.so.3.3.4
7f5b48d99000-7f5b48d9a000 r--p 00006000 08:16 1056580                    /usr/lib/x86_64-linux-gnu/libvorbisfile.so.3.3.4
7f5b48d9a000-7f5b48d9b000 rw-p 00007000 08:16 1056580                    /usr/lib/x86_64-linux-gnu/libvorbisfile.so.3.3.4
7f5b48d9b000-7f5b48daa000 r-xp 00000000 08:16 1056113                    /usr/lib/x86_64-linux-gnu/libcanberra.so.0.2.5
7f5b48daa000-7f5b48fa9000 ---p 0000f000 08:16 1056113                    /usr/lib/x86_64-linux-gnu/libcanberra.so.0.2.5
7f5b48fa9000-7f5b48faa000 r--p 0000e000 08:16 1056113                    /usr/lib/x86_64-linux-gnu/libcanberra.so.0.2.5
7f5b48faa000-7f5b48fab000 rw-p 0000f000 08:16 1056113                    /usr/lib/x86_64-linux-gnu/libcanberra.so.0.2.5
7f5b48fab000-7f5b48faf000 r-xp 00000000 08:16 1056109                    /usr/lib/x86_64-linux-gnu/libcanberra-gtk.so.0.1.8
7f5b48faf000-7f5b491ae000 ---p 00004000 08:16 1056109                    /usr/lib/x86_64-linux-gnu/libcanberra-gtk.so.0.1.8
7f5b491ae000-7f5b491af000 r--p 00003000 08:16 1056109                    /usr/lib/x86_64-linux-gnu/libcanberra-gtk.so.0.1.8
7f5b491af000-7f5b491b0000 rw-p 00004000 08:16 1056109                    /usr/lib/x86_64-linux-gnu/libcanberra-gtk.so.0.1.8
7f5b491b0000-7f5b491b5000 r-xp 00000000 08:16 1314709                    /usr/lib/x86_64-linux-gnu/gtk-2.0/modules/libcanberra-gtk-module.so
7f5b491b5000-7f5b493b4000 ---p 00005000 08:16 1314709                    /usr/lib/x86_64-linux-gnu/gtk-2.0/modules/libcanberra-gtk-module.so
7f5b493b4000-7f5b493b5000 r--p 00004000 08:16 1314709                    /usr/lib/x86_64-linux-gnu/gtk-2.0/modules/libcanberra-gtk-module.so
7f5b493b5000-7f5b493b6000 rw-p 00005000 08:16 1314709                    /usr/lib/x86_64-linux-gnu/gtk-2.0/modules/libcanberra-gtk-module.so
7f5b493b6000-7f5b493e5000 r-xp 00000000 08:16 1314688                    /usr/lib/x86_64-linux-gnu/gtk-2.0/2.10.0/engines/libmurrine.so
7f5b493e5000-7f5b495e5000 ---p 0002f000 08:16 1314688                    /usr/lib/x86_64-linux-gnu/gtk-2.0/2.10.0/engines/libmurrine.so
7f5b495e5000-7f5b495e6000 r--p 0002f000 08:16 1314688                    /usr/lib/x86_64-linux-gnu/gtk-2.0/2.10.0/engines/libmurrine.so
7f5b495e6000-7f5b495e7000 rw-p 00030000 08:16 1314688                    /usr/lib/x86_64-linux-gnu/gtk-2.0/2.10.0/engines/libmurrine.so
7f5b495e7000-7f5b495e8000 ---p 00000000 00:00 0 
7f5b495e8000-7f5b49de8000 rw-p 00000000 00:00 0 
7f5b49de8000-7f5b49de9000 ---p 00000000 00:00 0 
7f5b49de9000-7f5b4a5e9000 rw-p 00000000 00:00 0 
7f5b4a5e9000-7f5b4a5f0000 r-xp 00000000 08:16 1314551                    /usr/lib/x86_64-linux-gnu/gio/modules/libdconfsettings.so
7f5b4a5f0000-7f5b4a7ef000 ---p 00007000 08:16 1314551                    /usr/lib/x86_64-linux-gnu/gio/modules/libdconfsettings.so
7f5b4a7ef000-7f5b4a7f0000 r--p 00006000 08:16 1314551                    /usr/lib/x86_64-linux-gnu/gio/modules/libdconfsettings.so
7f5b4a7f0000-7f5b4a7f1000 rw-p 00007000 08:16 1314551                    /usr/lib/x86_64-linux-gnu/gio/modules/libdconfsettings.so
7f5b4a7f1000-7f5b4a801000 r-xp 00000000 08:16 1051646                    /usr/lib/liboverlay-scrollbar-0.2.so.0.0.16
7f5b4a801000-7f5b4aa00000 ---p 00010000 08:16 1051646                    /usr/lib/liboverlay-scrollbar-0.2.so.0.0.16
7f5b4aa00000-7f5b4aa01000 r--p 0000f000 08:16 1051646                    /usr/lib/liboverlay-scrollbar-0.2.so.0.0.16
7f5b4aa01000-7f5b4aa02000 rw-p 00010000 08:16 1051646                    /usr/lib/liboverlay-scrollbar-0.2.so.0.0.16
7f5b4aa02000-7f5b4aa05000 ---p 00000000 00:00 0 
7f5b4aa05000-7f5b4ab03000 rw-p 00000000 00:00 0 
7f5b4ab03000-7f5b4ab06000 ---p 00000000 00:00 0 
7f5b4ab06000-7f5b4ac04000 rw-p 00000000 00:00 0 
7f5b4ad05000-7f5b4ad08000 ---p 00000000 00:00 0 
7f5b4ad08000-7f5b4ae06000 rw-p 00000000 00:00 0 
7f5b4ae06000-7f5b4ae09000 ---p 00000000 00:00 0 
7f5b4ae09000-7f5b4af07000 rw-p 00000000 00:00 0 
7f5b4af07000-7f5b4af0a000 r-xp 00000000 08:16 5246606                    /lib/x86_64-linux-gnu/libgpg-error.so.0.8.0
7f5b4af0a000-7f5b4b109000 ---p 00003000 08:16 5246606                    /lib/x86_64-linux-gnu/libgpg-error.so.0.8.0
7f5b4b109000-7f5b4b10a000 r--p 00002000 08:16 5246606                    /lib/x86_64-linux-gnu/libgpg-error.so.0.8.0
7f5b4b10a000-7f5b4b10b000 rw-p 00003000 08:16 5246606                    /lib/x86_64-linux-gnu/libgpg-error.so.0.8.0
7f5b4b10b000-7f5b4b10e000 r-xp 00000000 08:16 5246610                    /lib/x86_64-linux-gnu/libkeyutils.so.1.4
7f5b4b10e000-7f5b4b30d000 ---p 00003000 08:16 5246610                    /lib/x86_64-linux-gnu/libkeyutils.so.1.4
7f5b4b30d000-7f5b4b30e000 r--p 00002000 08:16 5246610                    /lib/x86_64-linux-gnu/libkeyutils.so.1.4
7f5b4b30e000-7f5b4b30f000 rw-p 00003000 08:16 5246610                    /lib/x86_64-linux-gnu/libkeyutils.so.1.4
7f5b4b30f000-7f5b4b351000 r-xp 00000000 08:16 5246591                    /lib/x86_64-linux-gnu/libdbus-1.so.3.5.8
7f5b4b351000-7f5b4b551000 ---p 00042000 08:16 5246591                    /lib/x86_64-linux-gnu/libdbus-1.so.3.5.8
7f5b4b551000-7f5b4b552000 r--p 00042000 08:16 5246591                    /lib/x86_64-linux-gnu/libdbus-1.so.3.5.8
7f5b4b552000-7f5b4b553000 rw-p 00043000 08:16 5246591                    /lib/x86_64-linux-gnu/libdbus-1.so.3.5.8
7f5b4b553000-7f5b4b564000 r-xp 00000000 08:16 1056424                    /usr/lib/x86_64-linux-gnu/libp11-kit.so.0.0.0
7f5b4b564000-7f5b4b763000 ---p 00011000 08:16 1056424                    /usr/lib/x86_64-linux-gnu/libp11-kit.so.0.0.0
7f5b4b763000-7f5b4b764000 r--p 00010000 08:16 1056424                    /usr/lib/x86_64-linux-gnu/libp11-kit.so.0.0.0
7f5b4b764000-7f5b4b765000 rw-p 00011000 08:16 1056424                    /usr/lib/x86_64-linux-gnu/libp11-kit.so.0.0.0
7f5b4b765000-7f5b4b7df000 r-xp 00000000 08:16 5246882                    /lib/x86_64-linux-gnu/libgcrypt.so.11.7.0
7f5b4b7df000-7f5b4b9df000 ---p 0007a000 08:16 5246882                    /lib/x86_64-linux-gnu/libgcrypt.so.11.7.0
7f5b4b9df000-7f5b4b9e0000 r--p 0007a000 08:16 5246882                    /lib/x86_64-linux-gnu/libgcrypt.so.11.7.0
7f5b4b9e0000-7f5b4b9e3000 rw-p 0007b000 08:16 5246882                    /lib/x86_64-linux-gnu/libgcrypt.so.11.7.0
7f5b4b9e3000-7f5b4b9f3000 r-xp 00000000 08:16 1061093                    /usr/lib/x86_64-linux-gnu/libtasn1.so.3.1.12
7f5b4b9f3000-7f5b4bbf2000 ---p 00010000 08:16 1061093                    /usr/lib/x86_64-linux-gnu/libtasn1.so.3.1.12
7f5b4bbf2000-7f5b4bbf3000 r--p 0000f000 08:16 1061093                    /usr/lib/x86_64-linux-gnu/libtasn1.so.3.1.12
7f5b4bbf3000-7f5b4bbf4000 rw-p 00010000 08:16 1061093                    /usr/lib/x86_64-linux-gnu/libtasn1.so.3.1.12
7f5b4bbf4000-7f5b4bbfb000 r-xp 00000000 08:16 1052728                    /usr/lib/x86_64-linux-gnu/libkrb5support.so.0.1
7f5b4bbfb000-7f5b4bdfa000 ---p 00007000 08:16 1052728                    /usr/lib/x86_64-linux-gnu/libkrb5support.so.0.1
7f5b4bdfa000-7f5b4bdfb000 r--p 00006000 08:16 1052728                    /usr/lib/x86_64-linux-gnu/libkrb5support.so.0.1
7f5b4bdfb000-7f5b4bdfc000 rw-p 00007000 08:16 1052728                    /usr/lib/x86_64-linux-gnu/libkrb5support.so.0.1
7f5b4bdfc000-7f5b4bdff000 r-xp 00000000 08:16 5246586                    /lib/x86_64-linux-gnu/libcom_err.so.2.1
7f5b4bdff000-7f5b4bffe000 ---p 00003000 08:16 5246586                    /lib/x86_64-linux-gnu/libcom_err.so.2.1
7f5b4bffe000-7f5b4bfff000 r--p 00002000 08:16 5246586                    /lib/x86_64-linux-gnu/libcom_err.so.2.1
7f5b4bfff000-7f5b4c000000 rw-p 00003000 08:16 5246586                    /lib/x86_64-linux-gnu/libcom_err.so.2.1
7f5b4c000000-7f5b4cef3000 rw-p 00000000 00:00 0 
7f5b4cef3000-7f5b50000000 ---p 00000000 00:00 0 
7f5b50000000-7f5b50012000 r--s 00000000 08:16 1838048                    /usr/share/fonts/type1/gsfonts/n019004l.pfb
7f5b50012000-7f5b5002b000 r--s 00000000 08:16 1838084                    /usr/share/fonts/type1/gsfonts/n022004l.pfb
7f5b5002b000-7f5b50044000 r--s 00000000 08:16 1838069                    /usr/share/fonts/type1/gsfonts/n021003l.pfb
7f5b50044000-7f5b5005a000 r--s 00000000 08:16 1838078                    /usr/share/fonts/type1/gsfonts/n021024l.pfb
7f5b5005a000-7f5b50070000 r--s 00000000 08:16 1838087                    /usr/share/fonts/type1/gsfonts/n022023l.pfb
7f5b50070000-7f5b50087000 r--s 00000000 08:16 1838075                    /usr/share/fonts/type1/gsfonts/n021023l.pfb
7f5b50087000-7f5b50091000 r--s 00000000 08:16 1838111                    /usr/share/fonts/type1/mathml/Symbol.pfb
7f5b50091000-7f5b500b6000 r-xp 00000000 08:16 1052714                    /usr/lib/x86_64-linux-gnu/libk5crypto.so.3.1
7f5b500b6000-7f5b502b6000 ---p 00025000 08:16 1052714                    /usr/lib/x86_64-linux-gnu/libk5crypto.so.3.1
7f5b502b6000-7f5b502b7000 r--p 00025000 08:16 1052714                    /usr/lib/x86_64-linux-gnu/libk5crypto.so.3.1
7f5b502b7000-7f5b502b8000 rw-p 00026000 08:16 1052714                    /usr/lib/x86_64-linux-gnu/libk5crypto.so.3.1
7f5b502b8000-7f5b502b9000 rw-p 00000000 00:00 0 
7f5b502b9000-7f5b5037d000 r-xp 00000000 08:16 1052724                    /usr/lib/x86_64-linux-gnu/libkrb5.so.3.3
7f5b5037d000-7f5b5057c000 ---p 000c4000 08:16 1052724                    /usr/lib/x86_64-linux-gnu/libkrb5.so.3.3
7f5b5057c000-7f5b50586000 r--p 000c3000 08:16 1052724                    /usr/lib/x86_64-linux-gnu/libkrb5.so.3.3
7f5b50586000-7f5b50587000 rw-p 000cd000 08:16 1052724                    /usr/lib/x86_64-linux-gnu/libkrb5.so.3.3
7f5b50587000-7f5b5058f000 r-xp 00000000 08:16 1056599                    /usr/lib/x86_64-linux-gnu/libxcb-render.so.0.0.0
7f5b5058f000-7f5b5078f000 ---p 00008000 08:16 1056599                    /usr/lib/x86_64-linux-gnu/libxcb-render.so.0.0.0
7f5b5078f000-7f5b50790000 r--p 00008000 08:16 1056599                    /usr/lib/x86_64-linux-gnu/libxcb-render.so.0.0.0
7f5b50790000-7f5b50791000 rw-p 00009000 08:16 1056599                    /usr/lib/x86_64-linux-gnu/libxcb-render.so.0.0.0
7f5b50791000-7f5b50793000 r-xp 00000000 08:16 1056603                    /usr/lib/x86_64-linux-gnu/libxcb-shm.so.0.0.0
7f5b50793000-7f5b50992000 ---p 00002000 08:16 1056603                    /usr/lib/x86_64-linux-gnu/libxcb-shm.so.0.0.0
7f5b50992000-7f5b50993000 r--p 00001000 08:16 1056603                    /usr/lib/x86_64-linux-gnu/libxcb-shm.so.0.0.0
7f5b50993000-7f5b50994000 rw-p 00002000 08:16 1056603                    /usr/lib/x86_64-linux-gnu/libxcb-shm.so.0.0.0
7f5b50994000-7f5b509ba000 r-xp 00000000 08:16 5246656                    /lib/x86_64-linux-gnu/libpng12.so.0.46.0
7f5b509ba000-7f5b50bba000 ---p 00026000 08:16 5246656                    /lib/x86_64-linux-gnu/libpng12.so.0.46.0
7f5b50bba000-7f5b50bbb000 r--p 00026000 08:16 5246656                    /lib/x86_64-linux-gnu/libpng12.so.0.46.0
7f5b50bbb000-7f5b50bbc000 rw-p 00027000 08:16 5246656                    /lib/x86_64-linux-gnu/libpng12.so.0.46.0
7f5b50bbc000-7f5b50c3d000 r-xp 00000000 08:16 1056450                    /usr/lib/x86_64-linux-gnu/libpixman-1.so.0.24.4
7f5b50c3d000-7f5b50e3c000 ---p 00081000 08:16 1056450                    /usr/lib/x86_64-linux-gnu/libpixman-1.so.0.24.4
7f5b50e3c000-7f5b50e42000 r--p 00080000 08:16 1056450                    /usr/lib/x86_64-linux-gnu/libpixman-1.so.0.24.4
7f5b50e42000-7f5b50e43000 rw-p 00086000 08:16 1056450                    /usr/lib/x86_64-linux-gnu/libpixman-1.so.0.24.4
7f5b50e43000-7f5b50e48000 r-xp 00000000 08:16 1056019                    /usr/lib/x86_64-linux-gnu/libXdmcp.so.6.0.0
7f5b50e48000-7f5b51047000 ---p 00005000 08:16 1056019                    /usr/lib/x86_64-linux-gnu/libXdmcp.so.6.0.0
7f5b51047000-7f5b51048000 r--p 00004000 08:16 1056019                    /usr/lib/x86_64-linux-gnu/libXdmcp.so.6.0.0
7f5b51048000-7f5b51049000 rw-p 00005000 08:16 1056019                    /usr/lib/x86_64-linux-gnu/libXdmcp.so.6.0.0
7f5b51049000-7f5b5104b000 r-xp 00000000 08:16 1056008                    /usr/lib/x86_64-linux-gnu/libXau.so.6.0.0
7f5b5104b000-7f5b5124a000 ---p 00002000 08:16 1056008                    /usr/lib/x86_64-linux-gnu/libXau.so.6.0.0
7f5b5124a000-7f5b5124b000 r--p 00001000 08:16 1056008                    /usr/lib/x86_64-linux-gnu/libXau.so.6.0.0
7f5b5124b000-7f5b5124c000 rw-p 00002000 08:16 1056008                    /usr/lib/x86_64-linux-gnu/libXau.so.6.0.0
7f5b5124c000-7f5b5125c000 r-xp 00000000 08:16 1056075                    /usr/lib/x86_64-linux-gnu/libavahi-client.so.3.2.9
7f5b5125c000-7f5b5145b000 ---p 00010000 08:16 1056075                    /usr/lib/x86_64-linux-gnu/libavahi-client.so.3.2.9
7f5b5145b000-7f5b5145c000 r--p 0000f000 08:16 1056075                    /usr/lib/x86_64-linux-gnu/libavahi-client.so.3.2.9
7f5b5145c000-7f5b5145d000 rw-p 00010000 08:16 1056075                    /usr/lib/x86_64-linux-gnu/libavahi-client.so.3.2.9
7f5b5145d000-7f5b51468000 r-xp 00000000 08:16 1056077                    /usr/lib/x86_64-linux-gnu/libavahi-common.so.3.5.3
7f5b51468000-7f5b51667000 ---p 0000b000 08:16 1056077                    /usr/lib/x86_64-linux-gnu/libavahi-common.so.3.5.3
7f5b51667000-7f5b51668000 r--p 0000a000 08:16 1056077                    /usr/lib/x86_64-linux-gnu/libavahi-common.so.3.5.3
7f5b51668000-7f5b51669000 rw-p 0000b000 08:16 1056077                    /usr/lib/x86_64-linux-gnu/libavahi-common.so.3.5.3
7f5b51669000-7f5b5171d000 r-xp 00000000 08:16 1056248                    /usr/lib/x86_64-linux-gnu/libgnutls.so.26.21.8
7f5b5171d000-7f5b5191d000 ---p 000b4000 08:16 1056248                    /usr/lib/x86_64-linux-gnu/libgnutls.so.26.21.8
7f5b5191d000-7f5b51923000 r--p 000b4000 08:16 1056248                    /usr/lib/x86_64-linux-gnu/libgnutls.so.26.21.8
7f5b51923000-7f5b51924000 rw-p 000ba000 08:16 1056248                    /usr/lib/x86_64-linux-gnu/libgnutls.so.26.21.8
7f5b51924000-7f5b51925000 rw-p 00000000 00:00 0 
7f5b51925000-7f5b51960000 r-xp 00000000 08:16 1052718                    /usr/lib/x86_64-linux-gnu/libgssapi_krb5.so.2.2
7f5b51960000-7f5b51b60000 ---p 0003b000 08:16 1052718                    /usr/lib/x86_64-linux-gnu/libgssapi_krb5.so.2.2
7f5b51b60000-7f5b51b61000 r--p 0003b000 08:16 1052718                    /usr/lib/x86_64-linux-gnu/libgssapi_krb5.so.2.2
7f5b51b61000-7f5b51b63000 rw-p 0003c000 08:16 1052718                    /usr/lib/x86_64-linux-gnu/libgssapi_krb5.so.2.2
7f5b51b63000-7f5b51b9f000 r-xp 00000000 08:16 5246652                    /lib/x86_64-linux-gnu/libpcre.so.3.12.1
7f5b51b9f000-7f5b51d9e000 ---p 0003c000 08:16 5246652                    /lib/x86_64-linux-gnu/libpcre.so.3.12.1
7f5b51d9e000-7f5b51d9f000 r--p 0003b000 08:16 5246652                    /lib/x86_64-linux-gnu/libpcre.so.3.12.1
7f5b51d9f000-7f5b51da0000 rw-p 0003c000 08:16 5246652                    /lib/x86_64-linux-gnu/libpcre.so.3.12.1
7f5b51da0000-7f5b51da7000 r-xp 00000000 08:16 1056193                    /usr/lib/x86_64-linux-gnu/libffi.so.6.0.0
7f5b51da7000-7f5b51fa6000 ---p 00007000 08:16 1056193                    /usr/lib/x86_64-linux-gnu/libffi.so.6.0.0
7f5b51fa6000-7f5b51fa7000 r--p 00006000 08:16 1056193                    /usr/lib/x86_64-linux-gnu/libffi.so.6.0.0
7f5b51fa7000-7f5b51fa8000 rw-p 00007000 08:16 1056193                    /usr/lib/x86_64-linux-gnu/libffi.so.6.0.0
7f5b51fa8000-7f5b51fcf000 r-xp 00000000 08:16 5246597                    /lib/x86_64-linux-gnu/libexpat.so.1.5.2
7f5b51fcf000-7f5b521cf000 ---p 00027000 08:16 5246597                    /lib/x86_64-linux-gnu/libexpat.so.1.5.2
7f5b521cf000-7f5b521d1000 r--p 00027000 08:16 5246597                    /lib/x86_64-linux-gnu/libexpat.so.1.5.2
7f5b521d1000-7f5b521d2000 rw-p 00029000 08:16 5246597                    /lib/x86_64-linux-gnu/libexpat.so.1.5.2
7f5b521d2000-7f5b52268000 r-xp 00000000 08:16 1056201                    /usr/lib/x86_64-linux-gnu/libfreetype.so.6.8.0
7f5b52268000-7f5b52467000 ---p 00096000 08:16 1056201                    /usr/lib/x86_64-linux-gnu/libfreetype.so.6.8.0
7f5b52467000-7f5b5246d000 r--p 00095000 08:16 1056201                    /usr/lib/x86_64-linux-gnu/libfreetype.so.6.8.0
7f5b5246d000-7f5b5246e000 rw-p 0009b000 08:16 1056201                    /usr/lib/x86_64-linux-gnu/libfreetype.so.6.8.0
7f5b5246e000-7f5b52486000 r-xp 00000000 08:16 5246663                    /lib/x86_64-linux-gnu/libresolv-2.15.so
7f5b52486000-7f5b52686000 ---p 00018000 08:16 5246663                    /lib/x86_64-linux-gnu/libresolv-2.15.so
7f5b52686000-7f5b52687000 r--p 00018000 08:16 5246663                    /lib/x86_64-linux-gnu/libresolv-2.15.so
7f5b52687000-7f5b52688000 rw-p 00019000 08:16 5246663                    /lib/x86_64-linux-gnu/libresolv-2.15.so
7f5b52688000-7f5b5268a000 rw-p 00000000 00:00 0 
7f5b5268a000-7f5b526a7000 r-xp 00000000 08:16 5246667                    /lib/x86_64-linux-gnu/libselinux.so.1
7f5b526a7000-7f5b528a6000 ---p 0001d000 08:16 5246667                    /lib/x86_64-linux-gnu/libselinux.so.1
7f5b528a6000-7f5b528a7000 r--p 0001c000 08:16 5246667                    /lib/x86_64-linux-gnu/libselinux.so.1
7f5b528a7000-7f5b528a8000 rw-p 0001d000 08:16 5246667                    /lib/x86_64-linux-gnu/libselinux.so.1
7f5b528a8000-7f5b528a9000 rw-p 00000000 00:00 0 
7f5b528a9000-7f5b528ac000 r-xp 00000000 08:16 1059287                    /usr/lib/x86_64-linux-gnu/libgmodule-2.0.so.0.3200.3
7f5b528ac000-7f5b52aab000 ---p 00003000 08:16 1059287                    /usr/lib/x86_64-linux-gnu/libgmodule-2.0.so.0.3200.3
7f5b52aab000-7f5b52aac000 r--p 00002000 08:16 1059287                    /usr/lib/x86_64-linux-gnu/libgmodule-2.0.so.0.3200.3
7f5b52aac000-7f5b52aad000 rw-p 00003000 08:16 1059287                    /usr/lib/x86_64-linux-gnu/libgmodule-2.0.so.0.3200.3
7f5b52aad000-7f5b52aaf000 r-xp 00000000 08:16 1056017                    /usr/lib/x86_64-linux-gnu/libXdamage.so.1.1.0
7f5b52aaf000-7f5b52cae000 ---p 00002000 08:16 1056017                    /usr/lib/x86_64-linux-gnu/libXdamage.so.1.1.0
7f5b52cae000-7f5b52caf000 r--p 00001000 08:16 1056017                    /usr/lib/x86_64-linux-gnu/libXdamage.so.1.1.0
7f5b52caf000-7f5b52cb0000 rw-p 00002000 08:16 1056017                    /usr/lib/x86_64-linux-gnu/libXdamage.so.1.1.0
7f5b52cb0000-7f5b52cb2000 r-xp 00000000 08:16 1056013                    /usr/lib/x86_64-linux-gnu/libXcomposite.so.1.0.0
7f5b52cb2000-7f5b52eb1000 ---p 00002000 08:16 1056013                    /usr/lib/x86_64-linux-gnu/libXcomposite.so.1.0.0
7f5b52eb1000-7f5b52eb2000 r--p 00001000 08:16 1056013                    /usr/lib/x86_64-linux-gnu/libXcomposite.so.1.0.0
7f5b52eb2000-7f5b52eb3000 rw-p 00002000 08:16 1056013                    /usr/lib/x86_64-linux-gnu/libXcomposite.so.1.0.0
7f5b52eb3000-7f5b52ebc000 r-xp 00000000 08:16 1056015                    /usr/lib/x86_64-linux-gnu/libXcursor.so.1.0.2
7f5b52ebc000-7f5b530bb000 ---p 00009000 08:16 1056015                    /usr/lib/x86_64-linux-gnu/libXcursor.so.1.0.2
7f5b530bb000-7f5b530bc000 r--p 00008000 08:16 1056015                    /usr/lib/x86_64-linux-gnu/libXcursor.so.1.0.2
7f5b530bc000-7f5b530bd000 rw-p 00009000 08:16 1056015                    /usr/lib/x86_64-linux-gnu/libXcursor.so.1.0.2
7f5b530bd000-7f5b530c5000 r-xp 00000000 08:16 1056039                    /usr/lib/x86_64-linux-gnu/libXrandr.so.2.2.0
7f5b530c5000-7f5b532c4000 ---p 00008000 08:16 1056039                    /usr/lib/x86_64-linux-gnu/libXrandr.so.2.2.0
7f5b532c4000-7f5b532c5000 r--p 00007000 08:16 1056039                    /usr/lib/x86_64-linux-gnu/libXrandr.so.2.2.0
7f5b532c5000-7f5b532c6000 rw-p 00008000 08:16 1056039                    /usr/lib/x86_64-linux-gnu/libXrandr.so.2.2.0
7f5b532c6000-7f5b532ef000 r-xp 00000000 08:16 1056253                    /usr/lib/x86_64-linux-gnu/libpangoft2-1.0.so.0.3000.0
7f5b532ef000-7f5b534ee000 ---p 00029000 08:16 1056253                    /usr/lib/x86_64-linux-gnu/libpangoft2-1.0.so.0.3000.0
7f5b534ee000-7f5b534ef000 r--p 00028000 08:16 1056253                    /usr/lib/x86_64-linux-gnu/libpangoft2-1.0.so.0.3000.0
7f5b534ef000-7f5b534f0000 rw-p 00029000 08:16 1056253                    /usr/lib/x86_64-linux-gnu/libpangoft2-1.0.so.0.3000.0
7f5b534f0000-7f5b535a9000 r-xp 00000000 08:16 1055379                    /usr/lib/x86_64-linux-gnu/libcairo.so.2.11000.2
7f5b535a9000-7f5b537a8000 ---p 000b9000 08:16 1055379                    /usr/lib/x86_64-linux-gnu/libcairo.so.2.11000.2
7f5b537a8000-7f5b537aa000 r--p 000b8000 08:16 1055379                    /usr/lib/x86_64-linux-gnu/libcairo.so.2.11000.2
7f5b537aa000-7f5b537ab000 rw-p 000ba000 08:16 1055379                    /usr/lib/x86_64-linux-gnu/libcairo.so.2.11000.2
7f5b537ab000-7f5b537ae000 rw-p 00000000 00:00 0 
7f5b537ae000-7f5b537cd000 r-xp 00000000 08:16 1056067                    /usr/lib/x86_64-linux-gnu/libatk-1.0.so.0.20409.1
7f5b537cd000-7f5b539cd000 ---p 0001f000 08:16 1056067                    /usr/lib/x86_64-linux-gnu/libatk-1.0.so.0.20409.1
7f5b539cd000-7f5b539cf000 r--p 0001f000 08:16 1056067                    /usr/lib/x86_64-linux-gnu/libatk-1.0.so.0.20409.1
7f5b539cf000-7f5b539d0000 rw-p 00021000 08:16 1056067                    /usr/lib/x86_64-linux-gnu/libatk-1.0.so.0.20409.1
7f5b539d0000-7f5b539d5000 r-xp 00000000 08:16 1056023                    /usr/lib/x86_64-linux-gnu/libXfixes.so.3.1.0
7f5b539d5000-7f5b53bd4000 ---p 00005000 08:16 1056023                    /usr/lib/x86_64-linux-gnu/libXfixes.so.3.1.0
7f5b53bd4000-7f5b53bd5000 r--p 00004000 08:16 1056023                    /usr/lib/x86_64-linux-gnu/libXfixes.so.3.1.0
7f5b53bd5000-7f5b53bd6000 rw-p 00005000 08:16 1056023                    /usr/lib/x86_64-linux-gnu/libXfixes.so.3.1.0
7f5b53bd6000-7f5b53be1000 r-xp 00000000 08:16 1056239                    /usr/lib/x86_64-linux-gnu/libpangocairo-1.0.so.0.3000.0
7f5b53be1000-7f5b53de0000 ---p 0000b000 08:16 1056239                    /usr/lib/x86_64-linux-gnu/libpangocairo-1.0.so.0.3000.0
7f5b53de0000-7f5b53de1000 r--p 0000a000 08:16 1056239                    /usr/lib/x86_64-linux-gnu/libpangocairo-1.0.so.0.3000.0
7f5b53de1000-7f5b53de2000 rw-p 0000b000 08:16 1056239                    /usr/lib/x86_64-linux-gnu/libpangocairo-1.0.so.0.3000.0
7f5b53de2000-7f5b53dff000 r-xp 00000000 08:16 1056607                    /usr/lib/x86_64-linux-gnu/libxcb.so.1.1.0
7f5b53dff000-7f5b53ffe000 ---p 0001d000 08:16 1056607                    /usr/lib/x86_64-linux-gnu/libxcb.so.1.1.0
7f5b53ffe000-7f5b53fff000 r--p 0001c000 08:16 1056607                    /usr/lib/x86_64-linux-gnu/libxcb.so.1.1.0
7f5b53fff000-7f5b54000000 rw-p 0001d000 08:16 1056607                    /usr/lib/x86_64-linux-gnu/libxcb.so.1.1.0
7f5b54000000-7f5b543c5000 rw-p 00000000 00:00 0 
7f5b543c5000-7f5b58000000 ---p 00000000 00:00 0 
7f5b58000000-7f5b58021000 rw-p 00000000 00:00 0 
7f5b58021000-7f5b5c000000 ---p 00000000 00:00 0 
7f5b5c000000-7f5b5c0ab000 rw-p 00000000 00:00 0 
7f5b5c0ab000-7f5b60000000 ---p 00000000 00:00 0 
7f5b60000000-7f5b603dd000 rw-p 00000000 00:00 0 
7f5b603dd000-7f5b64000000 ---p 00000000 00:00 0 
7f5b64000000-7f5b64021000 rw-p 00000000 00:00 0 
7f5b64021000-7f5b68000000 ---p 00000000 00:00 0 
7f5b68000000-7f5b68021000 rw-p 00000000 00:00 0 
7f5b68021000-7f5b6c000000 ---p 00000000 00:00 0 
7f5b6c000000-7f5b6c021000 rw-p 00000000 00:00 0 
7f5b6c021000-7f5b70000000 ---p 00000000 00:00 0 
7f5b70000000-7f5b70021000 rw-p 00000000 00:00 0 
7f5b70021000-7f5b74000000 ---p 00000000 00:00 0 
7f5b74000000-7f5b74002000 r-xp 00000000 08:16 1056029                    /usr/lib/x86_64-linux-gnu/libXinerama.so.1.0.0
7f5b74002000-7f5b74201000 ---p 00002000 08:16 1056029                    /usr/lib/x86_64-linux-gnu/libXinerama.so.1.0.0
7f5b74201000-7f5b74202000 r--p 00001000 08:16 1056029                    /usr/lib/x86_64-linux-gnu/libXinerama.so.1.0.0
7f5b74202000-7f5b74203000 rw-p 00002000 08:16 1056029                    /usr/lib/x86_64-linux-gnu/libXinerama.so.1.0.0
7f5b74203000-7f5b74253000 r-xp 00000000 08:16 1061164                    /usr/lib/x86_64-linux-gnu/libcups.so.2
7f5b74253000-7f5b74452000 ---p 00050000 08:16 1061164                    /usr/lib/x86_64-linux-gnu/libcups.so.2
7f5b74452000-7f5b74456000 r--p 0004f000 08:16 1061164                    /usr/lib/x86_64-linux-gnu/libcups.so.2
7f5b74456000-7f5b74457000 rw-p 00053000 08:16 1061164                    /usr/lib/x86_64-linux-gnu/libcups.so.2
7f5b74457000-7f5b74549000 r-xp 00000000 08:16 5246872                    /lib/x86_64-linux-gnu/libglib-2.0.so.0.3200.3
7f5b74549000-7f5b74749000 ---p 000f2000 08:16 5246872                    /lib/x86_64-linux-gnu/libglib-2.0.so.0.3200.3
7f5b74749000-7f5b7474a000 r--p 000f2000 08:16 5246872                    /lib/x86_64-linux-gnu/libglib-2.0.so.0.3200.3
7f5b7474a000-7f5b7474b000 rw-p 000f3000 08:16 5246872                    /lib/x86_64-linux-gnu/libglib-2.0.so.0.3200.3
7f5b7474b000-7f5b7474c000 rw-p 00000000 00:00 0 
7f5b7474c000-7f5b7474d000 r-xp 00000000 08:16 1059283                    /usr/lib/x86_64-linux-gnu/libgthread-2.0.so.0.3200.3
7f5b7474d000-7f5b7494c000 ---p 00001000 08:16 1059283                    /usr/lib/x86_64-linux-gnu/libgthread-2.0.so.0.3200.3
7f5b7494c000-7f5b7494d000 r--p 00000000 08:16 1059283                    /usr/lib/x86_64-linux-gnu/libgthread-2.0.so.0.3200.3
7f5b7494d000-7f5b7494e000 rw-p 00001000 08:16 1059283                    /usr/lib/x86_64-linux-gnu/libgthread-2.0.so.0.3200.3
7f5b7494e000-7f5b7499b000 r-xp 00000000 08:16 1059295                    /usr/lib/x86_64-linux-gnu/libgobject-2.0.so.0.3200.3
7f5b7499b000-7f5b74b9b000 ---p 0004d000 08:16 1059295                    /usr/lib/x86_64-linux-gnu/libgobject-2.0.so.0.3200.3
7f5b74b9b000-7f5b74b9c000 r--p 0004d000 08:16 1059295                    /usr/lib/x86_64-linux-gnu/libgobject-2.0.so.0.3200.3
7f5b74b9c000-7f5b74b9d000 rw-p 0004e000 08:16 1059295                    /usr/lib/x86_64-linux-gnu/libgobject-2.0.so.0.3200.3
7f5b74b9d000-7f5b74bd1000 r-xp 00000000 08:16 1056195                    /usr/lib/x86_64-linux-gnu/libfontconfig.so.1.4.4
7f5b74bd1000-7f5b74dd1000 ---p 00034000 08:16 1056195                    /usr/lib/x86_64-linux-gnu/libfontconfig.so.1.4.4
7f5b74dd1000-7f5b74dd2000 r--p 00034000 08:16 1056195                    /usr/lib/x86_64-linux-gnu/libfontconfig.so.1.4.4
7f5b74dd2000-7f5b74dd3000 rw-p 00035000 08:16 1056195                    /usr/lib/x86_64-linux-gnu/libfontconfig.so.1.4.4
7f5b74dd3000-7f5b74e19000 r-xp 00000000 08:16 1056229                    /usr/lib/x86_64-linux-gnu/libpango-1.0.so.0.3000.0
7f5b74e19000-7f5b75019000 ---p 00046000 08:16 1056229                    /usr/lib/x86_64-linux-gnu/libpango-1.0.so.0.3000.0
7f5b75019000-7f5b7501b000 r--p 00046000 08:16 1056229                    /usr/lib/x86_64-linux-gnu/libpango-1.0.so.0.3000.0
7f5b7501b000-7f5b7501c000 rw-p 00048000 08:16 1056229                    /usr/lib/x86_64-linux-gnu/libpango-1.0.so.0.3000.0
7f5b7501c000-7f5b7503a000 r-xp 00000000 08:16 1056220                    /usr/lib/x86_64-linux-gnu/libgdk_pixbuf-2.0.so.0.2600.1
7f5b7503a000-7f5b7523a000 ---p 0001e000 08:16 1056220                    /usr/lib/x86_64-linux-gnu/libgdk_pixbuf-2.0.so.0.2600.1
7f5b7523a000-7f5b7523b000 r--p 0001e000 08:16 1056220                    /usr/lib/x86_64-linux-gnu/libgdk_pixbuf-2.0.so.0.2600.1
7f5b7523b000-7f5b7523c000 rw-p 0001f000 08:16 1056220                    /usr/lib/x86_64-linux-gnu/libgdk_pixbuf-2.0.so.0.2600.1
7f5b7523c000-7f5b75384000 r-xp 00000000 08:16 1059291                    /usr/lib/x86_64-linux-gnu/libgio-2.0.so.0.3200.3
7f5b75384000-7f5b75583000 ---p 00148000 08:16 1059291                    /usr/lib/x86_64-linux-gnu/libgio-2.0.so.0.3200.3
7f5b75583000-7f5b75587000 r--p 00147000 08:16 1059291                    /usr/lib/x86_64-linux-gnu/libgio-2.0.so.0.3200.3
7f5b75587000-7f5b75589000 rw-p 0014b000 08:16 1059291                    /usr/lib/x86_64-linux-gnu/libgio-2.0.so.0.3200.3
7f5b75589000-7f5b7558b000 rw-p 00000000 00:00 0 
7f5b7558b000-7f5b75638000 r-xp 00000000 08:16 1056218                    /usr/lib/x86_64-linux-gnu/libgdk-x11-2.0.so.0.2400.10
7f5b75638000-7f5b75837000 ---p 000ad000 08:16 1056218                    /usr/lib/x86_64-linux-gnu/libgdk-x11-2.0.so.0.2400.10
7f5b75837000-7f5b7583b000 r--p 000ac000 08:16 1056218                    /usr/lib/x86_64-linux-gnu/libgdk-x11-2.0.so.0.2400.10
7f5b7583b000-7f5b7583d000 rw-p 000b0000 08:16 1056218                    /usr/lib/x86_64-linux-gnu/libgdk-x11-2.0.so.0.2400.10
7f5b7583d000-7f5b75c6a000 r-xp 00000000 08:16 1056313                    /usr/lib/x86_64-linux-gnu/libgtk-x11-2.0.so.0.2400.10
7f5b75c6a000-7f5b75e6a000 ---p 0042d000 08:16 1056313                    /usr/lib/x86_64-linux-gnu/libgtk-x11-2.0.so.0.2400.10
7f5b75e6a000-7f5b75e71000 r--p 0042d000 08:16 1056313                    /usr/lib/x86_64-linux-gnu/libgtk-x11-2.0.so.0.2400.10
7f5b75e71000-7f5b75e75000 rw-p 00434000 08:16 1056313                    /usr/lib/x86_64-linux-gnu/libgtk-x11-2.0.so.0.2400.10
7f5b75e75000-7f5b75e77000 rw-p 00000000 00:00 0 
7f5b75e77000-7f5b75e85000 r-xp 00000000 08:16 1056027                    /usr/lib/x86_64-linux-gnu/libXi.so.6.1.0
7f5b75e85000-7f5b76084000 ---p 0000e000 08:16 1056027                    /usr/lib/x86_64-linux-gnu/libXi.so.6.1.0
7f5b76084000-7f5b76085000 r--p 0000d000 08:16 1056027                    /usr/lib/x86_64-linux-gnu/libXi.so.6.1.0
7f5b76085000-7f5b76086000 rw-p 0000e000 08:16 1056027                    /usr/lib/x86_64-linux-gnu/libXi.so.6.1.0
7f5b76086000-7f5b7608b000 r-xp 00000000 08:16 1056045                    /usr/lib/x86_64-linux-gnu/libXtst.so.6.1.0
7f5b7608b000-7f5b7628a000 ---p 00005000 08:16 1056045                    /usr/lib/x86_64-linux-gnu/libXtst.so.6.1.0
7f5b7628a000-7f5b7628b000 r--p 00004000 08:16 1056045                    /usr/lib/x86_64-linux-gnu/libXtst.so.6.1.0
7f5b7628b000-7f5b7628c000 rw-p 00005000 08:16 1056045                    /usr/lib/x86_64-linux-gnu/libXtst.so.6.1.0
7f5b7628c000-7f5b76295000 r-xp 00000000 08:16 1056041                    /usr/lib/x86_64-linux-gnu/libXrender.so.1.3.0
7f5b76295000-7f5b76494000 ---p 00009000 08:16 1056041                    /usr/lib/x86_64-linux-gnu/libXrender.so.1.3.0
7f5b76494000-7f5b76495000 r--p 00008000 08:16 1056041                    /usr/lib/x86_64-linux-gnu/libXrender.so.1.3.0
7f5b76495000-7f5b76496000 rw-p 00009000 08:16 1056041                    /usr/lib/x86_64-linux-gnu/libXrender.so.1.3.0
7f5b76496000-7f5b765c5000 r-xp 00000000 08:16 1056006                    /usr/lib/x86_64-linux-gnu/libX11.so.6.3.0
7f5b765c5000-7f5b767c5000 ---p 0012f000 08:16 1056006                    /usr/lib/x86_64-linux-gnu/libX11.so.6.3.0
7f5b767c5000-7f5b767c6000 r--p 0012f000 08:16 1056006                    /usr/lib/x86_64-linux-gnu/libX11.so.6.3.0
7f5b767c6000-7f5b767ca000 rw-p 00130000 08:16 1056006                    /usr/lib/x86_64-linux-gnu/libX11.so.6.3.0
7f5b767ca000-7f5b767da000 r-xp 00000000 08:16 1056021                    /usr/lib/x86_64-linux-gnu/libXext.so.6.4.0
7f5b767da000-7f5b769d9000 ---p 00010000 08:16 1056021                    /usr/lib/x86_64-linux-gnu/libXext.so.6.4.0
7f5b769d9000-7f5b769da000 r--p 0000f000 08:16 1056021                    /usr/lib/x86_64-linux-gnu/libXext.so.6.4.0
7f5b769da000-7f5b769db000 rw-p 00010000 08:16 1056021                    /usr/lib/x86_64-linux-gnu/libXext.so.6.4.0
7f5b769db000-7f5b76a31000 r-xp 00000000 08:16 3544819                    /usr/lib/jvm/java-7-openjdk-amd64/jre/lib/amd64/xawt/libmawt.so
7f5b76a31000-7f5b76c30000 ---p 00056000 08:16 3544819                    /usr/lib/jvm/java-7-openjdk-amd64/jre/lib/amd64/xawt/libmawt.so
7f5b76c30000-7f5b76c31000 r--p 00055000 08:16 3544819                    /usr/lib/jvm/java-7-openjdk-amd64/jre/lib/amd64/xawt/libmawt.so
7f5b76c31000-7f5b76c34000 rw-p 00056000 08:16 3544819                    /usr/lib/jvm/java-7-openjdk-amd64/jre/lib/amd64/xawt/libmawt.so
7f5b76c34000-7f5b76c35000 rw-p 00000000 00:00 0 
7f5b76c35000-7f5b76ce3000 r-xp 00000000 08:16 3544588                    /usr/lib/jvm/java-7-openjdk-amd64/jre/lib/amd64/libawt.so
7f5b76ce3000-7f5b76ee2000 ---p 000ae000 08:16 3544588                    /usr/lib/jvm/java-7-openjdk-amd64/jre/lib/amd64/libawt.so
7f5b76ee2000-7f5b76ee3000 r--p 000ad000 08:16 3544588                    /usr/lib/jvm/java-7-openjdk-amd64/jre/lib/amd64/libawt.so
7f5b76ee3000-7f5b76eee000 rw-p 000ae000 08:16 3544588                    /usr/lib/jvm/java-7-openjdk-amd64/jre/lib/amd64/libawt.so
7f5b76eee000-7f5b76f13000 rw-p 00000000 00:00 0 
7f5b76f13000-7f5b76f14000 ---p 00000000 00:00 0 
7f5b76f14000-7f5b77014000 rw-p 00000000 00:00 0 
7f5b77014000-7f5b77017000 ---p 00000000 00:00 0 
7f5b77017000-7f5b77115000 rw-p 00000000 00:00 0 
7f5b77115000-7f5b77118000 ---p 00000000 00:00 0 
7f5b77118000-7f5b77216000 rw-p 00000000 00:00 0 
7f5b77216000-7f5b77219000 ---p 00000000 00:00 0 
7f5b77219000-7f5b77317000 rw-p 00000000 00:00 0 
7f5b77317000-7f5b7731a000 ---p 00000000 00:00 0 
7f5b7731a000-7f5b77418000 rw-p 00000000 00:00 0 
7f5b77418000-7f5b77afb000 r--p 00000000 08:16 1055298                    /usr/lib/locale/locale-archive
7f5b77afb000-7f5b77afe000 ---p 00000000 00:00 0 
7f5b77afe000-7f5b77bfc000 rw-p 00000000 00:00 0 
7f5b77bfc000-7f5b77bff000 ---p 00000000 00:00 0 
7f5b77bff000-7f5b77cfd000 rw-p 00000000 00:00 0 
7f5b77cfd000-7f5b77cfe000 ---p 00000000 00:00 0 
7f5b77cfe000-7f5b78000000 rw-p 00000000 00:00 0 
7f5b78000000-7f5b78021000 rw-p 00000000 00:00 0 
7f5b78021000-7f5b7c000000 ---p 00000000 00:00 0 
7f5b7c000000-7f5b7c009000 r--s 00000000 08:16 1837291                    /usr/share/fonts/X11/Type1/c0649bt_.pfb
7f5b7c009000-7f5b7c01a000 r--s 00000000 08:16 1838051                    /usr/share/fonts/type1/gsfonts/n019023l.pfb
7f5b7c01a000-7f5b7c02e000 r--s 00000000 08:16 1838045                    /usr/share/fonts/type1/gsfonts/n019003l.pfb
7f5b7c02e000-7f5b7c05f000 rw-p 00000000 00:00 0 
7f5b7c05f000-7f5b7c083000 r--p 00000000 08:16 1836903                    /usr/share/glib-2.0/schemas/gschemas.compiled
7f5b7c083000-7f5b7c1f0000 rw-p 00000000 00:00 0 
7f5b7c1f0000-7f5b7c39f000 r--s 03e91000 08:16 3544596                    /usr/lib/jvm/java-7-openjdk-amd64/jre/lib/rt.jar
7f5b7c39f000-7f5b7c3a0000 ---p 00000000 00:00 0 
7f5b7c3a0000-7f5b7c4a0000 rw-p 00000000 00:00 0 
7f5b7c4a0000-7f5b7c4a1000 ---p 00000000 00:00 0 
7f5b7c4a1000-7f5b7c5ac000 rw-p 00000000 00:00 0 
7f5b7c5ac000-7f5b7c5f4000 rw-p 00000000 00:00 0 
7f5b7c5f4000-7f5b7c608000 rw-p 00000000 00:00 0 
7f5b7c608000-7f5b7c728000 rw-p 00000000 00:00 0 
7f5b7c728000-7f5b7c733000 rw-p 00000000 00:00 0 
7f5b7c733000-7f5b7c7c3000 rw-p 00000000 00:00 0 
7f5b7c7c3000-7f5b7c7c4000 rw-p 00000000 00:00 0 
7f5b7c7c4000-7f5b7ca34000 rwxp 00000000 00:00 0 
7f5b7ca34000-7f5b7f7c4000 rw-p 00000000 00:00 0 
7f5b7f7c4000-7f5b7f7cc000 r-xp 00000000 08:16 3544581                    /usr/lib/jvm/java-7-openjdk-amd64/jre/lib/amd64/libzip.so
7f5b7f7cc000-7f5b7f9cb000 ---p 00008000 08:16 3544581                    /usr/lib/jvm/java-7-openjdk-amd64/jre/lib/amd64/libzip.so
7f5b7f9cb000-7f5b7f9cc000 r--p 00007000 08:16 3544581                    /usr/lib/jvm/java-7-openjdk-amd64/jre/lib/amd64/libzip.so
7f5b7f9cc000-7f5b7f9cd000 rw-p 00008000 08:16 3544581                    /usr/lib/jvm/java-7-openjdk-amd64/jre/lib/amd64/libzip.so
7f5b7f9cd000-7f5b7f9d9000 r-xp 00000000 08:16 5246630                    /lib/x86_64-linux-gnu/libnss_files-2.15.so
7f5b7f9d9000-7f5b7fbd8000 ---p 0000c000 08:16 5246630                    /lib/x86_64-linux-gnu/libnss_files-2.15.so
7f5b7fbd8000-7f5b7fbd9000 r--p 0000b000 08:16 5246630                    /lib/x86_64-linux-gnu/libnss_files-2.15.so
7f5b7fbd9000-7f5b7fbda000 rw-p 0000c000 08:16 5246630                    /lib/x86_64-linux-gnu/libnss_files-2.15.so
7f5b7fbda000-7f5b7fbe4000 r-xp 00000000 08:16 5246634                    /lib/x86_64-linux-gnu/libnss_nis-2.15.so
7f5b7fbe4000-7f5b7fde4000 ---p 0000a000 08:16 5246634                    /lib/x86_64-linux-gnu/libnss_nis-2.15.so
7f5b7fde4000-7f5b7fde5000 r--p 0000a000 08:16 5246634                    /lib/x86_64-linux-gnu/libnss_nis-2.15.so
7f5b7fde5000-7f5b7fde6000 rw-p 0000b000 08:16 5246634                    /lib/x86_64-linux-gnu/libnss_nis-2.15.so
7f5b7fde6000-7f5b7fdfd000 r-xp 00000000 08:16 5246624                    /lib/x86_64-linux-gnu/libnsl-2.15.so
7f5b7fdfd000-7f5b7fffc000 ---p 00017000 08:16 5246624                    /lib/x86_64-linux-gnu/libnsl-2.15.so
7f5b7fffc000-7f5b7fffd000 r--p 00016000 08:16 5246624                    /lib/x86_64-linux-gnu/libnsl-2.15.so
7f5b7fffd000-7f5b7fffe000 rw-p 00017000 08:16 5246624                    /lib/x86_64-linux-gnu/libnsl-2.15.so
7f5b7fffe000-7f5b80000000 rw-p 00000000 00:00 0 
7f5b80000000-7f5b80347000 rw-p 00000000 00:00 0 
7f5b80347000-7f5b84000000 ---p 00000000 00:00 0 
7f5b84003000-7f5b84004000 rw-s 22c4a000 00:05 9165                       /dev/ati/card0
7f5b84004000-7f5b84006000 r--p 00000000 08:16 3539430                    /home/relissa/.config/dconf/user
7f5b84006000-7f5b84007000 r--s 00000000 08:16 3539431                    /home/relissa/.cache/dconf/user
7f5b84007000-7f5b84010000 r--s 00263000 08:16 1050329                    /usr/lib/jvm/java-7-openjdk-common/jre/lib/resources.jar
7f5b84010000-7f5b84013000 r--s 0001a000 08:16 3677188                    /home/relissa/jmonkeyplatform/jmonkeyplatform/libs/xmlpull-xpp3.jar
7f5b84013000-7f5b84015000 r--s 00012000 08:16 3677292                    /home/relissa/jmonkeyplatform/jmonkeyplatform/libs/eventbus.jar
7f5b84015000-7f5b84018000 r--s 0000f000 08:16 3676956                    /home/relissa/jmonkeyplatform/jmonkeyplatform/libs/nifty-style-black.jar
7f5b84018000-7f5b84020000 r--s 00033000 08:16 3676642                    /home/relissa/jmonkeyplatform/jmonkeyplatform/libs/nifty-default-controls.jar
7f5b84020000-7f5b8402a000 r--s 0006c000 08:16 3677370                    /home/relissa/jmonkeyplatform/jmonkeyplatform/libs/nifty.jar
7f5b8402a000-7f5b8402b000 r--s 00005000 08:16 3677938                    /home/relissa/jmonkeyplatform/jmonkeyplatform/libs/jME3-niftygui.jar
7f5b8402b000-7f5b8402c000 r--s 0000b000 08:16 3677222                    /home/relissa/jmonkeyplatform/jmonkeyplatform/libs/stack-alloc.jar
7f5b8402c000-7f5b8402e000 r--s 0003c000 08:16 3677429                    /home/relissa/jmonkeyplatform/jmonkeyplatform/libs/vecmath.jar
7f5b8402e000-7f5b84038000 r--s 00079000 08:16 3677317                    /home/relissa/jmonkeyplatform/jmonkeyplatform/libs/jbullet.jar
7f5b84038000-7f5b8403b000 r--s 00020000 08:16 3677185                    /home/relissa/jmonkeyplatform/jmonkeyplatform/libs/jME3-jbullet.jar
7f5b8403b000-7f5b84048000 r--s 000d4000 08:16 3677369                    /home/relissa/jmonkeyplatform/jmonkeyplatform/libs/lwjgl.jar
7f5b84048000-7f5b8404c000 r--s 00030000 08:16 3677346                    /home/relissa/jmonkeyplatform/jmonkeyplatform/libs/jinput.jar
7f5b8404c000-7f5b8404e000 r--s 001eb000 08:16 3676914                    /home/relissa/jmonkeyplatform/jmonkeyplatform/libs/jME3-lwjgl-natives.jar
7f5b8404e000-7f5b84050000 r--s 00016000 08:16 3677931                    /home/relissa/jmonkeyplatform/jmonkeyplatform/libs/jME3-lwjgl.jar
7f5b84050000-7f5b84053000 r--s 00022000 08:16 3677940                    /home/relissa/jmonkeyplatform/jmonkeyplatform/libs/jME3-terrain.jar
7f5b84053000-7f5b84086000 rw-p 00000000 00:00 0 
7f5b84086000-7f5b840ce000 rw-p 00000000 00:00 0 
7f5b840ce000-7f5b840e2000 rw-p 00000000 00:00 0 
7f5b840e2000-7f5b84203000 rw-p 00000000 00:00 0 
7f5b84203000-7f5b8420b000 r-xp 00000000 08:16 5246626                    /lib/x86_64-linux-gnu/libnss_compat-2.15.so
7f5b8420b000-7f5b8440a000 ---p 00008000 08:16 5246626                    /lib/x86_64-linux-gnu/libnss_compat-2.15.so
7f5b8440a000-7f5b8440b000 r--p 00007000 08:16 5246626                    /lib/x86_64-linux-gnu/libnss_compat-2.15.so
7f5b8440b000-7f5b8440c000 rw-p 00008000 08:16 5246626                    /lib/x86_64-linux-gnu/libnss_compat-2.15.so
7f5b8440c000-7f5b84433000 r-xp 00000000 08:16 3544563                    /usr/lib/jvm/java-7-openjdk-amd64/jre/lib/amd64/libjava.so
7f5b84433000-7f5b84632000 ---p 00027000 08:16 3544563                    /usr/lib/jvm/java-7-openjdk-amd64/jre/lib/amd64/libjava.so
7f5b84632000-7f5b84633000 r--p 00026000 08:16 3544563                    /usr/lib/jvm/java-7-openjdk-amd64/jre/lib/amd64/libjava.so
7f5b84633000-7f5b84635000 rw-p 00027000 08:16 3544563                    /usr/lib/jvm/java-7-openjdk-amd64/jre/lib/amd64/libjava.so
7f5b84635000-7f5b84643000 r-xp 00000000 08:16 3544574                    /usr/lib/jvm/java-7-openjdk-amd64/jre/lib/amd64/libverify.so
7f5b84643000-7f5b84842000 ---p 0000e000 08:16 3544574                    /usr/lib/jvm/java-7-openjdk-amd64/jre/lib/amd64/libverify.so
7f5b84842000-7f5b84844000 r--p 0000d000 08:16 3544574                    /usr/lib/jvm/java-7-openjdk-amd64/jre/lib/amd64/libverify.so
7f5b84844000-7f5b84845000 rw-p 0000f000 08:16 3544574                    /usr/lib/jvm/java-7-openjdk-amd64/jre/lib/amd64/libverify.so
7f5b84845000-7f5b8484c000 r-xp 00000000 08:16 5246665                    /lib/x86_64-linux-gnu/librt-2.15.so
7f5b8484c000-7f5b84a4b000 ---p 00007000 08:16 5246665                    /lib/x86_64-linux-gnu/librt-2.15.so
7f5b84a4b000-7f5b84a4c000 r--p 00006000 08:16 5246665                    /lib/x86_64-linux-gnu/librt-2.15.so
7f5b84a4c000-7f5b84a4d000 rw-p 00007000 08:16 5246665                    /lib/x86_64-linux-gnu/librt-2.15.so
7f5b84a4d000-7f5b84a62000 r-xp 00000000 08:16 5246600                    /lib/x86_64-linux-gnu/libgcc_s.so.1
7f5b84a62000-7f5b84c61000 ---p 00015000 08:16 5246600                    /lib/x86_64-linux-gnu/libgcc_s.so.1
7f5b84c61000-7f5b84c62000 r--p 00014000 08:16 5246600                    /lib/x86_64-linux-gnu/libgcc_s.so.1
7f5b84c62000-7f5b84c63000 rw-p 00015000 08:16 5246600                    /lib/x86_64-linux-gnu/libgcc_s.so.1
7f5b84c63000-7f5b84d5c000 r-xp 00000000 08:16 5246611                    /lib/x86_64-linux-gnu/libm-2.15.so
7f5b84d5c000-7f5b84f5b000 ---p 000f9000 08:16 5246611                    /lib/x86_64-linux-gnu/libm-2.15.so
7f5b84f5b000-7f5b84f5c000 r--p 000f8000 08:16 5246611                    /lib/x86_64-linux-gnu/libm-2.15.so
7f5b84f5c000-7f5b84f5d000 rw-p 000f9000 08:16 5246611                    /lib/x86_64-linux-gnu/libm-2.15.so
7f5b84f5d000-7f5b8503f000 r-xp 00000000 08:16 1056535                    /usr/lib/x86_64-linux-gnu/libstdc++.so.6.0.16
7f5b8503f000-7f5b8523e000 ---p 000e2000 08:16 1056535                    /usr/lib/x86_64-linux-gnu/libstdc++.so.6.0.16
7f5b8523e000-7f5b85246000 r--p 000e1000 08:16 1056535                    /usr/lib/x86_64-linux-gnu/libstdc++.so.6.0.16
7f5b85246000-7f5b85248000 rw-p 000e9000 08:16 1056535                    /usr/lib/x86_64-linux-gnu/libstdc++.so.6.0.16
7f5b85248000-7f5b8525d000 rw-p 00000000 00:00 0 
7f5b8525d000-7f5b85bf0000 r-xp 00000000 08:16 3544559                    /usr/lib/jvm/java-7-openjdk-amd64/jre/lib/amd64/server/libjvm.so
7f5b85bf0000-7f5b85df0000 ---p 00993000 08:16 3544559                    /usr/lib/jvm/java-7-openjdk-amd64/jre/lib/amd64/server/libjvm.so
7f5b85df0000-7f5b85e6a000 r--p 00993000 08:16 3544559                    /usr/lib/jvm/java-7-openjdk-amd64/jre/lib/amd64/server/libjvm.so
7f5b85e6a000-7f5b85e8c000 rw-p 00a0d000 08:16 3544559                    /usr/lib/jvm/java-7-openjdk-amd64/jre/lib/amd64/server/libjvm.so
7f5b85e8c000-7f5b85eb7000 rw-p 00000000 00:00 0 
7f5b85eb7000-7f5b85ecf000 r-xp 00000000 08:16 5246659                    /lib/x86_64-linux-gnu/libpthread-2.15.so
7f5b85ecf000-7f5b860ce000 ---p 00018000 08:16 5246659                    /lib/x86_64-linux-gnu/libpthread-2.15.so
7f5b860ce000-7f5b860cf000 r--p 00017000 08:16 5246659                    /lib/x86_64-linux-gnu/libpthread-2.15.so
7f5b860cf000-7f5b860d0000 rw-p 00018000 08:16 5246659                    /lib/x86_64-linux-gnu/libpthread-2.15.so
7f5b860d0000-7f5b860d4000 rw-p 00000000 00:00 0 
7f5b860d4000-7f5b860ea000 r-xp 00000000 08:16 5246690                    /lib/x86_64-linux-gnu/libz.so.1.2.3.4
7f5b860ea000-7f5b862e9000 ---p 00016000 08:16 5246690                    /lib/x86_64-linux-gnu/libz.so.1.2.3.4
7f5b862e9000-7f5b862ea000 r--p 00015000 08:16 5246690                    /lib/x86_64-linux-gnu/libz.so.1.2.3.4
7f5b862ea000-7f5b862eb000 rw-p 00016000 08:16 5246690                    /lib/x86_64-linux-gnu/libz.so.1.2.3.4
7f5b862eb000-7f5b862ed000 r-xp 00000000 08:16 5246592                    /lib/x86_64-linux-gnu/libdl-2.15.so
7f5b862ed000-7f5b864ed000 ---p 00002000 08:16 5246592                    /lib/x86_64-linux-gnu/libdl-2.15.so
7f5b864ed000-7f5b864ee000 r--p 00002000 08:16 5246592                    /lib/x86_64-linux-gnu/libdl-2.15.so
7f5b864ee000-7f5b864ef000 rw-p 00003000 08:16 5246592                    /lib/x86_64-linux-gnu/libdl-2.15.so
7f5b864ef000-7f5b866a2000 r-xp 00000000 08:16 5246579                    /lib/x86_64-linux-gnu/libc-2.15.so
7f5b866a2000-7f5b868a1000 ---p 001b3000 08:16 5246579                    /lib/x86_64-linux-gnu/libc-2.15.so
7f5b868a1000-7f5b868a5000 r--p 001b2000 08:16 5246579                    /lib/x86_64-linux-gnu/libc-2.15.so
7f5b868a5000-7f5b868a7000 rw-p 001b6000 08:16 5246579                    /lib/x86_64-linux-gnu/libc-2.15.so
7f5b868a7000-7f5b868ac000 rw-p 00000000 00:00 0 
7f5b868ac000-7f5b868b8000 r-xp 00000000 08:16 3544565                    /usr/lib/jvm/java-7-openjdk-amd64/jre/lib/amd64/jli/libjli.so
7f5b868b8000-7f5b86ab8000 ---p 0000c000 08:16 3544565                    /usr/lib/jvm/java-7-openjdk-amd64/jre/lib/amd64/jli/libjli.so
7f5b86ab8000-7f5b86ab9000 r--p 0000c000 08:16 3544565                    /usr/lib/jvm/java-7-openjdk-amd64/jre/lib/amd64/jli/libjli.so
7f5b86ab9000-7f5b86aba000 rw-p 0000d000 08:16 3544565                    /usr/lib/jvm/java-7-openjdk-amd64/jre/lib/amd64/jli/libjli.so
7f5b86aba000-7f5b86adc000 r-xp 00000000 08:16 5246559                    /lib/x86_64-linux-gnu/ld-2.15.so
7f5b86adc000-7f5b86add000 r--s 00009000 08:16 3677159                    /home/relissa/jmonkeyplatform/jmonkeyplatform/libs/j-ogg-vorbisd.jar
7f5b86add000-7f5b86ade000 r--s 00002000 08:16 3677929                    /home/relissa/jmonkeyplatform/jmonkeyplatform/libs/jME3-jogg.jar
7f5b86ade000-7f5b86ae2000 r--s 0001b000 08:16 3677934                    /home/relissa/jmonkeyplatform/jmonkeyplatform/libs/jME3-networking.jar
7f5b86ae2000-7f5b86ae5000 r--s 0006b000 08:16 3677923                    /home/relissa/jmonkeyplatform/jmonkeyplatform/libs/jME3-effects.jar
7f5b86ae5000-7f5b86ae6000 r--s 0000f000 08:16 3677939                    /home/relissa/jmonkeyplatform/jmonkeyplatform/libs/jME3-plugins.jar
7f5b86ae6000-7f5b86ae9000 r--s 00033000 08:16 3677921                    /home/relissa/jmonkeyplatform/jmonkeyplatform/libs/jME3-desktop.jar
7f5b86ae9000-7f5b86af8000 r--s 000f5000 08:16 3677920                    /home/relissa/jmonkeyplatform/jmonkeyplatform/libs/jME3-core.jar
7f5b86af8000-7f5b86b02000 rw-p 00000000 00:00 0 
7f5b86b02000-7f5b86bb8000 rw-p 00000000 00:00 0 
7f5b86bb8000-7f5b86bbb000 ---p 00000000 00:00 0 
7f5b86bbb000-7f5b86cbe000 rw-p 00000000 00:00 0 
7f5b86cbe000-7f5b86cc0000 r--s 00005000 08:16 3677249                    /home/relissa/jmonkeyplatform/jmonkeyplatform/libs/j-ogg-oggd.jar
7f5b86cc0000-7f5b86cc3000 r--s 00032000 08:16 1050313                    /usr/lib/jvm/java-7-openjdk-common/jre/lib/ext/sunjce_provider.jar
7f5b86cc3000-7f5b86cc5000 r--s 00012000 08:16 1050314                    /usr/lib/jvm/java-7-openjdk-common/jre/lib/ext/zipfs.jar
7f5b86cc5000-7f5b86cc6000 r--s 00002000 08:16 1050311                    /usr/lib/jvm/java-7-openjdk-common/jre/lib/ext/dnsns.jar
7f5b86cc6000-7f5b86cc9000 r--s 00085000 08:16 1050312                    /usr/lib/jvm/java-7-openjdk-common/jre/lib/ext/localedata.jar
7f5b86cc9000-7f5b86ccc000 r--s 0000f000 08:16 1050315                    /usr/lib/jvm/java-7-openjdk-common/jre/lib/ext/pulse-java.jar
7f5b86ccc000-7f5b86ccd000 r--s 00007000 08:16 1453403                    /usr/share/java/java-atk-wrapper.jar
7f5b86ccd000-7f5b86cd0000 r--s 0003c000 08:16 1050310                    /usr/lib/jvm/java-7-openjdk-common/jre/lib/ext/sunpkcs11.jar
7f5b86cd0000-7f5b86cd8000 rw-s 00000000 08:16 4063387                    /tmp/hsperfdata_relissa/7165 (deleted)
7f5b86cd8000-7f5b86cd9000 rw-p 00000000 00:00 0 
7f5b86cd9000-7f5b86cda000 ---p 00000000 00:00 0 
7f5b86cda000-7f5b86cdc000 rw-p 00000000 00:00 0 
7f5b86cdc000-7f5b86cdd000 r--p 00022000 08:16 5246559                    /lib/x86_64-linux-gnu/ld-2.15.so
7f5b86cdd000-7f5b86cdf000 rw-p 00023000 08:16 5246559                    /lib/x86_64-linux-gnu/ld-2.15.so
7fffadc9f000-7fffadcc0000 rw-p 00000000 00:00 0                          [stack]
7fffaddff000-7fffade00000 r-xp 00000000 00:00 0                          [vdso]
ffffffffff600000-ffffffffff601000 r-xp 00000000 00:00 0                  [vsyscall]

VM Arguments:
jvm_args: -Dfile.encoding=UTF-8 
java_command: OCLP.Main
Launcher Type: SUN_STANDARD

Environment Variables:
PATH=/usr/lib/lightdm/lightdm:/usr/local/sbin:/usr/local/bin:/usr/sbin:/usr/bin:/sbin:/bin:/usr/games
SHELL=/bin/bash
DISPLAY=:0.0

Signal Handlers:
SIGSEGV: [libjvm.so+0x8065e0], sa_mask[0]=0x7ffbfeff, sa_flags=0x10000004
SIGBUS: [libjvm.so+0x8065e0], sa_mask[0]=0x7ffbfeff, sa_flags=0x10000004
SIGFPE: [libjvm.so+0x6ac6d0], sa_mask[0]=0x7ffbfeff, sa_flags=0x10000004
SIGPIPE: SIG_IGN, sa_mask[0]=0x00001000, sa_flags=0x10000000
SIGXFSZ: [libjvm.so+0x6ac6d0], sa_mask[0]=0x7ffbfeff, sa_flags=0x10000004
SIGILL: [libjvm.so+0x6ac6d0], sa_mask[0]=0x7ffbfeff, sa_flags=0x10000004
SIGUSR1: SIG_DFL, sa_mask[0]=0x00000000, sa_flags=0x00000000
SIGUSR2: [libjvm.so+0x6acaa0], sa_mask[0]=0x00000004, sa_flags=0x10000004
SIGHUP: [libjvm.so+0x6acbe0], sa_mask[0]=0x7ffbfeff, sa_flags=0x10000004
SIGINT: SIG_IGN, sa_mask[0]=0x00000000, sa_flags=0x00000000
SIGTERM: [libjvm.so+0x6acbe0], sa_mask[0]=0x7ffbfeff, sa_flags=0x10000004
SIGQUIT: [libjvm.so+0x6acbe0], sa_mask[0]=0x7ffbfeff, sa_flags=0x10000004


---------------  S Y S T E M  ---------------

OS:Ubuntu 12.04 (precise)
uname:Linux 3.2.0-24-generic #39-Ubuntu SMP Mon May 21 16:52:17 UTC 2012 x86_64
libc:glibc 2.15 NPTL 2.15 
rlimit: STACK 8192k, CORE 0k, NPROC 28916, NOFILE 4096, AS infinity
load average:2.10 1.60 1.35

/proc/meminfo:
MemTotal:        3791568 kB
MemFree:          218972 kB
Buffers:           60584 kB
Cached:          1016588 kB
SwapCached:         2440 kB
Active:          2321652 kB
Inactive:         840184 kB
Active(anon):    1865932 kB
Inactive(anon):   425688 kB
Active(file):     455720 kB
Inactive(file):   414496 kB
Unevictable:           0 kB
Mlocked:               0 kB
SwapTotal:        999420 kB
SwapFree:         955812 kB
Dirty:             15292 kB
Writeback:             0 kB
AnonPages:       2082756 kB
Mapped:           181728 kB
Shmem:            206956 kB
Slab:             186416 kB
SReclaimable:     149960 kB
SUnreclaim:        36456 kB
KernelStack:        5232 kB
PageTables:        53956 kB
NFS_Unstable:          0 kB
Bounce:                0 kB
WritebackTmp:          0 kB
CommitLimit:     2895204 kB
Committed_AS:    6760960 kB
VmallocTotal:   34359738367 kB
VmallocUsed:      310392 kB
VmallocChunk:   34359425244 kB
HardwareCorrupted:     0 kB
AnonHugePages:         0 kB
HugePages_Total:       0
HugePages_Free:        0
HugePages_Rsvd:        0
HugePages_Surp:        0
Hugepagesize:       2048 kB
DirectMap4k:     3659264 kB
DirectMap2M:      272384 kB
DirectMap1G:           0 kB


CPU:total 2 (2 cores per cpu, 1 threads per core) family 16 model 6 stepping 2, cmov, cx8, fxsr, mmx, sse, sse2, sse3, popcnt, mmxext, 3dnowpref, lzcnt, sse4a

/proc/cpuinfo:
processor	: 0
vendor_id	: AuthenticAMD
cpu family	: 16
model		: 6
model name	: AMD Athlon(tm) II X2 215 Processor
stepping	: 2
microcode	: 0x100009f
cpu MHz		: 2700.000
cache size	: 512 KB
physical id	: 0
siblings	: 2
core id		: 0
cpu cores	: 2
apicid		: 0
initial apicid	: 0
fpu		: yes
fpu_exception	: yes
cpuid level	: 5
wp		: yes
flags		: fpu vme de pse tsc msr pae mce cx8 apic sep mtrr pge mca cmov pat pse36 clflush mmx fxsr sse sse2 ht syscall nx mmxext fxsr_opt pdpe1gb rdtscp lm 3dnowext 3dnow constant_tsc rep_good nopl nonstop_tsc extd_apicid pni monitor cx16 popcnt lahf_lm cmp_legacy svm extapic cr8_legacy abm sse4a misalignsse 3dnowprefetch osvw ibs skinit wdt npt lbrv svm_lock nrip_save
bogomips	: 5400.31
TLB size	: 1024 4K pages
clflush size	: 64
cache_alignment	: 64
address sizes	: 48 bits physical, 48 bits virtual
power management: ts ttp tm stc 100mhzsteps hwpstate

processor	: 1
vendor_id	: AuthenticAMD
cpu family	: 16
model		: 6
model name	: AMD Athlon(tm) II X2 215 Processor
stepping	: 2
microcode	: 0x100009f
cpu MHz		: 2700.000
cache size	: 512 KB
physical id	: 0
siblings	: 2
core id		: 1
cpu cores	: 2
apicid		: 1
initial apicid	: 1
fpu		: yes
fpu_exception	: yes
cpuid level	: 5
wp		: yes
flags		: fpu vme de pse tsc msr pae mce cx8 apic sep mtrr pge mca cmov pat pse36 clflush mmx fxsr sse sse2 ht syscall nx mmxext fxsr_opt pdpe1gb rdtscp lm 3dnowext 3dnow constant_tsc rep_good nopl nonstop_tsc extd_apicid pni monitor cx16 popcnt lahf_lm cmp_legacy svm extapic cr8_legacy abm sse4a misalignsse 3dnowprefetch osvw ibs skinit wdt npt lbrv svm_lock nrip_save
bogomips	: 5386.51
TLB size	: 1024 4K pages
clflush size	: 64
cache_alignment	: 64
address sizes	: 48 bits physical, 48 bits virtual
power management: ts ttp tm stc 100mhzsteps hwpstate



Memory: 4k page, physical 3791568k(218972k free), swap 999420k(955812k free)

vm_info: OpenJDK 64-Bit Server VM (22.0-b10) for linux-amd64 JRE (1.7.0_03-b147), built on May  2 2012 16:57:58 by "buildd" with gcc 4.6.3

time: Fri Jun 15 17:27:10 2012
elapsed time: 6 seconds

