#
# A fatal error has been detected by the Java Runtime Environment:
#
#  SIGSEGV (0xb) at pc=0x00007f956ddd5c58, pid=7902, tid=140279979263744
#
# JRE version: 7.0_03-b147
# Java VM: OpenJDK 64-Bit Server VM (22.0-b10 mixed mode linux-amd64 compressed oops)
# Derivative: IcedTea7 2.1.1pre
# Distribution: Ubuntu 12.04 LTS, package 7~u3-2.1.1~pre1-1ubuntu3
# Problematic frame:
# C  [libX11.so.6+0x33c58]  XQueryExtension+0x28
#
# Failed to write core dump. Core dumps have been disabled. To enable core dumping, try "ulimit -c unlimited" before starting Java again
#
# If you would like to submit a bug report, please include
# instructions on how to reproduce the bug and visit:
#   https://bugs.launchpad.net/ubuntu/+source/openjdk-7/
#

---------------  T H R E A D  ---------------

Current thread is native thread

siginfo:si_signo=SIGSEGV: si_errno=0, si_code=1 (SEGV_MAPERR), si_addr=0x0000000040028978

Registers:
RAX=0x0000000001d9fbd0, RBX=0x0000000040028010, RCX=0x00007fff8fae28b8, RDX=0x00007fff8fae28b4
RSP=0x00007fff8fae2850, RBP=0x00007f952cb64932, RSI=0x00007f952cb64932, RDI=0x0000000040028010
R8 =0x00007fff8fae28bc, R9 =0x0000000000000000, R10=0x00007f957a142fa8, R11=0x00007f9579dc4ca0
R12=0x0000000000000000, R13=0x00007f952cb64932, R14=0x0000000001d9fbd0, R15=0x0000000000000000
RIP=0x00007f956ddd5c58, EFLAGS=0x0000000000010206, CSGSFS=0x0000000000000033, ERR=0x0000000000000004
  TRAPNO=0x000000000000000e

Top of Stack: (sp=0x00007fff8fae2850)
0x00007fff8fae2850:   00007f9579d97790 00007f957a557000
0x00007fff8fae2860:   00007f9579753070 00007f957a556000
0x00007fff8fae2870:   00000000ffffffff 0000000040028010
0x00007fff8fae2880:   00007f952cb64932 0000000000000000
0x00007fff8fae2890:   00007f952cb64932 0000000001d9fbd0
0x00007fff8fae28a0:   0000000000000000 00007f956ddc9c55
0x00007fff8fae28b0:   00007f957a577048 00007f952cc9d520
0x00007fff8fae28c0:   00007f952cc9d520 0000000040028010
0x00007fff8fae28d0:   00007f9540031070 00007f956e0e302b
0x00007fff8fae28e0:   00007f9579d97790 0000001100000071
0x00007fff8fae28f0:   00007fff8fae2970 0000000000000000
0x00007fff8fae2900:   00007fff8fae2970 0000000040028010
0x00007fff8fae2910:   0000000000000000 00007f957a577048
0x00007fff8fae2920:   00007f952ccb6d50 00007f952cb0b119
0x00007fff8fae2930:   0000000000000000 0000000000000071
0x00007fff8fae2940:   00007fff8fae2970 00007fff8fae2990
0x00007fff8fae2950:   0000000000000000 00007f957a577048
0x00007fff8fae2960:   00007f95400214a0 00007f952cb01b42
0x00007fff8fae2970:   00007fff8fae2d90 00007f952cb648b1
0x00007fff8fae2980:   0000000000000071 00007f957a36392d
0x00007fff8fae2990:   00007f957a5782c8 00007f957a578858
0x00007fff8fae29a0:   00007f957a5756a8 00007f9574006970
0x00007fff8fae29b0:   00007f9574007480 00007f9574007980
0x00007fff8fae29c0:   00007f957400c660 00007f952810aa90
0x00007fff8fae29d0:   00007f9528112b90 00007f952814acd0
0x00007fff8fae29e0:   00007f952815f800 00007f952814e810
0x00007fff8fae29f0:   00007f952814ecc0 00007f952814f170
0x00007fff8fae2a00:   00007f95281606e0 00007f9528160b80
0x00007fff8fae2a10:   00007f9528193f90 00007f95281da6e0
0x00007fff8fae2a20:   00007f95281b0730 00007f952816a410
0x00007fff8fae2a30:   00007f9528269800 00007f9528269cd0
0x00007fff8fae2a40:   00007f952826ba20 00007f952826bef0 

Instructions: (pc=0x00007f956ddd5c58)
0x00007f956ddd5c38:   24 d8 48 89 fb 4c 89 64 24 e0 4c 89 6c 24 e8 48
0x00007f956ddd5c48:   89 f5 4c 89 74 24 f0 4c 89 7c 24 f8 48 83 ec 58
0x00007f956ddd5c58:   48 8b 87 68 09 00 00 49 89 d4 49 89 cd 4d 89 c6
0x00007f956ddd5c68:   48 85 c0 74 02 ff 10 ba 08 00 00 00 be 62 00 00 

Register to memory mapping:

RAX=0x0000000001d9fbd0 is an unknown value
RBX=0x0000000040028010 is an unknown value
RCX=0x00007fff8fae28b8 is an unknown value
RDX=0x00007fff8fae28b4 is an unknown value
RSP=0x00007fff8fae2850 is an unknown value
RBP=0x00007f952cb64932: <offset 0x96932> in /usr/lib/fglrx/libGL.so.1 at 0x00007f952cace000
RSI=0x00007f952cb64932: <offset 0x96932> in /usr/lib/fglrx/libGL.so.1 at 0x00007f952cace000
RDI=0x0000000040028010 is an unknown value
R8 =0x00007fff8fae28bc is an unknown value
R9 =0x0000000000000000 is an unknown value
R10=0x00007f957a142fa8: <offset 0x3b9fa8> in /lib/x86_64-linux-gnu/libc.so.6 at 0x00007f9579d89000
R11=0x00007f9579dc4ca0: __cxa_finalize+0 in /lib/x86_64-linux-gnu/libc.so.6 at 0x00007f9579d89000
R12=0x0000000000000000 is an unknown value
R13=0x00007f952cb64932: <offset 0x96932> in /usr/lib/fglrx/libGL.so.1 at 0x00007f952cace000
R14=0x0000000001d9fbd0 is an unknown value
R15=0x0000000000000000 is an unknown value


Stack: [0x00007fff8f9e5000,0x00007fff8fae5000],  sp=0x00007fff8fae2850,  free space=1014k
Native frames: (J=compiled Java code, j=interpreted, Vv=VM code, C=native code)
C  [libX11.so.6+0x33c58]  XQueryExtension+0x28


---------------  P R O C E S S  ---------------

VM state:at safepoint (shutting down)

VM Mutex/Monitor currently owned by a thread:  ([mutex/lock_event])
[0x00007f9574004d40] Threads_lock - owner thread: 0x00007f957409b800

Heap
 PSYoungGen      total 17280K, used 5586K [0x00000000ecb60000, 0x00000000edea0000, 0x0000000100000000)
  eden space 14848K, 21% used [0x00000000ecb60000,0x00000000ece7bfc8,0x00000000ed9e0000)
  from space 2432K, 98% used [0x00000000edc40000,0x00000000ede989f0,0x00000000edea0000)
  to   space 2432K, 0% used [0x00000000ed9e0000,0x00000000ed9e0000,0x00000000edc40000)
 PSOldGen        total 39552K, used 4348K [0x00000000c6200000, 0x00000000c88a0000, 0x00000000ecb60000)
  object space 39552K, 10% used [0x00000000c6200000,0x00000000c663f078,0x00000000c88a0000)
 PSPermGen       total 21248K, used 21135K [0x00000000bbc00000, 0x00000000bd0c0000, 0x00000000c6200000)
  object space 21248K, 99% used [0x00000000bbc00000,0x00000000bd0a3f40,0x00000000bd0c0000)

Code Cache  [0x00007f9570182000, 0x00007f95703f2000, 0x00007f9573182000)
 total_blobs=893 nmethods=255 adapters=591 free_code_cache=47994Kb largest_free_block=49110528

Dynamic libraries:
00400000-00401000 r-xp 00000000 08:16 3544606                            /usr/lib/jvm/java-7-openjdk-amd64/jre/bin/java
00600000-00601000 r--p 00000000 08:16 3544606                            /usr/lib/jvm/java-7-openjdk-amd64/jre/bin/java
00601000-00602000 rw-p 00001000 08:16 3544606                            /usr/lib/jvm/java-7-openjdk-amd64/jre/bin/java
01d9d000-01dbe000 rw-p 00000000 00:00 0                                  [heap]
bbc00000-bd0c0000 rw-p 00000000 00:00 0 
bd0c0000-c6200000 rw-p 00000000 00:00 0 
c6200000-c88a0000 rw-p 00000000 00:00 0 
c88a0000-ecb60000 rw-p 00000000 00:00 0 
ecb60000-edea0000 rw-p 00000000 00:00 0 
edea0000-100000000 rw-p 00000000 00:00 0 
7f951e4a0000-7f951e4a1000 ---p 00000000 00:00 0 
7f951e4a1000-7f951eca1000 rw-p 00000000 00:00 0 
7f951eca1000-7f951eca2000 ---p 00000000 00:00 0 
7f951eca2000-7f951f4a2000 rw-p 00000000 00:00 0 
7f951f6a2000-7f951f6a3000 ---p 00000000 00:00 0 
7f951f6a3000-7f951fea3000 rw-p 00000000 00:00 0 
7f9523ea4000-7f9523ea5000 ---p 00000000 00:00 0 
7f9523ea5000-7f95246a5000 rw-p 00000000 00:00 0 
7f95246a5000-7f9524958000 r-xp 00000000 08:16 1056578                    /usr/lib/x86_64-linux-gnu/libvorbisenc.so.2.0.8
7f9524958000-7f9524b57000 ---p 002b3000 08:16 1056578                    /usr/lib/x86_64-linux-gnu/libvorbisenc.so.2.0.8
7f9524b57000-7f9524b73000 r--p 002b2000 08:16 1056578                    /usr/lib/x86_64-linux-gnu/libvorbisenc.so.2.0.8
7f9524b73000-7f9524b74000 rw-p 002ce000 08:16 1056578                    /usr/lib/x86_64-linux-gnu/libvorbisenc.so.2.0.8
7f9524b74000-7f9524bbc000 r-xp 00000000 08:16 1055951                    /usr/lib/x86_64-linux-gnu/libFLAC.so.8.2.0
7f9524bbc000-7f9524dbc000 ---p 00048000 08:16 1055951                    /usr/lib/x86_64-linux-gnu/libFLAC.so.8.2.0
7f9524dbc000-7f9524dbd000 r--p 00048000 08:16 1055951                    /usr/lib/x86_64-linux-gnu/libFLAC.so.8.2.0
7f9524dbd000-7f9524dbe000 rw-p 00049000 08:16 1055951                    /usr/lib/x86_64-linux-gnu/libFLAC.so.8.2.0
7f9524dbe000-7f9524dc3000 r-xp 00000000 08:16 1056065                    /usr/lib/x86_64-linux-gnu/libasyncns.so.0.3.1
7f9524dc3000-7f9524fc2000 ---p 00005000 08:16 1056065                    /usr/lib/x86_64-linux-gnu/libasyncns.so.0.3.1
7f9524fc2000-7f9524fc3000 r--p 00004000 08:16 1056065                    /usr/lib/x86_64-linux-gnu/libasyncns.so.0.3.1
7f9524fc3000-7f9524fc4000 rw-p 00005000 08:16 1056065                    /usr/lib/x86_64-linux-gnu/libasyncns.so.0.3.1
7f9524fc4000-7f9525024000 r-xp 00000000 08:16 1056513                    /usr/lib/x86_64-linux-gnu/libsndfile.so.1.0.25
7f9525024000-7f9525224000 ---p 00060000 08:16 1056513                    /usr/lib/x86_64-linux-gnu/libsndfile.so.1.0.25
7f9525224000-7f9525226000 r--p 00060000 08:16 1056513                    /usr/lib/x86_64-linux-gnu/libsndfile.so.1.0.25
7f9525226000-7f9525227000 rw-p 00062000 08:16 1056513                    /usr/lib/x86_64-linux-gnu/libsndfile.so.1.0.25
7f9525227000-7f952522b000 rw-p 00000000 00:00 0 
7f952522b000-7f9525233000 r-xp 00000000 08:16 5246688                    /lib/x86_64-linux-gnu/libwrap.so.0.7.6
7f9525233000-7f9525432000 ---p 00008000 08:16 5246688                    /lib/x86_64-linux-gnu/libwrap.so.0.7.6
7f9525432000-7f9525433000 r--p 00007000 08:16 5246688                    /lib/x86_64-linux-gnu/libwrap.so.0.7.6
7f9525433000-7f9525434000 rw-p 00008000 08:16 5246688                    /lib/x86_64-linux-gnu/libwrap.so.0.7.6
7f9525434000-7f9525490000 r-xp 00000000 08:16 1055773                    /usr/lib/x86_64-linux-gnu/libpulsecommon-1.1.so
7f9525490000-7f9525690000 ---p 0005c000 08:16 1055773                    /usr/lib/x86_64-linux-gnu/libpulsecommon-1.1.so
7f9525690000-7f9525691000 r--p 0005c000 08:16 1055773                    /usr/lib/x86_64-linux-gnu/libpulsecommon-1.1.so
7f9525691000-7f9525692000 rw-p 0005d000 08:16 1055773                    /usr/lib/x86_64-linux-gnu/libpulsecommon-1.1.so
7f9525692000-7f9525699000 r-xp 00000000 08:16 1056352                    /usr/lib/x86_64-linux-gnu/libjson.so.0.0.1
7f9525699000-7f9525898000 ---p 00007000 08:16 1056352                    /usr/lib/x86_64-linux-gnu/libjson.so.0.0.1
7f9525898000-7f9525899000 r--p 00006000 08:16 1056352                    /usr/lib/x86_64-linux-gnu/libjson.so.0.0.1
7f9525899000-7f952589a000 rw-p 00007000 08:16 1056352                    /usr/lib/x86_64-linux-gnu/libjson.so.0.0.1
7f952589a000-7f95258e0000 r-xp 00000000 08:16 1055774                    /usr/lib/x86_64-linux-gnu/libpulse.so.0.13.5
7f95258e0000-7f9525ae0000 ---p 00046000 08:16 1055774                    /usr/lib/x86_64-linux-gnu/libpulse.so.0.13.5
7f9525ae0000-7f9525ae1000 r--p 00046000 08:16 1055774                    /usr/lib/x86_64-linux-gnu/libpulse.so.0.13.5
7f9525ae1000-7f9525ae2000 rw-p 00047000 08:16 1055774                    /usr/lib/x86_64-linux-gnu/libpulse.so.0.13.5
7f9525d32000-7f9527c8c000 r-xp 00000000 08:16 1054642                    /usr/lib/fglrx/dri/fglrx_dri.so
7f9527c8c000-7f9527d8c000 ---p 01f5a000 08:16 1054642                    /usr/lib/fglrx/dri/fglrx_dri.so
7f9527d8c000-7f9527eda000 rwxp 01f5a000 08:16 1054642                    /usr/lib/fglrx/dri/fglrx_dri.so
7f9527eda000-7f9528000000 rwxp 00000000 00:00 0 
7f9528000000-7f9528581000 rw-p 00000000 00:00 0 
7f9528581000-7f952c000000 ---p 00000000 00:00 0 
7f952c170000-7f952c870000 rw-s 22c4b000 00:05 9165                       /dev/ati/card0
7f952c870000-7f952c8ab000 r-xp 00000000 08:16 1054638                    /usr/lib/fglrx/libatiadlxx.so
7f952c8ab000-7f952c9ab000 ---p 0003b000 08:16 1054638                    /usr/lib/fglrx/libatiadlxx.so
7f952c9ab000-7f952c9b4000 rw-p 0003b000 08:16 1054638                    /usr/lib/fglrx/libatiadlxx.so
7f952c9b4000-7f952c9c5000 rw-p 00000000 00:00 0 
7f952c9c5000-7f952c9cc000 r-xp 00000000 08:16 1054658                    /usr/lib/fglrx/libatiuki.so.1.0
7f952c9cc000-7f952cacc000 ---p 00007000 08:16 1054658                    /usr/lib/fglrx/libatiuki.so.1.0
7f952cacc000-7f952cacd000 rw-p 00007000 08:16 1054658                    /usr/lib/fglrx/libatiuki.so.1.0
7f952cacd000-7f952cace000 rw-p 00000000 00:00 0 
7f952cace000-7f952cb91000 r-xp 00000000 08:16 1054665                    /usr/lib/fglrx/libGL.so.1.2
7f952cb91000-7f952cc90000 ---p 000c3000 08:16 1054665                    /usr/lib/fglrx/libGL.so.1.2
7f952cc90000-7f952ccb7000 rwxp 000c2000 08:16 1054665                    /usr/lib/fglrx/libGL.so.1.2
7f952ccb7000-7f952ccd7000 rwxp 00000000 00:00 0 
7f952ccd7000-7f952ccdb000 r-xp 00000000 08:16 1056049                    /usr/lib/x86_64-linux-gnu/libXxf86vm.so.1.0.0
7f952ccdb000-7f952ceda000 ---p 00004000 08:16 1056049                    /usr/lib/x86_64-linux-gnu/libXxf86vm.so.1.0.0
7f952ceda000-7f952cedb000 r--p 00003000 08:16 1056049                    /usr/lib/x86_64-linux-gnu/libXxf86vm.so.1.0.0
7f952cedb000-7f952cedc000 rw-p 00004000 08:16 1056049                    /usr/lib/x86_64-linux-gnu/libXxf86vm.so.1.0.0
7f952cedc000-7f952cf43000 r-xp 00000000 08:16 3677813                    /home/relissa/NetBeansProjects/OCLP/liblwjgl64.so
7f952cf43000-7f952d143000 ---p 00067000 08:16 3677813                    /home/relissa/NetBeansProjects/OCLP/liblwjgl64.so
7f952d143000-7f952d145000 r--p 00067000 08:16 3677813                    /home/relissa/NetBeansProjects/OCLP/liblwjgl64.so
7f952d145000-7f952d146000 rw-p 00069000 08:16 3677813                    /home/relissa/NetBeansProjects/OCLP/liblwjgl64.so
7f952d146000-7f952d147000 r-xp 00000000 08:16 3544578                    /usr/lib/jvm/java-7-openjdk-amd64/jre/lib/amd64/libjawt.so
7f952d147000-7f952d346000 ---p 00001000 08:16 3544578                    /usr/lib/jvm/java-7-openjdk-amd64/jre/lib/amd64/libjawt.so
7f952d346000-7f952d347000 r--p 00000000 08:16 3544578                    /usr/lib/jvm/java-7-openjdk-amd64/jre/lib/amd64/libjawt.so
7f952d347000-7f952d348000 rw-p 00001000 08:16 3544578                    /usr/lib/jvm/java-7-openjdk-amd64/jre/lib/amd64/libjawt.so
7f952d348000-7f952d448000 rw-s 00000000 00:04 168132651                  /SYSV00000000 (deleted)
7f952d448000-7f952d4a8000 rw-s 00000000 00:04 168099878                  /SYSV00000000 (deleted)
7f952d4e8000-7f952d4f8000 rw-s fe9f0000 00:05 9165                       /dev/ati/card0
7f952d4f8000-7f952d4fb000 ---p 00000000 00:00 0 
7f952d4fb000-7f952d5f9000 rw-p 00000000 00:00 0 
7f952d5f9000-7f952d5fc000 ---p 00000000 00:00 0 
7f952d5fc000-7f952d6fa000 rw-p 00000000 00:00 0 
7f952d6fa000-7f952d6fb000 ---p 00000000 00:00 0 
7f952d6fb000-7f952defb000 rw-p 00000000 00:00 0 
7f952defb000-7f952df15000 r-xp 00000000 08:16 1056151                    /usr/lib/x86_64-linux-gnu/libdbusmenu-glib.so.4.0.12
7f952df15000-7f952e114000 ---p 0001a000 08:16 1056151                    /usr/lib/x86_64-linux-gnu/libdbusmenu-glib.so.4.0.12
7f952e114000-7f952e115000 r--p 00019000 08:16 1056151                    /usr/lib/x86_64-linux-gnu/libdbusmenu-glib.so.4.0.12
7f952e115000-7f952e116000 rw-p 0001a000 08:16 1056151                    /usr/lib/x86_64-linux-gnu/libdbusmenu-glib.so.4.0.12
7f952e116000-7f952e128000 r-xp 00000000 08:16 1056153                    /usr/lib/x86_64-linux-gnu/libdbusmenu-gtk.so.4.0.12
7f952e128000-7f952e327000 ---p 00012000 08:16 1056153                    /usr/lib/x86_64-linux-gnu/libdbusmenu-gtk.so.4.0.12
7f952e327000-7f952e328000 r--p 00011000 08:16 1056153                    /usr/lib/x86_64-linux-gnu/libdbusmenu-gtk.so.4.0.12
7f952e328000-7f952e329000 rw-p 00012000 08:16 1056153                    /usr/lib/x86_64-linux-gnu/libdbusmenu-gtk.so.4.0.12
7f952e329000-7f952e32e000 r-xp 00000000 08:16 1052971                    /usr/lib/gtk-2.0/2.10.0/menuproxies/libappmenu.so
7f952e32e000-7f952e52d000 ---p 00005000 08:16 1052971                    /usr/lib/gtk-2.0/2.10.0/menuproxies/libappmenu.so
7f952e52d000-7f952e52e000 r--p 00004000 08:16 1052971                    /usr/lib/gtk-2.0/2.10.0/menuproxies/libappmenu.so
7f952e52e000-7f952e52f000 rw-p 00005000 08:16 1052971                    /usr/lib/gtk-2.0/2.10.0/menuproxies/libappmenu.so
7f952e52f000-7f952e53b000 r-xp 00000000 08:16 5246678                    /lib/x86_64-linux-gnu/libudev.so.0.13.0
7f952e53b000-7f952e73a000 ---p 0000c000 08:16 5246678                    /lib/x86_64-linux-gnu/libudev.so.0.13.0
7f952e73a000-7f952e73b000 r--p 0000b000 08:16 5246678                    /lib/x86_64-linux-gnu/libudev.so.0.13.0
7f952e73b000-7f952e73c000 rw-p 0000c000 08:16 5246678                    /lib/x86_64-linux-gnu/libudev.so.0.13.0
7f952e73c000-7f952e752000 r-xp 00000000 08:16 1314755                    /usr/lib/x86_64-linux-gnu/gvfs/libgvfscommon.so
7f952e752000-7f952e951000 ---p 00016000 08:16 1314755                    /usr/lib/x86_64-linux-gnu/gvfs/libgvfscommon.so
7f952e951000-7f952e952000 r--p 00015000 08:16 1314755                    /usr/lib/x86_64-linux-gnu/gvfs/libgvfscommon.so
7f952e952000-7f952e953000 rw-p 00016000 08:16 1314755                    /usr/lib/x86_64-linux-gnu/gvfs/libgvfscommon.so
7f952e953000-7f952e97b000 r-xp 00000000 08:16 1314556                    /usr/lib/x86_64-linux-gnu/gio/modules/libgvfsdbus.so
7f952e97b000-7f952eb7a000 ---p 00028000 08:16 1314556                    /usr/lib/x86_64-linux-gnu/gio/modules/libgvfsdbus.so
7f952eb7a000-7f952eb7b000 r--p 00027000 08:16 1314556                    /usr/lib/x86_64-linux-gnu/gio/modules/libgvfsdbus.so
7f952eb7b000-7f952eb7c000 rw-p 00028000 08:16 1314556                    /usr/lib/x86_64-linux-gnu/gio/modules/libgvfsdbus.so
7f952eb7c000-7f952ebc0000 r-xp 00000000 08:16 1056333                    /usr/lib/x86_64-linux-gnu/libibus-1.0.so.0.401.0
7f952ebc0000-7f952edbf000 ---p 00044000 08:16 1056333                    /usr/lib/x86_64-linux-gnu/libibus-1.0.so.0.401.0
7f952edbf000-7f952edc1000 r--p 00043000 08:16 1056333                    /usr/lib/x86_64-linux-gnu/libibus-1.0.so.0.401.0
7f952edc1000-7f952edc2000 rw-p 00045000 08:16 1056333                    /usr/lib/x86_64-linux-gnu/libibus-1.0.so.0.401.0
7f952edc2000-7f952edc3000 rw-p 00000000 00:00 0 
7f952edc5000-7f952edc8000 ---p 00000000 00:00 0 
7f952edc8000-7f952eddf000 rw-p 00000000 00:00 0 
7f952eddf000-7f952ede5000 r-xp 00000000 08:16 1314695                    /usr/lib/x86_64-linux-gnu/gtk-2.0/2.10.0/immodules/im-ibus.so
7f952ede5000-7f952efe4000 ---p 00006000 08:16 1314695                    /usr/lib/x86_64-linux-gnu/gtk-2.0/2.10.0/immodules/im-ibus.so
7f952efe4000-7f952efe5000 r--p 00005000 08:16 1314695                    /usr/lib/x86_64-linux-gnu/gtk-2.0/2.10.0/immodules/im-ibus.so
7f952efe5000-7f952efe6000 rw-p 00006000 08:16 1314695                    /usr/lib/x86_64-linux-gnu/gtk-2.0/2.10.0/immodules/im-ibus.so
7f952efe6000-7f952f003000 r--p 00000000 08:16 1835500                    /usr/share/fonts/truetype/droid/DroidSansMono.ttf
7f952f003000-7f952f05a000 r--p 00000000 08:16 1837996                    /usr/share/fonts/truetype/ubuntu-font-family/Ubuntu-R.ttf
7f952f05a000-7f952f05c000 r-xp 00000000 08:16 1313859                    /usr/lib/x86_64-linux-gnu/pango/1.6.0/modules/pango-basic-fc.so
7f952f05c000-7f952f25b000 ---p 00002000 08:16 1313859                    /usr/lib/x86_64-linux-gnu/pango/1.6.0/modules/pango-basic-fc.so
7f952f25b000-7f952f25c000 r--p 00001000 08:16 1313859                    /usr/lib/x86_64-linux-gnu/pango/1.6.0/modules/pango-basic-fc.so
7f952f25c000-7f952f25d000 rw-p 00002000 08:16 1313859                    /usr/lib/x86_64-linux-gnu/pango/1.6.0/modules/pango-basic-fc.so
7f952f25d000-7f952f279000 r--s 00000000 08:16 1838102                    /usr/share/fonts/type1/gsfonts/p052024l.pfb
7f952f279000-7f952f289000 r--s 00000000 08:16 1838009                    /usr/share/fonts/type1/gsfonts/a010015l.pfb
7f952f289000-7f952f2a1000 r--s 00000000 08:16 1838039                    /usr/share/fonts/type1/gsfonts/c059036l.pfb
7f952f2a1000-7f952f2b2000 r--s 00000000 08:16 1838063                    /usr/share/fonts/type1/gsfonts/n019063l.pfb
7f952f2b2000-7f952f2cd000 r--s 00000000 08:16 1838099                    /usr/share/fonts/type1/gsfonts/p052023l.pfb
7f952f2cd000-7f952f2e0000 r--s 00000000 08:16 1838066                    /usr/share/fonts/type1/gsfonts/n019064l.pfb
7f952f2e0000-7f952f2ec000 r--s 00000000 08:16 1838042                    /usr/share/fonts/type1/gsfonts/d050000l.pfb
7f952f2ec000-7f952f307000 r--s 00000000 08:16 1838096                    /usr/share/fonts/type1/gsfonts/p052004l.pfb
7f952f307000-7f952f317000 r--s 00000000 08:16 1838012                    /usr/share/fonts/type1/gsfonts/a010033l.pfb
7f952f317000-7f952f330000 r--s 00000000 08:16 1838018                    /usr/share/fonts/type1/gsfonts/b018012l.pfb
7f952f330000-7f952f342000 r--s 00000000 08:16 1838027                    /usr/share/fonts/type1/gsfonts/b018035l.pfb
7f952f342000-7f952f35a000 r--s 00000000 08:16 1838036                    /usr/share/fonts/type1/gsfonts/c059033l.pfb
7f952f35a000-7f952f375000 r--s 00000000 08:16 1838033                    /usr/share/fonts/type1/gsfonts/c059016l.pfb
7f952f375000-7f952f387000 r--s 00000000 08:16 1838060                    /usr/share/fonts/type1/gsfonts/n019044l.pfb
7f952f387000-7f952f3a2000 r--s 00000000 08:16 1838093                    /usr/share/fonts/type1/gsfonts/p052003l.pfb
7f952f3a2000-7f952f3b2000 r--s 00000000 08:16 1838006                    /usr/share/fonts/type1/gsfonts/a010013l.pfb
7f952f3b2000-7f952f3c9000 r--s 00000000 08:16 1838108                    /usr/share/fonts/type1/gsfonts/z003034l.pfb
7f952f3c9000-7f952f3d2000 r--s 00000000 08:16 1838105                    /usr/share/fonts/type1/gsfonts/s050000l.pfb
7f952f3d2000-7f952f3e7000 r--s 00000000 08:16 1838024                    /usr/share/fonts/type1/gsfonts/b018032l.pfb
7f952f3e7000-7f952f401000 r--s 00000000 08:16 1838030                    /usr/share/fonts/type1/gsfonts/c059013l.pfb
7f952f401000-7f952f413000 r--s 00000000 08:16 1838057                    /usr/share/fonts/type1/gsfonts/n019043l.pfb
7f952f413000-7f952f426000 r--s 00000000 08:16 1838021                    /usr/share/fonts/type1/gsfonts/b018015l.pfb
7f952f426000-7f952f437000 r--s 00000000 08:16 1838015                    /usr/share/fonts/type1/gsfonts/a010035l.pfb
7f952f438000-7f952f43f000 r--s 00000000 08:16 1314519                    /usr/lib/x86_64-linux-gnu/gconv/gconv-modules.cache
7f952f43f000-7f952f441000 rw-s 2314e000 00:05 9165                       /dev/ati/card0
7f952f441000-7f952f44b000 r--s 00000000 08:16 1837283                    /usr/share/fonts/X11/Type1/c0611bt_.pfb
7f952f44b000-7f952f454000 r--s 00000000 08:16 1837285                    /usr/share/fonts/X11/Type1/c0632bt_.pfb
7f952f454000-7f952f45e000 r--s 00000000 08:16 1837277                    /usr/share/fonts/X11/Type1/c0419bt_.pfb
7f952f45e000-7f952f468000 r--s 00000000 08:16 1837279                    /usr/share/fonts/X11/Type1/c0582bt_.pfb
7f952f468000-7f952f471000 r--s 00000000 08:16 1837289                    /usr/share/fonts/X11/Type1/c0648bt_.pfb
7f952f471000-7f952f47a000 r--s 00000000 08:16 1837287                    /usr/share/fonts/X11/Type1/c0633bt_.pfb
7f952f47a000-7f952f483000 r--s 00000000 08:16 1837291                    /usr/share/fonts/X11/Type1/c0649bt_.pfb
7f952f483000-7f952f48d000 r--s 00000000 08:16 1837281                    /usr/share/fonts/X11/Type1/c0583bt_.pfb
7f952f48d000-7f952f48e000 r--s 00000000 08:16 1843619                    /var/cache/fontconfig/c05880de57d1f5e948fdfacc138775d9-le64.cache-3
7f952f48e000-7f952f497000 r--s 00000000 08:16 1843614                    /var/cache/fontconfig/945677eb7aeaf62f1d50efc3fb3ec7d8-le64.cache-3
7f952f497000-7f952f499000 r--s 00000000 08:16 1843615                    /var/cache/fontconfig/99e8ed0e538f840c565b6ed5dad60d56-le64.cache-3
7f952f499000-7f952f4a1000 r--s 00000000 08:16 1846703                    /var/cache/fontconfig/a6d8cf8e4ec09cdbc8633c31745a07dd-le64.cache-3
7f952f4a1000-7f952f4a5000 r--s 00000000 08:16 1843601                    /var/cache/fontconfig/2cd17615ca594fa2959ae173292e504c-le64.cache-3
7f952f4a5000-7f952f4ab000 r--s 00000000 08:16 1843616                    /var/cache/fontconfig/a755afe4a08bf5b97852ceb7400b47bc-le64.cache-3
7f952f4ab000-7f952f4b4000 r--s 00000000 08:16 1847215                    /var/cache/fontconfig/6d41288fd70b0be22e8c3a91e032eec0-le64.cache-3
7f952f4b4000-7f952f4c4000 r--s 00000000 08:16 1843598                    /var/cache/fontconfig/04aabc0a78ac019cf9454389977116d2-le64.cache-3
7f952f4c4000-7f952f4f2000 r--s 00000000 08:16 1846701                    /var/cache/fontconfig/365b55f210c0a22e9a19e35191240f32-le64.cache-3
7f952f4f2000-7f952f4f7000 r--s 00000000 08:16 1843617                    /var/cache/fontconfig/b47c4e1ecd0709278f4910c18777a504-le64.cache-3
7f952f4f7000-7f952f4ff000 r--s 00000000 08:16 1846702                    /var/cache/fontconfig/52f7bdb7ce746bfd7eaa1985bd9cfa93-le64.cache-3
7f952f4ff000-7f952f50f000 r--s 00000000 08:16 1843622                    /var/cache/fontconfig/d52a8644073d54c13679302ca1180695-le64.cache-3
7f952f50f000-7f952f525000 r--s 00000000 08:16 1838090                    /usr/share/fonts/type1/gsfonts/n022024l.pfb
7f952f525000-7f952f53d000 r--s 00000000 08:16 1838081                    /usr/share/fonts/type1/gsfonts/n022003l.pfb
7f952f53d000-7f952f54e000 r--s 00000000 08:16 1838054                    /usr/share/fonts/type1/gsfonts/n019024l.pfb
7f952f54e000-7f952f567000 r--s 00000000 08:16 1838072                    /usr/share/fonts/type1/gsfonts/n021004l.pfb
7f952f567000-7f952f577000 r-xp 00000000 08:16 3544571                    /usr/lib/jvm/java-7-openjdk-amd64/jre/lib/amd64/libnio.so
7f952f577000-7f952f776000 ---p 00010000 08:16 3544571                    /usr/lib/jvm/java-7-openjdk-amd64/jre/lib/amd64/libnio.so
7f952f776000-7f952f777000 r--p 0000f000 08:16 3544571                    /usr/lib/jvm/java-7-openjdk-amd64/jre/lib/amd64/libnio.so
7f952f777000-7f952f778000 rw-p 00010000 08:16 3544571                    /usr/lib/jvm/java-7-openjdk-amd64/jre/lib/amd64/libnio.so
7f952f778000-7f952f78e000 r-xp 00000000 08:16 3544572                    /usr/lib/jvm/java-7-openjdk-amd64/jre/lib/amd64/libnet.so
7f952f78e000-7f952f98e000 ---p 00016000 08:16 3544572                    /usr/lib/jvm/java-7-openjdk-amd64/jre/lib/amd64/libnet.so
7f952f98e000-7f952f98f000 r--p 00016000 08:16 3544572                    /usr/lib/jvm/java-7-openjdk-amd64/jre/lib/amd64/libnet.so
7f952f98f000-7f952f990000 rw-p 00017000 08:16 3544572                    /usr/lib/jvm/java-7-openjdk-amd64/jre/lib/amd64/libnet.so
7f952f990000-7f952f9cb000 r-xp 00000000 08:16 3544568                    /usr/lib/jvm/java-7-openjdk-amd64/jre/lib/amd64/libfontmanager.so
7f952f9cb000-7f952fbca000 ---p 0003b000 08:16 3544568                    /usr/lib/jvm/java-7-openjdk-amd64/jre/lib/amd64/libfontmanager.so
7f952fbca000-7f952fbcc000 r--p 0003a000 08:16 3544568                    /usr/lib/jvm/java-7-openjdk-amd64/jre/lib/amd64/libfontmanager.so
7f952fbcc000-7f952fbcd000 rw-p 0003c000 08:16 3544568                    /usr/lib/jvm/java-7-openjdk-amd64/jre/lib/amd64/libfontmanager.so
7f952fbcd000-7f952fbd3000 r-xp 00000000 08:16 1056418                    /usr/lib/x86_64-linux-gnu/libogg.so.0.7.1
7f952fbd3000-7f952fdd2000 ---p 00006000 08:16 1056418                    /usr/lib/x86_64-linux-gnu/libogg.so.0.7.1
7f952fdd2000-7f952fdd3000 r--p 00005000 08:16 1056418                    /usr/lib/x86_64-linux-gnu/libogg.so.0.7.1
7f952fdd3000-7f952fdd4000 rw-p 00006000 08:16 1056418                    /usr/lib/x86_64-linux-gnu/libogg.so.0.7.1
7f952fdd4000-7f952fdff000 r-xp 00000000 08:16 1056576                    /usr/lib/x86_64-linux-gnu/libvorbis.so.0.4.5
7f952fdff000-7f952fffe000 ---p 0002b000 08:16 1056576                    /usr/lib/x86_64-linux-gnu/libvorbis.so.0.4.5
7f952fffe000-7f952ffff000 r--p 0002a000 08:16 1056576                    /usr/lib/x86_64-linux-gnu/libvorbis.so.0.4.5
7f952ffff000-7f9530000000 rw-p 0002b000 08:16 1056576                    /usr/lib/x86_64-linux-gnu/libvorbis.so.0.4.5
7f9530000000-7f9530021000 rw-p 00000000 00:00 0 
7f9530021000-7f9534000000 ---p 00000000 00:00 0 
7f9534000000-7f9534021000 rw-p 00000000 00:00 0 
7f9534021000-7f9538000000 ---p 00000000 00:00 0 
7f9538000000-7f9538028000 rw-p 00000000 00:00 0 
7f9538028000-7f953c000000 ---p 00000000 00:00 0 
7f953c000000-7f953c001000 rw-s 22c4a000 00:05 9165                       /dev/ati/card0
7f953c001000-7f953c002000 r--s 00000000 08:16 1843626                    /var/cache/fontconfig/e7071f4a29fa870f4323321c154eba04-le64.cache-3
7f953c002000-7f953c005000 r--s 00000000 08:16 1843604                    /var/cache/fontconfig/385c0604a188198f04d133e54aba7fe7-le64.cache-3
7f953c005000-7f953c008000 r--s 00000000 08:16 1843613                    /var/cache/fontconfig/8801497958630a81b71ace7c5f9b32a8-le64.cache-3
7f953c008000-7f953c01a000 r--s 00000000 08:16 1838048                    /usr/share/fonts/type1/gsfonts/n019004l.pfb
7f953c01a000-7f953c033000 r--s 00000000 08:16 1838084                    /usr/share/fonts/type1/gsfonts/n022004l.pfb
7f953c033000-7f953c04c000 r--s 00000000 08:16 1838069                    /usr/share/fonts/type1/gsfonts/n021003l.pfb
7f953c04c000-7f953c062000 r--s 00000000 08:16 1838078                    /usr/share/fonts/type1/gsfonts/n021024l.pfb
7f953c062000-7f953c078000 r--s 00000000 08:16 1838087                    /usr/share/fonts/type1/gsfonts/n022023l.pfb
7f953c078000-7f953c080000 r-xp 00000000 08:16 1056375                    /usr/lib/x86_64-linux-gnu/libltdl.so.7.3.0
7f953c080000-7f953c280000 ---p 00008000 08:16 1056375                    /usr/lib/x86_64-linux-gnu/libltdl.so.7.3.0
7f953c280000-7f953c281000 r--p 00008000 08:16 1056375                    /usr/lib/x86_64-linux-gnu/libltdl.so.7.3.0
7f953c281000-7f953c282000 rw-p 00009000 08:16 1056375                    /usr/lib/x86_64-linux-gnu/libltdl.so.7.3.0
7f953c282000-7f953c292000 r-xp 00000000 08:16 1056543                    /usr/lib/x86_64-linux-gnu/libtdb.so.1.2.9
7f953c292000-7f953c491000 ---p 00010000 08:16 1056543                    /usr/lib/x86_64-linux-gnu/libtdb.so.1.2.9
7f953c491000-7f953c492000 r--p 0000f000 08:16 1056543                    /usr/lib/x86_64-linux-gnu/libtdb.so.1.2.9
7f953c492000-7f953c493000 rw-p 00010000 08:16 1056543                    /usr/lib/x86_64-linux-gnu/libtdb.so.1.2.9
7f953c493000-7f953c49a000 r-xp 00000000 08:16 1056580                    /usr/lib/x86_64-linux-gnu/libvorbisfile.so.3.3.4
7f953c49a000-7f953c699000 ---p 00007000 08:16 1056580                    /usr/lib/x86_64-linux-gnu/libvorbisfile.so.3.3.4
7f953c699000-7f953c69a000 r--p 00006000 08:16 1056580                    /usr/lib/x86_64-linux-gnu/libvorbisfile.so.3.3.4
7f953c69a000-7f953c69b000 rw-p 00007000 08:16 1056580                    /usr/lib/x86_64-linux-gnu/libvorbisfile.so.3.3.4
7f953c69b000-7f953c6aa000 r-xp 00000000 08:16 1056113                    /usr/lib/x86_64-linux-gnu/libcanberra.so.0.2.5
7f953c6aa000-7f953c8a9000 ---p 0000f000 08:16 1056113                    /usr/lib/x86_64-linux-gnu/libcanberra.so.0.2.5
7f953c8a9000-7f953c8aa000 r--p 0000e000 08:16 1056113                    /usr/lib/x86_64-linux-gnu/libcanberra.so.0.2.5
7f953c8aa000-7f953c8ab000 rw-p 0000f000 08:16 1056113                    /usr/lib/x86_64-linux-gnu/libcanberra.so.0.2.5
7f953c8ab000-7f953c8af000 r-xp 00000000 08:16 1056109                    /usr/lib/x86_64-linux-gnu/libcanberra-gtk.so.0.1.8
7f953c8af000-7f953caae000 ---p 00004000 08:16 1056109                    /usr/lib/x86_64-linux-gnu/libcanberra-gtk.so.0.1.8
7f953caae000-7f953caaf000 r--p 00003000 08:16 1056109                    /usr/lib/x86_64-linux-gnu/libcanberra-gtk.so.0.1.8
7f953caaf000-7f953cab0000 rw-p 00004000 08:16 1056109                    /usr/lib/x86_64-linux-gnu/libcanberra-gtk.so.0.1.8
7f953cab0000-7f953cab5000 r-xp 00000000 08:16 1314709                    /usr/lib/x86_64-linux-gnu/gtk-2.0/modules/libcanberra-gtk-module.so
7f953cab5000-7f953ccb4000 ---p 00005000 08:16 1314709                    /usr/lib/x86_64-linux-gnu/gtk-2.0/modules/libcanberra-gtk-module.so
7f953ccb4000-7f953ccb5000 r--p 00004000 08:16 1314709                    /usr/lib/x86_64-linux-gnu/gtk-2.0/modules/libcanberra-gtk-module.so
7f953ccb5000-7f953ccb6000 rw-p 00005000 08:16 1314709                    /usr/lib/x86_64-linux-gnu/gtk-2.0/modules/libcanberra-gtk-module.so
7f953ccb6000-7f953cce5000 r-xp 00000000 08:16 1314688                    /usr/lib/x86_64-linux-gnu/gtk-2.0/2.10.0/engines/libmurrine.so
7f953cce5000-7f953cee5000 ---p 0002f000 08:16 1314688                    /usr/lib/x86_64-linux-gnu/gtk-2.0/2.10.0/engines/libmurrine.so
7f953cee5000-7f953cee6000 r--p 0002f000 08:16 1314688                    /usr/lib/x86_64-linux-gnu/gtk-2.0/2.10.0/engines/libmurrine.so
7f953cee6000-7f953cee7000 rw-p 00030000 08:16 1314688                    /usr/lib/x86_64-linux-gnu/gtk-2.0/2.10.0/engines/libmurrine.so
7f953cee7000-7f953cee8000 ---p 00000000 00:00 0 
7f953cee8000-7f953d6e8000 rw-p 00000000 00:00 0 
7f953d6e8000-7f953d6e9000 ---p 00000000 00:00 0 
7f953d6e9000-7f953dee9000 rw-p 00000000 00:00 0 
7f953dee9000-7f953def0000 r-xp 00000000 08:16 1314551                    /usr/lib/x86_64-linux-gnu/gio/modules/libdconfsettings.so
7f953def0000-7f953e0ef000 ---p 00007000 08:16 1314551                    /usr/lib/x86_64-linux-gnu/gio/modules/libdconfsettings.so
7f953e0ef000-7f953e0f0000 r--p 00006000 08:16 1314551                    /usr/lib/x86_64-linux-gnu/gio/modules/libdconfsettings.so
7f953e0f0000-7f953e0f1000 rw-p 00007000 08:16 1314551                    /usr/lib/x86_64-linux-gnu/gio/modules/libdconfsettings.so
7f953e0f1000-7f953e101000 r-xp 00000000 08:16 1051646                    /usr/lib/liboverlay-scrollbar-0.2.so.0.0.16
7f953e101000-7f953e300000 ---p 00010000 08:16 1051646                    /usr/lib/liboverlay-scrollbar-0.2.so.0.0.16
7f953e300000-7f953e301000 r--p 0000f000 08:16 1051646                    /usr/lib/liboverlay-scrollbar-0.2.so.0.0.16
7f953e301000-7f953e302000 rw-p 00010000 08:16 1051646                    /usr/lib/liboverlay-scrollbar-0.2.so.0.0.16
7f953e302000-7f953e305000 ---p 00000000 00:00 0 
7f953e305000-7f953e403000 rw-p 00000000 00:00 0 
7f953e403000-7f953e406000 ---p 00000000 00:00 0 
7f953e406000-7f953e504000 rw-p 00000000 00:00 0 
7f953e504000-7f953e507000 ---p 00000000 00:00 0 
7f953e507000-7f953e605000 rw-p 00000000 00:00 0 
7f953e605000-7f953e608000 ---p 00000000 00:00 0 
7f953e608000-7f953e706000 rw-p 00000000 00:00 0 
7f953e706000-7f953e709000 ---p 00000000 00:00 0 
7f953e709000-7f953e807000 rw-p 00000000 00:00 0 
7f953e807000-7f953e80a000 r-xp 00000000 08:16 5246606                    /lib/x86_64-linux-gnu/libgpg-error.so.0.8.0
7f953e80a000-7f953ea09000 ---p 00003000 08:16 5246606                    /lib/x86_64-linux-gnu/libgpg-error.so.0.8.0
7f953ea09000-7f953ea0a000 r--p 00002000 08:16 5246606                    /lib/x86_64-linux-gnu/libgpg-error.so.0.8.0
7f953ea0a000-7f953ea0b000 rw-p 00003000 08:16 5246606                    /lib/x86_64-linux-gnu/libgpg-error.so.0.8.0
7f953ea0b000-7f953ea0e000 r-xp 00000000 08:16 5246610                    /lib/x86_64-linux-gnu/libkeyutils.so.1.4
7f953ea0e000-7f953ec0d000 ---p 00003000 08:16 5246610                    /lib/x86_64-linux-gnu/libkeyutils.so.1.4
7f953ec0d000-7f953ec0e000 r--p 00002000 08:16 5246610                    /lib/x86_64-linux-gnu/libkeyutils.so.1.4
7f953ec0e000-7f953ec0f000 rw-p 00003000 08:16 5246610                    /lib/x86_64-linux-gnu/libkeyutils.so.1.4
7f953ec0f000-7f953ec51000 r-xp 00000000 08:16 5246591                    /lib/x86_64-linux-gnu/libdbus-1.so.3.5.8
7f953ec51000-7f953ee51000 ---p 00042000 08:16 5246591                    /lib/x86_64-linux-gnu/libdbus-1.so.3.5.8
7f953ee51000-7f953ee52000 r--p 00042000 08:16 5246591                    /lib/x86_64-linux-gnu/libdbus-1.so.3.5.8
7f953ee52000-7f953ee53000 rw-p 00043000 08:16 5246591                    /lib/x86_64-linux-gnu/libdbus-1.so.3.5.8
7f953ee53000-7f953ee64000 r-xp 00000000 08:16 1056424                    /usr/lib/x86_64-linux-gnu/libp11-kit.so.0.0.0
7f953ee64000-7f953f063000 ---p 00011000 08:16 1056424                    /usr/lib/x86_64-linux-gnu/libp11-kit.so.0.0.0
7f953f063000-7f953f064000 r--p 00010000 08:16 1056424                    /usr/lib/x86_64-linux-gnu/libp11-kit.so.0.0.0
7f953f064000-7f953f065000 rw-p 00011000 08:16 1056424                    /usr/lib/x86_64-linux-gnu/libp11-kit.so.0.0.0
7f953f065000-7f953f0df000 r-xp 00000000 08:16 5246882                    /lib/x86_64-linux-gnu/libgcrypt.so.11.7.0
7f953f0df000-7f953f2df000 ---p 0007a000 08:16 5246882                    /lib/x86_64-linux-gnu/libgcrypt.so.11.7.0
7f953f2df000-7f953f2e0000 r--p 0007a000 08:16 5246882                    /lib/x86_64-linux-gnu/libgcrypt.so.11.7.0
7f953f2e0000-7f953f2e3000 rw-p 0007b000 08:16 5246882                    /lib/x86_64-linux-gnu/libgcrypt.so.11.7.0
7f953f2e3000-7f953f2f3000 r-xp 00000000 08:16 1061093                    /usr/lib/x86_64-linux-gnu/libtasn1.so.3.1.12
7f953f2f3000-7f953f4f2000 ---p 00010000 08:16 1061093                    /usr/lib/x86_64-linux-gnu/libtasn1.so.3.1.12
7f953f4f2000-7f953f4f3000 r--p 0000f000 08:16 1061093                    /usr/lib/x86_64-linux-gnu/libtasn1.so.3.1.12
7f953f4f3000-7f953f4f4000 rw-p 00010000 08:16 1061093                    /usr/lib/x86_64-linux-gnu/libtasn1.so.3.1.12
7f953f4f4000-7f953f4fb000 r-xp 00000000 08:16 1052728                    /usr/lib/x86_64-linux-gnu/libkrb5support.so.0.1
7f953f4fb000-7f953f6fa000 ---p 00007000 08:16 1052728                    /usr/lib/x86_64-linux-gnu/libkrb5support.so.0.1
7f953f6fa000-7f953f6fb000 r--p 00006000 08:16 1052728                    /usr/lib/x86_64-linux-gnu/libkrb5support.so.0.1
7f953f6fb000-7f953f6fc000 rw-p 00007000 08:16 1052728                    /usr/lib/x86_64-linux-gnu/libkrb5support.so.0.1
7f953f6fc000-7f953f6ff000 r-xp 00000000 08:16 5246586                    /lib/x86_64-linux-gnu/libcom_err.so.2.1
7f953f6ff000-7f953f8fe000 ---p 00003000 08:16 5246586                    /lib/x86_64-linux-gnu/libcom_err.so.2.1
7f953f8fe000-7f953f8ff000 r--p 00002000 08:16 5246586                    /lib/x86_64-linux-gnu/libcom_err.so.2.1
7f953f8ff000-7f953f900000 rw-p 00003000 08:16 5246586                    /lib/x86_64-linux-gnu/libcom_err.so.2.1
7f953f900000-7f953f925000 r-xp 00000000 08:16 1052714                    /usr/lib/x86_64-linux-gnu/libk5crypto.so.3.1
7f953f925000-7f953fb25000 ---p 00025000 08:16 1052714                    /usr/lib/x86_64-linux-gnu/libk5crypto.so.3.1
7f953fb25000-7f953fb26000 r--p 00025000 08:16 1052714                    /usr/lib/x86_64-linux-gnu/libk5crypto.so.3.1
7f953fb26000-7f953fb27000 rw-p 00026000 08:16 1052714                    /usr/lib/x86_64-linux-gnu/libk5crypto.so.3.1
7f953fb27000-7f953fb28000 rw-p 00000000 00:00 0 
7f953fb28000-7f953fbec000 r-xp 00000000 08:16 1052724                    /usr/lib/x86_64-linux-gnu/libkrb5.so.3.3
7f953fbec000-7f953fdeb000 ---p 000c4000 08:16 1052724                    /usr/lib/x86_64-linux-gnu/libkrb5.so.3.3
7f953fdeb000-7f953fdf5000 r--p 000c3000 08:16 1052724                    /usr/lib/x86_64-linux-gnu/libkrb5.so.3.3
7f953fdf5000-7f953fdf6000 rw-p 000cd000 08:16 1052724                    /usr/lib/x86_64-linux-gnu/libkrb5.so.3.3
7f953fdf6000-7f953fdfe000 r-xp 00000000 08:16 1056599                    /usr/lib/x86_64-linux-gnu/libxcb-render.so.0.0.0
7f953fdfe000-7f953fffe000 ---p 00008000 08:16 1056599                    /usr/lib/x86_64-linux-gnu/libxcb-render.so.0.0.0
7f953fffe000-7f953ffff000 r--p 00008000 08:16 1056599                    /usr/lib/x86_64-linux-gnu/libxcb-render.so.0.0.0
7f953ffff000-7f9540000000 rw-p 00009000 08:16 1056599                    /usr/lib/x86_64-linux-gnu/libxcb-render.so.0.0.0
7f9540000000-7f9540f9b000 rw-p 00000000 00:00 0 
7f9540f9b000-7f9544000000 ---p 00000000 00:00 0 
7f9544000000-7f9544001000 r--s 00000000 08:16 1843599                    /var/cache/fontconfig/0d8c3b2ac0904cb8a57a757ad11a4a08-le64.cache-3
7f9544001000-7f9544006000 r--s 00000000 08:16 1843602                    /var/cache/fontconfig/3047814df9a2f067bd2d96a2b9c36e5a-le64.cache-3
7f9544006000-7f954400c000 r--s 00000000 08:16 1846508                    /var/cache/fontconfig/3f7329c5293ffd510edef78f73874cfd-le64.cache-3
7f954400c000-7f954400f000 r--s 00000000 08:16 1842402                    /var/cache/fontconfig/e13b20fdb08344e0e664864cc2ede53d-le64.cache-3
7f954400f000-7f9544013000 r--s 00000000 08:16 1846742                    /var/cache/fontconfig/7ef2298fde41cc6eeb7af42e48b7d293-le64.cache-3
7f9544013000-7f954402a000 r--s 00000000 08:16 1838075                    /usr/share/fonts/type1/gsfonts/n021023l.pfb
7f954402a000-7f9544034000 r--s 00000000 08:16 1838111                    /usr/share/fonts/type1/mathml/Symbol.pfb
7f9544034000-7f9544045000 r--s 00000000 08:16 1838051                    /usr/share/fonts/type1/gsfonts/n019023l.pfb
7f9544045000-7f9544047000 r-xp 00000000 08:16 1056603                    /usr/lib/x86_64-linux-gnu/libxcb-shm.so.0.0.0
7f9544047000-7f9544246000 ---p 00002000 08:16 1056603                    /usr/lib/x86_64-linux-gnu/libxcb-shm.so.0.0.0
7f9544246000-7f9544247000 r--p 00001000 08:16 1056603                    /usr/lib/x86_64-linux-gnu/libxcb-shm.so.0.0.0
7f9544247000-7f9544248000 rw-p 00002000 08:16 1056603                    /usr/lib/x86_64-linux-gnu/libxcb-shm.so.0.0.0
7f9544248000-7f954426e000 r-xp 00000000 08:16 5246656                    /lib/x86_64-linux-gnu/libpng12.so.0.46.0
7f954426e000-7f954446e000 ---p 00026000 08:16 5246656                    /lib/x86_64-linux-gnu/libpng12.so.0.46.0
7f954446e000-7f954446f000 r--p 00026000 08:16 5246656                    /lib/x86_64-linux-gnu/libpng12.so.0.46.0
7f954446f000-7f9544470000 rw-p 00027000 08:16 5246656                    /lib/x86_64-linux-gnu/libpng12.so.0.46.0
7f9544470000-7f95444f1000 r-xp 00000000 08:16 1056450                    /usr/lib/x86_64-linux-gnu/libpixman-1.so.0.24.4
7f95444f1000-7f95446f0000 ---p 00081000 08:16 1056450                    /usr/lib/x86_64-linux-gnu/libpixman-1.so.0.24.4
7f95446f0000-7f95446f6000 r--p 00080000 08:16 1056450                    /usr/lib/x86_64-linux-gnu/libpixman-1.so.0.24.4
7f95446f6000-7f95446f7000 rw-p 00086000 08:16 1056450                    /usr/lib/x86_64-linux-gnu/libpixman-1.so.0.24.4
7f95446f7000-7f95446fc000 r-xp 00000000 08:16 1056019                    /usr/lib/x86_64-linux-gnu/libXdmcp.so.6.0.0
7f95446fc000-7f95448fb000 ---p 00005000 08:16 1056019                    /usr/lib/x86_64-linux-gnu/libXdmcp.so.6.0.0
7f95448fb000-7f95448fc000 r--p 00004000 08:16 1056019                    /usr/lib/x86_64-linux-gnu/libXdmcp.so.6.0.0
7f95448fc000-7f95448fd000 rw-p 00005000 08:16 1056019                    /usr/lib/x86_64-linux-gnu/libXdmcp.so.6.0.0
7f95448fd000-7f95448ff000 r-xp 00000000 08:16 1056008                    /usr/lib/x86_64-linux-gnu/libXau.so.6.0.0
7f95448ff000-7f9544afe000 ---p 00002000 08:16 1056008                    /usr/lib/x86_64-linux-gnu/libXau.so.6.0.0
7f9544afe000-7f9544aff000 r--p 00001000 08:16 1056008                    /usr/lib/x86_64-linux-gnu/libXau.so.6.0.0
7f9544aff000-7f9544b00000 rw-p 00002000 08:16 1056008                    /usr/lib/x86_64-linux-gnu/libXau.so.6.0.0
7f9544b00000-7f9544b10000 r-xp 00000000 08:16 1056075                    /usr/lib/x86_64-linux-gnu/libavahi-client.so.3.2.9
7f9544b10000-7f9544d0f000 ---p 00010000 08:16 1056075                    /usr/lib/x86_64-linux-gnu/libavahi-client.so.3.2.9
7f9544d0f000-7f9544d10000 r--p 0000f000 08:16 1056075                    /usr/lib/x86_64-linux-gnu/libavahi-client.so.3.2.9
7f9544d10000-7f9544d11000 rw-p 00010000 08:16 1056075                    /usr/lib/x86_64-linux-gnu/libavahi-client.so.3.2.9
7f9544d11000-7f9544d1c000 r-xp 00000000 08:16 1056077                    /usr/lib/x86_64-linux-gnu/libavahi-common.so.3.5.3
7f9544d1c000-7f9544f1b000 ---p 0000b000 08:16 1056077                    /usr/lib/x86_64-linux-gnu/libavahi-common.so.3.5.3
7f9544f1b000-7f9544f1c000 r--p 0000a000 08:16 1056077                    /usr/lib/x86_64-linux-gnu/libavahi-common.so.3.5.3
7f9544f1c000-7f9544f1d000 rw-p 0000b000 08:16 1056077                    /usr/lib/x86_64-linux-gnu/libavahi-common.so.3.5.3
7f9544f1d000-7f9544fd1000 r-xp 00000000 08:16 1056248                    /usr/lib/x86_64-linux-gnu/libgnutls.so.26.21.8
7f9544fd1000-7f95451d1000 ---p 000b4000 08:16 1056248                    /usr/lib/x86_64-linux-gnu/libgnutls.so.26.21.8
7f95451d1000-7f95451d7000 r--p 000b4000 08:16 1056248                    /usr/lib/x86_64-linux-gnu/libgnutls.so.26.21.8
7f95451d7000-7f95451d8000 rw-p 000ba000 08:16 1056248                    /usr/lib/x86_64-linux-gnu/libgnutls.so.26.21.8
7f95451d8000-7f95451d9000 rw-p 00000000 00:00 0 
7f95451d9000-7f9545214000 r-xp 00000000 08:16 1052718                    /usr/lib/x86_64-linux-gnu/libgssapi_krb5.so.2.2
7f9545214000-7f9545414000 ---p 0003b000 08:16 1052718                    /usr/lib/x86_64-linux-gnu/libgssapi_krb5.so.2.2
7f9545414000-7f9545415000 r--p 0003b000 08:16 1052718                    /usr/lib/x86_64-linux-gnu/libgssapi_krb5.so.2.2
7f9545415000-7f9545417000 rw-p 0003c000 08:16 1052718                    /usr/lib/x86_64-linux-gnu/libgssapi_krb5.so.2.2
7f9545417000-7f9545453000 r-xp 00000000 08:16 5246652                    /lib/x86_64-linux-gnu/libpcre.so.3.12.1
7f9545453000-7f9545652000 ---p 0003c000 08:16 5246652                    /lib/x86_64-linux-gnu/libpcre.so.3.12.1
7f9545652000-7f9545653000 r--p 0003b000 08:16 5246652                    /lib/x86_64-linux-gnu/libpcre.so.3.12.1
7f9545653000-7f9545654000 rw-p 0003c000 08:16 5246652                    /lib/x86_64-linux-gnu/libpcre.so.3.12.1
7f9545654000-7f954565b000 r-xp 00000000 08:16 1056193                    /usr/lib/x86_64-linux-gnu/libffi.so.6.0.0
7f954565b000-7f954585a000 ---p 00007000 08:16 1056193                    /usr/lib/x86_64-linux-gnu/libffi.so.6.0.0
7f954585a000-7f954585b000 r--p 00006000 08:16 1056193                    /usr/lib/x86_64-linux-gnu/libffi.so.6.0.0
7f954585b000-7f954585c000 rw-p 00007000 08:16 1056193                    /usr/lib/x86_64-linux-gnu/libffi.so.6.0.0
7f954585c000-7f9545883000 r-xp 00000000 08:16 5246597                    /lib/x86_64-linux-gnu/libexpat.so.1.5.2
7f9545883000-7f9545a83000 ---p 00027000 08:16 5246597                    /lib/x86_64-linux-gnu/libexpat.so.1.5.2
7f9545a83000-7f9545a85000 r--p 00027000 08:16 5246597                    /lib/x86_64-linux-gnu/libexpat.so.1.5.2
7f9545a85000-7f9545a86000 rw-p 00029000 08:16 5246597                    /lib/x86_64-linux-gnu/libexpat.so.1.5.2
7f9545a86000-7f9545b1c000 r-xp 00000000 08:16 1056201                    /usr/lib/x86_64-linux-gnu/libfreetype.so.6.8.0
7f9545b1c000-7f9545d1b000 ---p 00096000 08:16 1056201                    /usr/lib/x86_64-linux-gnu/libfreetype.so.6.8.0
7f9545d1b000-7f9545d21000 r--p 00095000 08:16 1056201                    /usr/lib/x86_64-linux-gnu/libfreetype.so.6.8.0
7f9545d21000-7f9545d22000 rw-p 0009b000 08:16 1056201                    /usr/lib/x86_64-linux-gnu/libfreetype.so.6.8.0
7f9545d22000-7f9545d3a000 r-xp 00000000 08:16 5246663                    /lib/x86_64-linux-gnu/libresolv-2.15.so
7f9545d3a000-7f9545f3a000 ---p 00018000 08:16 5246663                    /lib/x86_64-linux-gnu/libresolv-2.15.so
7f9545f3a000-7f9545f3b000 r--p 00018000 08:16 5246663                    /lib/x86_64-linux-gnu/libresolv-2.15.so
7f9545f3b000-7f9545f3c000 rw-p 00019000 08:16 5246663                    /lib/x86_64-linux-gnu/libresolv-2.15.so
7f9545f3c000-7f9545f3e000 rw-p 00000000 00:00 0 
7f9545f3e000-7f9545f5b000 r-xp 00000000 08:16 5246667                    /lib/x86_64-linux-gnu/libselinux.so.1
7f9545f5b000-7f954615a000 ---p 0001d000 08:16 5246667                    /lib/x86_64-linux-gnu/libselinux.so.1
7f954615a000-7f954615b000 r--p 0001c000 08:16 5246667                    /lib/x86_64-linux-gnu/libselinux.so.1
7f954615b000-7f954615c000 rw-p 0001d000 08:16 5246667                    /lib/x86_64-linux-gnu/libselinux.so.1
7f954615c000-7f954615d000 rw-p 00000000 00:00 0 
7f954615d000-7f9546160000 r-xp 00000000 08:16 1059287                    /usr/lib/x86_64-linux-gnu/libgmodule-2.0.so.0.3200.3
7f9546160000-7f954635f000 ---p 00003000 08:16 1059287                    /usr/lib/x86_64-linux-gnu/libgmodule-2.0.so.0.3200.3
7f954635f000-7f9546360000 r--p 00002000 08:16 1059287                    /usr/lib/x86_64-linux-gnu/libgmodule-2.0.so.0.3200.3
7f9546360000-7f9546361000 rw-p 00003000 08:16 1059287                    /usr/lib/x86_64-linux-gnu/libgmodule-2.0.so.0.3200.3
7f9546361000-7f9546363000 r-xp 00000000 08:16 1056017                    /usr/lib/x86_64-linux-gnu/libXdamage.so.1.1.0
7f9546363000-7f9546562000 ---p 00002000 08:16 1056017                    /usr/lib/x86_64-linux-gnu/libXdamage.so.1.1.0
7f9546562000-7f9546563000 r--p 00001000 08:16 1056017                    /usr/lib/x86_64-linux-gnu/libXdamage.so.1.1.0
7f9546563000-7f9546564000 rw-p 00002000 08:16 1056017                    /usr/lib/x86_64-linux-gnu/libXdamage.so.1.1.0
7f9546564000-7f9546566000 r-xp 00000000 08:16 1056013                    /usr/lib/x86_64-linux-gnu/libXcomposite.so.1.0.0
7f9546566000-7f9546765000 ---p 00002000 08:16 1056013                    /usr/lib/x86_64-linux-gnu/libXcomposite.so.1.0.0
7f9546765000-7f9546766000 r--p 00001000 08:16 1056013                    /usr/lib/x86_64-linux-gnu/libXcomposite.so.1.0.0
7f9546766000-7f9546767000 rw-p 00002000 08:16 1056013                    /usr/lib/x86_64-linux-gnu/libXcomposite.so.1.0.0
7f9546767000-7f9546770000 r-xp 00000000 08:16 1056015                    /usr/lib/x86_64-linux-gnu/libXcursor.so.1.0.2
7f9546770000-7f954696f000 ---p 00009000 08:16 1056015                    /usr/lib/x86_64-linux-gnu/libXcursor.so.1.0.2
7f954696f000-7f9546970000 r--p 00008000 08:16 1056015                    /usr/lib/x86_64-linux-gnu/libXcursor.so.1.0.2
7f9546970000-7f9546971000 rw-p 00009000 08:16 1056015                    /usr/lib/x86_64-linux-gnu/libXcursor.so.1.0.2
7f9546971000-7f9546979000 r-xp 00000000 08:16 1056039                    /usr/lib/x86_64-linux-gnu/libXrandr.so.2.2.0
7f9546979000-7f9546b78000 ---p 00008000 08:16 1056039                    /usr/lib/x86_64-linux-gnu/libXrandr.so.2.2.0
7f9546b78000-7f9546b79000 r--p 00007000 08:16 1056039                    /usr/lib/x86_64-linux-gnu/libXrandr.so.2.2.0
7f9546b79000-7f9546b7a000 rw-p 00008000 08:16 1056039                    /usr/lib/x86_64-linux-gnu/libXrandr.so.2.2.0
7f9546b7a000-7f9546b7c000 r-xp 00000000 08:16 1056029                    /usr/lib/x86_64-linux-gnu/libXinerama.so.1.0.0
7f9546b7c000-7f9546d7b000 ---p 00002000 08:16 1056029                    /usr/lib/x86_64-linux-gnu/libXinerama.so.1.0.0
7f9546d7b000-7f9546d7c000 r--p 00001000 08:16 1056029                    /usr/lib/x86_64-linux-gnu/libXinerama.so.1.0.0
7f9546d7c000-7f9546d7d000 rw-p 00002000 08:16 1056029                    /usr/lib/x86_64-linux-gnu/libXinerama.so.1.0.0
7f9546d7d000-7f9546da6000 r-xp 00000000 08:16 1056253                    /usr/lib/x86_64-linux-gnu/libpangoft2-1.0.so.0.3000.0
7f9546da6000-7f9546fa5000 ---p 00029000 08:16 1056253                    /usr/lib/x86_64-linux-gnu/libpangoft2-1.0.so.0.3000.0
7f9546fa5000-7f9546fa6000 r--p 00028000 08:16 1056253                    /usr/lib/x86_64-linux-gnu/libpangoft2-1.0.so.0.3000.0
7f9546fa6000-7f9546fa7000 rw-p 00029000 08:16 1056253                    /usr/lib/x86_64-linux-gnu/libpangoft2-1.0.so.0.3000.0
7f9546fa7000-7f9547060000 r-xp 00000000 08:16 1055379                    /usr/lib/x86_64-linux-gnu/libcairo.so.2.11000.2
7f9547060000-7f954725f000 ---p 000b9000 08:16 1055379                    /usr/lib/x86_64-linux-gnu/libcairo.so.2.11000.2
7f954725f000-7f9547261000 r--p 000b8000 08:16 1055379                    /usr/lib/x86_64-linux-gnu/libcairo.so.2.11000.2
7f9547261000-7f9547262000 rw-p 000ba000 08:16 1055379                    /usr/lib/x86_64-linux-gnu/libcairo.so.2.11000.2
7f9547262000-7f9547265000 rw-p 00000000 00:00 0 
7f9547265000-7f9547284000 r-xp 00000000 08:16 1056067                    /usr/lib/x86_64-linux-gnu/libatk-1.0.so.0.20409.1
7f9547284000-7f9547484000 ---p 0001f000 08:16 1056067                    /usr/lib/x86_64-linux-gnu/libatk-1.0.so.0.20409.1
7f9547484000-7f9547486000 r--p 0001f000 08:16 1056067                    /usr/lib/x86_64-linux-gnu/libatk-1.0.so.0.20409.1
7f9547486000-7f9547487000 rw-p 00021000 08:16 1056067                    /usr/lib/x86_64-linux-gnu/libatk-1.0.so.0.20409.1
7f9547487000-7f954748c000 r-xp 00000000 08:16 1056023                    /usr/lib/x86_64-linux-gnu/libXfixes.so.3.1.0
7f954748c000-7f954768b000 ---p 00005000 08:16 1056023                    /usr/lib/x86_64-linux-gnu/libXfixes.so.3.1.0
7f954768b000-7f954768c000 r--p 00004000 08:16 1056023                    /usr/lib/x86_64-linux-gnu/libXfixes.so.3.1.0
7f954768c000-7f954768d000 rw-p 00005000 08:16 1056023                    /usr/lib/x86_64-linux-gnu/libXfixes.so.3.1.0
7f954768d000-7f9547698000 r-xp 00000000 08:16 1056239                    /usr/lib/x86_64-linux-gnu/libpangocairo-1.0.so.0.3000.0
7f9547698000-7f9547897000 ---p 0000b000 08:16 1056239                    /usr/lib/x86_64-linux-gnu/libpangocairo-1.0.so.0.3000.0
7f9547897000-7f9547898000 r--p 0000a000 08:16 1056239                    /usr/lib/x86_64-linux-gnu/libpangocairo-1.0.so.0.3000.0
7f9547898000-7f9547899000 rw-p 0000b000 08:16 1056239                    /usr/lib/x86_64-linux-gnu/libpangocairo-1.0.so.0.3000.0
7f9547899000-7f95478b6000 r-xp 00000000 08:16 1056607                    /usr/lib/x86_64-linux-gnu/libxcb.so.1.1.0
7f95478b6000-7f9547ab5000 ---p 0001d000 08:16 1056607                    /usr/lib/x86_64-linux-gnu/libxcb.so.1.1.0
7f9547ab5000-7f9547ab6000 r--p 0001c000 08:16 1056607                    /usr/lib/x86_64-linux-gnu/libxcb.so.1.1.0
7f9547ab6000-7f9547ab7000 rw-p 0001d000 08:16 1056607                    /usr/lib/x86_64-linux-gnu/libxcb.so.1.1.0
7f9547ab7000-7f9547b07000 r-xp 00000000 08:16 1061164                    /usr/lib/x86_64-linux-gnu/libcups.so.2
7f9547b07000-7f9547d06000 ---p 00050000 08:16 1061164                    /usr/lib/x86_64-linux-gnu/libcups.so.2
7f9547d06000-7f9547d0a000 r--p 0004f000 08:16 1061164                    /usr/lib/x86_64-linux-gnu/libcups.so.2
7f9547d0a000-7f9547d0b000 rw-p 00053000 08:16 1061164                    /usr/lib/x86_64-linux-gnu/libcups.so.2
7f9547d0b000-7f9547dfd000 r-xp 00000000 08:16 5246872                    /lib/x86_64-linux-gnu/libglib-2.0.so.0.3200.3
7f9547dfd000-7f9547ffd000 ---p 000f2000 08:16 5246872                    /lib/x86_64-linux-gnu/libglib-2.0.so.0.3200.3
7f9547ffd000-7f9547ffe000 r--p 000f2000 08:16 5246872                    /lib/x86_64-linux-gnu/libglib-2.0.so.0.3200.3
7f9547ffe000-7f9547fff000 rw-p 000f3000 08:16 5246872                    /lib/x86_64-linux-gnu/libglib-2.0.so.0.3200.3
7f9547fff000-7f9548000000 rw-p 00000000 00:00 0 
7f9548000000-7f95484e6000 rw-p 00000000 00:00 0 
7f95484e6000-7f954c000000 ---p 00000000 00:00 0 
7f954c000000-7f954c021000 rw-p 00000000 00:00 0 
7f954c021000-7f9550000000 ---p 00000000 00:00 0 
7f9550000000-7f95500d6000 rw-p 00000000 00:00 0 
7f95500d6000-7f9554000000 ---p 00000000 00:00 0 
7f9554000000-7f955443f000 rw-p 00000000 00:00 0 
7f955443f000-7f9558000000 ---p 00000000 00:00 0 
7f9558000000-7f9558021000 rw-p 00000000 00:00 0 
7f9558021000-7f955c000000 ---p 00000000 00:00 0 
7f955c000000-7f955c021000 rw-p 00000000 00:00 0 
7f955c021000-7f9560000000 ---p 00000000 00:00 0 
7f9560000000-7f9560021000 rw-p 00000000 00:00 0 
7f9560021000-7f9564000000 ---p 00000000 00:00 0 
7f9564000000-7f9564021000 rw-p 00000000 00:00 0 
7f9564021000-7f9568000000 ---p 00000000 00:00 0 
7f9568000000-7f9568021000 rw-p 00000000 00:00 0 
7f9568021000-7f956c000000 ---p 00000000 00:00 0 
7f956c000000-7f956c001000 r--s 00000000 08:16 1846509                    /var/cache/fontconfig/5a76b20910bc01daa5b6abd117531ab8-le64.cache-3
7f956c001000-7f956c002000 r--s 00000000 08:16 1841789                    /var/cache/fontconfig/4794a0821666d79190d59a36cb4f44b5-le64.cache-3
7f956c002000-7f956c003000 r--s 00000000 08:16 1843607                    /var/cache/fontconfig/56cf4f4769d0f4abc89a4895d7bd3ae1-le64.cache-3
7f956c003000-7f956c034000 rw-p 00000000 00:00 0 
7f956c034000-7f956c058000 r--p 00000000 08:16 1836903                    /usr/share/glib-2.0/schemas/gschemas.compiled
7f956c058000-7f956c059000 r-xp 00000000 08:16 1059283                    /usr/lib/x86_64-linux-gnu/libgthread-2.0.so.0.3200.3
7f956c059000-7f956c258000 ---p 00001000 08:16 1059283                    /usr/lib/x86_64-linux-gnu/libgthread-2.0.so.0.3200.3
7f956c258000-7f956c259000 r--p 00000000 08:16 1059283                    /usr/lib/x86_64-linux-gnu/libgthread-2.0.so.0.3200.3
7f956c259000-7f956c25a000 rw-p 00001000 08:16 1059283                    /usr/lib/x86_64-linux-gnu/libgthread-2.0.so.0.3200.3
7f956c25a000-7f956c2a7000 r-xp 00000000 08:16 1059295                    /usr/lib/x86_64-linux-gnu/libgobject-2.0.so.0.3200.3
7f956c2a7000-7f956c4a7000 ---p 0004d000 08:16 1059295                    /usr/lib/x86_64-linux-gnu/libgobject-2.0.so.0.3200.3
7f956c4a7000-7f956c4a8000 r--p 0004d000 08:16 1059295                    /usr/lib/x86_64-linux-gnu/libgobject-2.0.so.0.3200.3
7f956c4a8000-7f956c4a9000 rw-p 0004e000 08:16 1059295                    /usr/lib/x86_64-linux-gnu/libgobject-2.0.so.0.3200.3
7f956c4a9000-7f956c4dd000 r-xp 00000000 08:16 1056195                    /usr/lib/x86_64-linux-gnu/libfontconfig.so.1.4.4
7f956c4dd000-7f956c6dd000 ---p 00034000 08:16 1056195                    /usr/lib/x86_64-linux-gnu/libfontconfig.so.1.4.4
7f956c6dd000-7f956c6de000 r--p 00034000 08:16 1056195                    /usr/lib/x86_64-linux-gnu/libfontconfig.so.1.4.4
7f956c6de000-7f956c6df000 rw-p 00035000 08:16 1056195                    /usr/lib/x86_64-linux-gnu/libfontconfig.so.1.4.4
7f956c6df000-7f956c725000 r-xp 00000000 08:16 1056229                    /usr/lib/x86_64-linux-gnu/libpango-1.0.so.0.3000.0
7f956c725000-7f956c925000 ---p 00046000 08:16 1056229                    /usr/lib/x86_64-linux-gnu/libpango-1.0.so.0.3000.0
7f956c925000-7f956c927000 r--p 00046000 08:16 1056229                    /usr/lib/x86_64-linux-gnu/libpango-1.0.so.0.3000.0
7f956c927000-7f956c928000 rw-p 00048000 08:16 1056229                    /usr/lib/x86_64-linux-gnu/libpango-1.0.so.0.3000.0
7f956c928000-7f956c946000 r-xp 00000000 08:16 1056220                    /usr/lib/x86_64-linux-gnu/libgdk_pixbuf-2.0.so.0.2600.1
7f956c946000-7f956cb46000 ---p 0001e000 08:16 1056220                    /usr/lib/x86_64-linux-gnu/libgdk_pixbuf-2.0.so.0.2600.1
7f956cb46000-7f956cb47000 r--p 0001e000 08:16 1056220                    /usr/lib/x86_64-linux-gnu/libgdk_pixbuf-2.0.so.0.2600.1
7f956cb47000-7f956cb48000 rw-p 0001f000 08:16 1056220                    /usr/lib/x86_64-linux-gnu/libgdk_pixbuf-2.0.so.0.2600.1
7f956cb48000-7f956cc90000 r-xp 00000000 08:16 1059291                    /usr/lib/x86_64-linux-gnu/libgio-2.0.so.0.3200.3
7f956cc90000-7f956ce8f000 ---p 00148000 08:16 1059291                    /usr/lib/x86_64-linux-gnu/libgio-2.0.so.0.3200.3
7f956ce8f000-7f956ce93000 r--p 00147000 08:16 1059291                    /usr/lib/x86_64-linux-gnu/libgio-2.0.so.0.3200.3
7f956ce93000-7f956ce95000 rw-p 0014b000 08:16 1059291                    /usr/lib/x86_64-linux-gnu/libgio-2.0.so.0.3200.3
7f956ce95000-7f956ce97000 rw-p 00000000 00:00 0 
7f956ce97000-7f956cf44000 r-xp 00000000 08:16 1056218                    /usr/lib/x86_64-linux-gnu/libgdk-x11-2.0.so.0.2400.10
7f956cf44000-7f956d143000 ---p 000ad000 08:16 1056218                    /usr/lib/x86_64-linux-gnu/libgdk-x11-2.0.so.0.2400.10
7f956d143000-7f956d147000 r--p 000ac000 08:16 1056218                    /usr/lib/x86_64-linux-gnu/libgdk-x11-2.0.so.0.2400.10
7f956d147000-7f956d149000 rw-p 000b0000 08:16 1056218                    /usr/lib/x86_64-linux-gnu/libgdk-x11-2.0.so.0.2400.10
7f956d149000-7f956d576000 r-xp 00000000 08:16 1056313                    /usr/lib/x86_64-linux-gnu/libgtk-x11-2.0.so.0.2400.10
7f956d576000-7f956d776000 ---p 0042d000 08:16 1056313                    /usr/lib/x86_64-linux-gnu/libgtk-x11-2.0.so.0.2400.10
7f956d776000-7f956d77d000 r--p 0042d000 08:16 1056313                    /usr/lib/x86_64-linux-gnu/libgtk-x11-2.0.so.0.2400.10
7f956d77d000-7f956d781000 rw-p 00434000 08:16 1056313                    /usr/lib/x86_64-linux-gnu/libgtk-x11-2.0.so.0.2400.10
7f956d781000-7f956d783000 rw-p 00000000 00:00 0 
7f956d783000-7f956d791000 r-xp 00000000 08:16 1056027                    /usr/lib/x86_64-linux-gnu/libXi.so.6.1.0
7f956d791000-7f956d990000 ---p 0000e000 08:16 1056027                    /usr/lib/x86_64-linux-gnu/libXi.so.6.1.0
7f956d990000-7f956d991000 r--p 0000d000 08:16 1056027                    /usr/lib/x86_64-linux-gnu/libXi.so.6.1.0
7f956d991000-7f956d992000 rw-p 0000e000 08:16 1056027                    /usr/lib/x86_64-linux-gnu/libXi.so.6.1.0
7f956d992000-7f956d997000 r-xp 00000000 08:16 1056045                    /usr/lib/x86_64-linux-gnu/libXtst.so.6.1.0
7f956d997000-7f956db96000 ---p 00005000 08:16 1056045                    /usr/lib/x86_64-linux-gnu/libXtst.so.6.1.0
7f956db96000-7f956db97000 r--p 00004000 08:16 1056045                    /usr/lib/x86_64-linux-gnu/libXtst.so.6.1.0
7f956db97000-7f956db98000 rw-p 00005000 08:16 1056045                    /usr/lib/x86_64-linux-gnu/libXtst.so.6.1.0
7f956db98000-7f956dba1000 r-xp 00000000 08:16 1056041                    /usr/lib/x86_64-linux-gnu/libXrender.so.1.3.0
7f956dba1000-7f956dda0000 ---p 00009000 08:16 1056041                    /usr/lib/x86_64-linux-gnu/libXrender.so.1.3.0
7f956dda0000-7f956dda1000 r--p 00008000 08:16 1056041                    /usr/lib/x86_64-linux-gnu/libXrender.so.1.3.0
7f956dda1000-7f956dda2000 rw-p 00009000 08:16 1056041                    /usr/lib/x86_64-linux-gnu/libXrender.so.1.3.0
7f956dda2000-7f956ded1000 r-xp 00000000 08:16 1056006                    /usr/lib/x86_64-linux-gnu/libX11.so.6.3.0
7f956ded1000-7f956e0d1000 ---p 0012f000 08:16 1056006                    /usr/lib/x86_64-linux-gnu/libX11.so.6.3.0
7f956e0d1000-7f956e0d2000 r--p 0012f000 08:16 1056006                    /usr/lib/x86_64-linux-gnu/libX11.so.6.3.0
7f956e0d2000-7f956e0d6000 rw-p 00130000 08:16 1056006                    /usr/lib/x86_64-linux-gnu/libX11.so.6.3.0
7f956e0d6000-7f956e0e6000 r-xp 00000000 08:16 1056021                    /usr/lib/x86_64-linux-gnu/libXext.so.6.4.0
7f956e0e6000-7f956e2e5000 ---p 00010000 08:16 1056021                    /usr/lib/x86_64-linux-gnu/libXext.so.6.4.0
7f956e2e5000-7f956e2e6000 r--p 0000f000 08:16 1056021                    /usr/lib/x86_64-linux-gnu/libXext.so.6.4.0
7f956e2e6000-7f956e2e7000 rw-p 00010000 08:16 1056021                    /usr/lib/x86_64-linux-gnu/libXext.so.6.4.0
7f956e2e7000-7f956e33d000 r-xp 00000000 08:16 3544819                    /usr/lib/jvm/java-7-openjdk-amd64/jre/lib/amd64/xawt/libmawt.so
7f956e33d000-7f956e53c000 ---p 00056000 08:16 3544819                    /usr/lib/jvm/java-7-openjdk-amd64/jre/lib/amd64/xawt/libmawt.so
7f956e53c000-7f956e53d000 r--p 00055000 08:16 3544819                    /usr/lib/jvm/java-7-openjdk-amd64/jre/lib/amd64/xawt/libmawt.so
7f956e53d000-7f956e540000 rw-p 00056000 08:16 3544819                    /usr/lib/jvm/java-7-openjdk-amd64/jre/lib/amd64/xawt/libmawt.so
7f956e540000-7f956e541000 rw-p 00000000 00:00 0 
7f956e541000-7f956e5ef000 r-xp 00000000 08:16 3544588                    /usr/lib/jvm/java-7-openjdk-amd64/jre/lib/amd64/libawt.so
7f956e5ef000-7f956e7ee000 ---p 000ae000 08:16 3544588                    /usr/lib/jvm/java-7-openjdk-amd64/jre/lib/amd64/libawt.so
7f956e7ee000-7f956e7ef000 r--p 000ad000 08:16 3544588                    /usr/lib/jvm/java-7-openjdk-amd64/jre/lib/amd64/libawt.so
7f956e7ef000-7f956e7fa000 rw-p 000ae000 08:16 3544588                    /usr/lib/jvm/java-7-openjdk-amd64/jre/lib/amd64/libawt.so
7f956e7fa000-7f956e81f000 rw-p 00000000 00:00 0 
7f956e81f000-7f956e820000 ---p 00000000 00:00 0 
7f956e820000-7f956e920000 rw-p 00000000 00:00 0 
7f956e920000-7f956e923000 ---p 00000000 00:00 0 
7f956e923000-7f956ea21000 rw-p 00000000 00:00 0 
7f956ea21000-7f956ea24000 ---p 00000000 00:00 0 
7f956ea24000-7f956eb22000 rw-p 00000000 00:00 0 
7f956eb22000-7f956eb25000 ---p 00000000 00:00 0 
7f956eb25000-7f956ec23000 rw-p 00000000 00:00 0 
7f956ec23000-7f956ec26000 ---p 00000000 00:00 0 
7f956ec26000-7f956ed24000 rw-p 00000000 00:00 0 
7f956ed24000-7f956f407000 r--p 00000000 08:16 1055298                    /usr/lib/locale/locale-archive
7f956f407000-7f956f40a000 ---p 00000000 00:00 0 
7f956f40a000-7f956f508000 rw-p 00000000 00:00 0 
7f956f508000-7f956f50b000 ---p 00000000 00:00 0 
7f956f50b000-7f956f609000 rw-p 00000000 00:00 0 
7f956f609000-7f956f60a000 ---p 00000000 00:00 0 
7f956f60a000-7f956fa79000 rw-p 00000000 00:00 0 
7f956fa79000-7f956fc28000 r--s 03e91000 08:16 3544596                    /usr/lib/jvm/java-7-openjdk-amd64/jre/lib/rt.jar
7f956fc28000-7f956fc29000 ---p 00000000 00:00 0 
7f956fc29000-7f956fd29000 rw-p 00000000 00:00 0 
7f956fd29000-7f956fd2a000 ---p 00000000 00:00 0 
7f956fd2a000-7f956fe3e000 rw-p 00000000 00:00 0 
7f956fe3e000-7f956ff5f000 rw-p 00000000 00:00 0 
7f956ff5f000-7f956ff6a000 rw-p 00000000 00:00 0 
7f956ff6a000-7f956ffb2000 rw-p 00000000 00:00 0 
7f956ffb2000-7f956ffc6000 rw-p 00000000 00:00 0 
7f956ffc6000-7f95700e6000 rw-p 00000000 00:00 0 
7f95700e6000-7f95700f1000 rw-p 00000000 00:00 0 
7f95700f1000-7f9570181000 rw-p 00000000 00:00 0 
7f9570181000-7f9570182000 rw-p 00000000 00:00 0 
7f9570182000-7f95703f2000 rwxp 00000000 00:00 0 
7f95703f2000-7f9573182000 rw-p 00000000 00:00 0 
7f9573182000-7f957318a000 r-xp 00000000 08:16 3544581                    /usr/lib/jvm/java-7-openjdk-amd64/jre/lib/amd64/libzip.so
7f957318a000-7f9573389000 ---p 00008000 08:16 3544581                    /usr/lib/jvm/java-7-openjdk-amd64/jre/lib/amd64/libzip.so
7f9573389000-7f957338a000 r--p 00007000 08:16 3544581                    /usr/lib/jvm/java-7-openjdk-amd64/jre/lib/amd64/libzip.so
7f957338a000-7f957338b000 rw-p 00008000 08:16 3544581                    /usr/lib/jvm/java-7-openjdk-amd64/jre/lib/amd64/libzip.so
7f957338b000-7f9573397000 r-xp 00000000 08:16 5246630                    /lib/x86_64-linux-gnu/libnss_files-2.15.so
7f9573397000-7f9573596000 ---p 0000c000 08:16 5246630                    /lib/x86_64-linux-gnu/libnss_files-2.15.so
7f9573596000-7f9573597000 r--p 0000b000 08:16 5246630                    /lib/x86_64-linux-gnu/libnss_files-2.15.so
7f9573597000-7f9573598000 rw-p 0000c000 08:16 5246630                    /lib/x86_64-linux-gnu/libnss_files-2.15.so
7f9573598000-7f95735a2000 r-xp 00000000 08:16 5246634                    /lib/x86_64-linux-gnu/libnss_nis-2.15.so
7f95735a2000-7f95737a2000 ---p 0000a000 08:16 5246634                    /lib/x86_64-linux-gnu/libnss_nis-2.15.so
7f95737a2000-7f95737a3000 r--p 0000a000 08:16 5246634                    /lib/x86_64-linux-gnu/libnss_nis-2.15.so
7f95737a3000-7f95737a4000 rw-p 0000b000 08:16 5246634                    /lib/x86_64-linux-gnu/libnss_nis-2.15.so
7f95737a4000-7f95737bb000 r-xp 00000000 08:16 5246624                    /lib/x86_64-linux-gnu/libnsl-2.15.so
7f95737bb000-7f95739ba000 ---p 00017000 08:16 5246624                    /lib/x86_64-linux-gnu/libnsl-2.15.so
7f95739ba000-7f95739bb000 r--p 00016000 08:16 5246624                    /lib/x86_64-linux-gnu/libnsl-2.15.so
7f95739bb000-7f95739bc000 rw-p 00017000 08:16 5246624                    /lib/x86_64-linux-gnu/libnsl-2.15.so
7f95739bc000-7f95739be000 rw-p 00000000 00:00 0 
7f95739be000-7f95739c6000 r-xp 00000000 08:16 5246626                    /lib/x86_64-linux-gnu/libnss_compat-2.15.so
7f95739c6000-7f9573bc5000 ---p 00008000 08:16 5246626                    /lib/x86_64-linux-gnu/libnss_compat-2.15.so
7f9573bc5000-7f9573bc6000 r--p 00007000 08:16 5246626                    /lib/x86_64-linux-gnu/libnss_compat-2.15.so
7f9573bc6000-7f9573bc7000 rw-p 00008000 08:16 5246626                    /lib/x86_64-linux-gnu/libnss_compat-2.15.so
7f9573bc7000-7f9573bee000 r-xp 00000000 08:16 3544563                    /usr/lib/jvm/java-7-openjdk-amd64/jre/lib/amd64/libjava.so
7f9573bee000-7f9573ded000 ---p 00027000 08:16 3544563                    /usr/lib/jvm/java-7-openjdk-amd64/jre/lib/amd64/libjava.so
7f9573ded000-7f9573dee000 r--p 00026000 08:16 3544563                    /usr/lib/jvm/java-7-openjdk-amd64/jre/lib/amd64/libjava.so
7f9573dee000-7f9573df0000 rw-p 00027000 08:16 3544563                    /usr/lib/jvm/java-7-openjdk-amd64/jre/lib/amd64/libjava.so
7f9573df0000-7f9573dfe000 r-xp 00000000 08:16 3544574                    /usr/lib/jvm/java-7-openjdk-amd64/jre/lib/amd64/libverify.so
7f9573dfe000-7f9573ffd000 ---p 0000e000 08:16 3544574                    /usr/lib/jvm/java-7-openjdk-amd64/jre/lib/amd64/libverify.so
7f9573ffd000-7f9573fff000 r--p 0000d000 08:16 3544574                    /usr/lib/jvm/java-7-openjdk-amd64/jre/lib/amd64/libverify.so
7f9573fff000-7f9574000000 rw-p 0000f000 08:16 3544574                    /usr/lib/jvm/java-7-openjdk-amd64/jre/lib/amd64/libverify.so
7f9574000000-7f957433f000 rw-p 00000000 00:00 0 
7f957433f000-7f9578000000 ---p 00000000 00:00 0 
7f9578000000-7f9578001000 r--s 00000000 08:16 1843618                    /var/cache/fontconfig/b9d506c9ac06c20b433354fa67a72993-le64.cache-3
7f9578001000-7f9578015000 r--s 00000000 08:16 1838045                    /usr/share/fonts/type1/gsfonts/n019003l.pfb
7f9578015000-7f9578017000 r--p 00000000 08:16 3539469                    /home/relissa/.config/dconf/user
7f9578017000-7f9578018000 r--s 00000000 08:16 3539486                    /home/relissa/.cache/dconf/user
7f9578018000-7f9578021000 r--s 00263000 08:16 1050329                    /usr/lib/jvm/java-7-openjdk-common/jre/lib/resources.jar
7f9578021000-7f9578024000 r--s 0001a000 08:16 3677188                    /home/relissa/jmonkeyplatform/jmonkeyplatform/libs/xmlpull-xpp3.jar
7f9578024000-7f9578026000 r--s 00012000 08:16 3677292                    /home/relissa/jmonkeyplatform/jmonkeyplatform/libs/eventbus.jar
7f9578026000-7f9578029000 r--s 0000f000 08:16 3676956                    /home/relissa/jmonkeyplatform/jmonkeyplatform/libs/nifty-style-black.jar
7f9578029000-7f9578031000 r--s 00033000 08:16 3676642                    /home/relissa/jmonkeyplatform/jmonkeyplatform/libs/nifty-default-controls.jar
7f9578031000-7f957803b000 r--s 0006c000 08:16 3677370                    /home/relissa/jmonkeyplatform/jmonkeyplatform/libs/nifty.jar
7f957803b000-7f957803c000 r--s 00005000 08:16 3677938                    /home/relissa/jmonkeyplatform/jmonkeyplatform/libs/jME3-niftygui.jar
7f957803c000-7f957803d000 r--s 0000b000 08:16 3677222                    /home/relissa/jmonkeyplatform/jmonkeyplatform/libs/stack-alloc.jar
7f957803d000-7f957803f000 r--s 0003c000 08:16 3677429                    /home/relissa/jmonkeyplatform/jmonkeyplatform/libs/vecmath.jar
7f957803f000-7f9578049000 r--s 00079000 08:16 3677317                    /home/relissa/jmonkeyplatform/jmonkeyplatform/libs/jbullet.jar
7f9578049000-7f957804c000 r--s 00020000 08:16 3677185                    /home/relissa/jmonkeyplatform/jmonkeyplatform/libs/jME3-jbullet.jar
7f957804c000-7f9578059000 r--s 000d4000 08:16 3677369                    /home/relissa/jmonkeyplatform/jmonkeyplatform/libs/lwjgl.jar
7f9578059000-7f957805d000 r--s 00030000 08:16 3677346                    /home/relissa/jmonkeyplatform/jmonkeyplatform/libs/jinput.jar
7f957805d000-7f957805f000 r--s 001eb000 08:16 3676914                    /home/relissa/jmonkeyplatform/jmonkeyplatform/libs/jME3-lwjgl-natives.jar
7f957805f000-7f9578061000 r--s 00016000 08:16 3677931                    /home/relissa/jmonkeyplatform/jmonkeyplatform/libs/jME3-lwjgl.jar
7f9578061000-7f9578064000 r--s 00022000 08:16 3677940                    /home/relissa/jmonkeyplatform/jmonkeyplatform/libs/jME3-terrain.jar
7f9578064000-7f9578097000 rw-p 00000000 00:00 0 
7f9578097000-7f95780df000 rw-p 00000000 00:00 0 
7f95780df000-7f95780e6000 r-xp 00000000 08:16 5246665                    /lib/x86_64-linux-gnu/librt-2.15.so
7f95780e6000-7f95782e5000 ---p 00007000 08:16 5246665                    /lib/x86_64-linux-gnu/librt-2.15.so
7f95782e5000-7f95782e6000 r--p 00006000 08:16 5246665                    /lib/x86_64-linux-gnu/librt-2.15.so
7f95782e6000-7f95782e7000 rw-p 00007000 08:16 5246665                    /lib/x86_64-linux-gnu/librt-2.15.so
7f95782e7000-7f95782fc000 r-xp 00000000 08:16 5246600                    /lib/x86_64-linux-gnu/libgcc_s.so.1
7f95782fc000-7f95784fb000 ---p 00015000 08:16 5246600                    /lib/x86_64-linux-gnu/libgcc_s.so.1
7f95784fb000-7f95784fc000 r--p 00014000 08:16 5246600                    /lib/x86_64-linux-gnu/libgcc_s.so.1
7f95784fc000-7f95784fd000 rw-p 00015000 08:16 5246600                    /lib/x86_64-linux-gnu/libgcc_s.so.1
7f95784fd000-7f95785f6000 r-xp 00000000 08:16 5246611                    /lib/x86_64-linux-gnu/libm-2.15.so
7f95785f6000-7f95787f5000 ---p 000f9000 08:16 5246611                    /lib/x86_64-linux-gnu/libm-2.15.so
7f95787f5000-7f95787f6000 r--p 000f8000 08:16 5246611                    /lib/x86_64-linux-gnu/libm-2.15.so
7f95787f6000-7f95787f7000 rw-p 000f9000 08:16 5246611                    /lib/x86_64-linux-gnu/libm-2.15.so
7f95787f7000-7f95788d9000 r-xp 00000000 08:16 1056535                    /usr/lib/x86_64-linux-gnu/libstdc++.so.6.0.16
7f95788d9000-7f9578ad8000 ---p 000e2000 08:16 1056535                    /usr/lib/x86_64-linux-gnu/libstdc++.so.6.0.16
7f9578ad8000-7f9578ae0000 r--p 000e1000 08:16 1056535                    /usr/lib/x86_64-linux-gnu/libstdc++.so.6.0.16
7f9578ae0000-7f9578ae2000 rw-p 000e9000 08:16 1056535                    /usr/lib/x86_64-linux-gnu/libstdc++.so.6.0.16
7f9578ae2000-7f9578af7000 rw-p 00000000 00:00 0 
7f9578af7000-7f957948a000 r-xp 00000000 08:16 3544559                    /usr/lib/jvm/java-7-openjdk-amd64/jre/lib/amd64/server/libjvm.so
7f957948a000-7f957968a000 ---p 00993000 08:16 3544559                    /usr/lib/jvm/java-7-openjdk-amd64/jre/lib/amd64/server/libjvm.so
7f957968a000-7f9579704000 r--p 00993000 08:16 3544559                    /usr/lib/jvm/java-7-openjdk-amd64/jre/lib/amd64/server/libjvm.so
7f9579704000-7f9579726000 rw-p 00a0d000 08:16 3544559                    /usr/lib/jvm/java-7-openjdk-amd64/jre/lib/amd64/server/libjvm.so
7f9579726000-7f9579751000 rw-p 00000000 00:00 0 
7f9579751000-7f9579769000 r-xp 00000000 08:16 5246659                    /lib/x86_64-linux-gnu/libpthread-2.15.so
7f9579769000-7f9579968000 ---p 00018000 08:16 5246659                    /lib/x86_64-linux-gnu/libpthread-2.15.so
7f9579968000-7f9579969000 r--p 00017000 08:16 5246659                    /lib/x86_64-linux-gnu/libpthread-2.15.so
7f9579969000-7f957996a000 rw-p 00018000 08:16 5246659                    /lib/x86_64-linux-gnu/libpthread-2.15.so
7f957996a000-7f957996e000 rw-p 00000000 00:00 0 
7f957996e000-7f9579984000 r-xp 00000000 08:16 5246690                    /lib/x86_64-linux-gnu/libz.so.1.2.3.4
7f9579984000-7f9579b83000 ---p 00016000 08:16 5246690                    /lib/x86_64-linux-gnu/libz.so.1.2.3.4
7f9579b83000-7f9579b84000 r--p 00015000 08:16 5246690                    /lib/x86_64-linux-gnu/libz.so.1.2.3.4
7f9579b84000-7f9579b85000 rw-p 00016000 08:16 5246690                    /lib/x86_64-linux-gnu/libz.so.1.2.3.4
7f9579b85000-7f9579b87000 r-xp 00000000 08:16 5246592                    /lib/x86_64-linux-gnu/libdl-2.15.so
7f9579b87000-7f9579d87000 ---p 00002000 08:16 5246592                    /lib/x86_64-linux-gnu/libdl-2.15.so
7f9579d87000-7f9579d88000 r--p 00002000 08:16 5246592                    /lib/x86_64-linux-gnu/libdl-2.15.so
7f9579d88000-7f9579d89000 rw-p 00003000 08:16 5246592                    /lib/x86_64-linux-gnu/libdl-2.15.so
7f9579d89000-7f9579f3c000 r-xp 00000000 08:16 5246579                    /lib/x86_64-linux-gnu/libc-2.15.so
7f9579f3c000-7f957a13b000 ---p 001b3000 08:16 5246579                    /lib/x86_64-linux-gnu/libc-2.15.so
7f957a13b000-7f957a13f000 r--p 001b2000 08:16 5246579                    /lib/x86_64-linux-gnu/libc-2.15.so
7f957a13f000-7f957a141000 rw-p 001b6000 08:16 5246579                    /lib/x86_64-linux-gnu/libc-2.15.so
7f957a141000-7f957a146000 rw-p 00000000 00:00 0 
7f957a146000-7f957a152000 r-xp 00000000 08:16 3544565                    /usr/lib/jvm/java-7-openjdk-amd64/jre/lib/amd64/jli/libjli.so
7f957a152000-7f957a352000 ---p 0000c000 08:16 3544565                    /usr/lib/jvm/java-7-openjdk-amd64/jre/lib/amd64/jli/libjli.so
7f957a352000-7f957a353000 r--p 0000c000 08:16 3544565                    /usr/lib/jvm/java-7-openjdk-amd64/jre/lib/amd64/jli/libjli.so
7f957a353000-7f957a354000 rw-p 0000d000 08:16 3544565                    /usr/lib/jvm/java-7-openjdk-amd64/jre/lib/amd64/jli/libjli.so
7f957a354000-7f957a376000 r-xp 00000000 08:16 5246559                    /lib/x86_64-linux-gnu/ld-2.15.so
7f957a376000-7f957a377000 r--s 00009000 08:16 3677159                    /home/relissa/jmonkeyplatform/jmonkeyplatform/libs/j-ogg-vorbisd.jar
7f957a377000-7f957a378000 r--s 00002000 08:16 3677929                    /home/relissa/jmonkeyplatform/jmonkeyplatform/libs/jME3-jogg.jar
7f957a378000-7f957a37c000 r--s 0001b000 08:16 3677934                    /home/relissa/jmonkeyplatform/jmonkeyplatform/libs/jME3-networking.jar
7f957a37c000-7f957a37f000 r--s 0006b000 08:16 3677923                    /home/relissa/jmonkeyplatform/jmonkeyplatform/libs/jME3-effects.jar
7f957a37f000-7f957a380000 r--s 0000f000 08:16 3677939                    /home/relissa/jmonkeyplatform/jmonkeyplatform/libs/jME3-plugins.jar
7f957a380000-7f957a383000 r--s 00033000 08:16 3677921                    /home/relissa/jmonkeyplatform/jmonkeyplatform/libs/jME3-desktop.jar
7f957a383000-7f957a392000 r--s 000f5000 08:16 3677920                    /home/relissa/jmonkeyplatform/jmonkeyplatform/libs/jME3-core.jar
7f957a392000-7f957a39c000 rw-p 00000000 00:00 0 
7f957a39c000-7f957a452000 rw-p 00000000 00:00 0 
7f957a452000-7f957a455000 ---p 00000000 00:00 0 
7f957a455000-7f957a558000 rw-p 00000000 00:00 0 
7f957a558000-7f957a55a000 r--s 00005000 08:16 3677249                    /home/relissa/jmonkeyplatform/jmonkeyplatform/libs/j-ogg-oggd.jar
7f957a55a000-7f957a55d000 r--s 00032000 08:16 1050313                    /usr/lib/jvm/java-7-openjdk-common/jre/lib/ext/sunjce_provider.jar
7f957a55d000-7f957a55f000 r--s 00012000 08:16 1050314                    /usr/lib/jvm/java-7-openjdk-common/jre/lib/ext/zipfs.jar
7f957a55f000-7f957a560000 r--s 00002000 08:16 1050311                    /usr/lib/jvm/java-7-openjdk-common/jre/lib/ext/dnsns.jar
7f957a560000-7f957a563000 r--s 00085000 08:16 1050312                    /usr/lib/jvm/java-7-openjdk-common/jre/lib/ext/localedata.jar
7f957a563000-7f957a566000 r--s 0000f000 08:16 1050315                    /usr/lib/jvm/java-7-openjdk-common/jre/lib/ext/pulse-java.jar
7f957a566000-7f957a567000 r--s 00007000 08:16 1453403                    /usr/share/java/java-atk-wrapper.jar
7f957a567000-7f957a56a000 r--s 0003c000 08:16 1050310                    /usr/lib/jvm/java-7-openjdk-common/jre/lib/ext/sunpkcs11.jar
7f957a56a000-7f957a572000 rw-s 00000000 08:16 4063433                    /tmp/hsperfdata_relissa/7902 (deleted)
7f957a572000-7f957a573000 rw-p 00000000 00:00 0 
7f957a573000-7f957a574000 ---p 00000000 00:00 0 
7f957a574000-7f957a576000 rw-p 00000000 00:00 0 
7f957a576000-7f957a577000 r--p 00022000 08:16 5246559                    /lib/x86_64-linux-gnu/ld-2.15.so
7f957a577000-7f957a579000 rw-p 00023000 08:16 5246559                    /lib/x86_64-linux-gnu/ld-2.15.so
7fff8fac4000-7fff8fae5000 rw-p 00000000 00:00 0                          [stack]
7fff8fbff000-7fff8fc00000 r-xp 00000000 00:00 0                          [vdso]
ffffffffff600000-ffffffffff601000 r-xp 00000000 00:00 0                  [vsyscall]

VM Arguments:
jvm_args: -Dfile.encoding=UTF-8 
java_command: OCLP.Main
Launcher Type: SUN_STANDARD

Environment Variables:
PATH=/usr/lib/lightdm/lightdm:/usr/local/sbin:/usr/local/bin:/usr/sbin:/usr/bin:/sbin:/bin:/usr/games
SHELL=/bin/bash
DISPLAY=:0.0

Signal Handlers:
SIGSEGV: [libjvm.so+0x8065e0], sa_mask[0]=0x7ffbfeff, sa_flags=0x10000004
SIGBUS: [libjvm.so+0x8065e0], sa_mask[0]=0x7ffbfeff, sa_flags=0x10000004
SIGFPE: [libjvm.so+0x6ac6d0], sa_mask[0]=0x7ffbfeff, sa_flags=0x10000004
SIGPIPE: SIG_IGN, sa_mask[0]=0x00001000, sa_flags=0x10000000
SIGXFSZ: [libjvm.so+0x6ac6d0], sa_mask[0]=0x7ffbfeff, sa_flags=0x10000004
SIGILL: [libjvm.so+0x6ac6d0], sa_mask[0]=0x7ffbfeff, sa_flags=0x10000004
SIGUSR1: SIG_DFL, sa_mask[0]=0x00000000, sa_flags=0x00000000
SIGUSR2: [libjvm.so+0x6acaa0], sa_mask[0]=0x00000004, sa_flags=0x10000004
SIGHUP: [libjvm.so+0x6acbe0], sa_mask[0]=0x7ffbfeff, sa_flags=0x10000004
SIGINT: SIG_IGN, sa_mask[0]=0x00000000, sa_flags=0x00000000
SIGTERM: [libjvm.so+0x6acbe0], sa_mask[0]=0x7ffbfeff, sa_flags=0x10000004
SIGQUIT: [libjvm.so+0x6acbe0], sa_mask[0]=0x7ffbfeff, sa_flags=0x10000004


---------------  S Y S T E M  ---------------

OS:Ubuntu 12.04 (precise)
uname:Linux 3.2.0-24-generic #39-Ubuntu SMP Mon May 21 16:52:17 UTC 2012 x86_64
libc:glibc 2.15 NPTL 2.15 
rlimit: STACK 8192k, CORE 0k, NPROC 28916, NOFILE 4096, AS infinity
load average:2.04 1.69 1.53

/proc/meminfo:
MemTotal:        3791568 kB
MemFree:          169772 kB
Buffers:           73036 kB
Cached:          1024704 kB
SwapCached:         2444 kB
Active:          2352980 kB
Inactive:         857044 kB
Active(anon):    1893648 kB
Inactive(anon):   426108 kB
Active(file):     459332 kB
Inactive(file):   430936 kB
Unevictable:           0 kB
Mlocked:               0 kB
SwapTotal:        999420 kB
SwapFree:         956040 kB
Dirty:               464 kB
Writeback:             0 kB
AnonPages:       2110196 kB
Mapped:           182788 kB
Shmem:            207472 kB
Slab:             186460 kB
SReclaimable:     150040 kB
SUnreclaim:        36420 kB
KernelStack:        5248 kB
PageTables:        54064 kB
NFS_Unstable:          0 kB
Bounce:                0 kB
WritebackTmp:          0 kB
CommitLimit:     2895204 kB
Committed_AS:    6794656 kB
VmallocTotal:   34359738367 kB
VmallocUsed:      310392 kB
VmallocChunk:   34359425244 kB
HardwareCorrupted:     0 kB
AnonHugePages:         0 kB
HugePages_Total:       0
HugePages_Free:        0
HugePages_Rsvd:        0
HugePages_Surp:        0
Hugepagesize:       2048 kB
DirectMap4k:     3659264 kB
DirectMap2M:      272384 kB
DirectMap1G:           0 kB


CPU:total 2 (2 cores per cpu, 1 threads per core) family 16 model 6 stepping 2, cmov, cx8, fxsr, mmx, sse, sse2, sse3, popcnt, mmxext, 3dnowpref, lzcnt, sse4a

/proc/cpuinfo:
processor	: 0
vendor_id	: AuthenticAMD
cpu family	: 16
model		: 6
model name	: AMD Athlon(tm) II X2 215 Processor
stepping	: 2
microcode	: 0x100009f
cpu MHz		: 1500.000
cache size	: 512 KB
physical id	: 0
siblings	: 2
core id		: 0
cpu cores	: 2
apicid		: 0
initial apicid	: 0
fpu		: yes
fpu_exception	: yes
cpuid level	: 5
wp		: yes
flags		: fpu vme de pse tsc msr pae mce cx8 apic sep mtrr pge mca cmov pat pse36 clflush mmx fxsr sse sse2 ht syscall nx mmxext fxsr_opt pdpe1gb rdtscp lm 3dnowext 3dnow constant_tsc rep_good nopl nonstop_tsc extd_apicid pni monitor cx16 popcnt lahf_lm cmp_legacy svm extapic cr8_legacy abm sse4a misalignsse 3dnowprefetch osvw ibs skinit wdt npt lbrv svm_lock nrip_save
bogomips	: 5400.31
TLB size	: 1024 4K pages
clflush size	: 64
cache_alignment	: 64
address sizes	: 48 bits physical, 48 bits virtual
power management: ts ttp tm stc 100mhzsteps hwpstate

processor	: 1
vendor_id	: AuthenticAMD
cpu family	: 16
model		: 6
model name	: AMD Athlon(tm) II X2 215 Processor
stepping	: 2
microcode	: 0x100009f
cpu MHz		: 1500.000
cache size	: 512 KB
physical id	: 0
siblings	: 2
core id		: 1
cpu cores	: 2
apicid		: 1
initial apicid	: 1
fpu		: yes
fpu_exception	: yes
cpuid level	: 5
wp		: yes
flags		: fpu vme de pse tsc msr pae mce cx8 apic sep mtrr pge mca cmov pat pse36 clflush mmx fxsr sse sse2 ht syscall nx mmxext fxsr_opt pdpe1gb rdtscp lm 3dnowext 3dnow constant_tsc rep_good nopl nonstop_tsc extd_apicid pni monitor cx16 popcnt lahf_lm cmp_legacy svm extapic cr8_legacy abm sse4a misalignsse 3dnowprefetch osvw ibs skinit wdt npt lbrv svm_lock nrip_save
bogomips	: 5386.51
TLB size	: 1024 4K pages
clflush size	: 64
cache_alignment	: 64
address sizes	: 48 bits physical, 48 bits virtual
power management: ts ttp tm stc 100mhzsteps hwpstate



Memory: 4k page, physical 3791568k(169772k free), swap 999420k(956040k free)

vm_info: OpenJDK 64-Bit Server VM (22.0-b10) for linux-amd64 JRE (1.7.0_03-b147), built on May  2 2012 16:57:58 by "buildd" with gcc 4.6.3

time: Fri Jun 15 17:43:09 2012
elapsed time: 9 seconds

